[ 2016-09-02T09:57:43+08:00 ] 0.0.0.0 /04/demo2/
INFO: [ app_begin ] --START--
INFO: Run ReadHtmlCache Behavior [ RunTime:0.000775s ]
INFO: [ app_begin ] --END-- [ RunTime:0.000886s ]
NOTIC: [8192] mysql_connect(): The mysql extension is deprecated and will be removed in the future: use mysqli or PDO instead /Applications/XAMPP/xamppfiles/htdocs/php_lesson/12/thinkphp/ThinkPHP/Lib/Driver/Db/DbMysql.class.php 第 55 行.
SQL: SHOW COLUMNS FROM `think_users` [ RunTime:0.004492s ]
ERR: Table 'mvc.think_users' doesn't exist
 [ SQL语句 ] : SHOW COLUMNS FROM `think_users`

[ 2016-09-02T09:57:44+08:00 ] 0.0.0.0 /04/demo2/
INFO: [ app_begin ] --START--
INFO: Run ReadHtmlCache Behavior [ RunTime:0.000238s ]
INFO: [ app_begin ] --END-- [ RunTime:0.000277s ]
NOTIC: [8192] mysql_connect(): The mysql extension is deprecated and will be removed in the future: use mysqli or PDO instead /Applications/XAMPP/xamppfiles/htdocs/php_lesson/12/thinkphp/ThinkPHP/Lib/Driver/Db/DbMysql.class.php 第 55 行.
SQL: SHOW COLUMNS FROM `think_users` [ RunTime:0.009751s ]
ERR: Table 'mvc.think_users' doesn't exist
 [ SQL语句 ] : SHOW COLUMNS FROM `think_users`

[ 2016-09-02T09:58:10+08:00 ] 0.0.0.0 /04/demo2/
INFO: [ app_begin ] --START--
INFO: Run ReadHtmlCache Behavior [ RunTime:0.000563s ]
INFO: [ app_begin ] --END-- [ RunTime:0.000679s ]
NOTIC: [8192] mysql_connect(): The mysql extension is deprecated and will be removed in the future: use mysqli or PDO instead /Applications/XAMPP/xamppfiles/htdocs/php_lesson/12/thinkphp/ThinkPHP/Lib/Driver/Db/DbMysql.class.php 第 55 行.
SQL: SHOW COLUMNS FROM `think_users` [ RunTime:0.000851s ]
ERR: Table 'mvc.think_users' doesn't exist
 [ SQL语句 ] : SHOW COLUMNS FROM `think_users`

[ 2016-09-02T09:58:11+08:00 ] 0.0.0.0 /04/demo2/
INFO: [ app_begin ] --START--
INFO: Run ReadHtmlCache Behavior [ RunTime:0.000407s ]
INFO: [ app_begin ] --END-- [ RunTime:0.000475s ]
NOTIC: [8192] mysql_connect(): The mysql extension is deprecated and will be removed in the future: use mysqli or PDO instead /Applications/XAMPP/xamppfiles/htdocs/php_lesson/12/thinkphp/ThinkPHP/Lib/Driver/Db/DbMysql.class.php 第 55 行.
SQL: SHOW COLUMNS FROM `think_users` [ RunTime:0.002206s ]
ERR: Table 'mvc.think_users' doesn't exist
 [ SQL语句 ] : SHOW COLUMNS FROM `think_users`

[ 2016-09-02T09:58:21+08:00 ] 0.0.0.0 /04/demo2/
INFO: [ app_begin ] --START--
INFO: Run ReadHtmlCache Behavior [ RunTime:0.000330s ]
INFO: [ app_begin ] --END-- [ RunTime:0.000448s ]
NOTIC: [8192] mysql_connect(): The mysql extension is deprecated and will be removed in the future: use mysqli or PDO instead /Applications/XAMPP/xamppfiles/htdocs/php_lesson/12/thinkphp/ThinkPHP/Lib/Driver/Db/DbMysql.class.php 第 55 行.
SQL: SHOW COLUMNS FROM `think_users` [ RunTime:0.000929s ]
ERR: Table 'mvc.think_users' doesn't exist
 [ SQL语句 ] : SHOW COLUMNS FROM `think_users`

[ 2016-09-02T09:58:21+08:00 ] 0.0.0.0 /04/demo2/
INFO: [ app_begin ] --START--
INFO: Run ReadHtmlCache Behavior [ RunTime:0.000238s ]
INFO: [ app_begin ] --END-- [ RunTime:0.000281s ]
NOTIC: [8192] mysql_connect(): The mysql extension is deprecated and will be removed in the future: use mysqli or PDO instead /Applications/XAMPP/xamppfiles/htdocs/php_lesson/12/thinkphp/ThinkPHP/Lib/Driver/Db/DbMysql.class.php 第 55 行.
SQL: SHOW COLUMNS FROM `think_users` [ RunTime:0.000920s ]
ERR: Table 'mvc.think_users' doesn't exist
 [ SQL语句 ] : SHOW COLUMNS FROM `think_users`

[ 2016-09-02T09:58:27+08:00 ] 0.0.0.0 /04/demo2/
INFO: [ app_begin ] --START--
INFO: Run ReadHtmlCache Behavior [ RunTime:0.000383s ]
INFO: [ app_begin ] --END-- [ RunTime:0.000584s ]
NOTIC: [8192] mysql_connect(): The mysql extension is deprecated and will be removed in the future: use mysqli or PDO instead /Applications/XAMPP/xamppfiles/htdocs/php_lesson/12/thinkphp/ThinkPHP/Lib/Driver/Db/DbMysql.class.php 第 55 行.
SQL: SHOW COLUMNS FROM `think_users` [ RunTime:0.000799s ]
ERR: Table 'mvc.think_users' doesn't exist
 [ SQL语句 ] : SHOW COLUMNS FROM `think_users`

[ 2016-09-02T09:58:28+08:00 ] 0.0.0.0 /04/demo2/
INFO: [ app_begin ] --START--
INFO: Run ReadHtmlCache Behavior [ RunTime:0.000244s ]
INFO: [ app_begin ] --END-- [ RunTime:0.000286s ]
NOTIC: [8192] mysql_connect(): The mysql extension is deprecated and will be removed in the future: use mysqli or PDO instead /Applications/XAMPP/xamppfiles/htdocs/php_lesson/12/thinkphp/ThinkPHP/Lib/Driver/Db/DbMysql.class.php 第 55 行.
SQL: SHOW COLUMNS FROM `think_users` [ RunTime:0.000922s ]
ERR: Table 'mvc.think_users' doesn't exist
 [ SQL语句 ] : SHOW COLUMNS FROM `think_users`

[ 2016-09-02T09:58:51+08:00 ] 0.0.0.0 /04/demo2/
INFO: [ app_begin ] --START--
INFO: Run ReadHtmlCache Behavior [ RunTime:0.000297s ]
INFO: [ app_begin ] --END-- [ RunTime:0.000370s ]
NOTIC: [8192] mysql_connect(): The mysql extension is deprecated and will be removed in the future: use mysqli or PDO instead /Applications/XAMPP/xamppfiles/htdocs/php_lesson/12/thinkphp/ThinkPHP/Lib/Driver/Db/DbMysql.class.php 第 55 行.
SQL: SHOW COLUMNS FROM `think_users` [ RunTime:0.009321s ]
ERR: Table 'mvc.think_users' doesn't exist
 [ SQL语句 ] : SHOW COLUMNS FROM `think_users`

[ 2016-09-02T09:58:52+08:00 ] 0.0.0.0 /04/demo2/
INFO: [ app_begin ] --START--
INFO: Run ReadHtmlCache Behavior [ RunTime:0.000220s ]
INFO: [ app_begin ] --END-- [ RunTime:0.000259s ]
NOTIC: [8192] mysql_connect(): The mysql extension is deprecated and will be removed in the future: use mysqli or PDO instead /Applications/XAMPP/xamppfiles/htdocs/php_lesson/12/thinkphp/ThinkPHP/Lib/Driver/Db/DbMysql.class.php 第 55 行.
SQL: SHOW COLUMNS FROM `think_users` [ RunTime:0.008716s ]
ERR: Table 'mvc.think_users' doesn't exist
 [ SQL语句 ] : SHOW COLUMNS FROM `think_users`

[ 2016-09-02T09:58:54+08:00 ] 0.0.0.0 /04/demo2/
INFO: [ app_begin ] --START--
INFO: Run ReadHtmlCache Behavior [ RunTime:0.000439s ]
INFO: [ app_begin ] --END-- [ RunTime:0.000499s ]
NOTIC: [8192] mysql_connect(): The mysql extension is deprecated and will be removed in the future: use mysqli or PDO instead /Applications/XAMPP/xamppfiles/htdocs/php_lesson/12/thinkphp/ThinkPHP/Lib/Driver/Db/DbMysql.class.php 第 55 行.
SQL: SHOW COLUMNS FROM `think_users` [ RunTime:0.007512s ]
ERR: Table 'mvc.think_users' doesn't exist
 [ SQL语句 ] : SHOW COLUMNS FROM `think_users`

[ 2016-09-02T09:59:15+08:00 ] 0.0.0.0 /04/demo2/
INFO: [ app_begin ] --START--
INFO: Run ReadHtmlCache Behavior [ RunTime:0.000305s ]
INFO: [ app_begin ] --END-- [ RunTime:0.000385s ]
NOTIC: [8192] mysql_connect(): The mysql extension is deprecated and will be removed in the future: use mysqli or PDO instead /Applications/XAMPP/xamppfiles/htdocs/php_lesson/12/thinkphp/ThinkPHP/Lib/Driver/Db/DbMysql.class.php 第 55 行.
SQL: SHOW COLUMNS FROM `think_users` [ RunTime:0.000818s ]
ERR: Table 'mvc.think_users' doesn't exist
 [ SQL语句 ] : SHOW COLUMNS FROM `think_users`

[ 2016-09-02T09:59:23+08:00 ] 0.0.0.0 /04/demo2/index.php
INFO: [ app_begin ] --START--
INFO: Run ReadHtmlCache Behavior [ RunTime:0.000298s ]
INFO: [ app_begin ] --END-- [ RunTime:0.000365s ]
NOTIC: [8192] mysql_connect(): The mysql extension is deprecated and will be removed in the future: use mysqli or PDO instead /Applications/XAMPP/xamppfiles/htdocs/php_lesson/12/thinkphp/ThinkPHP/Lib/Driver/Db/DbMysql.class.php 第 55 行.
SQL: SHOW COLUMNS FROM `think_users` [ RunTime:0.000891s ]
ERR: Table 'mvc.think_users' doesn't exist
 [ SQL语句 ] : SHOW COLUMNS FROM `think_users`

[ 2016-09-02T09:59:25+08:00 ] 0.0.0.0 /04/demo2/index.php
INFO: [ app_begin ] --START--
INFO: Run ReadHtmlCache Behavior [ RunTime:0.000235s ]
INFO: [ app_begin ] --END-- [ RunTime:0.000278s ]
NOTIC: [8192] mysql_connect(): The mysql extension is deprecated and will be removed in the future: use mysqli or PDO instead /Applications/XAMPP/xamppfiles/htdocs/php_lesson/12/thinkphp/ThinkPHP/Lib/Driver/Db/DbMysql.class.php 第 55 行.
SQL: SHOW COLUMNS FROM `think_users` [ RunTime:0.001397s ]
ERR: Table 'mvc.think_users' doesn't exist
 [ SQL语句 ] : SHOW COLUMNS FROM `think_users`

[ 2016-09-02T09:59:26+08:00 ] 0.0.0.0 /04/demo2/index.php
INFO: [ app_begin ] --START--
INFO: Run ReadHtmlCache Behavior [ RunTime:0.000240s ]
INFO: [ app_begin ] --END-- [ RunTime:0.000279s ]
NOTIC: [8192] mysql_connect(): The mysql extension is deprecated and will be removed in the future: use mysqli or PDO instead /Applications/XAMPP/xamppfiles/htdocs/php_lesson/12/thinkphp/ThinkPHP/Lib/Driver/Db/DbMysql.class.php 第 55 行.
SQL: SHOW COLUMNS FROM `think_users` [ RunTime:0.009874s ]
ERR: Table 'mvc.think_users' doesn't exist
 [ SQL语句 ] : SHOW COLUMNS FROM `think_users`

[ 2016-09-02T09:59:26+08:00 ] 0.0.0.0 /04/demo2/index.php
INFO: [ app_begin ] --START--
INFO: Run ReadHtmlCache Behavior [ RunTime:0.000244s ]
INFO: [ app_begin ] --END-- [ RunTime:0.000284s ]
NOTIC: [8192] mysql_connect(): The mysql extension is deprecated and will be removed in the future: use mysqli or PDO instead /Applications/XAMPP/xamppfiles/htdocs/php_lesson/12/thinkphp/ThinkPHP/Lib/Driver/Db/DbMysql.class.php 第 55 行.
SQL: SHOW COLUMNS FROM `think_users` [ RunTime:0.000765s ]
ERR: Table 'mvc.think_users' doesn't exist
 [ SQL语句 ] : SHOW COLUMNS FROM `think_users`

[ 2016-09-02T09:59:26+08:00 ] 0.0.0.0 /04/demo2/index.php
INFO: [ app_begin ] --START--
INFO: Run ReadHtmlCache Behavior [ RunTime:0.000221s ]
INFO: [ app_begin ] --END-- [ RunTime:0.000259s ]
NOTIC: [8192] mysql_connect(): The mysql extension is deprecated and will be removed in the future: use mysqli or PDO instead /Applications/XAMPP/xamppfiles/htdocs/php_lesson/12/thinkphp/ThinkPHP/Lib/Driver/Db/DbMysql.class.php 第 55 行.
SQL: SHOW COLUMNS FROM `think_users` [ RunTime:0.008908s ]
ERR: Table 'mvc.think_users' doesn't exist
 [ SQL语句 ] : SHOW COLUMNS FROM `think_users`

[ 2016-09-02T09:59:40+08:00 ] 0.0.0.0 /04/demo2/
INFO: [ app_begin ] --START--
INFO: Run ReadHtmlCache Behavior [ RunTime:0.000881s ]
INFO: [ app_begin ] --END-- [ RunTime:0.000980s ]
NOTIC: [8192] mysql_connect(): The mysql extension is deprecated and will be removed in the future: use mysqli or PDO instead /Applications/XAMPP/xamppfiles/htdocs/php_lesson/12/thinkphp/ThinkPHP/Lib/Driver/Db/DbMysql.class.php 第 55 行.
SQL: SHOW COLUMNS FROM `think_users` [ RunTime:0.000872s ]
ERR: Table 'mvc.think_users' doesn't exist
 [ SQL语句 ] : SHOW COLUMNS FROM `think_users`

[ 2016-09-02T09:59:52+08:00 ] 0.0.0.0 /04/demo2/
INFO: [ app_begin ] --START--
INFO: Run ReadHtmlCache Behavior [ RunTime:0.000544s ]
INFO: [ app_begin ] --END-- [ RunTime:0.000629s ]
NOTIC: [8192] mysql_connect(): The mysql extension is deprecated and will be removed in the future: use mysqli or PDO instead /Applications/XAMPP/xamppfiles/htdocs/php_lesson/12/thinkphp/ThinkPHP/Lib/Driver/Db/DbMysql.class.php 第 55 行.
SQL: SHOW COLUMNS FROM `think_users` [ RunTime:0.009338s ]
ERR: Table 'mvc.think_users' doesn't exist
 [ SQL语句 ] : SHOW COLUMNS FROM `think_users`

[ 2016-09-02T10:00:29+08:00 ] 0.0.0.0 /04/demo2/
INFO: [ app_begin ] --START--
INFO: Run ReadHtmlCache Behavior [ RunTime:0.000465s ]
INFO: [ app_begin ] --END-- [ RunTime:0.000513s ]
NOTIC: [8192] mysql_connect(): The mysql extension is deprecated and will be removed in the future: use mysqli or PDO instead /Applications/XAMPP/xamppfiles/htdocs/php_lesson/12/thinkphp/ThinkPHP/Lib/Driver/Db/DbMysql.class.php 第 55 行.
SQL: SHOW COLUMNS FROM `think_users` [ RunTime:0.000945s ]
ERR: Table 'mvc.think_users' doesn't exist
 [ SQL语句 ] : SHOW COLUMNS FROM `think_users`

[ 2016-09-02T10:00:30+08:00 ] 0.0.0.0 /04/demo2/
INFO: [ app_begin ] --START--
INFO: Run ReadHtmlCache Behavior [ RunTime:0.000247s ]
INFO: [ app_begin ] --END-- [ RunTime:0.000290s ]
NOTIC: [8192] mysql_connect(): The mysql extension is deprecated and will be removed in the future: use mysqli or PDO instead /Applications/XAMPP/xamppfiles/htdocs/php_lesson/12/thinkphp/ThinkPHP/Lib/Driver/Db/DbMysql.class.php 第 55 行.
SQL: SHOW COLUMNS FROM `think_users` [ RunTime:0.002990s ]
ERR: Table 'mvc.think_users' doesn't exist
 [ SQL语句 ] : SHOW COLUMNS FROM `think_users`

[ 2016-09-02T10:00:33+08:00 ] 0.0.0.0 /04/demo2/
INFO: [ app_begin ] --START--
INFO: Run ReadHtmlCache Behavior [ RunTime:0.000270s ]
INFO: [ app_begin ] --END-- [ RunTime:0.000318s ]
NOTIC: [8192] mysql_connect(): The mysql extension is deprecated and will be removed in the future: use mysqli or PDO instead /Applications/XAMPP/xamppfiles/htdocs/php_lesson/12/thinkphp/ThinkPHP/Lib/Driver/Db/DbMysql.class.php 第 55 行.
SQL: SHOW COLUMNS FROM `think_users` [ RunTime:0.009318s ]
ERR: Table 'mvc.think_users' doesn't exist
 [ SQL语句 ] : SHOW COLUMNS FROM `think_users`

[ 2016-09-02T10:00:34+08:00 ] 0.0.0.0 /04/demo2/
INFO: [ app_begin ] --START--
INFO: Run ReadHtmlCache Behavior [ RunTime:0.000436s ]
INFO: [ app_begin ] --END-- [ RunTime:0.000546s ]
NOTIC: [8192] mysql_connect(): The mysql extension is deprecated and will be removed in the future: use mysqli or PDO instead /Applications/XAMPP/xamppfiles/htdocs/php_lesson/12/thinkphp/ThinkPHP/Lib/Driver/Db/DbMysql.class.php 第 55 行.
SQL: SHOW COLUMNS FROM `think_users` [ RunTime:0.000763s ]
ERR: Table 'mvc.think_users' doesn't exist
 [ SQL语句 ] : SHOW COLUMNS FROM `think_users`

[ 2016-09-02T10:01:22+08:00 ] ERR: (ThinkException) Unknown database 'mvc1'
[ 2016-09-02T10:01:28+08:00 ] 0.0.0.0 /04/demo2/
INFO: [ app_begin ] --START--
INFO: Run ReadHtmlCache Behavior [ RunTime:0.000238s ]
INFO: [ app_begin ] --END-- [ RunTime:0.000281s ]
NOTIC: [8192] mysql_connect(): The mysql extension is deprecated and will be removed in the future: use mysqli or PDO instead /Applications/XAMPP/xamppfiles/htdocs/php_lesson/12/thinkphp/ThinkPHP/Lib/Driver/Db/DbMysql.class.php 第 55 行.
SQL: SHOW COLUMNS FROM `think_users` [ RunTime:0.009068s ]
ERR: Table 'mvc.think_users' doesn't exist
 [ SQL语句 ] : SHOW COLUMNS FROM `think_users`

[ 2016-09-02T10:01:31+08:00 ] 0.0.0.0 /04/demo2/
INFO: [ app_begin ] --START--
INFO: Run ReadHtmlCache Behavior [ RunTime:0.000216s ]
INFO: [ app_begin ] --END-- [ RunTime:0.000253s ]
NOTIC: [8192] mysql_connect(): The mysql extension is deprecated and will be removed in the future: use mysqli or PDO instead /Applications/XAMPP/xamppfiles/htdocs/php_lesson/12/thinkphp/ThinkPHP/Lib/Driver/Db/DbMysql.class.php 第 55 行.
SQL: SHOW COLUMNS FROM `think_users` [ RunTime:0.000740s ]
ERR: Table 'mvc.think_users' doesn't exist
 [ SQL语句 ] : SHOW COLUMNS FROM `think_users`

[ 2016-09-02T10:02:28+08:00 ] 0.0.0.0 /04/demo2/
INFO: [ app_begin ] --START--
INFO: Run ReadHtmlCache Behavior [ RunTime:0.000307s ]
INFO: [ app_begin ] --END-- [ RunTime:0.000377s ]
NOTIC: [8192] mysql_connect(): The mysql extension is deprecated and will be removed in the future: use mysqli or PDO instead /Applications/XAMPP/xamppfiles/htdocs/php_lesson/12/thinkphp/ThinkPHP/Lib/Driver/Db/DbMysql.class.php 第 55 行.
SQL: SHOW COLUMNS FROM `think_users` [ RunTime:0.001174s ]
ERR: Table 'mvc.think_users' doesn't exist
 [ SQL语句 ] : SHOW COLUMNS FROM `think_users`

[ 2016-09-02T10:02:57+08:00 ] 0.0.0.0 /04/demo2/
INFO: [ app_begin ] --START--
INFO: Run ReadHtmlCache Behavior [ RunTime:0.000747s ]
INFO: [ app_begin ] --END-- [ RunTime:0.000840s ]
NOTIC: [8192] mysql_connect(): The mysql extension is deprecated and will be removed in the future: use mysqli or PDO instead /Applications/XAMPP/xamppfiles/htdocs/php_lesson/12/thinkphp/ThinkPHP/Lib/Driver/Db/DbMysql.class.php 第 55 行.
SQL: SHOW COLUMNS FROM `think_users` [ RunTime:0.001061s ]
ERR: Table 'mvc.think_users' doesn't exist
 [ SQL语句 ] : SHOW COLUMNS FROM `think_users`

[ 2016-09-02T10:03:07+08:00 ] 0.0.0.0 /04/demo2/
INFO: [ app_begin ] --START--
INFO: Run ReadHtmlCache Behavior [ RunTime:0.000317s ]
INFO: [ app_begin ] --END-- [ RunTime:0.000390s ]
NOTIC: [8192] mysql_connect(): The mysql extension is deprecated and will be removed in the future: use mysqli or PDO instead /Applications/XAMPP/xamppfiles/htdocs/php_lesson/12/thinkphp/ThinkPHP/Lib/Driver/Db/DbMysql.class.php 第 55 行.
SQL: SHOW COLUMNS FROM `think_users` [ RunTime:0.009650s ]
ERR: Table 'mvc.think_users' doesn't exist
 [ SQL语句 ] : SHOW COLUMNS FROM `think_users`

[ 2016-09-02T10:03:17+08:00 ] 0.0.0.0 /04/demo2/
INFO: [ app_begin ] --START--
INFO: Run ReadHtmlCache Behavior [ RunTime:0.000322s ]
INFO: [ app_begin ] --END-- [ RunTime:0.000406s ]
NOTIC: [8192] mysql_connect(): The mysql extension is deprecated and will be removed in the future: use mysqli or PDO instead /Applications/XAMPP/xamppfiles/htdocs/php_lesson/12/thinkphp/ThinkPHP/Lib/Driver/Db/DbMysql.class.php 第 55 行.
SQL: SHOW COLUMNS FROM `think_users` [ RunTime:0.008543s ]
ERR: Table 'mvc.think_users' doesn't exist
 [ SQL语句 ] : SHOW COLUMNS FROM `think_users`

[ 2016-09-02T10:03:45+08:00 ] 0.0.0.0 /04/demo2/
INFO: [ app_begin ] --START--
INFO: Run ReadHtmlCache Behavior [ RunTime:0.000880s ]
INFO: [ app_begin ] --END-- [ RunTime:0.001050s ]
NOTIC: [8192] mysql_connect(): The mysql extension is deprecated and will be removed in the future: use mysqli or PDO instead /Applications/XAMPP/xamppfiles/htdocs/php_lesson/12/thinkphp/ThinkPHP/Lib/Driver/Db/DbMysql.class.php 第 55 行.
SQL: SHOW COLUMNS FROM `think_users` [ RunTime:0.001041s ]
ERR: Table 'mvc.think_users' doesn't exist
 [ SQL语句 ] : SHOW COLUMNS FROM `think_users`

[ 2016-09-02T10:03:46+08:00 ] 0.0.0.0 /04/demo2/
INFO: [ app_begin ] --START--
INFO: Run ReadHtmlCache Behavior [ RunTime:0.000231s ]
INFO: [ app_begin ] --END-- [ RunTime:0.000309s ]
NOTIC: [8192] mysql_connect(): The mysql extension is deprecated and will be removed in the future: use mysqli or PDO instead /Applications/XAMPP/xamppfiles/htdocs/php_lesson/12/thinkphp/ThinkPHP/Lib/Driver/Db/DbMysql.class.php 第 55 行.
SQL: SHOW COLUMNS FROM `think_users` [ RunTime:0.001323s ]
ERR: Table 'mvc.think_users' doesn't exist
 [ SQL语句 ] : SHOW COLUMNS FROM `think_users`

[ 2016-09-02T10:04:44+08:00 ] 0.0.0.0 /04/demo2/
INFO: [ app_begin ] --START--
INFO: Run ReadHtmlCache Behavior [ RunTime:0.000689s ]
INFO: [ app_begin ] --END-- [ RunTime:0.000776s ]
NOTIC: [8192] mysql_connect(): The mysql extension is deprecated and will be removed in the future: use mysqli or PDO instead /Applications/XAMPP/xamppfiles/htdocs/php_lesson/12/thinkphp/ThinkPHP/Lib/Driver/Db/DbMysql.class.php 第 55 行.
SQL: SHOW COLUMNS FROM `think_users` [ RunTime:0.002148s ]
ERR: Table 'mvc.think_users' doesn't exist
 [ SQL语句 ] : SHOW COLUMNS FROM `think_users`

[ 2016-09-02T10:05:37+08:00 ] 0.0.0.0 /04/demo2/
INFO: [ app_begin ] --START--
INFO: Run ReadHtmlCache Behavior [ RunTime:0.000997s ]
INFO: [ app_begin ] --END-- [ RunTime:0.001120s ]
NOTIC: [8192] mysql_connect(): The mysql extension is deprecated and will be removed in the future: use mysqli or PDO instead /Applications/XAMPP/xamppfiles/htdocs/php_lesson/12/thinkphp/ThinkPHP/Lib/Driver/Db/DbMysql.class.php 第 55 行.
SQL: SHOW COLUMNS FROM `3think_users` [ RunTime:0.002292s ]
ERR: Table 'mvc.3think_users' doesn't exist
 [ SQL语句 ] : SHOW COLUMNS FROM `3think_users`

[ 2016-09-02T10:05:45+08:00 ] 0.0.0.0 /04/demo2/
INFO: [ app_begin ] --START--
INFO: Run ReadHtmlCache Behavior [ RunTime:0.000405s ]
INFO: [ app_begin ] --END-- [ RunTime:0.000481s ]
NOTIC: [8192] mysql_connect(): The mysql extension is deprecated and will be removed in the future: use mysqli or PDO instead /Applications/XAMPP/xamppfiles/htdocs/php_lesson/12/thinkphp/ThinkPHP/Lib/Driver/Db/DbMysql.class.php 第 55 行.
SQL: SHOW COLUMNS FROM `users` [ RunTime:0.003764s ]

[ 2016-09-02T10:06:56+08:00 ] 0.0.0.0 /04/demo2/
INFO: [ app_begin ] --START--
INFO: Run ReadHtmlCache Behavior [ RunTime:0.001366s ]
INFO: [ app_begin ] --END-- [ RunTime:0.001601s ]
NOTIC: [8192] mysql_connect(): The mysql extension is deprecated and will be removed in the future: use mysqli or PDO instead /Applications/XAMPP/xamppfiles/htdocs/php_lesson/12/thinkphp/ThinkPHP/Lib/Driver/Db/DbMysql.class.php 第 55 行.
SQL: SHOW COLUMNS FROM `users` [ RunTime:0.002357s ]

[ 2016-09-02T10:07:47+08:00 ] 0.0.0.0 /04/demo2/
INFO: [ app_begin ] --START--
INFO: Run ReadHtmlCache Behavior [ RunTime:0.000546s ]
INFO: [ app_begin ] --END-- [ RunTime:0.000621s ]
NOTIC: [8192] mysql_connect(): The mysql extension is deprecated and will be removed in the future: use mysqli or PDO instead /Applications/XAMPP/xamppfiles/htdocs/php_lesson/12/thinkphp/ThinkPHP/Lib/Driver/Db/DbMysql.class.php 第 55 行.
SQL: SHOW COLUMNS FROM `users` [ RunTime:0.001710s ]

[ 2016-09-02T10:07:48+08:00 ] 0.0.0.0 /04/demo2/
INFO: [ app_begin ] --START--
INFO: Run ReadHtmlCache Behavior [ RunTime:0.000243s ]
INFO: [ app_begin ] --END-- [ RunTime:0.000282s ]
NOTIC: [8192] mysql_connect(): The mysql extension is deprecated and will be removed in the future: use mysqli or PDO instead /Applications/XAMPP/xamppfiles/htdocs/php_lesson/12/thinkphp/ThinkPHP/Lib/Driver/Db/DbMysql.class.php 第 55 行.
SQL: SHOW COLUMNS FROM `users` [ RunTime:0.008630s ]

[ 2016-09-02T10:07:58+08:00 ] 0.0.0.0 /04/demo2/
INFO: [ app_begin ] --START--
INFO: Run ReadHtmlCache Behavior [ RunTime:0.000233s ]
INFO: [ app_begin ] --END-- [ RunTime:0.000276s ]
NOTIC: [8192] mysql_connect(): The mysql extension is deprecated and will be removed in the future: use mysqli or PDO instead /Applications/XAMPP/xamppfiles/htdocs/php_lesson/12/thinkphp/ThinkPHP/Lib/Driver/Db/DbMysql.class.php 第 55 行.
SQL: SHOW COLUMNS FROM `users` [ RunTime:0.015904s ]

[ 2016-09-02T10:10:49+08:00 ] 0.0.0.0 /04/demo2/
INFO: [ app_begin ] --START--
INFO: Run ReadHtmlCache Behavior [ RunTime:0.000525s ]
INFO: [ app_begin ] --END-- [ RunTime:0.000599s ]
NOTIC: [8192] mysql_connect(): The mysql extension is deprecated and will be removed in the future: use mysqli or PDO instead /Applications/XAMPP/xamppfiles/htdocs/php_lesson/12/thinkphp/ThinkPHP/Lib/Driver/Db/DbMysql.class.php 第 55 行.
SQL: SHOW COLUMNS FROM `users` [ RunTime:0.003813s ]
NOTIC: [8192] preg_replace(): The /e modifier is deprecated, use preg_replace_callback instead /Applications/XAMPP/xamppfiles/htdocs/php_lesson/12/thinkphp/ThinkPHP/Lib/Core/Db.class.php 第 568 行.
SQL: SELECT * FROM `users` LIMIT 1   [ RunTime:0.000687s ]

[ 2016-09-02T10:11:28+08:00 ] 0.0.0.0 /04/demo2/
INFO: [ app_begin ] --START--
INFO: Run ReadHtmlCache Behavior [ RunTime:0.000581s ]
INFO: [ app_begin ] --END-- [ RunTime:0.000654s ]
NOTIC: [8192] mysql_connect(): The mysql extension is deprecated and will be removed in the future: use mysqli or PDO instead /Applications/XAMPP/xamppfiles/htdocs/php_lesson/12/thinkphp/ThinkPHP/Lib/Driver/Db/DbMysql.class.php 第 55 行.
SQL: SHOW COLUMNS FROM `users` [ RunTime:0.009011s ]
NOTIC: [8192] preg_replace(): The /e modifier is deprecated, use preg_replace_callback instead /Applications/XAMPP/xamppfiles/htdocs/php_lesson/12/thinkphp/ThinkPHP/Lib/Core/Db.class.php 第 568 行.
SQL: SELECT * FROM `users` LIMIT 1   [ RunTime:0.000498s ]

[ 2016-09-02T10:11:40+08:00 ] 0.0.0.0 /04/demo2/
INFO: [ app_begin ] --START--
INFO: Run ReadHtmlCache Behavior [ RunTime:0.000557s ]
INFO: [ app_begin ] --END-- [ RunTime:0.000644s ]
NOTIC: [8192] mysql_connect(): The mysql extension is deprecated and will be removed in the future: use mysqli or PDO instead /Applications/XAMPP/xamppfiles/htdocs/php_lesson/12/thinkphp/ThinkPHP/Lib/Driver/Db/DbMysql.class.php 第 55 行.
SQL: SHOW COLUMNS FROM `users` [ RunTime:0.001316s ]
NOTIC: [8192] preg_replace(): The /e modifier is deprecated, use preg_replace_callback instead /Applications/XAMPP/xamppfiles/htdocs/php_lesson/12/thinkphp/ThinkPHP/Lib/Core/Db.class.php 第 568 行.
SQL: SELECT * FROM `users` LIMIT 1   [ RunTime:0.000430s ]

[ 2016-09-02T10:20:40+08:00 ] 0.0.0.0 /04/demo2/
INFO: [ app_begin ] --START--
INFO: Run ReadHtmlCache Behavior [ RunTime:0.000583s ]
INFO: [ app_begin ] --END-- [ RunTime:0.000657s ]
NOTIC: [8192] mysql_connect(): The mysql extension is deprecated and will be removed in the future: use mysqli or PDO instead /Applications/XAMPP/xamppfiles/htdocs/php_lesson/12/thinkphp/ThinkPHP/Lib/Driver/Db/DbMysql.class.php 第 55 行.
SQL: SHOW COLUMNS FROM `users` [ RunTime:0.009351s ]
NOTIC: [8192] preg_replace(): The /e modifier is deprecated, use preg_replace_callback instead /Applications/XAMPP/xamppfiles/htdocs/php_lesson/12/thinkphp/ThinkPHP/Lib/Core/Db.class.php 第 568 行.
SQL: SELECT * FROM `users` LIMIT 1   [ RunTime:0.000499s ]

