[ 2017-02-16T14:32:50+08:00 ] 0.0.0.0 /12/pro/
INFO: [ app_begin ] --START--
INFO: Run ReadHtmlCache Behavior [ RunTime:0.003000s ]
INFO: [ app_begin ] --END-- [ RunTime:0.003000s ]
NOTIC: [2048] Declaration of IndexAction::success() should be compatible with that of Action::success() F:\ease\php_lesson\12\pro\home\Lib\Action\IndexAction.class.php 第 211 行.
SQL: SHOW COLUMNS FROM `think_cat` [ RunTime:0.010001s ]
SQL: SELECT * FROM `think_cat` WHERE ( cPid=0 )  [ RunTime:0.025001s ]
SQL: SHOW COLUMNS FROM `think_pub` [ RunTime:0.010001s ]
SQL: SELECT * FROM `think_pub` LIMIT 0,4   [ RunTime:0.006000s ]
SQL: SELECT * FROM `think_pub` LIMIT 4,10   [ RunTime:0.000000s ]
SQL: SHOW COLUMNS FROM `think_books` [ RunTime:0.012001s ]
SQL: select tb.bName,tb.bImg,tb.bMprice,tb.bJDprice,tc.cName from think_books as tb  left join think_cat as tc on tb.bFid=tc.cId and tb.bState=2 [ RunTime:0.042002s ]
INFO: [ view_template ] --START--
INFO: Run LocationTemplate Behavior [ RunTime:0.004000s ]
INFO: [ view_template ] --END-- [ RunTime:0.004000s ]
INFO: [ view_parse ] --START--
NOTIC: [8] Undefined index: cId F:\ease\php_lesson\12\pro\home\Runtime\Cache\d046431aa157c89f3a1c30c426be003b.php 第 70 行.
NOTIC: [8] Undefined index: cId F:\ease\php_lesson\12\pro\home\Runtime\Cache\d046431aa157c89f3a1c30c426be003b.php 第 70 行.
NOTIC: [8] Undefined index: cId F:\ease\php_lesson\12\pro\home\Runtime\Cache\d046431aa157c89f3a1c30c426be003b.php 第 70 行.
NOTIC: [8] Undefined index: cId F:\ease\php_lesson\12\pro\home\Runtime\Cache\d046431aa157c89f3a1c30c426be003b.php 第 70 行.
NOTIC: [8] Undefined index: cId F:\ease\php_lesson\12\pro\home\Runtime\Cache\d046431aa157c89f3a1c30c426be003b.php 第 70 行.
NOTIC: [8] Undefined index: cId F:\ease\php_lesson\12\pro\home\Runtime\Cache\d046431aa157c89f3a1c30c426be003b.php 第 88 行.
NOTIC: [8] Undefined index: cId F:\ease\php_lesson\12\pro\home\Runtime\Cache\d046431aa157c89f3a1c30c426be003b.php 第 88 行.
NOTIC: [8] Undefined index: cId F:\ease\php_lesson\12\pro\home\Runtime\Cache\d046431aa157c89f3a1c30c426be003b.php 第 88 行.
NOTIC: [8] Undefined index: cId F:\ease\php_lesson\12\pro\home\Runtime\Cache\d046431aa157c89f3a1c30c426be003b.php 第 88 行.
NOTIC: [8] Undefined index: cId F:\ease\php_lesson\12\pro\home\Runtime\Cache\d046431aa157c89f3a1c30c426be003b.php 第 88 行.
INFO: Run ParseTemplate Behavior [ RunTime:0.086005s ]
INFO: [ view_parse ] --END-- [ RunTime:0.086005s ]
INFO: [ view_filter ] --START--
INFO: Run ContentReplace Behavior [ RunTime:0.003000s ]
INFO: Run TokenBuild Behavior [ RunTime:0.002000s ]
INFO: Run WriteHtmlCache Behavior [ RunTime:0.001000s ]
INFO: Run ShowRuntime Behavior [ RunTime:0.002000s ]
INFO: [ view_filter ] --END-- [ RunTime:0.008000s ]
INFO: [ view_end ] --START--
INFO: Run ShowPageTrace Behavior [ RunTime:0.002000s ]
INFO: [ view_end ] --END-- [ RunTime:0.002000s ]

[ 2017-02-16T14:33:03+08:00 ] 0.0.0.0 /12/pro/index.php/Index/booksList/cId/
INFO: [ route_check ] --START--
INFO: Run CheckRoute Behavior [ RunTime:0.022001s ]
INFO: [ route_check ] --END-- [ RunTime:0.022001s ]
INFO: [ app_begin ] --START--
INFO: Run ReadHtmlCache Behavior [ RunTime:0.001000s ]
INFO: [ app_begin ] --END-- [ RunTime:0.001000s ]
NOTIC: [2048] Declaration of IndexAction::success() should be compatible with that of Action::success() F:\ease\php_lesson\12\pro\home\Lib\Action\IndexAction.class.php 第 211 行.
NOTIC: [8] Undefined index: cId F:\ease\php_lesson\12\pro\home\Lib\Action\IndexAction.class.php 第 31 行.
SQL: SHOW COLUMNS FROM `think_cat` [ RunTime:0.010001s ]
SQL: SELECT * FROM `think_cat` WHERE ( cPid= )  [ RunTime:0.013000s ]
ERR: You have an error in your SQL syntax; check the manual that corresponds to your MySQL server version for the right syntax to use near ')' at line 1
 [ SQL语句 ] : SELECT * FROM `think_cat` WHERE ( cPid= ) 
SQL: SHOW COLUMNS FROM `think_books` [ RunTime:0.010001s ]
SQL: select tb.bId,tb.bName,tb.bImg,tb.bAuth,tb.bDate,tb.bMprice,tb.bJDprice,tp.pName from think_books as tb left join think_pub as tp on tb.pId=tp.pId where tb.bFid= [ RunTime:0.001000s ]
ERR: You have an error in your SQL syntax; check the manual that corresponds to your MySQL server version for the right syntax to use near '' at line 1
 [ SQL语句 ] : select tb.bId,tb.bName,tb.bImg,tb.bAuth,tb.bDate,tb.bMprice,tb.bJDprice,tp.pName from think_books as tb left join think_pub as tp on tb.pId=tp.pId where tb.bFid=
INFO: [ view_template ] --START--
INFO: Run LocationTemplate Behavior [ RunTime:0.002000s ]
INFO: [ view_template ] --END-- [ RunTime:0.003000s ]
INFO: [ view_parse ] --START--
INFO: Run ParseTemplate Behavior [ RunTime:0.049003s ]
INFO: [ view_parse ] --END-- [ RunTime:0.049003s ]
INFO: [ view_filter ] --START--
INFO: Run ContentReplace Behavior [ RunTime:0.002000s ]
INFO: Run TokenBuild Behavior [ RunTime:0.001000s ]
INFO: Run WriteHtmlCache Behavior [ RunTime:0.000000s ]
INFO: Run ShowRuntime Behavior [ RunTime:0.001000s ]
INFO: [ view_filter ] --END-- [ RunTime:0.004000s ]
INFO: [ view_end ] --START--
INFO: Run ShowPageTrace Behavior [ RunTime:0.002000s ]
INFO: [ view_end ] --END-- [ RunTime:0.002000s ]

[ 2017-02-16T14:41:46+08:00 ] 0.0.0.0 /12/pro/
INFO: [ app_begin ] --START--
INFO: Run ReadHtmlCache Behavior [ RunTime:0.001000s ]
INFO: [ app_begin ] --END-- [ RunTime:0.001000s ]
NOTIC: [2048] Declaration of IndexAction::success() should be compatible with that of Action::success() F:\ease\php_lesson\12\pro\home\Lib\Action\IndexAction.class.php 第 211 行.
SQL: SHOW COLUMNS FROM `think_cat` [ RunTime:0.011000s ]
SQL: SELECT * FROM `think_cat` WHERE ( cPid=0 )  [ RunTime:0.001000s ]
SQL: SHOW COLUMNS FROM `think_pub` [ RunTime:0.009000s ]
SQL: SELECT * FROM `think_pub` LIMIT 0,4   [ RunTime:0.001000s ]
SQL: SELECT * FROM `think_pub` LIMIT 4,10   [ RunTime:0.000000s ]
SQL: SHOW COLUMNS FROM `think_books` [ RunTime:0.005000s ]
SQL: select tb.bName,tb.bImg,tb.bMprice,tb.bJDprice,tc.cName from think_books as tb  left join think_cat as tc on tb.bFid=tc.cId and tb.bState=2 [ RunTime:0.001001s ]
INFO: [ view_template ] --START--
INFO: Run LocationTemplate Behavior [ RunTime:0.002000s ]
INFO: [ view_template ] --END-- [ RunTime:0.002000s ]
INFO: [ view_parse ] --START--
NOTIC: [8] Undefined index: cId F:\ease\php_lesson\12\pro\home\Runtime\Cache\d046431aa157c89f3a1c30c426be003b.php 第 70 行.
NOTIC: [8] Undefined index: cId F:\ease\php_lesson\12\pro\home\Runtime\Cache\d046431aa157c89f3a1c30c426be003b.php 第 70 行.
NOTIC: [8] Undefined index: cId F:\ease\php_lesson\12\pro\home\Runtime\Cache\d046431aa157c89f3a1c30c426be003b.php 第 70 行.
NOTIC: [8] Undefined index: cId F:\ease\php_lesson\12\pro\home\Runtime\Cache\d046431aa157c89f3a1c30c426be003b.php 第 70 行.
NOTIC: [8] Undefined index: cId F:\ease\php_lesson\12\pro\home\Runtime\Cache\d046431aa157c89f3a1c30c426be003b.php 第 70 行.
NOTIC: [8] Undefined index: cId F:\ease\php_lesson\12\pro\home\Runtime\Cache\d046431aa157c89f3a1c30c426be003b.php 第 88 行.
NOTIC: [8] Undefined index: cId F:\ease\php_lesson\12\pro\home\Runtime\Cache\d046431aa157c89f3a1c30c426be003b.php 第 88 行.
NOTIC: [8] Undefined index: cId F:\ease\php_lesson\12\pro\home\Runtime\Cache\d046431aa157c89f3a1c30c426be003b.php 第 88 行.
NOTIC: [8] Undefined index: cId F:\ease\php_lesson\12\pro\home\Runtime\Cache\d046431aa157c89f3a1c30c426be003b.php 第 88 行.
NOTIC: [8] Undefined index: cId F:\ease\php_lesson\12\pro\home\Runtime\Cache\d046431aa157c89f3a1c30c426be003b.php 第 88 行.
INFO: Run ParseTemplate Behavior [ RunTime:0.035002s ]
INFO: [ view_parse ] --END-- [ RunTime:0.035002s ]
INFO: [ view_filter ] --START--
INFO: Run ContentReplace Behavior [ RunTime:0.001000s ]
INFO: Run TokenBuild Behavior [ RunTime:0.001000s ]
INFO: Run WriteHtmlCache Behavior [ RunTime:0.001000s ]
INFO: Run ShowRuntime Behavior [ RunTime:0.000000s ]
INFO: [ view_filter ] --END-- [ RunTime:0.003000s ]
INFO: [ view_end ] --START--
INFO: Run ShowPageTrace Behavior [ RunTime:0.001000s ]
INFO: [ view_end ] --END-- [ RunTime:0.001000s ]

[ 2017-02-16T14:42:04+08:00 ] 0.0.0.0 /12/pro/index.php/Index/booksList/cId/
INFO: [ route_check ] --START--
INFO: Run CheckRoute Behavior [ RunTime:0.002000s ]
INFO: [ route_check ] --END-- [ RunTime:0.002000s ]
INFO: [ app_begin ] --START--
INFO: Run ReadHtmlCache Behavior [ RunTime:0.001000s ]
INFO: [ app_begin ] --END-- [ RunTime:0.001000s ]
NOTIC: [2048] Declaration of IndexAction::success() should be compatible with that of Action::success() F:\ease\php_lesson\12\pro\home\Lib\Action\IndexAction.class.php 第 211 行.
NOTIC: [8] Undefined index: cId F:\ease\php_lesson\12\pro\home\Lib\Action\IndexAction.class.php 第 31 行.
SQL: SHOW COLUMNS FROM `think_cat` [ RunTime:0.010001s ]
SQL: SELECT * FROM `think_cat` WHERE ( cPid= )  [ RunTime:0.000000s ]
ERR: You have an error in your SQL syntax; check the manual that corresponds to your MySQL server version for the right syntax to use near ')' at line 1
 [ SQL语句 ] : SELECT * FROM `think_cat` WHERE ( cPid= ) 
SQL: SHOW COLUMNS FROM `think_books` [ RunTime:0.011001s ]
SQL: select tb.bId,tb.bName,tb.bImg,tb.bAuth,tb.bDate,tb.bMprice,tb.bJDprice,tp.pName from think_books as tb left join think_pub as tp on tb.pId=tp.pId where tb.bFid= [ RunTime:0.000000s ]
ERR: You have an error in your SQL syntax; check the manual that corresponds to your MySQL server version for the right syntax to use near '' at line 1
 [ SQL语句 ] : select tb.bId,tb.bName,tb.bImg,tb.bAuth,tb.bDate,tb.bMprice,tb.bJDprice,tp.pName from think_books as tb left join think_pub as tp on tb.pId=tp.pId where tb.bFid=
INFO: [ view_template ] --START--
INFO: Run LocationTemplate Behavior [ RunTime:0.002000s ]
INFO: [ view_template ] --END-- [ RunTime:0.002000s ]
INFO: [ view_parse ] --START--
INFO: Run ParseTemplate Behavior [ RunTime:0.024001s ]
INFO: [ view_parse ] --END-- [ RunTime:0.024001s ]
INFO: [ view_filter ] --START--
INFO: Run ContentReplace Behavior [ RunTime:0.001000s ]
INFO: Run TokenBuild Behavior [ RunTime:0.001000s ]
INFO: Run WriteHtmlCache Behavior [ RunTime:0.001000s ]
INFO: Run ShowRuntime Behavior [ RunTime:0.001000s ]
INFO: [ view_filter ] --END-- [ RunTime:0.004000s ]
INFO: [ view_end ] --START--
INFO: Run ShowPageTrace Behavior [ RunTime:0.000000s ]
INFO: [ view_end ] --END-- [ RunTime:0.001000s ]

[ 2017-02-16T14:42:45+08:00 ] 0.0.0.0 /12/pro/
INFO: [ app_begin ] --START--
INFO: Run ReadHtmlCache Behavior [ RunTime:0.000000s ]
INFO: [ app_begin ] --END-- [ RunTime:0.000000s ]
NOTIC: [2048] Declaration of IndexAction::success() should be compatible with that of Action::success() F:\ease\php_lesson\12\pro\home\Lib\Action\IndexAction.class.php 第 211 行.
SQL: SHOW COLUMNS FROM `think_cat` [ RunTime:0.003000s ]
SQL: SELECT * FROM `think_cat` WHERE ( cPid=0 )  [ RunTime:0.000000s ]
SQL: SHOW COLUMNS FROM `think_pub` [ RunTime:0.002000s ]
SQL: SELECT * FROM `think_pub` LIMIT 0,4   [ RunTime:0.001000s ]
SQL: SELECT * FROM `think_pub` LIMIT 4,10   [ RunTime:0.000000s ]
SQL: SHOW COLUMNS FROM `think_books` [ RunTime:0.003001s ]
SQL: select tb.bName,tb.bImg,tb.bMprice,tb.bJDprice,tc.cName from think_books as tb  left join think_cat as tc on tb.bFid=tc.cId and tb.bState=2 [ RunTime:0.000000s ]
INFO: [ view_template ] --START--
INFO: Run LocationTemplate Behavior [ RunTime:0.001000s ]
INFO: [ view_template ] --END-- [ RunTime:0.001000s ]
INFO: [ view_parse ] --START--
NOTIC: [8] Undefined index: cId F:\ease\php_lesson\12\pro\home\Runtime\Cache\d046431aa157c89f3a1c30c426be003b.php 第 70 行.
NOTIC: [8] Undefined index: cId F:\ease\php_lesson\12\pro\home\Runtime\Cache\d046431aa157c89f3a1c30c426be003b.php 第 70 行.
NOTIC: [8] Undefined index: cId F:\ease\php_lesson\12\pro\home\Runtime\Cache\d046431aa157c89f3a1c30c426be003b.php 第 70 行.
NOTIC: [8] Undefined index: cId F:\ease\php_lesson\12\pro\home\Runtime\Cache\d046431aa157c89f3a1c30c426be003b.php 第 70 行.
NOTIC: [8] Undefined index: cId F:\ease\php_lesson\12\pro\home\Runtime\Cache\d046431aa157c89f3a1c30c426be003b.php 第 70 行.
NOTIC: [8] Undefined index: cId F:\ease\php_lesson\12\pro\home\Runtime\Cache\d046431aa157c89f3a1c30c426be003b.php 第 88 行.
NOTIC: [8] Undefined index: cId F:\ease\php_lesson\12\pro\home\Runtime\Cache\d046431aa157c89f3a1c30c426be003b.php 第 88 行.
NOTIC: [8] Undefined index: cId F:\ease\php_lesson\12\pro\home\Runtime\Cache\d046431aa157c89f3a1c30c426be003b.php 第 88 行.
NOTIC: [8] Undefined index: cId F:\ease\php_lesson\12\pro\home\Runtime\Cache\d046431aa157c89f3a1c30c426be003b.php 第 88 行.
NOTIC: [8] Undefined index: cId F:\ease\php_lesson\12\pro\home\Runtime\Cache\d046431aa157c89f3a1c30c426be003b.php 第 88 行.
INFO: Run ParseTemplate Behavior [ RunTime:0.024001s ]
INFO: [ view_parse ] --END-- [ RunTime:0.024001s ]
INFO: [ view_filter ] --START--
INFO: Run ContentReplace Behavior [ RunTime:0.001000s ]
INFO: Run TokenBuild Behavior [ RunTime:0.001000s ]
INFO: Run WriteHtmlCache Behavior [ RunTime:0.000000s ]
INFO: Run ShowRuntime Behavior [ RunTime:0.001000s ]
INFO: [ view_filter ] --END-- [ RunTime:0.003000s ]
INFO: [ view_end ] --START--
INFO: Run ShowPageTrace Behavior [ RunTime:0.000000s ]
INFO: [ view_end ] --END-- [ RunTime:0.000000s ]

[ 2017-02-16T14:42:54+08:00 ] 0.0.0.0 /12/pro/
INFO: [ app_begin ] --START--
INFO: Run ReadHtmlCache Behavior [ RunTime:0.002000s ]
INFO: [ app_begin ] --END-- [ RunTime:0.002000s ]
NOTIC: [2048] Declaration of IndexAction::success() should be compatible with that of Action::success() F:\ease\php_lesson\12\pro\home\Lib\Action\IndexAction.class.php 第 211 行.
SQL: SHOW COLUMNS FROM `think_cat` [ RunTime:0.011001s ]
SQL: SELECT * FROM `think_cat` WHERE ( cPid=0 )  [ RunTime:0.001000s ]
SQL: SHOW COLUMNS FROM `think_pub` [ RunTime:0.010000s ]
SQL: SELECT * FROM `think_pub` LIMIT 0,4   [ RunTime:0.001000s ]
SQL: SELECT * FROM `think_pub` LIMIT 4,10   [ RunTime:0.000000s ]
SQL: SHOW COLUMNS FROM `think_books` [ RunTime:0.010000s ]
SQL: select tb.bName,tb.bImg,tb.bMprice,tb.bJDprice,tc.cName from think_books as tb  left join think_cat as tc on tb.bFid=tc.cId and tb.bState=2 [ RunTime:0.001000s ]
INFO: [ view_template ] --START--
INFO: Run LocationTemplate Behavior [ RunTime:0.004000s ]
INFO: [ view_template ] --END-- [ RunTime:0.004000s ]
INFO: [ view_parse ] --START--
NOTIC: [8] Undefined index: cId F:\ease\php_lesson\12\pro\home\Runtime\Cache\d046431aa157c89f3a1c30c426be003b.php 第 70 行.
NOTIC: [8] Undefined index: cId F:\ease\php_lesson\12\pro\home\Runtime\Cache\d046431aa157c89f3a1c30c426be003b.php 第 70 行.
NOTIC: [8] Undefined index: cId F:\ease\php_lesson\12\pro\home\Runtime\Cache\d046431aa157c89f3a1c30c426be003b.php 第 70 行.
NOTIC: [8] Undefined index: cId F:\ease\php_lesson\12\pro\home\Runtime\Cache\d046431aa157c89f3a1c30c426be003b.php 第 70 行.
NOTIC: [8] Undefined index: cId F:\ease\php_lesson\12\pro\home\Runtime\Cache\d046431aa157c89f3a1c30c426be003b.php 第 70 行.
NOTIC: [8] Undefined index: cId F:\ease\php_lesson\12\pro\home\Runtime\Cache\d046431aa157c89f3a1c30c426be003b.php 第 88 行.
NOTIC: [8] Undefined index: cId F:\ease\php_lesson\12\pro\home\Runtime\Cache\d046431aa157c89f3a1c30c426be003b.php 第 88 行.
NOTIC: [8] Undefined index: cId F:\ease\php_lesson\12\pro\home\Runtime\Cache\d046431aa157c89f3a1c30c426be003b.php 第 88 行.
NOTIC: [8] Undefined index: cId F:\ease\php_lesson\12\pro\home\Runtime\Cache\d046431aa157c89f3a1c30c426be003b.php 第 88 行.
NOTIC: [8] Undefined index: cId F:\ease\php_lesson\12\pro\home\Runtime\Cache\d046431aa157c89f3a1c30c426be003b.php 第 88 行.
INFO: Run ParseTemplate Behavior [ RunTime:0.047003s ]
INFO: [ view_parse ] --END-- [ RunTime:0.047003s ]
INFO: [ view_filter ] --START--
INFO: Run ContentReplace Behavior [ RunTime:0.001000s ]
INFO: Run TokenBuild Behavior [ RunTime:0.001000s ]
INFO: Run WriteHtmlCache Behavior [ RunTime:0.000000s ]
INFO: Run ShowRuntime Behavior [ RunTime:0.000000s ]
INFO: [ view_filter ] --END-- [ RunTime:0.003000s ]
INFO: [ view_end ] --START--
INFO: Run ShowPageTrace Behavior [ RunTime:0.001000s ]
INFO: [ view_end ] --END-- [ RunTime:0.001000s ]

[ 2017-02-16T14:43:28+08:00 ] 0.0.0.0 /12/pro/index.php/Index/booksList/cId/
INFO: [ route_check ] --START--
INFO: Run CheckRoute Behavior [ RunTime:0.002000s ]
INFO: [ route_check ] --END-- [ RunTime:0.002000s ]
INFO: [ app_begin ] --START--
INFO: Run ReadHtmlCache Behavior [ RunTime:0.001000s ]
INFO: [ app_begin ] --END-- [ RunTime:0.001000s ]
NOTIC: [2048] Declaration of IndexAction::success() should be compatible with that of Action::success() F:\ease\php_lesson\12\pro\home\Lib\Action\IndexAction.class.php 第 211 行.
NOTIC: [8] Undefined index: cId F:\ease\php_lesson\12\pro\home\Lib\Action\IndexAction.class.php 第 31 行.
SQL: SHOW COLUMNS FROM `think_cat` [ RunTime:0.010000s ]
SQL: SELECT * FROM `think_cat` WHERE ( cPid= )  [ RunTime:0.000000s ]
ERR: You have an error in your SQL syntax; check the manual that corresponds to your MySQL server version for the right syntax to use near ')' at line 1
 [ SQL语句 ] : SELECT * FROM `think_cat` WHERE ( cPid= ) 
SQL: SHOW COLUMNS FROM `think_books` [ RunTime:0.011001s ]
SQL: select tb.bId,tb.bName,tb.bImg,tb.bAuth,tb.bDate,tb.bMprice,tb.bJDprice,tp.pName from think_books as tb left join think_pub as tp on tb.pId=tp.pId where tb.bFid= [ RunTime:0.001000s ]
ERR: You have an error in your SQL syntax; check the manual that corresponds to your MySQL server version for the right syntax to use near '' at line 1
 [ SQL语句 ] : select tb.bId,tb.bName,tb.bImg,tb.bAuth,tb.bDate,tb.bMprice,tb.bJDprice,tp.pName from think_books as tb left join think_pub as tp on tb.pId=tp.pId where tb.bFid=
INFO: [ view_template ] --START--
INFO: Run LocationTemplate Behavior [ RunTime:0.003000s ]
INFO: [ view_template ] --END-- [ RunTime:0.003000s ]
INFO: [ view_parse ] --START--
INFO: Run ParseTemplate Behavior [ RunTime:0.025002s ]
INFO: [ view_parse ] --END-- [ RunTime:0.025002s ]
INFO: [ view_filter ] --START--
INFO: Run ContentReplace Behavior [ RunTime:0.001000s ]
INFO: Run TokenBuild Behavior [ RunTime:0.001000s ]
INFO: Run WriteHtmlCache Behavior [ RunTime:0.001000s ]
INFO: Run ShowRuntime Behavior [ RunTime:0.001000s ]
INFO: [ view_filter ] --END-- [ RunTime:0.004000s ]
INFO: [ view_end ] --START--
INFO: Run ShowPageTrace Behavior [ RunTime:0.002000s ]
INFO: [ view_end ] --END-- [ RunTime:0.002000s ]

[ 2017-02-16T14:47:04+08:00 ] 0.0.0.0 /12/pro/
INFO: [ app_begin ] --START--
INFO: Run ReadHtmlCache Behavior [ RunTime:0.000000s ]
INFO: [ app_begin ] --END-- [ RunTime:0.000000s ]
NOTIC: [2048] Declaration of IndexAction::success() should be compatible with that of Action::success() F:\ease\php_lesson\12\pro\home\Lib\Action\IndexAction.class.php 第 212 行.
SQL: SHOW COLUMNS FROM `think_cat` [ RunTime:0.003000s ]
SQL: SELECT * FROM `think_cat` WHERE ( cPid=0 )  [ RunTime:0.000000s ]
SQL: SHOW COLUMNS FROM `think_pub` [ RunTime:0.003000s ]
SQL: SELECT * FROM `think_pub` LIMIT 0,4   [ RunTime:0.000000s ]
SQL: SELECT * FROM `think_pub` LIMIT 4,10   [ RunTime:0.001000s ]
SQL: SHOW COLUMNS FROM `think_books` [ RunTime:0.002000s ]
SQL: select tb.bName,tb.bImg,tb.bMprice,tb.bJDprice,tc.cName from think_books as tb  left join think_cat as tc on tb.bFid=tc.cId and tb.bState=2 [ RunTime:0.000000s ]
INFO: [ view_template ] --START--
INFO: Run LocationTemplate Behavior [ RunTime:0.001000s ]
INFO: [ view_template ] --END-- [ RunTime:0.001000s ]
INFO: [ view_parse ] --START--
NOTIC: [8] Undefined index: cId F:\ease\php_lesson\12\pro\home\Runtime\Cache\d046431aa157c89f3a1c30c426be003b.php 第 71 行.
NOTIC: [8] Undefined index: cId F:\ease\php_lesson\12\pro\home\Runtime\Cache\d046431aa157c89f3a1c30c426be003b.php 第 71 行.
NOTIC: [8] Undefined index: cId F:\ease\php_lesson\12\pro\home\Runtime\Cache\d046431aa157c89f3a1c30c426be003b.php 第 71 行.
NOTIC: [8] Undefined index: cId F:\ease\php_lesson\12\pro\home\Runtime\Cache\d046431aa157c89f3a1c30c426be003b.php 第 71 行.
NOTIC: [8] Undefined index: cId F:\ease\php_lesson\12\pro\home\Runtime\Cache\d046431aa157c89f3a1c30c426be003b.php 第 71 行.
INFO: Run ParseTemplate Behavior [ RunTime:0.024002s ]
INFO: [ view_parse ] --END-- [ RunTime:0.025002s ]
INFO: [ view_filter ] --START--
INFO: Run ContentReplace Behavior [ RunTime:0.001000s ]
INFO: Run TokenBuild Behavior [ RunTime:0.000000s ]
INFO: Run WriteHtmlCache Behavior [ RunTime:0.001000s ]
INFO: Run ShowRuntime Behavior [ RunTime:0.001000s ]
INFO: [ view_filter ] --END-- [ RunTime:0.003000s ]
INFO: [ view_end ] --START--
INFO: Run ShowPageTrace Behavior [ RunTime:0.000000s ]
INFO: [ view_end ] --END-- [ RunTime:0.000000s ]

[ 2017-02-16T14:47:19+08:00 ] 0.0.0.0 /12/pro/
INFO: [ app_begin ] --START--
INFO: Run ReadHtmlCache Behavior [ RunTime:0.001000s ]
INFO: [ app_begin ] --END-- [ RunTime:0.001000s ]
NOTIC: [2048] Declaration of IndexAction::success() should be compatible with that of Action::success() F:\ease\php_lesson\12\pro\home\Lib\Action\IndexAction.class.php 第 212 行.
SQL: SHOW COLUMNS FROM `think_cat` [ RunTime:0.003000s ]
SQL: SELECT * FROM `think_cat` WHERE ( cPid=0 )  [ RunTime:0.001000s ]
SQL: SHOW COLUMNS FROM `think_pub` [ RunTime:0.002001s ]
SQL: SELECT * FROM `think_pub` LIMIT 0,4   [ RunTime:0.001000s ]
SQL: SELECT * FROM `think_pub` LIMIT 4,10   [ RunTime:0.000000s ]
SQL: SHOW COLUMNS FROM `think_books` [ RunTime:0.003000s ]
SQL: select tb.bName,tb.bImg,tb.bMprice,tb.bJDprice,tc.cName from think_books as tb  left join think_cat as tc on tb.bFid=tc.cId and tb.bState=2 [ RunTime:0.000000s ]
INFO: [ view_template ] --START--
INFO: Run LocationTemplate Behavior [ RunTime:0.001000s ]
INFO: [ view_template ] --END-- [ RunTime:0.001000s ]
INFO: [ view_parse ] --START--
INFO: Run ParseTemplate Behavior [ RunTime:0.024001s ]
INFO: [ view_parse ] --END-- [ RunTime:0.024001s ]
INFO: [ view_filter ] --START--
INFO: Run ContentReplace Behavior [ RunTime:0.001000s ]
INFO: Run TokenBuild Behavior [ RunTime:0.001000s ]
INFO: Run WriteHtmlCache Behavior [ RunTime:0.000000s ]
INFO: Run ShowRuntime Behavior [ RunTime:0.001000s ]
INFO: [ view_filter ] --END-- [ RunTime:0.003000s ]
INFO: [ view_end ] --START--
INFO: Run ShowPageTrace Behavior [ RunTime:0.000000s ]
INFO: [ view_end ] --END-- [ RunTime:0.000000s ]

[ 2017-02-16T14:47:22+08:00 ] 0.0.0.0 /12/pro/index.php/Index/booksList/cId/1
INFO: [ route_check ] --START--
INFO: Run CheckRoute Behavior [ RunTime:0.001000s ]
INFO: [ route_check ] --END-- [ RunTime:0.001000s ]
INFO: [ app_begin ] --START--
INFO: Run ReadHtmlCache Behavior [ RunTime:0.001000s ]
INFO: [ app_begin ] --END-- [ RunTime:0.001000s ]
NOTIC: [2048] Declaration of IndexAction::success() should be compatible with that of Action::success() F:\ease\php_lesson\12\pro\home\Lib\Action\IndexAction.class.php 第 212 行.
SQL: SHOW COLUMNS FROM `think_cat` [ RunTime:0.003000s ]
SQL: SELECT * FROM `think_cat` WHERE ( cPid=1 )  [ RunTime:0.001000s ]
SQL: SHOW COLUMNS FROM `think_books` [ RunTime:0.003000s ]
SQL: select tb.bId,tb.bName,tb.bImg,tb.bAuth,tb.bDate,tb.bMprice,tb.bJDprice,tp.pName from think_books as tb left join think_pub as tp on tb.pId=tp.pId where tb.bFid=1 [ RunTime:0.000000s ]
INFO: [ view_template ] --START--
INFO: Run LocationTemplate Behavior [ RunTime:0.001000s ]
INFO: [ view_template ] --END-- [ RunTime:0.001000s ]
INFO: [ view_parse ] --START--
INFO: Run ParseTemplate Behavior [ RunTime:0.010001s ]
INFO: [ view_parse ] --END-- [ RunTime:0.010001s ]
INFO: [ view_filter ] --START--
INFO: Run ContentReplace Behavior [ RunTime:0.001000s ]
INFO: Run TokenBuild Behavior [ RunTime:0.000000s ]
INFO: Run WriteHtmlCache Behavior [ RunTime:0.001000s ]
INFO: Run ShowRuntime Behavior [ RunTime:0.000000s ]
INFO: [ view_filter ] --END-- [ RunTime:0.002000s ]
INFO: [ view_end ] --START--
INFO: Run ShowPageTrace Behavior [ RunTime:0.001000s ]
INFO: [ view_end ] --END-- [ RunTime:0.001000s ]

[ 2017-02-16T14:50:05+08:00 ] 0.0.0.0 /12/pro/index.php/Index/bookDetail/bId/6
INFO: [ route_check ] --START--
INFO: Run CheckRoute Behavior [ RunTime:0.001000s ]
INFO: [ route_check ] --END-- [ RunTime:0.001000s ]
INFO: [ app_begin ] --START--
INFO: Run ReadHtmlCache Behavior [ RunTime:0.001000s ]
INFO: [ app_begin ] --END-- [ RunTime:0.001000s ]
NOTIC: [2048] Declaration of IndexAction::success() should be compatible with that of Action::success() F:\ease\php_lesson\12\pro\home\Lib\Action\IndexAction.class.php 第 212 行.
NOTIC: [8] Undefined index: caTmpCode F:\ease\php_lesson\12\pro\home\Lib\Action\IndexAction.class.php 第 47 行.
SQL: SHOW COLUMNS FROM `think_car` [ RunTime:0.010000s ]
NOTIC: [8] Undefined index: caTmpCode F:\ease\php_lesson\12\pro\home\Lib\Action\IndexAction.class.php 第 54 行.
SQL: SELECT COUNT(*) AS tp_count FROM `think_car` WHERE ( caTmpCode='' ) LIMIT 1   [ RunTime:0.025002s ]
SQL: SHOW COLUMNS FROM `think_books` [ RunTime:0.011000s ]
SQL: select tb.bId,tb.bCode,tb.bName, tb.bAuth, tb.bTrans, tb.bISBN, tb.bDate, 
    				tb.bPcount, tb.bPages, tb.bStyle, tb.bSize,  tb.bMprice, tb.bJDprice, 
    				tb.bImg, tb.bEditor, tb.bCon, tb.bTree,tp.pName,tc.cName as cn,tc1.cName as cn1 from think_books as tb left join think_pub as tp on tb.pId=tp.pId left join think_cat as tc on tb.bFid=tc.cId left join think_cat as tc1 on tb.bSid=tc1.cId where tb.bId=6 [ RunTime:0.002000s ]
INFO: [ view_template ] --START--
INFO: Run LocationTemplate Behavior [ RunTime:0.004000s ]
INFO: [ view_template ] --END-- [ RunTime:0.004000s ]
INFO: [ view_parse ] --START--
INFO: Run ParseTemplate Behavior [ RunTime:0.062003s ]
INFO: [ view_parse ] --END-- [ RunTime:0.062003s ]
INFO: [ view_filter ] --START--
INFO: Run ContentReplace Behavior [ RunTime:0.002001s ]
INFO: Run TokenBuild Behavior [ RunTime:0.001000s ]
INFO: Run WriteHtmlCache Behavior [ RunTime:0.001000s ]
INFO: Run ShowRuntime Behavior [ RunTime:0.002000s ]
INFO: [ view_filter ] --END-- [ RunTime:0.006001s ]
INFO: [ view_end ] --START--
INFO: Run ShowPageTrace Behavior [ RunTime:0.001000s ]
INFO: [ view_end ] --END-- [ RunTime:0.002000s ]

[ 2017-02-16T15:22:29+08:00 ] 0.0.0.0 /12/pro/index.php
INFO: [ app_begin ] --START--
INFO: Run ReadHtmlCache Behavior [ RunTime:0.000000s ]
INFO: [ app_begin ] --END-- [ RunTime:0.000000s ]
NOTIC: [2048] Declaration of IndexAction::success() should be compatible with that of Action::success() F:\ease\php_lesson\12\pro\home\Lib\Action\IndexAction.class.php 第 212 行.
SQL: SHOW COLUMNS FROM `think_cat` [ RunTime:0.010001s ]
SQL: SELECT * FROM `think_cat` WHERE ( cPid=0 )  [ RunTime:0.000000s ]
SQL: SHOW COLUMNS FROM `think_pub` [ RunTime:0.011000s ]
SQL: SELECT * FROM `think_pub` LIMIT 0,4   [ RunTime:0.039003s ]
SQL: SELECT * FROM `think_pub` LIMIT 4,10   [ RunTime:0.001000s ]
SQL: SHOW COLUMNS FROM `think_books` [ RunTime:0.012000s ]
SQL: select tb.bName,tb.bImg,tb.bMprice,tb.bJDprice,tc.cName from think_books as tb  left join think_cat as tc on tb.bFid=tc.cId and tb.bState=2 [ RunTime:0.002001s ]
INFO: [ view_template ] --START--
INFO: Run LocationTemplate Behavior [ RunTime:0.004000s ]
INFO: [ view_template ] --END-- [ RunTime:0.004000s ]
INFO: [ view_parse ] --START--
NOTIC: [8] Undefined index: cid F:\ease\php_lesson\12\pro\home\Runtime\Cache\d046431aa157c89f3a1c30c426be003b.php 第 71 行.
NOTIC: [8] Undefined index: cid F:\ease\php_lesson\12\pro\home\Runtime\Cache\d046431aa157c89f3a1c30c426be003b.php 第 71 行.
NOTIC: [8] Undefined index: cid F:\ease\php_lesson\12\pro\home\Runtime\Cache\d046431aa157c89f3a1c30c426be003b.php 第 71 行.
NOTIC: [8] Undefined index: cid F:\ease\php_lesson\12\pro\home\Runtime\Cache\d046431aa157c89f3a1c30c426be003b.php 第 71 行.
NOTIC: [8] Undefined index: cid F:\ease\php_lesson\12\pro\home\Runtime\Cache\d046431aa157c89f3a1c30c426be003b.php 第 71 行.
NOTIC: [8] Undefined index: cid F:\ease\php_lesson\12\pro\home\Runtime\Cache\d046431aa157c89f3a1c30c426be003b.php 第 71 行.
NOTIC: [8] Undefined index: cid F:\ease\php_lesson\12\pro\home\Runtime\Cache\d046431aa157c89f3a1c30c426be003b.php 第 71 行.
NOTIC: [8] Undefined index: cid F:\ease\php_lesson\12\pro\home\Runtime\Cache\d046431aa157c89f3a1c30c426be003b.php 第 71 行.
NOTIC: [8] Undefined index: cid F:\ease\php_lesson\12\pro\home\Runtime\Cache\d046431aa157c89f3a1c30c426be003b.php 第 71 行.
NOTIC: [8] Undefined index: cid F:\ease\php_lesson\12\pro\home\Runtime\Cache\d046431aa157c89f3a1c30c426be003b.php 第 71 行.
NOTIC: [8] Undefined index: cid F:\ease\php_lesson\12\pro\home\Runtime\Cache\d046431aa157c89f3a1c30c426be003b.php 第 89 行.
NOTIC: [8] Undefined index: cid F:\ease\php_lesson\12\pro\home\Runtime\Cache\d046431aa157c89f3a1c30c426be003b.php 第 89 行.
NOTIC: [8] Undefined index: cid F:\ease\php_lesson\12\pro\home\Runtime\Cache\d046431aa157c89f3a1c30c426be003b.php 第 89 行.
NOTIC: [8] Undefined index: cid F:\ease\php_lesson\12\pro\home\Runtime\Cache\d046431aa157c89f3a1c30c426be003b.php 第 89 行.
NOTIC: [8] Undefined index: cid F:\ease\php_lesson\12\pro\home\Runtime\Cache\d046431aa157c89f3a1c30c426be003b.php 第 89 行.
NOTIC: [8] Undefined index: cid F:\ease\php_lesson\12\pro\home\Runtime\Cache\d046431aa157c89f3a1c30c426be003b.php 第 89 行.
NOTIC: [8] Undefined index: cid F:\ease\php_lesson\12\pro\home\Runtime\Cache\d046431aa157c89f3a1c30c426be003b.php 第 89 行.
NOTIC: [8] Undefined index: cid F:\ease\php_lesson\12\pro\home\Runtime\Cache\d046431aa157c89f3a1c30c426be003b.php 第 89 行.
NOTIC: [8] Undefined index: cid F:\ease\php_lesson\12\pro\home\Runtime\Cache\d046431aa157c89f3a1c30c426be003b.php 第 89 行.
NOTIC: [8] Undefined index: cid F:\ease\php_lesson\12\pro\home\Runtime\Cache\d046431aa157c89f3a1c30c426be003b.php 第 89 行.
INFO: Run ParseTemplate Behavior [ RunTime:0.050003s ]
INFO: [ view_parse ] --END-- [ RunTime:0.051003s ]
INFO: [ view_filter ] --START--
INFO: Run ContentReplace Behavior [ RunTime:0.001000s ]
INFO: Run TokenBuild Behavior [ RunTime:0.001000s ]
INFO: Run WriteHtmlCache Behavior [ RunTime:0.000000s ]
INFO: Run ShowRuntime Behavior [ RunTime:0.001000s ]
INFO: [ view_filter ] --END-- [ RunTime:0.003000s ]
INFO: [ view_end ] --START--
INFO: Run ShowPageTrace Behavior [ RunTime:0.001000s ]
INFO: [ view_end ] --END-- [ RunTime:0.001000s ]

[ 2017-02-16T15:22:36+08:00 ] 0.0.0.0 /12/pro/index.php
INFO: [ app_begin ] --START--
INFO: Run ReadHtmlCache Behavior [ RunTime:0.001000s ]
INFO: [ app_begin ] --END-- [ RunTime:0.001000s ]
NOTIC: [2048] Declaration of IndexAction::success() should be compatible with that of Action::success() F:\ease\php_lesson\12\pro\home\Lib\Action\IndexAction.class.php 第 212 行.
SQL: SHOW COLUMNS FROM `think_cat` [ RunTime:0.010000s ]
SQL: SELECT * FROM `think_cat` WHERE ( cPid=0 )  [ RunTime:0.001000s ]
SQL: SHOW COLUMNS FROM `think_pub` [ RunTime:0.009001s ]
SQL: SELECT * FROM `think_pub` LIMIT 0,4   [ RunTime:0.001000s ]
SQL: SELECT * FROM `think_pub` LIMIT 4,10   [ RunTime:0.000000s ]
SQL: SHOW COLUMNS FROM `think_books` [ RunTime:0.011001s ]
SQL: select tb.bName,tb.bImg,tb.bMprice,tb.bJDprice,tc.cName from think_books as tb  left join think_cat as tc on tb.bFid=tc.cId and tb.bState=2 [ RunTime:0.001000s ]
INFO: [ view_template ] --START--
INFO: Run LocationTemplate Behavior [ RunTime:0.001000s ]
INFO: [ view_template ] --END-- [ RunTime:0.001000s ]
INFO: [ view_parse ] --START--
NOTIC: [8] Undefined index: cid F:\ease\php_lesson\12\pro\home\Runtime\Cache\d046431aa157c89f3a1c30c426be003b.php 第 71 行.
NOTIC: [8] Undefined index: cid F:\ease\php_lesson\12\pro\home\Runtime\Cache\d046431aa157c89f3a1c30c426be003b.php 第 71 行.
NOTIC: [8] Undefined index: cid F:\ease\php_lesson\12\pro\home\Runtime\Cache\d046431aa157c89f3a1c30c426be003b.php 第 71 行.
NOTIC: [8] Undefined index: cid F:\ease\php_lesson\12\pro\home\Runtime\Cache\d046431aa157c89f3a1c30c426be003b.php 第 71 行.
NOTIC: [8] Undefined index: cid F:\ease\php_lesson\12\pro\home\Runtime\Cache\d046431aa157c89f3a1c30c426be003b.php 第 71 行.
NOTIC: [8] Undefined index: cid F:\ease\php_lesson\12\pro\home\Runtime\Cache\d046431aa157c89f3a1c30c426be003b.php 第 71 行.
NOTIC: [8] Undefined index: cid F:\ease\php_lesson\12\pro\home\Runtime\Cache\d046431aa157c89f3a1c30c426be003b.php 第 71 行.
NOTIC: [8] Undefined index: cid F:\ease\php_lesson\12\pro\home\Runtime\Cache\d046431aa157c89f3a1c30c426be003b.php 第 71 行.
NOTIC: [8] Undefined index: cid F:\ease\php_lesson\12\pro\home\Runtime\Cache\d046431aa157c89f3a1c30c426be003b.php 第 71 行.
NOTIC: [8] Undefined index: cid F:\ease\php_lesson\12\pro\home\Runtime\Cache\d046431aa157c89f3a1c30c426be003b.php 第 71 行.
NOTIC: [8] Undefined index: cid F:\ease\php_lesson\12\pro\home\Runtime\Cache\d046431aa157c89f3a1c30c426be003b.php 第 89 行.
NOTIC: [8] Undefined index: cid F:\ease\php_lesson\12\pro\home\Runtime\Cache\d046431aa157c89f3a1c30c426be003b.php 第 89 行.
NOTIC: [8] Undefined index: cid F:\ease\php_lesson\12\pro\home\Runtime\Cache\d046431aa157c89f3a1c30c426be003b.php 第 89 行.
NOTIC: [8] Undefined index: cid F:\ease\php_lesson\12\pro\home\Runtime\Cache\d046431aa157c89f3a1c30c426be003b.php 第 89 行.
NOTIC: [8] Undefined index: cid F:\ease\php_lesson\12\pro\home\Runtime\Cache\d046431aa157c89f3a1c30c426be003b.php 第 89 行.
NOTIC: [8] Undefined index: cid F:\ease\php_lesson\12\pro\home\Runtime\Cache\d046431aa157c89f3a1c30c426be003b.php 第 89 行.
NOTIC: [8] Undefined index: cid F:\ease\php_lesson\12\pro\home\Runtime\Cache\d046431aa157c89f3a1c30c426be003b.php 第 89 行.
NOTIC: [8] Undefined index: cid F:\ease\php_lesson\12\pro\home\Runtime\Cache\d046431aa157c89f3a1c30c426be003b.php 第 89 行.
NOTIC: [8] Undefined index: cid F:\ease\php_lesson\12\pro\home\Runtime\Cache\d046431aa157c89f3a1c30c426be003b.php 第 89 行.
NOTIC: [8] Undefined index: cid F:\ease\php_lesson\12\pro\home\Runtime\Cache\d046431aa157c89f3a1c30c426be003b.php 第 89 行.
INFO: Run ParseTemplate Behavior [ RunTime:0.049003s ]
INFO: [ view_parse ] --END-- [ RunTime:0.049003s ]
INFO: [ view_filter ] --START--
INFO: Run ContentReplace Behavior [ RunTime:0.002000s ]
INFO: Run TokenBuild Behavior [ RunTime:0.000000s ]
INFO: Run WriteHtmlCache Behavior [ RunTime:0.001000s ]
INFO: Run ShowRuntime Behavior [ RunTime:0.001000s ]
INFO: [ view_filter ] --END-- [ RunTime:0.004000s ]
INFO: [ view_end ] --START--
INFO: Run ShowPageTrace Behavior [ RunTime:0.001000s ]
INFO: [ view_end ] --END-- [ RunTime:0.001000s ]

[ 2017-02-16T15:22:39+08:00 ] 0.0.0.0 /12/pro/index.php/Index/booksList/cId/
INFO: [ route_check ] --START--
INFO: Run CheckRoute Behavior [ RunTime:0.001000s ]
INFO: [ route_check ] --END-- [ RunTime:0.001000s ]
INFO: [ app_begin ] --START--
INFO: Run ReadHtmlCache Behavior [ RunTime:0.001001s ]
INFO: [ app_begin ] --END-- [ RunTime:0.001001s ]
NOTIC: [2048] Declaration of IndexAction::success() should be compatible with that of Action::success() F:\ease\php_lesson\12\pro\home\Lib\Action\IndexAction.class.php 第 212 行.
NOTIC: [8] Undefined index: cId F:\ease\php_lesson\12\pro\home\Lib\Action\IndexAction.class.php 第 32 行.
SQL: SHOW COLUMNS FROM `think_cat` [ RunTime:0.010001s ]
SQL: SELECT * FROM `think_cat` WHERE ( cPid= )  [ RunTime:0.000000s ]
ERR: You have an error in your SQL syntax; check the manual that corresponds to your MySQL server version for the right syntax to use near ')' at line 1
 [ SQL语句 ] : SELECT * FROM `think_cat` WHERE ( cPid= ) 
SQL: SHOW COLUMNS FROM `think_books` [ RunTime:0.010001s ]
SQL: select tb.bId,tb.bName,tb.bImg,tb.bAuth,tb.bDate,tb.bMprice,tb.bJDprice,tp.pName from think_books as tb left join think_pub as tp on tb.pId=tp.pId where tb.bFid= [ RunTime:0.000000s ]
ERR: You have an error in your SQL syntax; check the manual that corresponds to your MySQL server version for the right syntax to use near '' at line 1
 [ SQL语句 ] : select tb.bId,tb.bName,tb.bImg,tb.bAuth,tb.bDate,tb.bMprice,tb.bJDprice,tp.pName from think_books as tb left join think_pub as tp on tb.pId=tp.pId where tb.bFid=
INFO: [ view_template ] --START--
INFO: Run LocationTemplate Behavior [ RunTime:0.002000s ]
INFO: [ view_template ] --END-- [ RunTime:0.003000s ]
INFO: [ view_parse ] --START--
INFO: Run ParseTemplate Behavior [ RunTime:0.022001s ]
INFO: [ view_parse ] --END-- [ RunTime:0.022001s ]
INFO: [ view_filter ] --START--
INFO: Run ContentReplace Behavior [ RunTime:0.001000s ]
INFO: Run TokenBuild Behavior [ RunTime:0.001000s ]
INFO: Run WriteHtmlCache Behavior [ RunTime:0.001000s ]
INFO: Run ShowRuntime Behavior [ RunTime:0.001000s ]
INFO: [ view_filter ] --END-- [ RunTime:0.004000s ]
INFO: [ view_end ] --START--
INFO: Run ShowPageTrace Behavior [ RunTime:0.001001s ]
INFO: [ view_end ] --END-- [ RunTime:0.001001s ]

[ 2017-02-16T15:22:53+08:00 ] 0.0.0.0 /12/pro/index.php/
INFO: [ route_check ] --START--
INFO: Run CheckRoute Behavior [ RunTime:0.001000s ]
INFO: [ route_check ] --END-- [ RunTime:0.001000s ]
INFO: [ app_begin ] --START--
INFO: Run ReadHtmlCache Behavior [ RunTime:0.000000s ]
INFO: [ app_begin ] --END-- [ RunTime:0.000000s ]
NOTIC: [2048] Declaration of IndexAction::success() should be compatible with that of Action::success() F:\ease\php_lesson\12\pro\home\Lib\Action\IndexAction.class.php 第 212 行.
SQL: SHOW COLUMNS FROM `think_cat` [ RunTime:0.010001s ]
SQL: SELECT * FROM `think_cat` WHERE ( cPid=0 )  [ RunTime:0.001000s ]
SQL: SHOW COLUMNS FROM `think_pub` [ RunTime:0.009000s ]
SQL: SELECT * FROM `think_pub` LIMIT 0,4   [ RunTime:0.001000s ]
SQL: SELECT * FROM `think_pub` LIMIT 4,10   [ RunTime:0.001000s ]
SQL: SHOW COLUMNS FROM `think_books` [ RunTime:0.010001s ]
SQL: select tb.bName,tb.bImg,tb.bMprice,tb.bJDprice,tc.cName from think_books as tb  left join think_cat as tc on tb.bFid=tc.cId and tb.bState=2 [ RunTime:0.001000s ]
INFO: [ view_template ] --START--
INFO: Run LocationTemplate Behavior [ RunTime:0.002000s ]
INFO: [ view_template ] --END-- [ RunTime:0.002000s ]
INFO: [ view_parse ] --START--
NOTIC: [8] Undefined index: cid F:\ease\php_lesson\12\pro\home\Runtime\Cache\d046431aa157c89f3a1c30c426be003b.php 第 71 行.
NOTIC: [8] Undefined index: cid F:\ease\php_lesson\12\pro\home\Runtime\Cache\d046431aa157c89f3a1c30c426be003b.php 第 71 行.
NOTIC: [8] Undefined index: cid F:\ease\php_lesson\12\pro\home\Runtime\Cache\d046431aa157c89f3a1c30c426be003b.php 第 71 行.
NOTIC: [8] Undefined index: cid F:\ease\php_lesson\12\pro\home\Runtime\Cache\d046431aa157c89f3a1c30c426be003b.php 第 71 行.
NOTIC: [8] Undefined index: cid F:\ease\php_lesson\12\pro\home\Runtime\Cache\d046431aa157c89f3a1c30c426be003b.php 第 71 行.
NOTIC: [8] Undefined index: cid F:\ease\php_lesson\12\pro\home\Runtime\Cache\d046431aa157c89f3a1c30c426be003b.php 第 71 行.
NOTIC: [8] Undefined index: cid F:\ease\php_lesson\12\pro\home\Runtime\Cache\d046431aa157c89f3a1c30c426be003b.php 第 71 行.
NOTIC: [8] Undefined index: cid F:\ease\php_lesson\12\pro\home\Runtime\Cache\d046431aa157c89f3a1c30c426be003b.php 第 71 行.
NOTIC: [8] Undefined index: cid F:\ease\php_lesson\12\pro\home\Runtime\Cache\d046431aa157c89f3a1c30c426be003b.php 第 71 行.
NOTIC: [8] Undefined index: cid F:\ease\php_lesson\12\pro\home\Runtime\Cache\d046431aa157c89f3a1c30c426be003b.php 第 71 行.
NOTIC: [8] Undefined index: cid F:\ease\php_lesson\12\pro\home\Runtime\Cache\d046431aa157c89f3a1c30c426be003b.php 第 89 行.
NOTIC: [8] Undefined index: cid F:\ease\php_lesson\12\pro\home\Runtime\Cache\d046431aa157c89f3a1c30c426be003b.php 第 89 行.
NOTIC: [8] Undefined index: cid F:\ease\php_lesson\12\pro\home\Runtime\Cache\d046431aa157c89f3a1c30c426be003b.php 第 89 行.
NOTIC: [8] Undefined index: cid F:\ease\php_lesson\12\pro\home\Runtime\Cache\d046431aa157c89f3a1c30c426be003b.php 第 89 行.
NOTIC: [8] Undefined index: cid F:\ease\php_lesson\12\pro\home\Runtime\Cache\d046431aa157c89f3a1c30c426be003b.php 第 89 行.
NOTIC: [8] Undefined index: cid F:\ease\php_lesson\12\pro\home\Runtime\Cache\d046431aa157c89f3a1c30c426be003b.php 第 89 行.
NOTIC: [8] Undefined index: cid F:\ease\php_lesson\12\pro\home\Runtime\Cache\d046431aa157c89f3a1c30c426be003b.php 第 89 行.
NOTIC: [8] Undefined index: cid F:\ease\php_lesson\12\pro\home\Runtime\Cache\d046431aa157c89f3a1c30c426be003b.php 第 89 行.
NOTIC: [8] Undefined index: cid F:\ease\php_lesson\12\pro\home\Runtime\Cache\d046431aa157c89f3a1c30c426be003b.php 第 89 行.
NOTIC: [8] Undefined index: cid F:\ease\php_lesson\12\pro\home\Runtime\Cache\d046431aa157c89f3a1c30c426be003b.php 第 89 行.
INFO: Run ParseTemplate Behavior [ RunTime:0.056003s ]
INFO: [ view_parse ] --END-- [ RunTime:0.056003s ]
INFO: [ view_filter ] --START--
INFO: Run ContentReplace Behavior [ RunTime:0.003001s ]
INFO: Run TokenBuild Behavior [ RunTime:0.001000s ]
INFO: Run WriteHtmlCache Behavior [ RunTime:0.000000s ]
INFO: Run ShowRuntime Behavior [ RunTime:0.002000s ]
INFO: [ view_filter ] --END-- [ RunTime:0.007001s ]
INFO: [ view_end ] --START--
INFO: Run ShowPageTrace Behavior [ RunTime:0.001000s ]
INFO: [ view_end ] --END-- [ RunTime:0.001000s ]

[ 2017-02-16T15:23:05+08:00 ] 0.0.0.0 /12/pro/index.php/
INFO: [ route_check ] --START--
INFO: Run CheckRoute Behavior [ RunTime:0.001000s ]
INFO: [ route_check ] --END-- [ RunTime:0.001000s ]
INFO: [ app_begin ] --START--
INFO: Run ReadHtmlCache Behavior [ RunTime:0.001000s ]
INFO: [ app_begin ] --END-- [ RunTime:0.001000s ]
NOTIC: [2048] Declaration of IndexAction::success() should be compatible with that of Action::success() F:\ease\php_lesson\12\pro\home\Lib\Action\IndexAction.class.php 第 212 行.
SQL: SHOW COLUMNS FROM `think_cat` [ RunTime:0.010000s ]
SQL: SELECT * FROM `think_cat` WHERE ( cPid=0 )  [ RunTime:0.001000s ]
SQL: SHOW COLUMNS FROM `think_pub` [ RunTime:0.010001s ]
SQL: SELECT * FROM `think_pub` LIMIT 0,4   [ RunTime:0.001000s ]
SQL: SELECT * FROM `think_pub` LIMIT 4,10   [ RunTime:0.001000s ]
SQL: SHOW COLUMNS FROM `think_books` [ RunTime:0.008000s ]
SQL: select tb.bName,tb.bImg,tb.bMprice,tb.bJDprice,tc.cName from think_books as tb  left join think_cat as tc on tb.bFid=tc.cId and tb.bState=2 [ RunTime:0.001000s ]
INFO: [ view_template ] --START--
INFO: Run LocationTemplate Behavior [ RunTime:0.002001s ]
INFO: [ view_template ] --END-- [ RunTime:0.002001s ]
INFO: [ view_parse ] --START--
NOTIC: [8] Undefined index: cid F:\ease\php_lesson\12\pro\home\Runtime\Cache\d046431aa157c89f3a1c30c426be003b.php 第 71 行.
NOTIC: [8] Undefined index: cid F:\ease\php_lesson\12\pro\home\Runtime\Cache\d046431aa157c89f3a1c30c426be003b.php 第 71 行.
NOTIC: [8] Undefined index: cid F:\ease\php_lesson\12\pro\home\Runtime\Cache\d046431aa157c89f3a1c30c426be003b.php 第 71 行.
NOTIC: [8] Undefined index: cid F:\ease\php_lesson\12\pro\home\Runtime\Cache\d046431aa157c89f3a1c30c426be003b.php 第 71 行.
NOTIC: [8] Undefined index: cid F:\ease\php_lesson\12\pro\home\Runtime\Cache\d046431aa157c89f3a1c30c426be003b.php 第 71 行.
NOTIC: [8] Undefined index: cid F:\ease\php_lesson\12\pro\home\Runtime\Cache\d046431aa157c89f3a1c30c426be003b.php 第 71 行.
NOTIC: [8] Undefined index: cid F:\ease\php_lesson\12\pro\home\Runtime\Cache\d046431aa157c89f3a1c30c426be003b.php 第 71 行.
NOTIC: [8] Undefined index: cid F:\ease\php_lesson\12\pro\home\Runtime\Cache\d046431aa157c89f3a1c30c426be003b.php 第 71 行.
NOTIC: [8] Undefined index: cid F:\ease\php_lesson\12\pro\home\Runtime\Cache\d046431aa157c89f3a1c30c426be003b.php 第 71 行.
NOTIC: [8] Undefined index: cid F:\ease\php_lesson\12\pro\home\Runtime\Cache\d046431aa157c89f3a1c30c426be003b.php 第 71 行.
NOTIC: [8] Undefined index: cid F:\ease\php_lesson\12\pro\home\Runtime\Cache\d046431aa157c89f3a1c30c426be003b.php 第 89 行.
NOTIC: [8] Undefined index: cid F:\ease\php_lesson\12\pro\home\Runtime\Cache\d046431aa157c89f3a1c30c426be003b.php 第 89 行.
NOTIC: [8] Undefined index: cid F:\ease\php_lesson\12\pro\home\Runtime\Cache\d046431aa157c89f3a1c30c426be003b.php 第 89 行.
NOTIC: [8] Undefined index: cid F:\ease\php_lesson\12\pro\home\Runtime\Cache\d046431aa157c89f3a1c30c426be003b.php 第 89 行.
NOTIC: [8] Undefined index: cid F:\ease\php_lesson\12\pro\home\Runtime\Cache\d046431aa157c89f3a1c30c426be003b.php 第 89 行.
NOTIC: [8] Undefined index: cid F:\ease\php_lesson\12\pro\home\Runtime\Cache\d046431aa157c89f3a1c30c426be003b.php 第 89 行.
NOTIC: [8] Undefined index: cid F:\ease\php_lesson\12\pro\home\Runtime\Cache\d046431aa157c89f3a1c30c426be003b.php 第 89 行.
NOTIC: [8] Undefined index: cid F:\ease\php_lesson\12\pro\home\Runtime\Cache\d046431aa157c89f3a1c30c426be003b.php 第 89 行.
NOTIC: [8] Undefined index: cid F:\ease\php_lesson\12\pro\home\Runtime\Cache\d046431aa157c89f3a1c30c426be003b.php 第 89 行.
NOTIC: [8] Undefined index: cid F:\ease\php_lesson\12\pro\home\Runtime\Cache\d046431aa157c89f3a1c30c426be003b.php 第 89 行.
INFO: Run ParseTemplate Behavior [ RunTime:0.036002s ]
INFO: [ view_parse ] --END-- [ RunTime:0.036002s ]
INFO: [ view_filter ] --START--
INFO: Run ContentReplace Behavior [ RunTime:0.002000s ]
INFO: Run TokenBuild Behavior [ RunTime:0.000000s ]
INFO: Run WriteHtmlCache Behavior [ RunTime:0.001000s ]
INFO: Run ShowRuntime Behavior [ RunTime:0.001000s ]
INFO: [ view_filter ] --END-- [ RunTime:0.004000s ]
INFO: [ view_end ] --START--
INFO: Run ShowPageTrace Behavior [ RunTime:0.000000s ]
INFO: [ view_end ] --END-- [ RunTime:0.000000s ]

[ 2017-02-16T15:23:51+08:00 ] 0.0.0.0 /12/pro/index.php/
INFO: [ route_check ] --START--
INFO: Run CheckRoute Behavior [ RunTime:0.001000s ]
INFO: [ route_check ] --END-- [ RunTime:0.001000s ]
INFO: [ app_begin ] --START--
INFO: Run ReadHtmlCache Behavior [ RunTime:0.001000s ]
INFO: [ app_begin ] --END-- [ RunTime:0.001000s ]
NOTIC: [2048] Declaration of IndexAction::success() should be compatible with that of Action::success() F:\ease\php_lesson\12\pro\home\Lib\Action\IndexAction.class.php 第 212 行.
SQL: SHOW COLUMNS FROM `think_cat` [ RunTime:0.003000s ]
SQL: SELECT * FROM `think_cat` WHERE ( cPid=0 )  [ RunTime:0.001000s ]
SQL: SHOW COLUMNS FROM `think_pub` [ RunTime:0.002000s ]
SQL: SELECT * FROM `think_pub` LIMIT 0,4   [ RunTime:0.001000s ]
SQL: SELECT * FROM `think_pub` LIMIT 4,10   [ RunTime:0.000000s ]
SQL: SHOW COLUMNS FROM `think_books` [ RunTime:0.003001s ]
SQL: select tb.bName,tb.bImg,tb.bMprice,tb.bJDprice,tc.cName from think_books as tb  left join think_cat as tc on tb.bFid=tc.cId and tb.bState=2 [ RunTime:0.000000s ]
INFO: [ view_template ] --START--
INFO: Run LocationTemplate Behavior [ RunTime:0.001000s ]
INFO: [ view_template ] --END-- [ RunTime:0.001000s ]
INFO: [ view_parse ] --START--
INFO: Run ParseTemplate Behavior [ RunTime:0.023001s ]
INFO: [ view_parse ] --END-- [ RunTime:0.023001s ]
INFO: [ view_filter ] --START--
INFO: Run ContentReplace Behavior [ RunTime:0.001000s ]
INFO: Run TokenBuild Behavior [ RunTime:0.001000s ]
INFO: Run WriteHtmlCache Behavior [ RunTime:0.000000s ]
INFO: Run ShowRuntime Behavior [ RunTime:0.001000s ]
INFO: [ view_filter ] --END-- [ RunTime:0.003000s ]
INFO: [ view_end ] --START--
INFO: Run ShowPageTrace Behavior [ RunTime:0.000000s ]
INFO: [ view_end ] --END-- [ RunTime:0.001000s ]

[ 2017-02-16T15:23:55+08:00 ] 0.0.0.0 /12/pro/index.php/Index/booksList/cId/1
INFO: [ route_check ] --START--
INFO: Run CheckRoute Behavior [ RunTime:0.001000s ]
INFO: [ route_check ] --END-- [ RunTime:0.001000s ]
INFO: [ app_begin ] --START--
INFO: Run ReadHtmlCache Behavior [ RunTime:0.002000s ]
INFO: [ app_begin ] --END-- [ RunTime:0.002000s ]
NOTIC: [2048] Declaration of IndexAction::success() should be compatible with that of Action::success() F:\ease\php_lesson\12\pro\home\Lib\Action\IndexAction.class.php 第 212 行.
SQL: SHOW COLUMNS FROM `think_cat` [ RunTime:0.010001s ]
SQL: SELECT * FROM `think_cat` WHERE ( cPid=1 )  [ RunTime:0.001000s ]
SQL: SHOW COLUMNS FROM `think_books` [ RunTime:0.011001s ]
SQL: select tb.bId,tb.bName,tb.bImg,tb.bAuth,tb.bDate,tb.bMprice,tb.bJDprice,tp.pName from think_books as tb left join think_pub as tp on tb.pId=tp.pId where tb.bFid=1 [ RunTime:0.001000s ]
INFO: [ view_template ] --START--
INFO: Run LocationTemplate Behavior [ RunTime:0.003000s ]
INFO: [ view_template ] --END-- [ RunTime:0.003000s ]
INFO: [ view_parse ] --START--
INFO: Run ParseTemplate Behavior [ RunTime:0.038002s ]
INFO: [ view_parse ] --END-- [ RunTime:0.038002s ]
INFO: [ view_filter ] --START--
INFO: Run ContentReplace Behavior [ RunTime:0.002000s ]
INFO: Run TokenBuild Behavior [ RunTime:0.001000s ]
INFO: Run WriteHtmlCache Behavior [ RunTime:0.002000s ]
INFO: Run ShowRuntime Behavior [ RunTime:0.002000s ]
INFO: [ view_filter ] --END-- [ RunTime:0.008000s ]
INFO: [ view_end ] --START--
INFO: Run ShowPageTrace Behavior [ RunTime:0.001001s ]
INFO: [ view_end ] --END-- [ RunTime:0.001001s ]

[ 2017-02-16T15:23:58+08:00 ] 0.0.0.0 /12/pro/index.php/Index/bookDetail/bId/3
INFO: [ route_check ] --START--
INFO: Run CheckRoute Behavior [ RunTime:0.000000s ]
INFO: [ route_check ] --END-- [ RunTime:0.000000s ]
INFO: [ app_begin ] --START--
INFO: Run ReadHtmlCache Behavior [ RunTime:0.000000s ]
INFO: [ app_begin ] --END-- [ RunTime:0.000000s ]
NOTIC: [2048] Declaration of IndexAction::success() should be compatible with that of Action::success() F:\ease\php_lesson\12\pro\home\Lib\Action\IndexAction.class.php 第 212 行.
SQL: SHOW COLUMNS FROM `think_car` [ RunTime:0.003000s ]
SQL: SELECT COUNT(*) AS tp_count FROM `think_car` WHERE ( caTmpCode='14872278042938' ) LIMIT 1   [ RunTime:0.000000s ]
SQL: SHOW COLUMNS FROM `think_books` [ RunTime:0.003000s ]
SQL: select tb.bId,tb.bCode,tb.bName, tb.bAuth, tb.bTrans, tb.bISBN, tb.bDate, 
    				tb.bPcount, tb.bPages, tb.bStyle, tb.bSize,  tb.bMprice, tb.bJDprice, 
    				tb.bImg, tb.bEditor, tb.bCon, tb.bTree,tp.pName,tc.cName as cn,tc1.cName as cn1 from think_books as tb left join think_pub as tp on tb.pId=tp.pId left join think_cat as tc on tb.bFid=tc.cId left join think_cat as tc1 on tb.bSid=tc1.cId where tb.bId=3 [ RunTime:0.000000s ]
INFO: [ view_template ] --START--
INFO: Run LocationTemplate Behavior [ RunTime:0.000000s ]
INFO: [ view_template ] --END-- [ RunTime:0.000000s ]
INFO: [ view_parse ] --START--
INFO: Run ParseTemplate Behavior [ RunTime:0.013001s ]
INFO: [ view_parse ] --END-- [ RunTime:0.013001s ]
INFO: [ view_filter ] --START--
INFO: Run ContentReplace Behavior [ RunTime:0.000000s ]
INFO: Run TokenBuild Behavior [ RunTime:0.001000s ]
INFO: Run WriteHtmlCache Behavior [ RunTime:0.000000s ]
INFO: Run ShowRuntime Behavior [ RunTime:0.000000s ]
INFO: [ view_filter ] --END-- [ RunTime:0.001000s ]
INFO: [ view_end ] --START--
INFO: Run ShowPageTrace Behavior [ RunTime:0.001000s ]
INFO: [ view_end ] --END-- [ RunTime:0.001000s ]

[ 2017-02-16T15:25:57+08:00 ] 0.0.0.0 /12/pro/index.php/Index/bookDetail/bId/3
INFO: [ route_check ] --START--
INFO: Run CheckRoute Behavior [ RunTime:0.002000s ]
INFO: [ route_check ] --END-- [ RunTime:0.002000s ]
INFO: [ app_begin ] --START--
INFO: Run ReadHtmlCache Behavior [ RunTime:0.002001s ]
INFO: [ app_begin ] --END-- [ RunTime:0.002001s ]
NOTIC: [2048] Declaration of IndexAction::success() should be compatible with that of Action::success() F:\ease\php_lesson\12\pro\home\Lib\Action\IndexAction.class.php 第 212 行.
SQL: SHOW COLUMNS FROM `think_car` [ RunTime:0.010000s ]
SQL: SELECT COUNT(*) AS tp_count FROM `think_car` WHERE ( caTmpCode='14872278042938' ) LIMIT 1   [ RunTime:0.001000s ]
SQL: SHOW COLUMNS FROM `think_books` [ RunTime:0.010001s ]
SQL: select tb.bId,tb.bCode,tb.bName, tb.bAuth, tb.bTrans, tb.bISBN, tb.bDate, 
    				tb.bPcount, tb.bPages, tb.bStyle, tb.bSize,  tb.bMprice, tb.bJDprice, 
    				tb.bImg, tb.bEditor, tb.bCon, tb.bTree,tp.pName,tc.cName as cn,tc1.cName as cn1 from think_books as tb left join think_pub as tp on tb.pId=tp.pId left join think_cat as tc on tb.bFid=tc.cId left join think_cat as tc1 on tb.bSid=tc1.cId where tb.bId=3 [ RunTime:0.002000s ]
INFO: [ view_template ] --START--
INFO: Run LocationTemplate Behavior [ RunTime:0.004000s ]
INFO: [ view_template ] --END-- [ RunTime:0.004000s ]
INFO: [ view_parse ] --START--
INFO: Run ParseTemplate Behavior [ RunTime:0.057003s ]
INFO: [ view_parse ] --END-- [ RunTime:0.057003s ]
INFO: [ view_filter ] --START--
INFO: Run ContentReplace Behavior [ RunTime:0.003001s ]
INFO: Run TokenBuild Behavior [ RunTime:0.002000s ]
INFO: Run WriteHtmlCache Behavior [ RunTime:0.002000s ]
INFO: Run ShowRuntime Behavior [ RunTime:0.002000s ]
INFO: [ view_filter ] --END-- [ RunTime:0.010001s ]
INFO: [ view_end ] --START--
INFO: Run ShowPageTrace Behavior [ RunTime:0.003000s ]
INFO: [ view_end ] --END-- [ RunTime:0.003000s ]

[ 2017-02-16T15:26:03+08:00 ] 0.0.0.0 /12/pro/index.php/
INFO: [ route_check ] --START--
INFO: Run CheckRoute Behavior [ RunTime:0.001001s ]
INFO: [ route_check ] --END-- [ RunTime:0.001001s ]
INFO: [ app_begin ] --START--
INFO: Run ReadHtmlCache Behavior [ RunTime:0.000000s ]
INFO: [ app_begin ] --END-- [ RunTime:0.000000s ]
NOTIC: [2048] Declaration of IndexAction::success() should be compatible with that of Action::success() F:\ease\php_lesson\12\pro\home\Lib\Action\IndexAction.class.php 第 212 行.
SQL: SHOW COLUMNS FROM `think_cat` [ RunTime:0.009000s ]
SQL: SELECT * FROM `think_cat` WHERE ( cPid=0 )  [ RunTime:0.001000s ]
SQL: SHOW COLUMNS FROM `think_pub` [ RunTime:0.010001s ]
SQL: SELECT * FROM `think_pub` LIMIT 0,4   [ RunTime:0.001000s ]
SQL: SELECT * FROM `think_pub` LIMIT 4,10   [ RunTime:0.001000s ]
SQL: SHOW COLUMNS FROM `think_books` [ RunTime:0.006001s ]
SQL: select tb.bName,tb.bImg,tb.bMprice,tb.bJDprice,tc.cName from think_books as tb  left join think_cat as tc on tb.bFid=tc.cId and tb.bState=2 [ RunTime:0.000000s ]
INFO: [ view_template ] --START--
INFO: Run LocationTemplate Behavior [ RunTime:0.001000s ]
INFO: [ view_template ] --END-- [ RunTime:0.001000s ]
INFO: [ view_parse ] --START--
INFO: Run ParseTemplate Behavior [ RunTime:0.037002s ]
INFO: [ view_parse ] --END-- [ RunTime:0.037002s ]
INFO: [ view_filter ] --START--
INFO: Run ContentReplace Behavior [ RunTime:0.001000s ]
INFO: Run TokenBuild Behavior [ RunTime:0.000000s ]
INFO: Run WriteHtmlCache Behavior [ RunTime:0.000000s ]
INFO: Run ShowRuntime Behavior [ RunTime:0.000000s ]
INFO: [ view_filter ] --END-- [ RunTime:0.003000s ]
INFO: [ view_end ] --START--
INFO: Run ShowPageTrace Behavior [ RunTime:0.001000s ]
INFO: [ view_end ] --END-- [ RunTime:0.001000s ]

[ 2017-02-16T15:26:15+08:00 ] 0.0.0.0 /12/pro/index.php/Index/booksList/cId/1
INFO: [ route_check ] --START--
INFO: Run CheckRoute Behavior [ RunTime:0.001000s ]
INFO: [ route_check ] --END-- [ RunTime:0.001000s ]
INFO: [ app_begin ] --START--
INFO: Run ReadHtmlCache Behavior [ RunTime:0.001000s ]
INFO: [ app_begin ] --END-- [ RunTime:0.001000s ]
NOTIC: [2048] Declaration of IndexAction::success() should be compatible with that of Action::success() F:\ease\php_lesson\12\pro\home\Lib\Action\IndexAction.class.php 第 212 行.
SQL: SHOW COLUMNS FROM `think_cat` [ RunTime:0.009000s ]
SQL: SELECT * FROM `think_cat` WHERE ( cPid=1 )  [ RunTime:0.001000s ]
SQL: SHOW COLUMNS FROM `think_books` [ RunTime:0.010001s ]
SQL: select tb.bId,tb.bName,tb.bImg,tb.bAuth,tb.bDate,tb.bMprice,tb.bJDprice,tp.pName from think_books as tb left join think_pub as tp on tb.pId=tp.pId where tb.bFid=1 [ RunTime:0.001000s ]
INFO: [ view_template ] --START--
INFO: Run LocationTemplate Behavior [ RunTime:0.003000s ]
INFO: [ view_template ] --END-- [ RunTime:0.003000s ]
INFO: [ view_parse ] --START--
INFO: Run ParseTemplate Behavior [ RunTime:0.017001s ]
INFO: [ view_parse ] --END-- [ RunTime:0.017001s ]
INFO: [ view_filter ] --START--
INFO: Run ContentReplace Behavior [ RunTime:0.001000s ]
INFO: Run TokenBuild Behavior [ RunTime:0.001000s ]
INFO: Run WriteHtmlCache Behavior [ RunTime:0.000000s ]
INFO: Run ShowRuntime Behavior [ RunTime:0.001000s ]
INFO: [ view_filter ] --END-- [ RunTime:0.003000s ]
INFO: [ view_end ] --START--
INFO: Run ShowPageTrace Behavior [ RunTime:0.001001s ]
INFO: [ view_end ] --END-- [ RunTime:0.001001s ]

[ 2017-02-16T15:26:18+08:00 ] 0.0.0.0 /12/pro/index.php/Index/bookDetail/bId/1
INFO: [ route_check ] --START--
INFO: Run CheckRoute Behavior [ RunTime:0.001000s ]
INFO: [ route_check ] --END-- [ RunTime:0.002000s ]
INFO: [ app_begin ] --START--
INFO: Run ReadHtmlCache Behavior [ RunTime:0.001000s ]
INFO: [ app_begin ] --END-- [ RunTime:0.001000s ]
NOTIC: [2048] Declaration of IndexAction::success() should be compatible with that of Action::success() F:\ease\php_lesson\12\pro\home\Lib\Action\IndexAction.class.php 第 212 行.
SQL: SHOW COLUMNS FROM `think_car` [ RunTime:0.005000s ]
SQL: SELECT COUNT(*) AS tp_count FROM `think_car` WHERE ( caTmpCode='14872278042938' ) LIMIT 1   [ RunTime:0.000000s ]
SQL: SHOW COLUMNS FROM `think_books` [ RunTime:0.006001s ]
SQL: select tb.bId,tb.bCode,tb.bName, tb.bAuth, tb.bTrans, tb.bISBN, tb.bDate, 
    				tb.bPcount, tb.bPages, tb.bStyle, tb.bSize,  tb.bMprice, tb.bJDprice, 
    				tb.bImg, tb.bEditor, tb.bCon, tb.bTree,tp.pName,tc.cName as cn,tc1.cName as cn1 from think_books as tb left join think_pub as tp on tb.pId=tp.pId left join think_cat as tc on tb.bFid=tc.cId left join think_cat as tc1 on tb.bSid=tc1.cId where tb.bId=1 [ RunTime:0.000000s ]
INFO: [ view_template ] --START--
INFO: Run LocationTemplate Behavior [ RunTime:0.001000s ]
INFO: [ view_template ] --END-- [ RunTime:0.001000s ]
INFO: [ view_parse ] --START--
INFO: Run ParseTemplate Behavior [ RunTime:0.020001s ]
INFO: [ view_parse ] --END-- [ RunTime:0.020001s ]
INFO: [ view_filter ] --START--
INFO: Run ContentReplace Behavior [ RunTime:0.000000s ]
INFO: Run TokenBuild Behavior [ RunTime:0.001000s ]
INFO: Run WriteHtmlCache Behavior [ RunTime:0.000000s ]
INFO: Run ShowRuntime Behavior [ RunTime:0.000000s ]
INFO: [ view_filter ] --END-- [ RunTime:0.001000s ]
INFO: [ view_end ] --START--
INFO: Run ShowPageTrace Behavior [ RunTime:0.001000s ]
INFO: [ view_end ] --END-- [ RunTime:0.001000s ]

[ 2017-02-16T16:05:34+08:00 ] 0.0.0.0 /12/pro/index.php/
INFO: [ route_check ] --START--
INFO: Run CheckRoute Behavior [ RunTime:0.003000s ]
INFO: [ route_check ] --END-- [ RunTime:0.003000s ]
INFO: [ app_begin ] --START--
INFO: Run ReadHtmlCache Behavior [ RunTime:0.002001s ]
INFO: [ app_begin ] --END-- [ RunTime:0.002001s ]
NOTIC: [2048] Declaration of IndexAction::success() should be compatible with that of Action::success() F:\ease\php_lesson\12\pro\home\Lib\Action\IndexAction.class.php 第 212 行.
SQL: SHOW COLUMNS FROM `think_cat` [ RunTime:0.011001s ]
SQL: SELECT * FROM `think_cat` WHERE ( cPid=0 )  [ RunTime:0.001000s ]
SQL: SHOW COLUMNS FROM `think_pub` [ RunTime:0.010001s ]
SQL: SELECT * FROM `think_pub` LIMIT 0,4   [ RunTime:0.001000s ]
SQL: SELECT * FROM `think_pub` LIMIT 4,10   [ RunTime:0.001000s ]
SQL: SHOW COLUMNS FROM `think_books` [ RunTime:0.012001s ]
SQL: select tb.bName,tb.bImg,tb.bMprice,tb.bJDprice,tc.cName from think_books as tb  left join think_cat as tc on tb.bFid=tc.cId and tb.bState=2 [ RunTime:0.001000s ]
INFO: [ view_template ] --START--
INFO: Run LocationTemplate Behavior [ RunTime:0.003000s ]
INFO: [ view_template ] --END-- [ RunTime:0.003000s ]
INFO: [ view_parse ] --START--
INFO: Run ParseTemplate Behavior [ RunTime:0.044002s ]
INFO: [ view_parse ] --END-- [ RunTime:0.044002s ]
INFO: [ view_filter ] --START--
INFO: Run ContentReplace Behavior [ RunTime:0.002000s ]
INFO: Run TokenBuild Behavior [ RunTime:0.000000s ]
INFO: Run WriteHtmlCache Behavior [ RunTime:0.001001s ]
INFO: Run ShowRuntime Behavior [ RunTime:0.001000s ]
INFO: [ view_filter ] --END-- [ RunTime:0.004001s ]
INFO: [ view_end ] --START--
INFO: Run ShowPageTrace Behavior [ RunTime:0.000000s ]
INFO: [ view_end ] --END-- [ RunTime:0.000000s ]

