[ 2017-02-17T08:55:23+08:00 ] 0.0.0.0 /12/pro/
INFO: [ app_begin ] --START--
INFO: Run ReadHtmlCache Behavior [ RunTime:0.000000s ]
INFO: [ app_begin ] --END-- [ RunTime:0.000000s ]
NOTIC: [2048] Declaration of IndexAction::success() should be compatible with that of Action::success() F:\ease\php_lesson\12\pro\home\Lib\Action\IndexAction.class.php 第 212 行.
SQL: SHOW COLUMNS FROM `think_cat` [ RunTime:0.061003s ]
SQL: SELECT * FROM `think_cat` WHERE ( cPid=0 )  [ RunTime:0.001000s ]
SQL: SHOW COLUMNS FROM `think_pub` [ RunTime:0.022002s ]
SQL: SELECT * FROM `think_pub` LIMIT 0,4   [ RunTime:0.001000s ]
SQL: SELECT * FROM `think_pub` LIMIT 4,10   [ RunTime:0.000000s ]
SQL: SHOW COLUMNS FROM `think_books` [ RunTime:0.015001s ]
SQL: select tb.bName,tb.bImg,tb.bMprice,tb.bJDprice,tc.cName from think_books as tb  left join think_cat as tc on tb.bFid=tc.cId and tb.bState=2 [ RunTime:0.009000s ]
INFO: [ view_template ] --START--
INFO: Run LocationTemplate Behavior [ RunTime:0.002000s ]
INFO: [ view_template ] --END-- [ RunTime:0.002000s ]
INFO: [ view_parse ] --START--
INFO: Run ParseTemplate Behavior [ RunTime:0.067004s ]
INFO: [ view_parse ] --END-- [ RunTime:0.067004s ]
INFO: [ view_filter ] --START--
INFO: Run ContentReplace Behavior [ RunTime:0.003000s ]
INFO: Run TokenBuild Behavior [ RunTime:0.000000s ]
INFO: Run WriteHtmlCache Behavior [ RunTime:0.000000s ]
INFO: Run ShowRuntime Behavior [ RunTime:0.001000s ]
INFO: [ view_filter ] --END-- [ RunTime:0.005000s ]
INFO: [ view_end ] --START--
INFO: Run ShowPageTrace Behavior [ RunTime:0.002001s ]
INFO: [ view_end ] --END-- [ RunTime:0.002001s ]

[ 2017-02-17T13:44:09+08:00 ] 0.0.0.0 /12/pro/
INFO: [ app_begin ] --START--
INFO: Run ReadHtmlCache Behavior [ RunTime:0.002000s ]
INFO: [ app_begin ] --END-- [ RunTime:0.002000s ]
NOTIC: [2048] Declaration of IndexAction::success() should be compatible with that of Action::success() F:\ease\php_lesson\12\pro\home\Lib\Action\IndexAction.class.php 第 212 行.
SQL: SHOW COLUMNS FROM `think_cat` [ RunTime:0.039002s ]
SQL: SELECT * FROM `think_cat` WHERE ( cPid=0 )  [ RunTime:0.001000s ]
SQL: SHOW COLUMNS FROM `think_pub` [ RunTime:0.022002s ]
SQL: SELECT * FROM `think_pub` LIMIT 0,4   [ RunTime:0.001000s ]
SQL: SELECT * FROM `think_pub` LIMIT 4,10   [ RunTime:0.001000s ]
SQL: SHOW COLUMNS FROM `think_books` [ RunTime:0.017001s ]
SQL: select tb.bName,tb.bImg,tb.bMprice,tb.bJDprice,tc.cName from think_books as tb  left join think_cat as tc on tb.bFid=tc.cId and tb.bState=2 [ RunTime:0.006000s ]
INFO: [ view_template ] --START--
INFO: Run LocationTemplate Behavior [ RunTime:0.004001s ]
INFO: [ view_template ] --END-- [ RunTime:0.004001s ]
INFO: [ view_parse ] --START--
INFO: Run ParseTemplate Behavior [ RunTime:0.202011s ]
INFO: [ view_parse ] --END-- [ RunTime:0.202011s ]
INFO: [ view_filter ] --START--
INFO: Run ContentReplace Behavior [ RunTime:0.002000s ]
INFO: Run TokenBuild Behavior [ RunTime:0.002000s ]
INFO: Run WriteHtmlCache Behavior [ RunTime:0.001000s ]
INFO: Run ShowRuntime Behavior [ RunTime:0.002001s ]
INFO: [ view_filter ] --END-- [ RunTime:0.008001s ]
INFO: [ view_end ] --START--
INFO: Run ShowPageTrace Behavior [ RunTime:0.001000s ]
INFO: [ view_end ] --END-- [ RunTime:0.001000s ]

[ 2017-02-17T13:44:31+08:00 ] 0.0.0.0 /12/pro/
INFO: [ app_begin ] --START--
INFO: Run ReadHtmlCache Behavior [ RunTime:0.001000s ]
INFO: [ app_begin ] --END-- [ RunTime:0.001000s ]
NOTIC: [2048] Declaration of IndexAction::success() should be compatible with that of Action::success() F:\ease\php_lesson\12\pro\home\Lib\Action\IndexAction.class.php 第 212 行.
SQL: SHOW COLUMNS FROM `think_cat` [ RunTime:0.008000s ]
SQL: SELECT * FROM `think_cat` WHERE ( cPid=0 )  [ RunTime:0.001000s ]
SQL: SHOW COLUMNS FROM `think_pub` [ RunTime:0.008001s ]
SQL: SELECT * FROM `think_pub` LIMIT 0,4   [ RunTime:0.001000s ]
SQL: SELECT * FROM `think_pub` LIMIT 4,10   [ RunTime:0.001000s ]
SQL: SHOW COLUMNS FROM `think_books` [ RunTime:0.006000s ]
SQL: select tb.bName,tb.bImg,tb.bMprice,tb.bJDprice,tc.cName from think_books as tb  left join think_cat as tc on tb.bFid=tc.cId and tb.bState=2 [ RunTime:0.001000s ]
INFO: [ view_template ] --START--
INFO: Run LocationTemplate Behavior [ RunTime:0.002001s ]
INFO: [ view_template ] --END-- [ RunTime:0.002001s ]
INFO: [ view_parse ] --START--
INFO: Run ParseTemplate Behavior [ RunTime:0.055003s ]
INFO: [ view_parse ] --END-- [ RunTime:0.055003s ]
INFO: [ view_filter ] --START--
INFO: Run ContentReplace Behavior [ RunTime:0.001000s ]
INFO: Run TokenBuild Behavior [ RunTime:0.000000s ]
INFO: Run WriteHtmlCache Behavior [ RunTime:0.000000s ]
INFO: Run ShowRuntime Behavior [ RunTime:0.001000s ]
INFO: [ view_filter ] --END-- [ RunTime:0.003000s ]
INFO: [ view_end ] --START--
INFO: Run ShowPageTrace Behavior [ RunTime:0.000000s ]
INFO: [ view_end ] --END-- [ RunTime:0.000000s ]

[ 2017-02-17T14:05:52+08:00 ] 0.0.0.0 /12/pro/index.php
INFO: [ app_begin ] --START--
INFO: Run ReadHtmlCache Behavior [ RunTime:0.001000s ]
INFO: [ app_begin ] --END-- [ RunTime:0.001000s ]
NOTIC: [2048] Declaration of IndexAction::success() should be compatible with that of Action::success() F:\ease\php_lesson\12\pro\home\Lib\Action\IndexAction.class.php 第 221 行.
SQL: SHOW COLUMNS FROM `think_cat` [ RunTime:0.011001s ]
SQL: SELECT * FROM `think_cat` WHERE ( cPid=0 )  [ RunTime:0.001000s ]
SQL: SHOW COLUMNS FROM `think_pub` [ RunTime:0.010001s ]
SQL: SELECT * FROM `think_pub` LIMIT 0,4   [ RunTime:0.000000s ]
SQL: SELECT * FROM `think_pub` LIMIT 4,10   [ RunTime:0.001000s ]
SQL: SHOW COLUMNS FROM `think_books` [ RunTime:0.006000s ]
SQL: select tb.bName,tb.bImg,tb.bMprice,tb.bJDprice,tc.cName from think_books as tb  left join think_cat as tc on tb.bFid=tc.cId and tb.bState=2 [ RunTime:0.001000s ]
INFO: [ view_template ] --START--
INFO: Run LocationTemplate Behavior [ RunTime:0.002000s ]
INFO: [ view_template ] --END-- [ RunTime:0.002000s ]
INFO: [ view_parse ] --START--
INFO: Run ParseTemplate Behavior [ RunTime:0.039002s ]
INFO: [ view_parse ] --END-- [ RunTime:0.039002s ]
INFO: [ view_filter ] --START--
INFO: Run ContentReplace Behavior [ RunTime:0.001000s ]
INFO: Run TokenBuild Behavior [ RunTime:0.001001s ]
INFO: Run WriteHtmlCache Behavior [ RunTime:0.001000s ]
INFO: Run ShowRuntime Behavior [ RunTime:0.001000s ]
INFO: [ view_filter ] --END-- [ RunTime:0.004001s ]
INFO: [ view_end ] --START--
INFO: Run ShowPageTrace Behavior [ RunTime:0.001000s ]
INFO: [ view_end ] --END-- [ RunTime:0.001000s ]

[ 2017-02-17T14:07:28+08:00 ] 0.0.0.0 /12/pro/index.php
INFO: [ app_begin ] --START--
INFO: Run ReadHtmlCache Behavior [ RunTime:0.001000s ]
INFO: [ app_begin ] --END-- [ RunTime:0.001000s ]
NOTIC: [2048] Declaration of IndexAction::success() should be compatible with that of Action::success() F:\ease\php_lesson\12\pro\home\Lib\Action\IndexAction.class.php 第 221 行.
SQL: SHOW COLUMNS FROM `think_cat` [ RunTime:0.003000s ]
SQL: SELECT * FROM `think_cat` WHERE ( cPid=0 )  [ RunTime:0.000000s ]
SQL: SHOW COLUMNS FROM `think_pub` [ RunTime:0.003000s ]
SQL: SELECT * FROM `think_pub` LIMIT 0,4   [ RunTime:0.000000s ]
SQL: SELECT * FROM `think_pub` LIMIT 4,10   [ RunTime:0.001000s ]
SQL: SHOW COLUMNS FROM `think_books` [ RunTime:0.004001s ]
SQL: select tb.bName,tb.bImg,tb.bMprice,tb.bJDprice,tc.cName from think_books as tb  left join think_cat as tc on tb.bFid=tc.cId and tb.bState=2 [ RunTime:0.000000s ]
INFO: [ view_template ] --START--
INFO: Run LocationTemplate Behavior [ RunTime:0.001000s ]
INFO: [ view_template ] --END-- [ RunTime:0.001000s ]
INFO: [ view_parse ] --START--
INFO: Run ParseTemplate Behavior [ RunTime:0.025001s ]
INFO: [ view_parse ] --END-- [ RunTime:0.025001s ]
INFO: [ view_filter ] --START--
INFO: Run ContentReplace Behavior [ RunTime:0.001000s ]
INFO: Run TokenBuild Behavior [ RunTime:0.000000s ]
INFO: Run WriteHtmlCache Behavior [ RunTime:0.001000s ]
INFO: Run ShowRuntime Behavior [ RunTime:0.000000s ]
INFO: [ view_filter ] --END-- [ RunTime:0.002000s ]
INFO: [ view_end ] --START--
INFO: Run ShowPageTrace Behavior [ RunTime:0.000000s ]
INFO: [ view_end ] --END-- [ RunTime:0.000000s ]

[ 2017-02-17T14:07:42+08:00 ] 0.0.0.0 /12/pro/index.php
INFO: [ app_begin ] --START--
INFO: Run ReadHtmlCache Behavior [ RunTime:0.001000s ]
INFO: [ app_begin ] --END-- [ RunTime:0.001000s ]
NOTIC: [2048] Declaration of IndexAction::success() should be compatible with that of Action::success() F:\ease\php_lesson\12\pro\home\Lib\Action\IndexAction.class.php 第 221 行.
SQL: SHOW COLUMNS FROM `think_cat` [ RunTime:0.003001s ]
SQL: SELECT * FROM `think_cat` WHERE ( cPid=0 )  [ RunTime:0.000000s ]
SQL: SHOW COLUMNS FROM `think_pub` [ RunTime:0.002000s ]
SQL: SELECT * FROM `think_pub` LIMIT 0,4   [ RunTime:0.000000s ]
SQL: SELECT * FROM `think_pub` LIMIT 4,10   [ RunTime:0.000000s ]
SQL: SHOW COLUMNS FROM `think_books` [ RunTime:0.003000s ]
SQL: select tb.bName,tb.bImg,tb.bMprice,tb.bJDprice,tc.cName from think_books as tb  left join think_cat as tc on tb.bFid=tc.cId and tb.bState=2 [ RunTime:0.000000s ]
INFO: [ view_template ] --START--
INFO: Run LocationTemplate Behavior [ RunTime:0.001000s ]
INFO: [ view_template ] --END-- [ RunTime:0.001000s ]
INFO: [ view_parse ] --START--
INFO: Run ParseTemplate Behavior [ RunTime:0.023001s ]
INFO: [ view_parse ] --END-- [ RunTime:0.024001s ]
INFO: [ view_filter ] --START--
INFO: Run ContentReplace Behavior [ RunTime:0.001001s ]
INFO: Run TokenBuild Behavior [ RunTime:0.000000s ]
INFO: Run WriteHtmlCache Behavior [ RunTime:0.001000s ]
INFO: Run ShowRuntime Behavior [ RunTime:0.000000s ]
INFO: [ view_filter ] --END-- [ RunTime:0.002001s ]
INFO: [ view_end ] --START--
INFO: Run ShowPageTrace Behavior [ RunTime:0.001000s ]
INFO: [ view_end ] --END-- [ RunTime:0.001000s ]

[ 2017-02-17T14:07:46+08:00 ] 0.0.0.0 /12/pro/index.php
INFO: [ app_begin ] --START--
INFO: Run ReadHtmlCache Behavior [ RunTime:0.001000s ]
INFO: [ app_begin ] --END-- [ RunTime:0.001000s ]
NOTIC: [2048] Declaration of IndexAction::success() should be compatible with that of Action::success() F:\ease\php_lesson\12\pro\home\Lib\Action\IndexAction.class.php 第 221 行.
SQL: SHOW COLUMNS FROM `think_cat` [ RunTime:0.009000s ]
SQL: SELECT * FROM `think_cat` WHERE ( cPid=0 )  [ RunTime:0.001001s ]
SQL: SHOW COLUMNS FROM `think_pub` [ RunTime:0.008000s ]
SQL: SELECT * FROM `think_pub` LIMIT 0,4   [ RunTime:0.001000s ]
SQL: SELECT * FROM `think_pub` LIMIT 4,10   [ RunTime:0.000000s ]
SQL: SHOW COLUMNS FROM `think_books` [ RunTime:0.009001s ]
SQL: select tb.bName,tb.bImg,tb.bMprice,tb.bJDprice,tc.cName from think_books as tb  left join think_cat as tc on tb.bFid=tc.cId and tb.bState=2 [ RunTime:0.001000s ]
INFO: [ view_template ] --START--
INFO: Run LocationTemplate Behavior [ RunTime:0.003000s ]
INFO: [ view_template ] --END-- [ RunTime:0.003000s ]
INFO: [ view_parse ] --START--
INFO: Run ParseTemplate Behavior [ RunTime:0.033002s ]
INFO: [ view_parse ] --END-- [ RunTime:0.033002s ]
INFO: [ view_filter ] --START--
INFO: Run ContentReplace Behavior [ RunTime:0.001000s ]
INFO: Run TokenBuild Behavior [ RunTime:0.000000s ]
INFO: Run WriteHtmlCache Behavior [ RunTime:0.000000s ]
INFO: Run ShowRuntime Behavior [ RunTime:0.000000s ]
INFO: [ view_filter ] --END-- [ RunTime:0.002000s ]
INFO: [ view_end ] --START--
INFO: Run ShowPageTrace Behavior [ RunTime:0.001000s ]
INFO: [ view_end ] --END-- [ RunTime:0.001000s ]

[ 2017-02-17T14:09:24+08:00 ] 0.0.0.0 /12/pro/index.php/Index/booksList/cId/1
INFO: [ route_check ] --START--
INFO: Run CheckRoute Behavior [ RunTime:0.002000s ]
INFO: [ route_check ] --END-- [ RunTime:0.002000s ]
INFO: [ app_begin ] --START--
INFO: Run ReadHtmlCache Behavior [ RunTime:0.001000s ]
INFO: [ app_begin ] --END-- [ RunTime:0.001000s ]
NOTIC: [2048] Declaration of IndexAction::success() should be compatible with that of Action::success() F:\ease\php_lesson\12\pro\home\Lib\Action\IndexAction.class.php 第 221 行.
SQL: SHOW COLUMNS FROM `think_cat` [ RunTime:0.010000s ]
SQL: SELECT * FROM `think_cat` WHERE ( cPid=1 )  [ RunTime:0.001001s ]
SQL: SHOW COLUMNS FROM `think_books` [ RunTime:0.011000s ]
SQL: select tb.bId,tb.bName,tb.bImg,tb.bAuth,tb.bDate,tb.bMprice,tb.bJDprice,tp.pName from think_books as tb left join think_pub as tp on tb.pId=tp.pId where tb.bFid=1 [ RunTime:0.001000s ]
INFO: [ view_template ] --START--
INFO: Run LocationTemplate Behavior [ RunTime:0.003000s ]
INFO: [ view_template ] --END-- [ RunTime:0.003000s ]
INFO: [ view_parse ] --START--
INFO: Run ParseTemplate Behavior [ RunTime:0.076005s ]
INFO: [ view_parse ] --END-- [ RunTime:0.076005s ]
INFO: [ view_filter ] --START--
INFO: Run ContentReplace Behavior [ RunTime:0.002000s ]
INFO: Run TokenBuild Behavior [ RunTime:0.002000s ]
INFO: Run WriteHtmlCache Behavior [ RunTime:0.002000s ]
INFO: Run ShowRuntime Behavior [ RunTime:0.002000s ]
INFO: [ view_filter ] --END-- [ RunTime:0.008000s ]
INFO: [ view_end ] --START--
INFO: Run ShowPageTrace Behavior [ RunTime:0.002000s ]
INFO: [ view_end ] --END-- [ RunTime:0.002000s ]

[ 2017-02-17T14:20:51+08:00 ] 0.0.0.0 /12/pro/index.php/Index/booksList/cId/1
INFO: [ route_check ] --START--
INFO: Run CheckRoute Behavior [ RunTime:0.001000s ]
INFO: [ route_check ] --END-- [ RunTime:0.001000s ]
INFO: [ app_begin ] --START--
INFO: Run ReadHtmlCache Behavior [ RunTime:0.000000s ]
INFO: [ app_begin ] --END-- [ RunTime:0.000000s ]
NOTIC: [2048] Declaration of IndexAction::success() should be compatible with that of Action::success() F:\ease\php_lesson\12\pro\home\Lib\Action\IndexAction.class.php 第 233 行.
SQL: SHOW COLUMNS FROM `think_cat` [ RunTime:0.003000s ]
SQL: SELECT * FROM `think_cat` WHERE ( cPid=1 )  [ RunTime:0.001000s ]
SQL: SHOW COLUMNS FROM `think_books` [ RunTime:0.002000s ]
SQL: select tb.bId,tb.bName,tb.bImg,tb.bAuth,tb.bDate,tb.bMprice,tb.bJDprice,tp.pName from think_books as tb left join think_pub as tp on tb.pId=tp.pId where tb.bFid=1 [ RunTime:0.000000s ]
INFO: [ view_template ] --START--
INFO: Run LocationTemplate Behavior [ RunTime:0.001000s ]
INFO: [ view_template ] --END-- [ RunTime:0.001000s ]
INFO: [ view_parse ] --START--
INFO: Run ParseTemplate Behavior [ RunTime:0.010001s ]
INFO: [ view_parse ] --END-- [ RunTime:0.010001s ]
INFO: [ view_filter ] --START--
INFO: Run ContentReplace Behavior [ RunTime:0.001000s ]
INFO: Run TokenBuild Behavior [ RunTime:0.000000s ]
INFO: Run WriteHtmlCache Behavior [ RunTime:0.000000s ]
INFO: Run ShowRuntime Behavior [ RunTime:0.001000s ]
INFO: [ view_filter ] --END-- [ RunTime:0.002000s ]
INFO: [ view_end ] --START--
INFO: Run ShowPageTrace Behavior [ RunTime:0.000000s ]
INFO: [ view_end ] --END-- [ RunTime:0.000000s ]

[ 2017-02-17T14:21:30+08:00 ] 0.0.0.0 /12/pro/index.php/Index/booksList/cId/1
INFO: [ route_check ] --START--
INFO: Run CheckRoute Behavior [ RunTime:0.001000s ]
INFO: [ route_check ] --END-- [ RunTime:0.001000s ]
INFO: [ app_begin ] --START--
INFO: Run ReadHtmlCache Behavior [ RunTime:0.001000s ]
INFO: [ app_begin ] --END-- [ RunTime:0.001000s ]
NOTIC: [2048] Declaration of IndexAction::success() should be compatible with that of Action::success() F:\ease\php_lesson\12\pro\home\Lib\Action\IndexAction.class.php 第 233 行.
SQL: SHOW COLUMNS FROM `think_cat` [ RunTime:0.003000s ]
SQL: SELECT * FROM `think_cat` WHERE ( cPid=1 )  [ RunTime:0.000000s ]
SQL: SHOW COLUMNS FROM `think_books` [ RunTime:0.002000s ]
SQL: select tb.bId,tb.bName,tb.bImg,tb.bAuth,tb.bDate,tb.bMprice,tb.bJDprice,tp.pName from think_books as tb left join think_pub as tp on tb.pId=tp.pId where tb.bFid=1 [ RunTime:0.000000s ]
INFO: [ view_template ] --START--
INFO: Run LocationTemplate Behavior [ RunTime:0.001000s ]
INFO: [ view_template ] --END-- [ RunTime:0.001000s ]
INFO: [ view_parse ] --START--
INFO: Run ParseTemplate Behavior [ RunTime:0.010001s ]
INFO: [ view_parse ] --END-- [ RunTime:0.010001s ]
INFO: [ view_filter ] --START--
INFO: Run ContentReplace Behavior [ RunTime:0.000000s ]
INFO: Run TokenBuild Behavior [ RunTime:0.001000s ]
INFO: Run WriteHtmlCache Behavior [ RunTime:0.000000s ]
INFO: Run ShowRuntime Behavior [ RunTime:0.001000s ]
INFO: [ view_filter ] --END-- [ RunTime:0.002000s ]
INFO: [ view_end ] --START--
INFO: Run ShowPageTrace Behavior [ RunTime:0.000000s ]
INFO: [ view_end ] --END-- [ RunTime:0.000000s ]

[ 2017-02-17T14:21:46+08:00 ] 0.0.0.0 /12/pro/index.php/Index/bookDetail/bId/1
INFO: [ route_check ] --START--
INFO: Run CheckRoute Behavior [ RunTime:0.002001s ]
INFO: [ route_check ] --END-- [ RunTime:0.003001s ]
INFO: [ app_begin ] --START--
INFO: Run ReadHtmlCache Behavior [ RunTime:0.001000s ]
INFO: [ app_begin ] --END-- [ RunTime:0.001000s ]
NOTIC: [2048] Declaration of IndexAction::success() should be compatible with that of Action::success() F:\ease\php_lesson\12\pro\home\Lib\Action\IndexAction.class.php 第 233 行.
SQL: SHOW COLUMNS FROM `think_car` [ RunTime:0.031001s ]
SQL: SELECT COUNT(*) AS tp_count FROM `think_car` WHERE ( caTmpCode='14872278042938' ) LIMIT 1   [ RunTime:0.001000s ]
SQL: SHOW COLUMNS FROM `think_books` [ RunTime:0.010000s ]
SQL: select tb.bId,tb.bCode,tb.bName, tb.bAuth, tb.bTrans, tb.bISBN, tb.bDate, 
    				tb.bPcount, tb.bPages, tb.bStyle, tb.bSize,  tb.bMprice, tb.bJDprice, 
    				tb.bImg, tb.bEditor, tb.bCon, tb.bTree,tp.pName,tc.cName as cn,tc1.cName as cn1 from think_books as tb left join think_pub as tp on tb.pId=tp.pId left join think_cat as tc on tb.bFid=tc.cId left join think_cat as tc1 on tb.bSid=tc1.cId where tb.bId=1 [ RunTime:0.002000s ]
INFO: [ view_template ] --START--
INFO: Run LocationTemplate Behavior [ RunTime:0.003000s ]
INFO: [ view_template ] --END-- [ RunTime:0.003000s ]
INFO: [ view_parse ] --START--
INFO: Run ParseTemplate Behavior [ RunTime:0.040003s ]
INFO: [ view_parse ] --END-- [ RunTime:0.040003s ]
INFO: [ view_filter ] --START--
INFO: Run ContentReplace Behavior [ RunTime:0.002000s ]
INFO: Run TokenBuild Behavior [ RunTime:0.001000s ]
INFO: Run WriteHtmlCache Behavior [ RunTime:0.001000s ]
INFO: Run ShowRuntime Behavior [ RunTime:0.001000s ]
INFO: [ view_filter ] --END-- [ RunTime:0.005000s ]
INFO: [ view_end ] --START--
INFO: Run ShowPageTrace Behavior [ RunTime:0.001000s ]
INFO: [ view_end ] --END-- [ RunTime:0.002000s ]

[ 2017-02-17T14:30:14+08:00 ] 0.0.0.0 /12/pro/index.php/Index/myCar
INFO: [ route_check ] --START--
INFO: Run CheckRoute Behavior [ RunTime:0.002000s ]
INFO: [ route_check ] --END-- [ RunTime:0.003001s ]
INFO: [ app_begin ] --START--
INFO: Run ReadHtmlCache Behavior [ RunTime:0.001000s ]
INFO: [ app_begin ] --END-- [ RunTime:0.001000s ]
NOTIC: [2048] Declaration of IndexAction::success() should be compatible with that of Action::success() F:\ease\php_lesson\12\pro\home\Lib\Action\IndexAction.class.php 第 239 行.
SQL: SHOW COLUMNS FROM `think_car` [ RunTime:0.012001s ]
SQL: select tb.bId,tb.bCode,tb.bImg,tb.bName,tb.bJDprice,tca.caCount from think_car as tca left join think_books as tb on tca.bId=tb.bId where tca.caTmpCode=14872278042938 [ RunTime:0.003000s ]
INFO: [ view_template ] --START--
INFO: Run LocationTemplate Behavior [ RunTime:0.004000s ]
INFO: [ view_template ] --END-- [ RunTime:0.004000s ]
INFO: [ view_parse ] --START--
INFO: Run ParseTemplate Behavior [ RunTime:0.042003s ]
INFO: [ view_parse ] --END-- [ RunTime:0.042003s ]
INFO: [ view_filter ] --START--
INFO: Run ContentReplace Behavior [ RunTime:0.001000s ]
INFO: Run TokenBuild Behavior [ RunTime:0.002000s ]
INFO: Run WriteHtmlCache Behavior [ RunTime:0.001000s ]
INFO: Run ShowRuntime Behavior [ RunTime:0.001000s ]
INFO: [ view_filter ] --END-- [ RunTime:0.005000s ]
INFO: [ view_end ] --START--
INFO: Run ShowPageTrace Behavior [ RunTime:0.001000s ]
INFO: [ view_end ] --END-- [ RunTime:0.001000s ]

[ 2017-02-17T15:11:08+08:00 ] 0.0.0.0 /12/pro/
INFO: [ app_begin ] --START--
INFO: Run ReadHtmlCache Behavior [ RunTime:0.001000s ]
INFO: [ app_begin ] --END-- [ RunTime:0.001000s ]
NOTIC: [2048] Declaration of IndexAction::success() should be compatible with that of Action::success() F:\ease\php_lesson\12\pro\home\Lib\Action\IndexAction.class.php 第 243 行.
SQL: SHOW COLUMNS FROM `think_cat` [ RunTime:0.011001s ]
SQL: SELECT * FROM `think_cat` WHERE ( cPid=0 )  [ RunTime:0.001000s ]
SQL: SHOW COLUMNS FROM `think_pub` [ RunTime:0.004000s ]
SQL: SELECT * FROM `think_pub` LIMIT 0,4   [ RunTime:0.000000s ]
SQL: SELECT * FROM `think_pub` LIMIT 4,10   [ RunTime:0.001000s ]
SQL: SHOW COLUMNS FROM `think_books` [ RunTime:0.004000s ]
SQL: select tb.bName,tb.bImg,tb.bMprice,tb.bJDprice,tc.cName from think_books as tb  left join think_cat as tc on tb.bFid=tc.cId and tb.bState=2 [ RunTime:0.000000s ]
INFO: [ view_template ] --START--
INFO: Run LocationTemplate Behavior [ RunTime:0.001000s ]
INFO: [ view_template ] --END-- [ RunTime:0.001000s ]
INFO: [ view_parse ] --START--
INFO: Run ParseTemplate Behavior [ RunTime:0.028002s ]
INFO: [ view_parse ] --END-- [ RunTime:0.028002s ]
INFO: [ view_filter ] --START--
INFO: Run ContentReplace Behavior [ RunTime:0.001000s ]
INFO: Run TokenBuild Behavior [ RunTime:0.001000s ]
INFO: Run WriteHtmlCache Behavior [ RunTime:0.000000s ]
INFO: Run ShowRuntime Behavior [ RunTime:0.001000s ]
INFO: [ view_filter ] --END-- [ RunTime:0.003000s ]
INFO: [ view_end ] --START--
INFO: Run ShowPageTrace Behavior [ RunTime:0.000000s ]
INFO: [ view_end ] --END-- [ RunTime:0.000000s ]

[ 2017-02-17T15:16:40+08:00 ] 0.0.0.0 /12/pro/index.php
INFO: [ app_begin ] --START--
INFO: Run ReadHtmlCache Behavior [ RunTime:0.000000s ]
INFO: [ app_begin ] --END-- [ RunTime:0.000000s ]
NOTIC: [2048] Declaration of IndexAction::success() should be compatible with that of Action::success() F:\ease\php_lesson\12\pro\home\Lib\Action\IndexAction.class.php 第 243 行.
SQL: SHOW COLUMNS FROM `think_cat` [ RunTime:0.005000s ]
SQL: SELECT * FROM `think_cat` WHERE ( cPid=0 )  [ RunTime:0.001000s ]
SQL: SHOW COLUMNS FROM `think_pub` [ RunTime:0.005001s ]
SQL: SELECT * FROM `think_pub` LIMIT 0,4   [ RunTime:0.001000s ]
SQL: SELECT * FROM `think_pub` LIMIT 4,10   [ RunTime:0.000000s ]
SQL: SHOW COLUMNS FROM `think_books` [ RunTime:0.005000s ]
SQL: select tb.bName,tb.bImg,tb.bMprice,tb.bJDprice,tc.cName from think_books as tb  left join think_cat as tc on tb.bFid=tc.cId and tb.bState=2 [ RunTime:0.000000s ]
INFO: [ view_template ] --START--
INFO: Run LocationTemplate Behavior [ RunTime:0.001000s ]
INFO: [ view_template ] --END-- [ RunTime:0.002000s ]
INFO: [ view_parse ] --START--
INFO: Run ParseTemplate Behavior [ RunTime:0.032002s ]
INFO: [ view_parse ] --END-- [ RunTime:0.033002s ]
INFO: [ view_filter ] --START--
INFO: Run ContentReplace Behavior [ RunTime:0.001000s ]
INFO: Run TokenBuild Behavior [ RunTime:0.000000s ]
INFO: Run WriteHtmlCache Behavior [ RunTime:0.001000s ]
INFO: Run ShowRuntime Behavior [ RunTime:0.000000s ]
INFO: [ view_filter ] --END-- [ RunTime:0.002000s ]
INFO: [ view_end ] --START--
INFO: Run ShowPageTrace Behavior [ RunTime:0.001000s ]
INFO: [ view_end ] --END-- [ RunTime:0.001000s ]

[ 2017-02-17T15:18:08+08:00 ] 0.0.0.0 /12/pro/index.php
INFO: [ app_begin ] --START--
INFO: Run ReadHtmlCache Behavior [ RunTime:0.001000s ]
INFO: [ app_begin ] --END-- [ RunTime:0.001000s ]
NOTIC: [2048] Declaration of IndexAction::success() should be compatible with that of Action::success() F:\ease\php_lesson\12\pro\home\Lib\Action\IndexAction.class.php 第 243 行.
SQL: SHOW COLUMNS FROM `think_cat` [ RunTime:0.003000s ]
SQL: SELECT * FROM `think_cat` WHERE ( cPid=0 )  [ RunTime:0.000000s ]
SQL: SHOW COLUMNS FROM `think_pub` [ RunTime:0.003000s ]
SQL: SELECT * FROM `think_pub` LIMIT 0,4   [ RunTime:0.000000s ]
SQL: SELECT * FROM `think_pub` LIMIT 4,10   [ RunTime:0.000000s ]
SQL: SHOW COLUMNS FROM `think_books` [ RunTime:0.002000s ]
SQL: select tb.bName,tb.bImg,tb.bMprice,tb.bJDprice,tc.cName from think_books as tb  left join think_cat as tc on tb.bFid=tc.cId and tb.bState=2 [ RunTime:0.001000s ]
INFO: [ view_template ] --START--
INFO: Run LocationTemplate Behavior [ RunTime:0.001000s ]
INFO: [ view_template ] --END-- [ RunTime:0.001000s ]
INFO: [ view_parse ] --START--
INFO: Run ParseTemplate Behavior [ RunTime:0.023002s ]
INFO: [ view_parse ] --END-- [ RunTime:0.024002s ]
INFO: [ view_filter ] --START--
INFO: Run ContentReplace Behavior [ RunTime:0.001000s ]
INFO: Run TokenBuild Behavior [ RunTime:0.000000s ]
INFO: Run WriteHtmlCache Behavior [ RunTime:0.001000s ]
INFO: Run ShowRuntime Behavior [ RunTime:0.000000s ]
INFO: [ view_filter ] --END-- [ RunTime:0.003000s ]
INFO: [ view_end ] --START--
INFO: Run ShowPageTrace Behavior [ RunTime:0.000000s ]
INFO: [ view_end ] --END-- [ RunTime:0.000000s ]

[ 2017-02-17T15:19:24+08:00 ] 0.0.0.0 /12/pro/index.php/Index/booksList/cId/1
INFO: [ route_check ] --START--
INFO: Run CheckRoute Behavior [ RunTime:0.001000s ]
INFO: [ route_check ] --END-- [ RunTime:0.001000s ]
INFO: [ app_begin ] --START--
INFO: Run ReadHtmlCache Behavior [ RunTime:0.001000s ]
INFO: [ app_begin ] --END-- [ RunTime:0.001000s ]
NOTIC: [2048] Declaration of IndexAction::success() should be compatible with that of Action::success() F:\ease\php_lesson\12\pro\home\Lib\Action\IndexAction.class.php 第 243 行.
SQL: SHOW COLUMNS FROM `think_cat` [ RunTime:0.009001s ]
SQL: SELECT * FROM `think_cat` WHERE ( cPid=1 )  [ RunTime:0.001000s ]
SQL: SHOW COLUMNS FROM `think_books` [ RunTime:0.008001s ]
SQL: select tb.bId,tb.bName,tb.bImg,tb.bAuth,tb.bDate,tb.bMprice,tb.bJDprice,tp.pName from think_books as tb left join think_pub as tp on tb.pId=tp.pId where tb.bFid=1 [ RunTime:0.001000s ]
INFO: [ view_template ] --START--
INFO: Run LocationTemplate Behavior [ RunTime:0.003000s ]
INFO: [ view_template ] --END-- [ RunTime:0.003000s ]
INFO: [ view_parse ] --START--
INFO: Run ParseTemplate Behavior [ RunTime:0.022001s ]
INFO: [ view_parse ] --END-- [ RunTime:0.022001s ]
INFO: [ view_filter ] --START--
INFO: Run ContentReplace Behavior [ RunTime:0.001000s ]
INFO: Run TokenBuild Behavior [ RunTime:0.000000s ]
INFO: Run WriteHtmlCache Behavior [ RunTime:0.001000s ]
INFO: Run ShowRuntime Behavior [ RunTime:0.001000s ]
INFO: [ view_filter ] --END-- [ RunTime:0.003000s ]
INFO: [ view_end ] --START--
INFO: Run ShowPageTrace Behavior [ RunTime:0.001000s ]
INFO: [ view_end ] --END-- [ RunTime:0.001000s ]

[ 2017-02-17T15:20:30+08:00 ] 0.0.0.0 /12/pro/index.php/Index/bookDetail/bId/1
INFO: [ route_check ] --START--
INFO: Run CheckRoute Behavior [ RunTime:0.002000s ]
INFO: [ route_check ] --END-- [ RunTime:0.002000s ]
INFO: [ app_begin ] --START--
INFO: Run ReadHtmlCache Behavior [ RunTime:0.001000s ]
INFO: [ app_begin ] --END-- [ RunTime:0.002000s ]
NOTIC: [2048] Declaration of IndexAction::success() should be compatible with that of Action::success() F:\ease\php_lesson\12\pro\home\Lib\Action\IndexAction.class.php 第 243 行.
SQL: SHOW COLUMNS FROM `think_car` [ RunTime:0.009001s ]
SQL: SELECT COUNT(*) AS tp_count FROM `think_car` WHERE ( caTmpCode='14872278042938' ) LIMIT 1   [ RunTime:0.001000s ]
SQL: SHOW COLUMNS FROM `think_books` [ RunTime:0.008001s ]
SQL: select tb.bId,tb.bCode,tb.bName, tb.bAuth, tb.bTrans, tb.bISBN, tb.bDate, 
    				tb.bPcount, tb.bPages, tb.bStyle, tb.bSize,  tb.bMprice, tb.bJDprice, 
    				tb.bImg, tb.bEditor, tb.bCon, tb.bTree,tp.pName,tc.cName as cn,tc1.cName as cn1 from think_books as tb left join think_pub as tp on tb.pId=tp.pId left join think_cat as tc on tb.bFid=tc.cId left join think_cat as tc1 on tb.bSid=tc1.cId where tb.bId=1 [ RunTime:0.001000s ]
INFO: [ view_template ] --START--
INFO: Run LocationTemplate Behavior [ RunTime:0.003000s ]
INFO: [ view_template ] --END-- [ RunTime:0.004000s ]
INFO: [ view_parse ] --START--
INFO: Run ParseTemplate Behavior [ RunTime:0.024001s ]
INFO: [ view_parse ] --END-- [ RunTime:0.024001s ]
INFO: [ view_filter ] --START--
INFO: Run ContentReplace Behavior [ RunTime:0.001000s ]
INFO: Run TokenBuild Behavior [ RunTime:0.001000s ]
INFO: Run WriteHtmlCache Behavior [ RunTime:0.001000s ]
INFO: Run ShowRuntime Behavior [ RunTime:0.000000s ]
INFO: [ view_filter ] --END-- [ RunTime:0.003000s ]
INFO: [ view_end ] --START--
INFO: Run ShowPageTrace Behavior [ RunTime:0.001000s ]
INFO: [ view_end ] --END-- [ RunTime:0.001000s ]

[ 2017-02-17T15:21:59+08:00 ] 0.0.0.0 /12/pro/index.php/Index/myCar
INFO: [ route_check ] --START--
INFO: Run CheckRoute Behavior [ RunTime:0.002000s ]
INFO: [ route_check ] --END-- [ RunTime:0.003000s ]
INFO: [ app_begin ] --START--
INFO: Run ReadHtmlCache Behavior [ RunTime:0.001000s ]
INFO: [ app_begin ] --END-- [ RunTime:0.001000s ]
NOTIC: [2048] Declaration of IndexAction::success() should be compatible with that of Action::success() F:\ease\php_lesson\12\pro\home\Lib\Action\IndexAction.class.php 第 243 行.
SQL: SHOW COLUMNS FROM `think_car` [ RunTime:0.008000s ]
SQL: select tb.bId,tb.bCode,tb.bImg,tb.bName,tb.bJDprice,tca.caCount from think_car as tca left join think_books as tb on tca.bId=tb.bId where tca.caTmpCode=14872278042938 [ RunTime:0.001000s ]
INFO: [ view_template ] --START--
INFO: Run LocationTemplate Behavior [ RunTime:0.001000s ]
INFO: [ view_template ] --END-- [ RunTime:0.001000s ]
INFO: [ view_parse ] --START--
INFO: Run ParseTemplate Behavior [ RunTime:0.013001s ]
INFO: [ view_parse ] --END-- [ RunTime:0.013001s ]
INFO: [ view_filter ] --START--
INFO: Run ContentReplace Behavior [ RunTime:0.001000s ]
INFO: Run TokenBuild Behavior [ RunTime:0.001000s ]
INFO: Run WriteHtmlCache Behavior [ RunTime:0.000000s ]
INFO: Run ShowRuntime Behavior [ RunTime:0.002000s ]
INFO: [ view_filter ] --END-- [ RunTime:0.004000s ]
INFO: [ view_end ] --START--
INFO: Run ShowPageTrace Behavior [ RunTime:0.001000s ]
INFO: [ view_end ] --END-- [ RunTime:0.002001s ]

[ 2017-02-17T15:22:59+08:00 ] 0.0.0.0 /12/pro/index.php/Index/login
INFO: [ route_check ] --START--
INFO: Run CheckRoute Behavior [ RunTime:0.003000s ]
INFO: [ route_check ] --END-- [ RunTime:0.003000s ]
INFO: [ app_begin ] --START--
INFO: Run ReadHtmlCache Behavior [ RunTime:0.001000s ]
INFO: [ app_begin ] --END-- [ RunTime:0.002000s ]
NOTIC: [2048] Declaration of IndexAction::success() should be compatible with that of Action::success() F:\ease\php_lesson\12\pro\home\Lib\Action\IndexAction.class.php 第 243 行.
INFO: [ view_template ] --START--
INFO: Run LocationTemplate Behavior [ RunTime:0.002000s ]
INFO: [ view_template ] --END-- [ RunTime:0.002000s ]
INFO: [ view_parse ] --START--
INFO: Run ParseTemplate Behavior [ RunTime:0.027002s ]
INFO: [ view_parse ] --END-- [ RunTime:0.027002s ]
INFO: [ view_filter ] --START--
INFO: Run ContentReplace Behavior [ RunTime:0.001000s ]
INFO: Run TokenBuild Behavior [ RunTime:0.001000s ]
INFO: Run WriteHtmlCache Behavior [ RunTime:0.000000s ]
INFO: Run ShowRuntime Behavior [ RunTime:0.000000s ]
INFO: [ view_filter ] --END-- [ RunTime:0.003000s ]
INFO: [ view_end ] --START--
INFO: Run ShowPageTrace Behavior [ RunTime:0.001000s ]
INFO: [ view_end ] --END-- [ RunTime:0.001000s ]

[ 2017-02-17T15:23:49+08:00 ] 0.0.0.0 /12/pro/index.php/Index/editOrderInfo
INFO: [ route_check ] --START--
INFO: Run CheckRoute Behavior [ RunTime:0.002000s ]
INFO: [ route_check ] --END-- [ RunTime:0.002000s ]
INFO: [ app_begin ] --START--
INFO: Run ReadHtmlCache Behavior [ RunTime:0.002000s ]
INFO: [ app_begin ] --END-- [ RunTime:0.002000s ]
NOTIC: [2048] Declaration of IndexAction::success() should be compatible with that of Action::success() F:\ease\php_lesson\12\pro\home\Lib\Action\IndexAction.class.php 第 243 行.
INFO: [ view_template ] --START--
INFO: Run LocationTemplate Behavior [ RunTime:0.002001s ]
INFO: [ view_template ] --END-- [ RunTime:0.002001s ]
INFO: [ view_parse ] --START--
INFO: Run ParseTemplate Behavior [ RunTime:0.035002s ]
INFO: [ view_parse ] --END-- [ RunTime:0.035002s ]
INFO: [ view_filter ] --START--
INFO: Run ContentReplace Behavior [ RunTime:0.001000s ]
INFO: Run TokenBuild Behavior [ RunTime:0.001000s ]
INFO: Run WriteHtmlCache Behavior [ RunTime:0.001000s ]
INFO: Run ShowRuntime Behavior [ RunTime:0.001000s ]
INFO: [ view_filter ] --END-- [ RunTime:0.004000s ]
INFO: [ view_end ] --START--
INFO: Run ShowPageTrace Behavior [ RunTime:0.001000s ]
INFO: [ view_end ] --END-- [ RunTime:0.001000s ]

[ 2017-02-17T15:26:32+08:00 ] 0.0.0.0 /12/pro/index.php
INFO: [ app_begin ] --START--
INFO: Run ReadHtmlCache Behavior [ RunTime:0.002000s ]
INFO: [ app_begin ] --END-- [ RunTime:0.002000s ]
NOTIC: [2048] Declaration of IndexAction::success() should be compatible with that of Action::success() F:\ease\php_lesson\12\pro\home\Lib\Action\IndexAction.class.php 第 243 行.
SQL: SHOW COLUMNS FROM `think_cat` [ RunTime:0.005000s ]
SQL: SELECT * FROM `think_cat` WHERE ( cPid=0 )  [ RunTime:0.001000s ]
SQL: SHOW COLUMNS FROM `think_pub` [ RunTime:0.004000s ]
SQL: SELECT * FROM `think_pub` LIMIT 0,4   [ RunTime:0.000000s ]
SQL: SELECT * FROM `think_pub` LIMIT 4,10   [ RunTime:0.000000s ]
SQL: SHOW COLUMNS FROM `think_books` [ RunTime:0.003000s ]
SQL: select tb.bName,tb.bImg,tb.bMprice,tb.bJDprice,tc.cName from think_books as tb  left join think_cat as tc on tb.bFid=tc.cId and tb.bState=2 [ RunTime:0.000000s ]
INFO: [ view_template ] --START--
INFO: Run LocationTemplate Behavior [ RunTime:0.001001s ]
INFO: [ view_template ] --END-- [ RunTime:0.001001s ]
INFO: [ view_parse ] --START--
INFO: Run ParseTemplate Behavior [ RunTime:0.024001s ]
INFO: [ view_parse ] --END-- [ RunTime:0.024001s ]
INFO: [ view_filter ] --START--
INFO: Run ContentReplace Behavior [ RunTime:0.001000s ]
INFO: Run TokenBuild Behavior [ RunTime:0.000000s ]
INFO: Run WriteHtmlCache Behavior [ RunTime:0.001000s ]
INFO: Run ShowRuntime Behavior [ RunTime:0.000000s ]
INFO: [ view_filter ] --END-- [ RunTime:0.002000s ]
INFO: [ view_end ] --START--
INFO: Run ShowPageTrace Behavior [ RunTime:0.001000s ]
INFO: [ view_end ] --END-- [ RunTime:0.001000s ]

[ 2017-02-17T15:26:37+08:00 ] 0.0.0.0 /12/pro/index.php/Index/booksList/cId/2
INFO: [ route_check ] --START--
INFO: Run CheckRoute Behavior [ RunTime:0.001001s ]
INFO: [ route_check ] --END-- [ RunTime:0.001001s ]
INFO: [ app_begin ] --START--
INFO: Run ReadHtmlCache Behavior [ RunTime:0.001000s ]
INFO: [ app_begin ] --END-- [ RunTime:0.001000s ]
NOTIC: [2048] Declaration of IndexAction::success() should be compatible with that of Action::success() F:\ease\php_lesson\12\pro\home\Lib\Action\IndexAction.class.php 第 243 行.
SQL: SHOW COLUMNS FROM `think_cat` [ RunTime:0.008000s ]
SQL: SELECT * FROM `think_cat` WHERE ( cPid=2 )  [ RunTime:0.000000s ]
SQL: SHOW COLUMNS FROM `think_books` [ RunTime:0.027002s ]
SQL: select tb.bId,tb.bName,tb.bImg,tb.bAuth,tb.bDate,tb.bMprice,tb.bJDprice,tp.pName from think_books as tb left join think_pub as tp on tb.pId=tp.pId where tb.bFid=2 [ RunTime:0.001000s ]
INFO: [ view_template ] --START--
INFO: Run LocationTemplate Behavior [ RunTime:0.003000s ]
INFO: [ view_template ] --END-- [ RunTime:0.003000s ]
INFO: [ view_parse ] --START--
INFO: Run ParseTemplate Behavior [ RunTime:0.025001s ]
INFO: [ view_parse ] --END-- [ RunTime:0.025001s ]
INFO: [ view_filter ] --START--
INFO: Run ContentReplace Behavior [ RunTime:0.000000s ]
INFO: Run TokenBuild Behavior [ RunTime:0.001000s ]
INFO: Run WriteHtmlCache Behavior [ RunTime:0.001001s ]
INFO: Run ShowRuntime Behavior [ RunTime:0.001000s ]
INFO: [ view_filter ] --END-- [ RunTime:0.003001s ]
INFO: [ view_end ] --START--
INFO: Run ShowPageTrace Behavior [ RunTime:0.001000s ]
INFO: [ view_end ] --END-- [ RunTime:0.001000s ]

