[ 2017-07-15T09:50:32+08:00 ] 192.168.0.207 /wysc.hwk/
INFO: [ app_begin ] --START--
INFO: ReadHtmlCache Behavior ::run [ RunTime:0.003657s ]
INFO: [ app_begin ] --END-- [ RunTime:0.004526s ]
NOTIC: [2048] Declaration of IndexAction::show() should be compatible with that of Action::show() F:\ease\php_lesson\14\source\wysc.hwk\Lib\Action\Home\IndexAction.class.php 第 349 行.
NOTIC: [2048] Declaration of CommonAction::error() should be compatible with that of Action::error() F:\ease\php_lesson\14\source\wysc.hwk\Lib\Action\Home\CommonAction.class.php 第 232 行.
NOTIC: [8] Use of undefined constant user - assumed 'user' F:\ease\php_lesson\14\source\wysc.hwk\Lib\Action\Home\CommonAction.class.php 第 8 行.
NOTIC: [8] Undefined index:  user F:\ease\php_lesson\14\source\wysc.hwk\Lib\Action\Home\CommonAction.class.php 第 8 行.
SQL: SHOW COLUMNS FROM `category` [ RunTime:0.085317s ]
SQL: SELECT * FROM `category` WHERE ( pid='0' and is_show=1  )  [ RunTime:0.048707s ]
SQL: SHOW COLUMNS FROM `category` [ RunTime:0.010165s ]
SQL: SELECT COUNT(*) AS tp_count FROM `category` WHERE ( pid='0' ) LIMIT 1   [ RunTime:0.002131s ]
SQL: SELECT * FROM `category` WHERE ( pid='0' )  [ RunTime:0.000583s ]
SQL: SELECT COUNT(*) AS tp_count FROM `category` WHERE ( pid='1' ) LIMIT 1   [ RunTime:0.000518s ]
SQL: SELECT COUNT(*) AS tp_count FROM `category` WHERE ( pid='1' ) LIMIT 1   [ RunTime:0.000493s ]
SQL: SELECT * FROM `category` WHERE ( pid='1' )  [ RunTime:0.000613s ]
SQL: SELECT COUNT(*) AS tp_count FROM `category` WHERE ( pid='8' ) LIMIT 1   [ RunTime:0.000591s ]
SQL: SELECT COUNT(*) AS tp_count FROM `category` WHERE ( pid='8' ) LIMIT 1   [ RunTime:0.000520s ]
SQL: SELECT * FROM `category` WHERE ( pid='8' )  [ RunTime:0.000542s ]
SQL: SELECT COUNT(*) AS tp_count FROM `category` WHERE ( pid='13' ) LIMIT 1   [ RunTime:0.000503s ]
SQL: SELECT COUNT(*) AS tp_count FROM `category` WHERE ( pid='15' ) LIMIT 1   [ RunTime:0.000483s ]
SQL: SELECT COUNT(*) AS tp_count FROM `category` WHERE ( pid='9' ) LIMIT 1   [ RunTime:0.000476s ]
SQL: SELECT COUNT(*) AS tp_count FROM `category` WHERE ( pid='10' ) LIMIT 1   [ RunTime:0.000475s ]
SQL: SELECT COUNT(*) AS tp_count FROM `category` WHERE ( pid='11' ) LIMIT 1   [ RunTime:0.000472s ]
SQL: SELECT COUNT(*) AS tp_count FROM `category` WHERE ( pid='12' ) LIMIT 1   [ RunTime:0.000469s ]
SQL: SELECT COUNT(*) AS tp_count FROM `category` WHERE ( pid='2' ) LIMIT 1   [ RunTime:0.000473s ]
SQL: SELECT COUNT(*) AS tp_count FROM `category` WHERE ( pid='3' ) LIMIT 1   [ RunTime:0.000469s ]
SQL: SELECT COUNT(*) AS tp_count FROM `category` WHERE ( pid='4' ) LIMIT 1   [ RunTime:0.000467s ]
SQL: SELECT COUNT(*) AS tp_count FROM `category` WHERE ( pid='5' ) LIMIT 1   [ RunTime:0.000466s ]
SQL: SELECT COUNT(*) AS tp_count FROM `category` WHERE ( pid='6' ) LIMIT 1   [ RunTime:0.000466s ]
SQL: SELECT COUNT(*) AS tp_count FROM `category` WHERE ( pid='7' ) LIMIT 1   [ RunTime:0.000465s ]
SQL: SELECT COUNT(*) AS tp_count FROM `category` WHERE ( pid='16' ) LIMIT 1   [ RunTime:0.000406s ]
SQL: SELECT COUNT(*) AS tp_count FROM `category` WHERE ( pid='17' ) LIMIT 1   [ RunTime:0.000251s ]
SQL: SELECT COUNT(*) AS tp_count FROM `category` WHERE ( pid='18' ) LIMIT 1   [ RunTime:0.000247s ]
SQL: SELECT COUNT(*) AS tp_count FROM `category` WHERE ( pid='19' ) LIMIT 1   [ RunTime:0.000248s ]
SQL: SELECT COUNT(*) AS tp_count FROM `category` WHERE ( pid='20' ) LIMIT 1   [ RunTime:0.000249s ]
SQL: SELECT COUNT(*) AS tp_count FROM `category` WHERE ( pid='21' ) LIMIT 1   [ RunTime:0.000249s ]
SQL: SHOW COLUMNS FROM `goods` [ RunTime:0.022614s ]
SQL: SELECT * FROM `goods` WHERE ( goodtype_id=1 and thumb!='' ) ORDER BY listorder asc, id desc LIMIT 4   [ RunTime:0.001294s ]
SQL: SELECT * FROM `goods` WHERE ( goodtype_id=5 and thumb!='' ) ORDER BY listorder asc, id desc LIMIT 5   [ RunTime:0.000355s ]
SQL: SELECT * FROM `goods` WHERE ( goodtype_id=3 and thumb!='' ) ORDER BY listorder asc, id desc LIMIT 5   [ RunTime:0.000337s ]
SQL: SHOW COLUMNS FROM `goods` [ RunTime:0.007949s ]
SQL: SHOW COLUMNS FROM `category` [ RunTime:0.007357s ]
SQL: SELECT COUNT(*) AS tp_count FROM `category` WHERE ( pid='13' ) LIMIT 1   [ RunTime:0.000418s ]
NOTIC: [2] Invalid argument supplied for foreach() F:\ease\php_lesson\14\source\wysc.hwk\Lib\Action\Home\CommonAction.class.php 第 29 行.
SQL: SELECT * FROM `goods` WHERE ( category_id in('13') and thumb!=' ' ) ORDER BY listorder asc, id desc LIMIT 2   [ RunTime:0.000638s ]
SQL: SHOW COLUMNS FROM `goods` [ RunTime:0.007609s ]
SQL: SHOW COLUMNS FROM `category` [ RunTime:0.007208s ]
SQL: SELECT COUNT(*) AS tp_count FROM `category` WHERE ( pid='14' ) LIMIT 1   [ RunTime:0.000404s ]
NOTIC: [2] Invalid argument supplied for foreach() F:\ease\php_lesson\14\source\wysc.hwk\Lib\Action\Home\CommonAction.class.php 第 29 行.
SQL: SELECT * FROM `goods` WHERE ( category_id in('14') and thumb!=' ' ) ORDER BY listorder asc, id desc LIMIT 1   [ RunTime:0.000489s ]
SQL: SHOW COLUMNS FROM `brand` [ RunTime:0.008874s ]
SQL: SELECT * FROM `brand` ORDER BY id desc LIMIT 16   [ RunTime:0.000429s ]
SQL: SHOW COLUMNS FROM `news` [ RunTime:0.028779s ]
SQL: SELECT `id`,`title`,`thumb` FROM `news` WHERE ( newscate_id=1 and thumb!='' ) ORDER BY id desc LIMIT 4   [ RunTime:0.000227s ]
SQL: SELECT * FROM `news` WHERE ( `id` = 9 ) LIMIT 1   [ RunTime:0.000469s ]
SQL: SELECT * FROM `news` WHERE ( `id` = 10 ) LIMIT 1   [ RunTime:0.000167s ]
SQL: SELECT * FROM `news` WHERE ( `id` = 11 ) LIMIT 1   [ RunTime:0.000214s ]
SQL: SELECT * FROM `news` WHERE ( `id` = 12 ) LIMIT 1   [ RunTime:0.000203s ]
INFO: [ view_parse ] --START--
NOTIC: [8] Use of undefined constant id - assumed 'id' F:\ease\php_lesson\14\source\wysc.hwk\Runtime\Cache\Home\1e751b87f8fbd65507934c31e03c721f.php 第 18 行.
NOTIC: [8] Use of undefined constant id - assumed 'id' F:\ease\php_lesson\14\source\wysc.hwk\Runtime\Cache\Home\1e751b87f8fbd65507934c31e03c721f.php 第 52 行.
NOTIC: [8] Use of undefined constant catename - assumed 'catename' F:\ease\php_lesson\14\source\wysc.hwk\Runtime\Cache\Home\1e751b87f8fbd65507934c31e03c721f.php 第 52 行.
NOTIC: [8] Undefined index:  catename F:\ease\php_lesson\14\source\wysc.hwk\Runtime\Cache\Home\1e751b87f8fbd65507934c31e03c721f.php 第 52 行.
NOTIC: [8] Use of undefined constant id - assumed 'id' F:\ease\php_lesson\14\source\wysc.hwk\Runtime\Cache\Home\1e751b87f8fbd65507934c31e03c721f.php 第 52 行.
NOTIC: [8] Use of undefined constant catename - assumed 'catename' F:\ease\php_lesson\14\source\wysc.hwk\Runtime\Cache\Home\1e751b87f8fbd65507934c31e03c721f.php 第 52 行.
NOTIC: [8] Undefined index:  catename F:\ease\php_lesson\14\source\wysc.hwk\Runtime\Cache\Home\1e751b87f8fbd65507934c31e03c721f.php 第 52 行.
NOTIC: [8] Use of undefined constant id - assumed 'id' F:\ease\php_lesson\14\source\wysc.hwk\Runtime\Cache\Home\1e751b87f8fbd65507934c31e03c721f.php 第 52 行.
NOTIC: [8] Use of undefined constant catename - assumed 'catename' F:\ease\php_lesson\14\source\wysc.hwk\Runtime\Cache\Home\1e751b87f8fbd65507934c31e03c721f.php 第 52 行.
NOTIC: [8] Undefined index:  catename F:\ease\php_lesson\14\source\wysc.hwk\Runtime\Cache\Home\1e751b87f8fbd65507934c31e03c721f.php 第 52 行.
NOTIC: [8] Use of undefined constant id - assumed 'id' F:\ease\php_lesson\14\source\wysc.hwk\Runtime\Cache\Home\1e751b87f8fbd65507934c31e03c721f.php 第 52 行.
NOTIC: [8] Use of undefined constant catename - assumed 'catename' F:\ease\php_lesson\14\source\wysc.hwk\Runtime\Cache\Home\1e751b87f8fbd65507934c31e03c721f.php 第 52 行.
NOTIC: [8] Undefined index:  catename F:\ease\php_lesson\14\source\wysc.hwk\Runtime\Cache\Home\1e751b87f8fbd65507934c31e03c721f.php 第 52 行.
NOTIC: [8] Use of undefined constant id - assumed 'id' F:\ease\php_lesson\14\source\wysc.hwk\Runtime\Cache\Home\1e751b87f8fbd65507934c31e03c721f.php 第 52 行.
NOTIC: [8] Use of undefined constant catename - assumed 'catename' F:\ease\php_lesson\14\source\wysc.hwk\Runtime\Cache\Home\1e751b87f8fbd65507934c31e03c721f.php 第 52 行.
NOTIC: [8] Undefined index:  catename F:\ease\php_lesson\14\source\wysc.hwk\Runtime\Cache\Home\1e751b87f8fbd65507934c31e03c721f.php 第 52 行.
NOTIC: [8] Use of undefined constant id - assumed 'id' F:\ease\php_lesson\14\source\wysc.hwk\Runtime\Cache\Home\1e751b87f8fbd65507934c31e03c721f.php 第 52 行.
NOTIC: [8] Use of undefined constant catename - assumed 'catename' F:\ease\php_lesson\14\source\wysc.hwk\Runtime\Cache\Home\1e751b87f8fbd65507934c31e03c721f.php 第 52 行.
NOTIC: [8] Undefined index:  catename F:\ease\php_lesson\14\source\wysc.hwk\Runtime\Cache\Home\1e751b87f8fbd65507934c31e03c721f.php 第 52 行.
NOTIC: [8] Use of undefined constant id - assumed 'id' F:\ease\php_lesson\14\source\wysc.hwk\Runtime\Cache\Home\1e751b87f8fbd65507934c31e03c721f.php 第 52 行.
NOTIC: [8] Use of undefined constant catename - assumed 'catename' F:\ease\php_lesson\14\source\wysc.hwk\Runtime\Cache\Home\1e751b87f8fbd65507934c31e03c721f.php 第 52 行.
NOTIC: [8] Undefined index:  catename F:\ease\php_lesson\14\source\wysc.hwk\Runtime\Cache\Home\1e751b87f8fbd65507934c31e03c721f.php 第 52 行.
NOTIC: [8] Use of undefined constant id - assumed 'id' F:\ease\php_lesson\14\source\wysc.hwk\Runtime\Cache\Home\1e751b87f8fbd65507934c31e03c721f.php 第 52 行.
NOTIC: [8] Use of undefined constant catename - assumed 'catename' F:\ease\php_lesson\14\source\wysc.hwk\Runtime\Cache\Home\1e751b87f8fbd65507934c31e03c721f.php 第 52 行.
NOTIC: [8] Undefined index:  catename F:\ease\php_lesson\14\source\wysc.hwk\Runtime\Cache\Home\1e751b87f8fbd65507934c31e03c721f.php 第 52 行.
NOTIC: [8] Use of undefined constant id - assumed 'id' F:\ease\php_lesson\14\source\wysc.hwk\Runtime\Cache\Home\1e751b87f8fbd65507934c31e03c721f.php 第 52 行.
NOTIC: [8] Use of undefined constant catename - assumed 'catename' F:\ease\php_lesson\14\source\wysc.hwk\Runtime\Cache\Home\1e751b87f8fbd65507934c31e03c721f.php 第 52 行.
NOTIC: [8] Undefined index:  catename F:\ease\php_lesson\14\source\wysc.hwk\Runtime\Cache\Home\1e751b87f8fbd65507934c31e03c721f.php 第 52 行.
NOTIC: [8] Use of undefined constant id - assumed 'id' F:\ease\php_lesson\14\source\wysc.hwk\Runtime\Cache\Home\1e751b87f8fbd65507934c31e03c721f.php 第 52 行.
NOTIC: [8] Use of undefined constant catename - assumed 'catename' F:\ease\php_lesson\14\source\wysc.hwk\Runtime\Cache\Home\1e751b87f8fbd65507934c31e03c721f.php 第 52 行.
NOTIC: [8] Undefined index:  catename F:\ease\php_lesson\14\source\wysc.hwk\Runtime\Cache\Home\1e751b87f8fbd65507934c31e03c721f.php 第 52 行.
NOTIC: [8] Use of undefined constant id - assumed 'id' F:\ease\php_lesson\14\source\wysc.hwk\Runtime\Cache\Home\1e751b87f8fbd65507934c31e03c721f.php 第 52 行.
NOTIC: [8] Use of undefined constant catename - assumed 'catename' F:\ease\php_lesson\14\source\wysc.hwk\Runtime\Cache\Home\1e751b87f8fbd65507934c31e03c721f.php 第 52 行.
NOTIC: [8] Undefined index:  catename F:\ease\php_lesson\14\source\wysc.hwk\Runtime\Cache\Home\1e751b87f8fbd65507934c31e03c721f.php 第 52 行.
NOTIC: [8] Use of undefined constant id - assumed 'id' F:\ease\php_lesson\14\source\wysc.hwk\Runtime\Cache\Home\1e751b87f8fbd65507934c31e03c721f.php 第 62 行.
NOTIC: [8] Use of undefined constant catename - assumed 'catename' F:\ease\php_lesson\14\source\wysc.hwk\Runtime\Cache\Home\1e751b87f8fbd65507934c31e03c721f.php 第 62 行.
NOTIC: [8] Undefined index:  catename F:\ease\php_lesson\14\source\wysc.hwk\Runtime\Cache\Home\1e751b87f8fbd65507934c31e03c721f.php 第 62 行.
NOTIC: [8] Use of undefined constant children - assumed 'children' F:\ease\php_lesson\14\source\wysc.hwk\Runtime\Cache\Home\1e751b87f8fbd65507934c31e03c721f.php 第 64 行.
NOTIC: [8] Use of undefined constant children - assumed 'children' F:\ease\php_lesson\14\source\wysc.hwk\Runtime\Cache\Home\1e751b87f8fbd65507934c31e03c721f.php 第 64 行.
NOTIC: [8] Use of undefined constant id - assumed 'id' F:\ease\php_lesson\14\source\wysc.hwk\Runtime\Cache\Home\1e751b87f8fbd65507934c31e03c721f.php 第 65 行.
NOTIC: [8] Use of undefined constant catename - assumed 'catename' F:\ease\php_lesson\14\source\wysc.hwk\Runtime\Cache\Home\1e751b87f8fbd65507934c31e03c721f.php 第 65 行.
NOTIC: [8] Undefined index:  catename F:\ease\php_lesson\14\source\wysc.hwk\Runtime\Cache\Home\1e751b87f8fbd65507934c31e03c721f.php 第 65 行.
NOTIC: [8] Use of undefined constant children - assumed 'children' F:\ease\php_lesson\14\source\wysc.hwk\Runtime\Cache\Home\1e751b87f8fbd65507934c31e03c721f.php 第 66 行.
NOTIC: [8] Use of undefined constant children - assumed 'children' F:\ease\php_lesson\14\source\wysc.hwk\Runtime\Cache\Home\1e751b87f8fbd65507934c31e03c721f.php 第 66 行.
NOTIC: [8] Use of undefined constant id - assumed 'id' F:\ease\php_lesson\14\source\wysc.hwk\Runtime\Cache\Home\1e751b87f8fbd65507934c31e03c721f.php 第 66 行.
NOTIC: [8] Use of undefined constant catename - assumed 'catename' F:\ease\php_lesson\14\source\wysc.hwk\Runtime\Cache\Home\1e751b87f8fbd65507934c31e03c721f.php 第 66 行.
NOTIC: [8] Undefined index:  catename F:\ease\php_lesson\14\source\wysc.hwk\Runtime\Cache\Home\1e751b87f8fbd65507934c31e03c721f.php 第 66 行.
NOTIC: [8] Use of undefined constant id - assumed 'id' F:\ease\php_lesson\14\source\wysc.hwk\Runtime\Cache\Home\1e751b87f8fbd65507934c31e03c721f.php 第 66 行.
NOTIC: [8] Use of undefined constant catename - assumed 'catename' F:\ease\php_lesson\14\source\wysc.hwk\Runtime\Cache\Home\1e751b87f8fbd65507934c31e03c721f.php 第 66 行.
NOTIC: [8] Undefined index:  catename F:\ease\php_lesson\14\source\wysc.hwk\Runtime\Cache\Home\1e751b87f8fbd65507934c31e03c721f.php 第 66 行.
NOTIC: [8] Use of undefined constant id - assumed 'id' F:\ease\php_lesson\14\source\wysc.hwk\Runtime\Cache\Home\1e751b87f8fbd65507934c31e03c721f.php 第 65 行.
NOTIC: [8] Use of undefined constant catename - assumed 'catename' F:\ease\php_lesson\14\source\wysc.hwk\Runtime\Cache\Home\1e751b87f8fbd65507934c31e03c721f.php 第 65 行.
NOTIC: [8] Undefined index:  catename F:\ease\php_lesson\14\source\wysc.hwk\Runtime\Cache\Home\1e751b87f8fbd65507934c31e03c721f.php 第 65 行.
NOTIC: [8] Use of undefined constant children - assumed 'children' F:\ease\php_lesson\14\source\wysc.hwk\Runtime\Cache\Home\1e751b87f8fbd65507934c31e03c721f.php 第 66 行.
NOTIC: [8] Undefined index:  children F:\ease\php_lesson\14\source\wysc.hwk\Runtime\Cache\Home\1e751b87f8fbd65507934c31e03c721f.php 第 66 行.
NOTIC: [8] Use of undefined constant id - assumed 'id' F:\ease\php_lesson\14\source\wysc.hwk\Runtime\Cache\Home\1e751b87f8fbd65507934c31e03c721f.php 第 65 行.
NOTIC: [8] Use of undefined constant catename - assumed 'catename' F:\ease\php_lesson\14\source\wysc.hwk\Runtime\Cache\Home\1e751b87f8fbd65507934c31e03c721f.php 第 65 行.
NOTIC: [8] Undefined index:  catename F:\ease\php_lesson\14\source\wysc.hwk\Runtime\Cache\Home\1e751b87f8fbd65507934c31e03c721f.php 第 65 行.
NOTIC: [8] Use of undefined constant children - assumed 'children' F:\ease\php_lesson\14\source\wysc.hwk\Runtime\Cache\Home\1e751b87f8fbd65507934c31e03c721f.php 第 66 行.
NOTIC: [8] Undefined index:  children F:\ease\php_lesson\14\source\wysc.hwk\Runtime\Cache\Home\1e751b87f8fbd65507934c31e03c721f.php 第 66 行.
NOTIC: [8] Use of undefined constant id - assumed 'id' F:\ease\php_lesson\14\source\wysc.hwk\Runtime\Cache\Home\1e751b87f8fbd65507934c31e03c721f.php 第 65 行.
NOTIC: [8] Use of undefined constant catename - assumed 'catename' F:\ease\php_lesson\14\source\wysc.hwk\Runtime\Cache\Home\1e751b87f8fbd65507934c31e03c721f.php 第 65 行.
NOTIC: [8] Undefined index:  catename F:\ease\php_lesson\14\source\wysc.hwk\Runtime\Cache\Home\1e751b87f8fbd65507934c31e03c721f.php 第 65 行.
NOTIC: [8] Use of undefined constant children - assumed 'children' F:\ease\php_lesson\14\source\wysc.hwk\Runtime\Cache\Home\1e751b87f8fbd65507934c31e03c721f.php 第 66 行.
NOTIC: [8] Undefined index:  children F:\ease\php_lesson\14\source\wysc.hwk\Runtime\Cache\Home\1e751b87f8fbd65507934c31e03c721f.php 第 66 行.
NOTIC: [8] Use of undefined constant id - assumed 'id' F:\ease\php_lesson\14\source\wysc.hwk\Runtime\Cache\Home\1e751b87f8fbd65507934c31e03c721f.php 第 65 行.
NOTIC: [8] Use of undefined constant catename - assumed 'catename' F:\ease\php_lesson\14\source\wysc.hwk\Runtime\Cache\Home\1e751b87f8fbd65507934c31e03c721f.php 第 65 行.
NOTIC: [8] Undefined index:  catename F:\ease\php_lesson\14\source\wysc.hwk\Runtime\Cache\Home\1e751b87f8fbd65507934c31e03c721f.php 第 65 行.
NOTIC: [8] Use of undefined constant children - assumed 'children' F:\ease\php_lesson\14\source\wysc.hwk\Runtime\Cache\Home\1e751b87f8fbd65507934c31e03c721f.php 第 66 行.
NOTIC: [8] Undefined index:  children F:\ease\php_lesson\14\source\wysc.hwk\Runtime\Cache\Home\1e751b87f8fbd65507934c31e03c721f.php 第 66 行.
NOTIC: [8] Use of undefined constant id - assumed 'id' F:\ease\php_lesson\14\source\wysc.hwk\Runtime\Cache\Home\1e751b87f8fbd65507934c31e03c721f.php 第 62 行.
NOTIC: [8] Use of undefined constant catename - assumed 'catename' F:\ease\php_lesson\14\source\wysc.hwk\Runtime\Cache\Home\1e751b87f8fbd65507934c31e03c721f.php 第 62 行.
NOTIC: [8] Undefined index:  catename F:\ease\php_lesson\14\source\wysc.hwk\Runtime\Cache\Home\1e751b87f8fbd65507934c31e03c721f.php 第 62 行.
NOTIC: [8] Use of undefined constant children - assumed 'children' F:\ease\php_lesson\14\source\wysc.hwk\Runtime\Cache\Home\1e751b87f8fbd65507934c31e03c721f.php 第 64 行.
NOTIC: [8] Undefined index:  children F:\ease\php_lesson\14\source\wysc.hwk\Runtime\Cache\Home\1e751b87f8fbd65507934c31e03c721f.php 第 64 行.
NOTIC: [8] Use of undefined constant id - assumed 'id' F:\ease\php_lesson\14\source\wysc.hwk\Runtime\Cache\Home\1e751b87f8fbd65507934c31e03c721f.php 第 62 行.
NOTIC: [8] Use of undefined constant catename - assumed 'catename' F:\ease\php_lesson\14\source\wysc.hwk\Runtime\Cache\Home\1e751b87f8fbd65507934c31e03c721f.php 第 62 行.
NOTIC: [8] Undefined index:  catename F:\ease\php_lesson\14\source\wysc.hwk\Runtime\Cache\Home\1e751b87f8fbd65507934c31e03c721f.php 第 62 行.
NOTIC: [8] Use of undefined constant children - assumed 'children' F:\ease\php_lesson\14\source\wysc.hwk\Runtime\Cache\Home\1e751b87f8fbd65507934c31e03c721f.php 第 64 行.
NOTIC: [8] Undefined index:  children F:\ease\php_lesson\14\source\wysc.hwk\Runtime\Cache\Home\1e751b87f8fbd65507934c31e03c721f.php 第 64 行.
NOTIC: [8] Use of undefined constant id - assumed 'id' F:\ease\php_lesson\14\source\wysc.hwk\Runtime\Cache\Home\1e751b87f8fbd65507934c31e03c721f.php 第 62 行.
NOTIC: [8] Use of undefined constant catename - assumed 'catename' F:\ease\php_lesson\14\source\wysc.hwk\Runtime\Cache\Home\1e751b87f8fbd65507934c31e03c721f.php 第 62 行.
NOTIC: [8] Undefined index:  catename F:\ease\php_lesson\14\source\wysc.hwk\Runtime\Cache\Home\1e751b87f8fbd65507934c31e03c721f.php 第 62 行.
NOTIC: [8] Use of undefined constant children - assumed 'children' F:\ease\php_lesson\14\source\wysc.hwk\Runtime\Cache\Home\1e751b87f8fbd65507934c31e03c721f.php 第 64 行.
NOTIC: [8] Undefined index:  children F:\ease\php_lesson\14\source\wysc.hwk\Runtime\Cache\Home\1e751b87f8fbd65507934c31e03c721f.php 第 64 行.
NOTIC: [8] Use of undefined constant id - assumed 'id' F:\ease\php_lesson\14\source\wysc.hwk\Runtime\Cache\Home\1e751b87f8fbd65507934c31e03c721f.php 第 62 行.
NOTIC: [8] Use of undefined constant catename - assumed 'catename' F:\ease\php_lesson\14\source\wysc.hwk\Runtime\Cache\Home\1e751b87f8fbd65507934c31e03c721f.php 第 62 行.
NOTIC: [8] Undefined index:  catename F:\ease\php_lesson\14\source\wysc.hwk\Runtime\Cache\Home\1e751b87f8fbd65507934c31e03c721f.php 第 62 行.
NOTIC: [8] Use of undefined constant children - assumed 'children' F:\ease\php_lesson\14\source\wysc.hwk\Runtime\Cache\Home\1e751b87f8fbd65507934c31e03c721f.php 第 64 行.
NOTIC: [8] Undefined index:  children F:\ease\php_lesson\14\source\wysc.hwk\Runtime\Cache\Home\1e751b87f8fbd65507934c31e03c721f.php 第 64 行.
NOTIC: [8] Use of undefined constant id - assumed 'id' F:\ease\php_lesson\14\source\wysc.hwk\Runtime\Cache\Home\1e751b87f8fbd65507934c31e03c721f.php 第 62 行.
NOTIC: [8] Use of undefined constant catename - assumed 'catename' F:\ease\php_lesson\14\source\wysc.hwk\Runtime\Cache\Home\1e751b87f8fbd65507934c31e03c721f.php 第 62 行.
NOTIC: [8] Undefined index:  catename F:\ease\php_lesson\14\source\wysc.hwk\Runtime\Cache\Home\1e751b87f8fbd65507934c31e03c721f.php 第 62 行.
NOTIC: [8] Use of undefined constant children - assumed 'children' F:\ease\php_lesson\14\source\wysc.hwk\Runtime\Cache\Home\1e751b87f8fbd65507934c31e03c721f.php 第 64 行.
NOTIC: [8] Undefined index:  children F:\ease\php_lesson\14\source\wysc.hwk\Runtime\Cache\Home\1e751b87f8fbd65507934c31e03c721f.php 第 64 行.
NOTIC: [8] Use of undefined constant id - assumed 'id' F:\ease\php_lesson\14\source\wysc.hwk\Runtime\Cache\Home\1e751b87f8fbd65507934c31e03c721f.php 第 62 行.
NOTIC: [8] Use of undefined constant catename - assumed 'catename' F:\ease\php_lesson\14\source\wysc.hwk\Runtime\Cache\Home\1e751b87f8fbd65507934c31e03c721f.php 第 62 行.
NOTIC: [8] Undefined index:  catename F:\ease\php_lesson\14\source\wysc.hwk\Runtime\Cache\Home\1e751b87f8fbd65507934c31e03c721f.php 第 62 行.
NOTIC: [8] Use of undefined constant children - assumed 'children' F:\ease\php_lesson\14\source\wysc.hwk\Runtime\Cache\Home\1e751b87f8fbd65507934c31e03c721f.php 第 64 行.
NOTIC: [8] Undefined index:  children F:\ease\php_lesson\14\source\wysc.hwk\Runtime\Cache\Home\1e751b87f8fbd65507934c31e03c721f.php 第 64 行.
NOTIC: [8] Use of undefined constant id - assumed 'id' F:\ease\php_lesson\14\source\wysc.hwk\Runtime\Cache\Home\1e751b87f8fbd65507934c31e03c721f.php 第 62 行.
NOTIC: [8] Use of undefined constant catename - assumed 'catename' F:\ease\php_lesson\14\source\wysc.hwk\Runtime\Cache\Home\1e751b87f8fbd65507934c31e03c721f.php 第 62 行.
NOTIC: [8] Undefined index:  catename F:\ease\php_lesson\14\source\wysc.hwk\Runtime\Cache\Home\1e751b87f8fbd65507934c31e03c721f.php 第 62 行.
NOTIC: [8] Use of undefined constant children - assumed 'children' F:\ease\php_lesson\14\source\wysc.hwk\Runtime\Cache\Home\1e751b87f8fbd65507934c31e03c721f.php 第 64 行.
NOTIC: [8] Undefined index:  children F:\ease\php_lesson\14\source\wysc.hwk\Runtime\Cache\Home\1e751b87f8fbd65507934c31e03c721f.php 第 64 行.
NOTIC: [8] Use of undefined constant id - assumed 'id' F:\ease\php_lesson\14\source\wysc.hwk\Runtime\Cache\Home\1e751b87f8fbd65507934c31e03c721f.php 第 62 行.
NOTIC: [8] Use of undefined constant catename - assumed 'catename' F:\ease\php_lesson\14\source\wysc.hwk\Runtime\Cache\Home\1e751b87f8fbd65507934c31e03c721f.php 第 62 行.
NOTIC: [8] Undefined index:  catename F:\ease\php_lesson\14\source\wysc.hwk\Runtime\Cache\Home\1e751b87f8fbd65507934c31e03c721f.php 第 62 行.
NOTIC: [8] Use of undefined constant children - assumed 'children' F:\ease\php_lesson\14\source\wysc.hwk\Runtime\Cache\Home\1e751b87f8fbd65507934c31e03c721f.php 第 64 行.
NOTIC: [8] Undefined index:  children F:\ease\php_lesson\14\source\wysc.hwk\Runtime\Cache\Home\1e751b87f8fbd65507934c31e03c721f.php 第 64 行.
NOTIC: [8] Use of undefined constant id - assumed 'id' F:\ease\php_lesson\14\source\wysc.hwk\Runtime\Cache\Home\1e751b87f8fbd65507934c31e03c721f.php 第 62 行.
NOTIC: [8] Use of undefined constant catename - assumed 'catename' F:\ease\php_lesson\14\source\wysc.hwk\Runtime\Cache\Home\1e751b87f8fbd65507934c31e03c721f.php 第 62 行.
NOTIC: [8] Undefined index:  catename F:\ease\php_lesson\14\source\wysc.hwk\Runtime\Cache\Home\1e751b87f8fbd65507934c31e03c721f.php 第 62 行.
NOTIC: [8] Use of undefined constant children - assumed 'children' F:\ease\php_lesson\14\source\wysc.hwk\Runtime\Cache\Home\1e751b87f8fbd65507934c31e03c721f.php 第 64 行.
NOTIC: [8] Undefined index:  children F:\ease\php_lesson\14\source\wysc.hwk\Runtime\Cache\Home\1e751b87f8fbd65507934c31e03c721f.php 第 64 行.
NOTIC: [8] Use of undefined constant id - assumed 'id' F:\ease\php_lesson\14\source\wysc.hwk\Runtime\Cache\Home\1e751b87f8fbd65507934c31e03c721f.php 第 62 行.
NOTIC: [8] Use of undefined constant catename - assumed 'catename' F:\ease\php_lesson\14\source\wysc.hwk\Runtime\Cache\Home\1e751b87f8fbd65507934c31e03c721f.php 第 62 行.
NOTIC: [8] Undefined index:  catename F:\ease\php_lesson\14\source\wysc.hwk\Runtime\Cache\Home\1e751b87f8fbd65507934c31e03c721f.php 第 62 行.
NOTIC: [8] Use of undefined constant children - assumed 'children' F:\ease\php_lesson\14\source\wysc.hwk\Runtime\Cache\Home\1e751b87f8fbd65507934c31e03c721f.php 第 64 行.
NOTIC: [8] Undefined index:  children F:\ease\php_lesson\14\source\wysc.hwk\Runtime\Cache\Home\1e751b87f8fbd65507934c31e03c721f.php 第 64 行.
NOTIC: [8] Use of undefined constant id - assumed 'id' F:\ease\php_lesson\14\source\wysc.hwk\Runtime\Cache\Home\1e751b87f8fbd65507934c31e03c721f.php 第 62 行.
NOTIC: [8] Use of undefined constant catename - assumed 'catename' F:\ease\php_lesson\14\source\wysc.hwk\Runtime\Cache\Home\1e751b87f8fbd65507934c31e03c721f.php 第 62 行.
NOTIC: [8] Undefined index:  catename F:\ease\php_lesson\14\source\wysc.hwk\Runtime\Cache\Home\1e751b87f8fbd65507934c31e03c721f.php 第 62 行.
NOTIC: [8] Use of undefined constant children - assumed 'children' F:\ease\php_lesson\14\source\wysc.hwk\Runtime\Cache\Home\1e751b87f8fbd65507934c31e03c721f.php 第 64 行.
NOTIC: [8] Undefined index:  children F:\ease\php_lesson\14\source\wysc.hwk\Runtime\Cache\Home\1e751b87f8fbd65507934c31e03c721f.php 第 64 行.
NOTIC: [8] Use of undefined constant id - assumed 'id' F:\ease\php_lesson\14\source\wysc.hwk\Runtime\Cache\Home\1e751b87f8fbd65507934c31e03c721f.php 第 62 行.
NOTIC: [8] Use of undefined constant catename - assumed 'catename' F:\ease\php_lesson\14\source\wysc.hwk\Runtime\Cache\Home\1e751b87f8fbd65507934c31e03c721f.php 第 62 行.
NOTIC: [8] Undefined index:  catename F:\ease\php_lesson\14\source\wysc.hwk\Runtime\Cache\Home\1e751b87f8fbd65507934c31e03c721f.php 第 62 行.
NOTIC: [8] Use of undefined constant children - assumed 'children' F:\ease\php_lesson\14\source\wysc.hwk\Runtime\Cache\Home\1e751b87f8fbd65507934c31e03c721f.php 第 64 行.
NOTIC: [8] Undefined index:  children F:\ease\php_lesson\14\source\wysc.hwk\Runtime\Cache\Home\1e751b87f8fbd65507934c31e03c721f.php 第 64 行.
NOTIC: [8] Use of undefined constant id - assumed 'id' F:\ease\php_lesson\14\source\wysc.hwk\Runtime\Cache\Home\1e751b87f8fbd65507934c31e03c721f.php 第 89 行.
NOTIC: [8] Use of undefined constant thumb - assumed 'thumb' F:\ease\php_lesson\14\source\wysc.hwk\Runtime\Cache\Home\1e751b87f8fbd65507934c31e03c721f.php 第 89 行.
NOTIC: [8] Use of undefined constant id - assumed 'id' F:\ease\php_lesson\14\source\wysc.hwk\Runtime\Cache\Home\1e751b87f8fbd65507934c31e03c721f.php 第 89 行.
NOTIC: [8] Use of undefined constant thumb - assumed 'thumb' F:\ease\php_lesson\14\source\wysc.hwk\Runtime\Cache\Home\1e751b87f8fbd65507934c31e03c721f.php 第 89 行.
NOTIC: [8] Use of undefined constant id - assumed 'id' F:\ease\php_lesson\14\source\wysc.hwk\Runtime\Cache\Home\1e751b87f8fbd65507934c31e03c721f.php 第 89 行.
NOTIC: [8] Use of undefined constant thumb - assumed 'thumb' F:\ease\php_lesson\14\source\wysc.hwk\Runtime\Cache\Home\1e751b87f8fbd65507934c31e03c721f.php 第 89 行.
NOTIC: [8] Use of undefined constant id - assumed 'id' F:\ease\php_lesson\14\source\wysc.hwk\Runtime\Cache\Home\1e751b87f8fbd65507934c31e03c721f.php 第 89 行.
NOTIC: [8] Use of undefined constant thumb - assumed 'thumb' F:\ease\php_lesson\14\source\wysc.hwk\Runtime\Cache\Home\1e751b87f8fbd65507934c31e03c721f.php 第 89 行.
NOTIC: [8] Use of undefined constant id - assumed 'id' F:\ease\php_lesson\14\source\wysc.hwk\Runtime\Cache\Home\1e751b87f8fbd65507934c31e03c721f.php 第 96 行.
NOTIC: [8] Use of undefined constant thumb - assumed 'thumb' F:\ease\php_lesson\14\source\wysc.hwk\Runtime\Cache\Home\1e751b87f8fbd65507934c31e03c721f.php 第 96 行.
NOTIC: [8] Use of undefined constant id - assumed 'id' F:\ease\php_lesson\14\source\wysc.hwk\Runtime\Cache\Home\1e751b87f8fbd65507934c31e03c721f.php 第 103 行.
NOTIC: [8] Use of undefined constant thumb - assumed 'thumb' F:\ease\php_lesson\14\source\wysc.hwk\Runtime\Cache\Home\1e751b87f8fbd65507934c31e03c721f.php 第 103 行.
NOTIC: [8] Use of undefined constant id - assumed 'id' F:\ease\php_lesson\14\source\wysc.hwk\Runtime\Cache\Home\1e751b87f8fbd65507934c31e03c721f.php 第 110 行.
NOTIC: [8] Use of undefined constant thumb - assumed 'thumb' F:\ease\php_lesson\14\source\wysc.hwk\Runtime\Cache\Home\1e751b87f8fbd65507934c31e03c721f.php 第 110 行.
NOTIC: [8] Use of undefined constant id - assumed 'id' F:\ease\php_lesson\14\source\wysc.hwk\Runtime\Cache\Home\1e751b87f8fbd65507934c31e03c721f.php 第 123 行.
NOTIC: [8] Use of undefined constant thumb - assumed 'thumb' F:\ease\php_lesson\14\source\wysc.hwk\Runtime\Cache\Home\1e751b87f8fbd65507934c31e03c721f.php 第 123 行.
NOTIC: [8] Use of undefined constant id - assumed 'id' F:\ease\php_lesson\14\source\wysc.hwk\Runtime\Cache\Home\1e751b87f8fbd65507934c31e03c721f.php 第 146 行.
NOTIC: [8] Use of undefined constant thumb - assumed 'thumb' F:\ease\php_lesson\14\source\wysc.hwk\Runtime\Cache\Home\1e751b87f8fbd65507934c31e03c721f.php 第 146 行.
NOTIC: [8] Use of undefined constant id - assumed 'id' F:\ease\php_lesson\14\source\wysc.hwk\Runtime\Cache\Home\1e751b87f8fbd65507934c31e03c721f.php 第 169 行.
NOTIC: [8] Use of undefined constant thumb - assumed 'thumb' F:\ease\php_lesson\14\source\wysc.hwk\Runtime\Cache\Home\1e751b87f8fbd65507934c31e03c721f.php 第 169 行.
NOTIC: [8] Use of undefined constant id - assumed 'id' F:\ease\php_lesson\14\source\wysc.hwk\Runtime\Cache\Home\1e751b87f8fbd65507934c31e03c721f.php 第 175 行.
NOTIC: [8] Use of undefined constant thumb - assumed 'thumb' F:\ease\php_lesson\14\source\wysc.hwk\Runtime\Cache\Home\1e751b87f8fbd65507934c31e03c721f.php 第 175 行.
NOTIC: [8] Use of undefined constant id - assumed 'id' F:\ease\php_lesson\14\source\wysc.hwk\Runtime\Cache\Home\1e751b87f8fbd65507934c31e03c721f.php 第 177 行.
NOTIC: [8] Use of undefined constant goodsname - assumed 'goodsname' F:\ease\php_lesson\14\source\wysc.hwk\Runtime\Cache\Home\1e751b87f8fbd65507934c31e03c721f.php 第 177 行.
NOTIC: [8] Use of undefined constant mprice - assumed 'mprice' F:\ease\php_lesson\14\source\wysc.hwk\Runtime\Cache\Home\1e751b87f8fbd65507934c31e03c721f.php 第 178 行.
NOTIC: [8] Use of undefined constant price - assumed 'price' F:\ease\php_lesson\14\source\wysc.hwk\Runtime\Cache\Home\1e751b87f8fbd65507934c31e03c721f.php 第 179 行.
NOTIC: [8] Use of undefined constant id - assumed 'id' F:\ease\php_lesson\14\source\wysc.hwk\Runtime\Cache\Home\1e751b87f8fbd65507934c31e03c721f.php 第 175 行.
NOTIC: [8] Use of undefined constant thumb - assumed 'thumb' F:\ease\php_lesson\14\source\wysc.hwk\Runtime\Cache\Home\1e751b87f8fbd65507934c31e03c721f.php 第 175 行.
NOTIC: [8] Use of undefined constant id - assumed 'id' F:\ease\php_lesson\14\source\wysc.hwk\Runtime\Cache\Home\1e751b87f8fbd65507934c31e03c721f.php 第 177 行.
NOTIC: [8] Use of undefined constant goodsname - assumed 'goodsname' F:\ease\php_lesson\14\source\wysc.hwk\Runtime\Cache\Home\1e751b87f8fbd65507934c31e03c721f.php 第 177 行.
NOTIC: [8] Use of undefined constant mprice - assumed 'mprice' F:\ease\php_lesson\14\source\wysc.hwk\Runtime\Cache\Home\1e751b87f8fbd65507934c31e03c721f.php 第 178 行.
NOTIC: [8] Use of undefined constant price - assumed 'price' F:\ease\php_lesson\14\source\wysc.hwk\Runtime\Cache\Home\1e751b87f8fbd65507934c31e03c721f.php 第 179 行.
NOTIC: [8] Use of undefined constant id - assumed 'id' F:\ease\php_lesson\14\source\wysc.hwk\Runtime\Cache\Home\1e751b87f8fbd65507934c31e03c721f.php 第 192 行.
NOTIC: [8] Use of undefined constant thumb - assumed 'thumb' F:\ease\php_lesson\14\source\wysc.hwk\Runtime\Cache\Home\1e751b87f8fbd65507934c31e03c721f.php 第 192 行.
NOTIC: [8] Use of undefined constant id - assumed 'id' F:\ease\php_lesson\14\source\wysc.hwk\Runtime\Cache\Home\1e751b87f8fbd65507934c31e03c721f.php 第 209 行.
NOTIC: [8] Use of undefined constant image - assumed 'image' F:\ease\php_lesson\14\source\wysc.hwk\Runtime\Cache\Home\1e751b87f8fbd65507934c31e03c721f.php 第 209 行.
NOTIC: [8] Use of undefined constant id - assumed 'id' F:\ease\php_lesson\14\source\wysc.hwk\Runtime\Cache\Home\1e751b87f8fbd65507934c31e03c721f.php 第 209 行.
NOTIC: [8] Use of undefined constant image - assumed 'image' F:\ease\php_lesson\14\source\wysc.hwk\Runtime\Cache\Home\1e751b87f8fbd65507934c31e03c721f.php 第 209 行.
NOTIC: [8] Use of undefined constant id - assumed 'id' F:\ease\php_lesson\14\source\wysc.hwk\Runtime\Cache\Home\1e751b87f8fbd65507934c31e03c721f.php 第 209 行.
NOTIC: [8] Use of undefined constant image - assumed 'image' F:\ease\php_lesson\14\source\wysc.hwk\Runtime\Cache\Home\1e751b87f8fbd65507934c31e03c721f.php 第 209 行.
NOTIC: [8] Use of undefined constant id - assumed 'id' F:\ease\php_lesson\14\source\wysc.hwk\Runtime\Cache\Home\1e751b87f8fbd65507934c31e03c721f.php 第 209 行.
NOTIC: [8] Use of undefined constant image - assumed 'image' F:\ease\php_lesson\14\source\wysc.hwk\Runtime\Cache\Home\1e751b87f8fbd65507934c31e03c721f.php 第 209 行.
NOTIC: [8] Use of undefined constant id - assumed 'id' F:\ease\php_lesson\14\source\wysc.hwk\Runtime\Cache\Home\1e751b87f8fbd65507934c31e03c721f.php 第 209 行.
NOTIC: [8] Use of undefined constant image - assumed 'image' F:\ease\php_lesson\14\source\wysc.hwk\Runtime\Cache\Home\1e751b87f8fbd65507934c31e03c721f.php 第 209 行.
NOTIC: [8] Use of undefined constant id - assumed 'id' F:\ease\php_lesson\14\source\wysc.hwk\Runtime\Cache\Home\1e751b87f8fbd65507934c31e03c721f.php 第 209 行.
NOTIC: [8] Use of undefined constant image - assumed 'image' F:\ease\php_lesson\14\source\wysc.hwk\Runtime\Cache\Home\1e751b87f8fbd65507934c31e03c721f.php 第 209 行.
NOTIC: [8] Use of undefined constant id - assumed 'id' F:\ease\php_lesson\14\source\wysc.hwk\Runtime\Cache\Home\1e751b87f8fbd65507934c31e03c721f.php 第 209 行.
NOTIC: [8] Use of undefined constant image - assumed 'image' F:\ease\php_lesson\14\source\wysc.hwk\Runtime\Cache\Home\1e751b87f8fbd65507934c31e03c721f.php 第 209 行.
NOTIC: [8] Use of undefined constant id - assumed 'id' F:\ease\php_lesson\14\source\wysc.hwk\Runtime\Cache\Home\1e751b87f8fbd65507934c31e03c721f.php 第 209 行.
NOTIC: [8] Use of undefined constant image - assumed 'image' F:\ease\php_lesson\14\source\wysc.hwk\Runtime\Cache\Home\1e751b87f8fbd65507934c31e03c721f.php 第 209 行.
NOTIC: [8] Use of undefined constant id - assumed 'id' F:\ease\php_lesson\14\source\wysc.hwk\Runtime\Cache\Home\1e751b87f8fbd65507934c31e03c721f.php 第 209 行.
NOTIC: [8] Use of undefined constant image - assumed 'image' F:\ease\php_lesson\14\source\wysc.hwk\Runtime\Cache\Home\1e751b87f8fbd65507934c31e03c721f.php 第 209 行.
INFO: ParseTemplate Behavior ::run [ RunTime:0.098071s ]
INFO: [ view_parse ] --END-- [ RunTime:0.098124s ]
INFO: [ view_filter ] --START--
INFO: ContentReplace Behavior ::run [ RunTime:0.004183s ]
INFO: TokenBuild Behavior ::run [ RunTime:0.001036s ]
INFO: WriteHtmlCache Behavior ::run [ RunTime:0.000737s ]
INFO: ShowRuntime Behavior ::run [ RunTime:0.000885s ]
INFO: [ view_filter ] --END-- [ RunTime:0.006959s ]
INFO: [ view_end ] --START--
INFO: ShowPageTrace Behavior ::run [ RunTime:0.001039s ]
INFO: [ view_end ] --END-- [ RunTime:0.001080s ]

