[ 2016-09-27T10:43:57+08:00 ] 0.0.0.0 /lesson/demo2/index.php
INFO: [ app_begin ] --START--
INFO: ReadHtmlCache Behavior ::run [ RunTime:0.002001s ]
INFO: [ app_begin ] --END-- [ RunTime:0.003001s ]
INFO: [ view_parse ] --START--
INFO: ParseTemplate Behavior ::run [ RunTime:0.020001s ]
INFO: [ view_parse ] --END-- [ RunTime:0.021001s ]
INFO: [ view_filter ] --START--
NOTIC: [8] Use of undefined constant APP_TMPL_PATH - assumed 'APP_TMPL_PATH' F:\ease\php_lesson\14\source\ThinkPHP\Lib\Behavior\ContentReplaceBehavior.class.php 第 40 行.
NOTIC: [8] Use of undefined constant APP_TMPL_PATH - assumed 'APP_TMPL_PATH' F:\ease\php_lesson\14\source\ThinkPHP\Lib\Behavior\ContentReplaceBehavior.class.php 第 47 行.
INFO: ContentReplace Behavior ::run [ RunTime:0.002000s ]
INFO: TokenBuild Behavior ::run [ RunTime:0.002000s ]
INFO: WriteHtmlCache Behavior ::run [ RunTime:0.001000s ]
INFO: ShowRuntime Behavior ::run [ RunTime:0.002001s ]
INFO: [ view_filter ] --END-- [ RunTime:0.011001s ]
INFO: [ view_end ] --START--
INFO: ShowPageTrace Behavior ::run [ RunTime:0.002000s ]
INFO: [ view_end ] --END-- [ RunTime:0.004000s ]

[ 2016-09-27T10:46:31+08:00 ] 0.0.0.0 /lesson/demo2/index.php?m=Inde
INFO: [ app_begin ] --START--
INFO: ReadHtmlCache Behavior ::run [ RunTime:0.003000s ]
INFO: [ app_begin ] --END-- [ RunTime:0.005000s ]
ERR: 无法加载模块:Inde

[ 2016-09-27T10:46:40+08:00 ] 0.0.0.0 /lesson/demo2/index.php/Index/test
INFO: [ route_check ] --START--
INFO: CheckRoute Behavior ::run [ RunTime:0.002001s ]
INFO: [ route_check ] --END-- [ RunTime:0.002001s ]
INFO: [ app_begin ] --START--
INFO: ReadHtmlCache Behavior ::run [ RunTime:0.002000s ]
INFO: [ app_begin ] --END-- [ RunTime:0.002000s ]
SQL: SHOW COLUMNS FROM `think_admin` [ RunTime:0.000000s ]
ERR: 1046:No database selected
 [ SQL语句 ] : SHOW COLUMNS FROM `think_admin`
SQL: INSERT INTO `think_admin` (`aName`,`aPwd`,`aAge`) VALUES ('aaa','aaa','aaa') [ RunTime:0.001000s ]
ERR: 1046:No database selected
 [ SQL语句 ] : INSERT INTO `think_admin` (`aName`,`aPwd`,`aAge`) VALUES ('aaa','aaa','aaa')

[ 2016-09-27T10:47:54+08:00 ] 0.0.0.0 /lesson/demo2/index.php/Index/test
INFO: [ route_check ] --START--
INFO: CheckRoute Behavior ::run [ RunTime:0.002000s ]
INFO: [ route_check ] --END-- [ RunTime:0.003000s ]
INFO: [ app_begin ] --START--
INFO: ReadHtmlCache Behavior ::run [ RunTime:0.002001s ]
INFO: [ app_begin ] --END-- [ RunTime:0.003001s ]
SQL: SHOW COLUMNS FROM `think_admin` [ RunTime:0.001000s ]
ERR: 1046:No database selected
 [ SQL语句 ] : SHOW COLUMNS FROM `think_admin`
SQL: INSERT INTO `think_admin` (`aName`,`aPwd`,`aAge`) VALUES ('aaa','aaa','aaa') [ RunTime:0.001000s ]
ERR: 1046:No database selected
 [ SQL语句 ] : INSERT INTO `think_admin` (`aName`,`aPwd`,`aAge`) VALUES ('aaa','aaa','aaa')

[ 2016-09-27T10:48:49+08:00 ] 0.0.0.0 /lesson/demo2/index.php/Index/test
INFO: [ route_check ] --START--
INFO: CheckRoute Behavior ::run [ RunTime:0.004000s ]
INFO: [ route_check ] --END-- [ RunTime:0.005000s ]
INFO: [ app_begin ] --START--
INFO: ReadHtmlCache Behavior ::run [ RunTime:0.004000s ]
INFO: [ app_begin ] --END-- [ RunTime:0.005000s ]
SQL: SHOW COLUMNS FROM `admin` [ RunTime:0.013001s ]
ERR: 1146:Table 'thinkphp.admin' doesn't exist
 [ SQL语句 ] : SHOW COLUMNS FROM `admin`
SQL: INSERT INTO `admin` (`aName`,`aPwd`,`aAge`) VALUES ('aaa','aaa','aaa') [ RunTime:0.001000s ]
ERR: 1146:Table 'thinkphp.admin' doesn't exist
 [ SQL语句 ] : INSERT INTO `admin` (`aName`,`aPwd`,`aAge`) VALUES ('aaa','aaa','aaa')

[ 2016-09-27T10:51:12+08:00 ] 0.0.0.0 /lesson/demo2/index.php/Index/test
INFO: [ route_check ] --START--
INFO: CheckRoute Behavior ::run [ RunTime:0.006000s ]
INFO: [ route_check ] --END-- [ RunTime:0.010001s ]
INFO: [ app_begin ] --START--
INFO: ReadHtmlCache Behavior ::run [ RunTime:0.003000s ]
INFO: [ app_begin ] --END-- [ RunTime:0.005000s ]
SQL: SHOW COLUMNS FROM `think_admin` [ RunTime:0.016001s ]
SQL: INSERT INTO `think_admin` (`aName`,`aPwd`,`aAge`) VALUES ('aaa','aaa',0) [ RunTime:0.094005s ]

[ 2016-09-27T10:53:20+08:00 ] 0.0.0.0 /lesson/demo2/index.php/Index/test
INFO: [ route_check ] --START--
INFO: CheckRoute Behavior ::run [ RunTime:0.006001s ]
INFO: [ route_check ] --END-- [ RunTime:0.009001s ]
INFO: [ app_begin ] --START--
INFO: ReadHtmlCache Behavior ::run [ RunTime:0.004000s ]
INFO: [ app_begin ] --END-- [ RunTime:0.006000s ]
SQL: SHOW COLUMNS FROM `think_admin` [ RunTime:0.017001s ]
SQL: INSERT INTO `think_admin` (`aName`,`aPwd`,`aAge`) VALUES ('aaa','aaa',0) [ RunTime:0.001000s ]

[ 2016-09-27T10:54:12+08:00 ] 0.0.0.0 /lesson/demo2/index.php/Index/test
INFO: [ route_check ] --START--
INFO: CheckRoute Behavior ::run [ RunTime:0.004000s ]
INFO: [ route_check ] --END-- [ RunTime:0.005000s ]
INFO: [ app_begin ] --START--
INFO: ReadHtmlCache Behavior ::run [ RunTime:0.004001s ]
INFO: [ app_begin ] --END-- [ RunTime:0.006001s ]
SQL: SHOW COLUMNS FROM `think_admin` [ RunTime:0.017001s ]
SQL: INSERT INTO `think_admin` (`aName`,`aPwd`,`aAge`) VALUES ('aaa','aaa',0) [ RunTime:0.002000s ]

[ 2016-09-27T10:57:54+08:00 ] 0.0.0.0 /lesson/demo2/index.php/Index/test
INFO: [ route_check ] --START--
INFO: CheckRoute Behavior ::run [ RunTime:0.001000s ]
INFO: [ route_check ] --END-- [ RunTime:0.003000s ]
INFO: [ app_begin ] --START--
INFO: ReadHtmlCache Behavior ::run [ RunTime:0.002000s ]
INFO: [ app_begin ] --END-- [ RunTime:0.003000s ]
SQL: SHOW COLUMNS FROM `think_admin` [ RunTime:0.017001s ]
SQL: INSERT INTO `think_admin` (`aName`,`aPwd`,`aAge`) VALUES ('aaa','aaa',0) [ RunTime:0.002001s ]

[ 2016-09-27T15:51:13+08:00 ] 192.168.0.79 /lesson/demo2/
INFO: [ app_begin ] --START--
INFO: ReadHtmlCache Behavior ::run [ RunTime:0.002001s ]
INFO: [ app_begin ] --END-- [ RunTime:0.002001s ]
INFO: [ view_parse ] --START--
INFO: ParseTemplate Behavior ::run [ RunTime:0.006000s ]
INFO: [ view_parse ] --END-- [ RunTime:0.007000s ]
INFO: [ view_filter ] --START--
NOTIC: [8] Use of undefined constant APP_TMPL_PATH - assumed 'APP_TMPL_PATH' F:\ease\php_lesson\14\source\ThinkPHP\Lib\Behavior\ContentReplaceBehavior.class.php 第 40 行.
NOTIC: [8] Use of undefined constant APP_TMPL_PATH - assumed 'APP_TMPL_PATH' F:\ease\php_lesson\14\source\ThinkPHP\Lib\Behavior\ContentReplaceBehavior.class.php 第 47 行.
INFO: ContentReplace Behavior ::run [ RunTime:0.003000s ]
INFO: TokenBuild Behavior ::run [ RunTime:0.002001s ]
INFO: WriteHtmlCache Behavior ::run [ RunTime:0.001000s ]
INFO: ShowRuntime Behavior ::run [ RunTime:0.002000s ]
INFO: [ view_filter ] --END-- [ RunTime:0.010001s ]
INFO: [ view_end ] --START--
INFO: ShowPageTrace Behavior ::run [ RunTime:0.001000s ]
INFO: [ view_end ] --END-- [ RunTime:0.003000s ]

