[ 2017-09-12T14:22:14+08:00 ] 0.0.0.0 /12/pro/admin.php
INFO: [ app_begin ] --START--
INFO: Run ReadHtmlCache Behavior [ RunTime:0.000780s ]
INFO: [ app_begin ] --END-- [ RunTime:0.000846s ]
INFO: [ view_template ] --START--
INFO: Run LocationTemplate Behavior [ RunTime:0.000926s ]
INFO: [ view_template ] --END-- [ RunTime:0.000980s ]
INFO: [ view_parse ] --START--
INFO: Run ParseTemplate Behavior [ RunTime:0.011239s ]
INFO: [ view_parse ] --END-- [ RunTime:0.011294s ]
INFO: [ view_filter ] --START--
INFO: Run ContentReplace Behavior [ RunTime:0.000620s ]
INFO: Run TokenBuild Behavior [ RunTime:0.000583s ]
INFO: Run WriteHtmlCache Behavior [ RunTime:0.000502s ]
INFO: Run ShowRuntime Behavior [ RunTime:0.000650s ]
INFO: [ view_filter ] --END-- [ RunTime:0.002462s ]
INFO: [ view_end ] --START--
INFO: Run ShowPageTrace Behavior [ RunTime:0.000802s ]
INFO: [ view_end ] --END-- [ RunTime:0.000848s ]

[ 2017-09-12T14:22:14+08:00 ] 0.0.0.0 /12/pro/admin.php/Common/verify
INFO: [ route_check ] --START--
INFO: Run CheckRoute Behavior [ RunTime:0.001031s ]
INFO: [ route_check ] --END-- [ RunTime:0.001105s ]
INFO: [ app_begin ] --START--
INFO: Run ReadHtmlCache Behavior [ RunTime:0.000767s ]
INFO: [ app_begin ] --END-- [ RunTime:0.000814s ]

[ 2017-09-12T14:22:37+08:00 ] 0.0.0.0 /12/pro/admin.php
INFO: [ app_begin ] --START--
INFO: Run ReadHtmlCache Behavior [ RunTime:0.000419s ]
INFO: [ app_begin ] --END-- [ RunTime:0.000477s ]
INFO: [ view_template ] --START--
INFO: Run LocationTemplate Behavior [ RunTime:0.000256s ]
INFO: [ view_template ] --END-- [ RunTime:0.000300s ]
INFO: [ view_parse ] --START--
INFO: Run ParseTemplate Behavior [ RunTime:0.005867s ]
INFO: [ view_parse ] --END-- [ RunTime:0.005923s ]
INFO: [ view_filter ] --START--
INFO: Run ContentReplace Behavior [ RunTime:0.000290s ]
INFO: Run TokenBuild Behavior [ RunTime:0.000271s ]
INFO: Run WriteHtmlCache Behavior [ RunTime:0.000179s ]
INFO: Run ShowRuntime Behavior [ RunTime:0.000423s ]
INFO: [ view_filter ] --END-- [ RunTime:0.001278s ]
INFO: [ view_end ] --START--
INFO: Run ShowPageTrace Behavior [ RunTime:0.000466s ]
INFO: [ view_end ] --END-- [ RunTime:0.000504s ]

[ 2017-09-12T14:22:37+08:00 ] 0.0.0.0 /12/pro/admin.php/Common/verify
INFO: [ route_check ] --START--
INFO: Run CheckRoute Behavior [ RunTime:0.001009s ]
INFO: [ route_check ] --END-- [ RunTime:0.001081s ]
INFO: [ app_begin ] --START--
INFO: Run ReadHtmlCache Behavior [ RunTime:0.000414s ]
INFO: [ app_begin ] --END-- [ RunTime:0.000455s ]

[ 2017-09-12T14:22:50+08:00 ] 0.0.0.0 /12/pro/admin.php
INFO: [ app_begin ] --START--
INFO: Run ReadHtmlCache Behavior [ RunTime:0.000797s ]
INFO: [ app_begin ] --END-- [ RunTime:0.000867s ]
INFO: [ view_template ] --START--
INFO: Run LocationTemplate Behavior [ RunTime:0.000891s ]
INFO: [ view_template ] --END-- [ RunTime:0.000939s ]
INFO: [ view_parse ] --START--
INFO: Run ParseTemplate Behavior [ RunTime:0.011136s ]
INFO: [ view_parse ] --END-- [ RunTime:0.011192s ]
INFO: [ view_filter ] --START--
INFO: Run ContentReplace Behavior [ RunTime:0.000709s ]
INFO: Run TokenBuild Behavior [ RunTime:0.000595s ]
INFO: Run WriteHtmlCache Behavior [ RunTime:0.000495s ]
INFO: Run ShowRuntime Behavior [ RunTime:0.000655s ]
INFO: [ view_filter ] --END-- [ RunTime:0.002574s ]
INFO: [ view_end ] --START--
INFO: Run ShowPageTrace Behavior [ RunTime:0.000785s ]
INFO: [ view_end ] --END-- [ RunTime:0.000824s ]

[ 2017-09-12T14:22:50+08:00 ] 0.0.0.0 /12/pro/admin.php/Common/verify
INFO: [ route_check ] --START--
INFO: Run CheckRoute Behavior [ RunTime:0.001115s ]
INFO: [ route_check ] --END-- [ RunTime:0.001215s ]
INFO: [ app_begin ] --START--
INFO: Run ReadHtmlCache Behavior [ RunTime:0.000442s ]
INFO: [ app_begin ] --END-- [ RunTime:0.000490s ]

[ 2017-09-12T14:24:34+08:00 ] 0.0.0.0 /12/pro/admin.php
INFO: [ app_begin ] --START--
INFO: Run ReadHtmlCache Behavior [ RunTime:0.000418s ]
INFO: [ app_begin ] --END-- [ RunTime:0.000476s ]
INFO: [ view_template ] --START--
INFO: Run LocationTemplate Behavior [ RunTime:0.000261s ]
INFO: [ view_template ] --END-- [ RunTime:0.000303s ]
INFO: [ view_parse ] --START--
INFO: Run ParseTemplate Behavior [ RunTime:0.005568s ]
INFO: [ view_parse ] --END-- [ RunTime:0.005617s ]
INFO: [ view_filter ] --START--
INFO: Run ContentReplace Behavior [ RunTime:0.000289s ]
INFO: Run TokenBuild Behavior [ RunTime:0.000264s ]
INFO: Run WriteHtmlCache Behavior [ RunTime:0.000177s ]
INFO: Run ShowRuntime Behavior [ RunTime:0.000323s ]
INFO: [ view_filter ] --END-- [ RunTime:0.001153s ]
INFO: [ view_end ] --START--
INFO: Run ShowPageTrace Behavior [ RunTime:0.000447s ]
INFO: [ view_end ] --END-- [ RunTime:0.000484s ]

[ 2017-09-12T14:31:56+08:00 ] 0.0.0.0 /12/pro/admin.php
INFO: [ app_begin ] --START--
INFO: Run ReadHtmlCache Behavior [ RunTime:0.000743s ]
INFO: [ app_begin ] --END-- [ RunTime:0.000814s ]
INFO: [ view_template ] --START--
INFO: Run LocationTemplate Behavior [ RunTime:0.000904s ]
INFO: [ view_template ] --END-- [ RunTime:0.000954s ]
INFO: [ view_parse ] --START--
INFO: Run ParseTemplate Behavior [ RunTime:0.007163s ]
INFO: [ view_parse ] --END-- [ RunTime:0.007209s ]
INFO: [ view_filter ] --START--
INFO: Run ContentReplace Behavior [ RunTime:0.000585s ]
INFO: Run TokenBuild Behavior [ RunTime:0.000571s ]
INFO: Run WriteHtmlCache Behavior [ RunTime:0.000493s ]
INFO: Run ShowRuntime Behavior [ RunTime:0.000638s ]
INFO: [ view_filter ] --END-- [ RunTime:0.002393s ]
INFO: [ view_end ] --START--
INFO: Run ShowPageTrace Behavior [ RunTime:0.000766s ]
INFO: [ view_end ] --END-- [ RunTime:0.000803s ]

[ 2017-09-12T14:31:56+08:00 ] 0.0.0.0 /12/pro/admin.php/Common/verify
INFO: [ route_check ] --START--
INFO: Run CheckRoute Behavior [ RunTime:0.000952s ]
INFO: [ route_check ] --END-- [ RunTime:0.001013s ]
INFO: [ app_begin ] --START--
INFO: Run ReadHtmlCache Behavior [ RunTime:0.000415s ]
INFO: [ app_begin ] --END-- [ RunTime:0.000457s ]

[ 2017-09-12T14:32:31+08:00 ] 0.0.0.0 /12/pro/admin.php
INFO: [ app_begin ] --START--
INFO: Run ReadHtmlCache Behavior [ RunTime:0.000723s ]
INFO: [ app_begin ] --END-- [ RunTime:0.000785s ]
INFO: [ view_template ] --START--
INFO: Run LocationTemplate Behavior [ RunTime:0.000947s ]
INFO: [ view_template ] --END-- [ RunTime:0.000998s ]
INFO: [ view_parse ] --START--
INFO: Run ParseTemplate Behavior [ RunTime:0.007385s ]
INFO: [ view_parse ] --END-- [ RunTime:0.007439s ]
INFO: [ view_filter ] --START--
INFO: Run ContentReplace Behavior [ RunTime:0.000597s ]
INFO: Run TokenBuild Behavior [ RunTime:0.000614s ]
INFO: Run WriteHtmlCache Behavior [ RunTime:0.000499s ]
INFO: Run ShowRuntime Behavior [ RunTime:0.000642s ]
INFO: [ view_filter ] --END-- [ RunTime:0.002464s ]
INFO: [ view_end ] --START--
INFO: Run ShowPageTrace Behavior [ RunTime:0.000768s ]
INFO: [ view_end ] --END-- [ RunTime:0.000805s ]

[ 2017-09-12T14:32:31+08:00 ] 0.0.0.0 /12/pro/admin.php/Common/verify
INFO: [ route_check ] --START--
INFO: Run CheckRoute Behavior [ RunTime:0.000965s ]
INFO: [ route_check ] --END-- [ RunTime:0.001028s ]
INFO: [ app_begin ] --START--
INFO: Run ReadHtmlCache Behavior [ RunTime:0.000405s ]
INFO: [ app_begin ] --END-- [ RunTime:0.000447s ]

[ 2017-09-12T14:32:43+08:00 ] 0.0.0.0 /12/pro/admin.php
INFO: [ app_begin ] --START--
INFO: Run ReadHtmlCache Behavior [ RunTime:0.000732s ]
INFO: [ app_begin ] --END-- [ RunTime:0.000791s ]
INFO: [ view_template ] --START--
INFO: Run LocationTemplate Behavior [ RunTime:0.001083s ]
INFO: [ view_template ] --END-- [ RunTime:0.001134s ]
INFO: [ view_parse ] --START--
INFO: Run ParseTemplate Behavior [ RunTime:0.011332s ]
INFO: [ view_parse ] --END-- [ RunTime:0.011390s ]
INFO: [ view_filter ] --START--
INFO: Run ContentReplace Behavior [ RunTime:0.000606s ]
INFO: Run TokenBuild Behavior [ RunTime:0.000598s ]
INFO: Run WriteHtmlCache Behavior [ RunTime:0.000493s ]
INFO: Run ShowRuntime Behavior [ RunTime:0.000657s ]
INFO: [ view_filter ] --END-- [ RunTime:0.002466s ]
INFO: [ view_end ] --START--
INFO: Run ShowPageTrace Behavior [ RunTime:0.000776s ]
INFO: [ view_end ] --END-- [ RunTime:0.000815s ]

[ 2017-09-12T14:32:43+08:00 ] 0.0.0.0 /12/pro/admin.php/Common/verify
INFO: [ route_check ] --START--
INFO: Run CheckRoute Behavior [ RunTime:0.000966s ]
INFO: [ route_check ] --END-- [ RunTime:0.001030s ]
INFO: [ app_begin ] --START--
INFO: Run ReadHtmlCache Behavior [ RunTime:0.000423s ]
INFO: [ app_begin ] --END-- [ RunTime:0.000464s ]

[ 2017-09-12T14:33:13+08:00 ] 0.0.0.0 /12/pro/admin.php
INFO: [ app_begin ] --START--
INFO: Run ReadHtmlCache Behavior [ RunTime:0.000427s ]
INFO: [ app_begin ] --END-- [ RunTime:0.000489s ]
INFO: [ view_template ] --START--
INFO: Run LocationTemplate Behavior [ RunTime:0.000289s ]
INFO: [ view_template ] --END-- [ RunTime:0.000338s ]
INFO: [ view_parse ] --START--
INFO: Run ParseTemplate Behavior [ RunTime:0.005682s ]
INFO: [ view_parse ] --END-- [ RunTime:0.005768s ]
INFO: [ view_filter ] --START--
INFO: Run ContentReplace Behavior [ RunTime:0.000318s ]
INFO: Run TokenBuild Behavior [ RunTime:0.000270s ]
INFO: Run WriteHtmlCache Behavior [ RunTime:0.000181s ]
INFO: Run ShowRuntime Behavior [ RunTime:0.000327s ]
INFO: [ view_filter ] --END-- [ RunTime:0.001206s ]
INFO: [ view_end ] --START--
INFO: Run ShowPageTrace Behavior [ RunTime:0.000449s ]
INFO: [ view_end ] --END-- [ RunTime:0.000484s ]

[ 2017-09-12T14:33:13+08:00 ] 0.0.0.0 /12/pro/admin.php/Common/verify
INFO: [ route_check ] --START--
INFO: Run CheckRoute Behavior [ RunTime:0.000639s ]
INFO: [ route_check ] --END-- [ RunTime:0.000703s ]
INFO: [ app_begin ] --START--
INFO: Run ReadHtmlCache Behavior [ RunTime:0.000406s ]
INFO: [ app_begin ] --END-- [ RunTime:0.000446s ]

[ 2017-09-12T14:33:17+08:00 ] 0.0.0.0 /12/pro/admin.php
INFO: [ app_begin ] --START--
INFO: Run ReadHtmlCache Behavior [ RunTime:0.001616s ]
INFO: [ app_begin ] --END-- [ RunTime:0.001824s ]
INFO: [ view_template ] --START--
INFO: Run LocationTemplate Behavior [ RunTime:0.001002s ]
INFO: [ view_template ] --END-- [ RunTime:0.001172s ]
INFO: [ view_parse ] --START--
INFO: Run ParseTemplate Behavior [ RunTime:0.009106s ]
INFO: [ view_parse ] --END-- [ RunTime:0.009203s ]
INFO: [ view_filter ] --START--
INFO: Run ContentReplace Behavior [ RunTime:0.000414s ]
INFO: Run TokenBuild Behavior [ RunTime:0.000410s ]
INFO: Run WriteHtmlCache Behavior [ RunTime:0.000271s ]
INFO: Run ShowRuntime Behavior [ RunTime:0.000518s ]
INFO: [ view_filter ] --END-- [ RunTime:0.001772s ]
INFO: [ view_end ] --START--
INFO: Run ShowPageTrace Behavior [ RunTime:0.000703s ]
INFO: [ view_end ] --END-- [ RunTime:0.000758s ]

[ 2017-09-12T14:33:17+08:00 ] 0.0.0.0 /12/pro/admin.php/Common/verify
INFO: [ route_check ] --START--
INFO: Run CheckRoute Behavior [ RunTime:0.000640s ]
INFO: [ route_check ] --END-- [ RunTime:0.000699s ]
INFO: [ app_begin ] --START--
INFO: Run ReadHtmlCache Behavior [ RunTime:0.000401s ]
INFO: [ app_begin ] --END-- [ RunTime:0.000440s ]

[ 2017-09-12T14:34:53+08:00 ] 0.0.0.0 /12/pro/admin.php?XDEBUG_SESSION_START=netbeans-xdebug
INFO: [ app_begin ] --START--
INFO: Run ReadHtmlCache Behavior [ RunTime:0.000851s ]
INFO: [ app_begin ] --END-- [ RunTime:0.000915s ]
INFO: [ view_template ] --START--
INFO: Run LocationTemplate Behavior [ RunTime:0.000945s ]
INFO: [ view_template ] --END-- [ RunTime:0.001086s ]
INFO: [ view_parse ] --START--
INFO: Run ParseTemplate Behavior [ RunTime:0.012296s ]
INFO: [ view_parse ] --END-- [ RunTime:0.012354s ]
INFO: [ view_filter ] --START--
INFO: Run ContentReplace Behavior [ RunTime:0.000631s ]
INFO: Run TokenBuild Behavior [ RunTime:0.000588s ]
INFO: Run WriteHtmlCache Behavior [ RunTime:0.000497s ]
INFO: Run ShowRuntime Behavior [ RunTime:0.000647s ]
INFO: [ view_filter ] --END-- [ RunTime:0.002470s ]
INFO: [ view_end ] --START--
INFO: Run ShowPageTrace Behavior [ RunTime:0.000766s ]
INFO: [ view_end ] --END-- [ RunTime:0.000803s ]

[ 2017-09-12T14:34:53+08:00 ] 0.0.0.0 /12/pro/admin.php/Common/verify
INFO: [ route_check ] --START--
INFO: Run CheckRoute Behavior [ RunTime:0.000952s ]
INFO: [ route_check ] --END-- [ RunTime:0.001012s ]
INFO: [ app_begin ] --START--
INFO: Run ReadHtmlCache Behavior [ RunTime:0.000409s ]
INFO: [ app_begin ] --END-- [ RunTime:0.000450s ]

[ 2017-09-12T14:34:59+08:00 ] 0.0.0.0 /12/pro/admin.php?XDEBUG_SESSION_START=netbeans-xdebug
INFO: [ app_begin ] --START--
INFO: Run ReadHtmlCache Behavior [ RunTime:0.000746s ]
INFO: [ app_begin ] --END-- [ RunTime:0.000806s ]
INFO: [ view_template ] --START--
INFO: Run LocationTemplate Behavior [ RunTime:0.000935s ]
INFO: [ view_template ] --END-- [ RunTime:0.000991s ]
INFO: [ view_parse ] --START--
INFO: Run ParseTemplate Behavior [ RunTime:0.011082s ]
INFO: [ view_parse ] --END-- [ RunTime:0.011129s ]
INFO: [ view_filter ] --START--
INFO: Run ContentReplace Behavior [ RunTime:0.000587s ]
INFO: Run TokenBuild Behavior [ RunTime:0.000577s ]
INFO: Run WriteHtmlCache Behavior [ RunTime:0.000502s ]
INFO: Run ShowRuntime Behavior [ RunTime:0.000651s ]
INFO: [ view_filter ] --END-- [ RunTime:0.002429s ]
INFO: [ view_end ] --START--
INFO: Run ShowPageTrace Behavior [ RunTime:0.000816s ]
INFO: [ view_end ] --END-- [ RunTime:0.000857s ]

[ 2017-09-12T14:34:59+08:00 ] 0.0.0.0 /12/pro/admin.php/Common/verify
INFO: [ route_check ] --START--
INFO: Run CheckRoute Behavior [ RunTime:0.000980s ]
INFO: [ route_check ] --END-- [ RunTime:0.001048s ]
INFO: [ app_begin ] --START--
INFO: Run ReadHtmlCache Behavior [ RunTime:0.000422s ]
INFO: [ app_begin ] --END-- [ RunTime:0.000464s ]

