[ 2016-09-06T14:11:26+08:00 ] 0.0.0.0 /12/thinkphp/01/demo/
INFO: [ app_begin ] --START--
INFO: Run ReadHtmlCache Behavior [ RunTime:0.000000s ]
INFO: [ app_begin ] --END-- [ RunTime:0.000000s ]
INFO: [ view_parse ] --START--
INFO: Run ParseTemplate Behavior [ RunTime:0.000000s ]
INFO: [ view_parse ] --END-- [ RunTime:0.000000s ]
INFO: [ view_filter ] --START--
INFO: Run ContentReplace Behavior [ RunTime:0.001000s ]
INFO: Run TokenBuild Behavior [ RunTime:0.000000s ]
INFO: Run WriteHtmlCache Behavior [ RunTime:0.001000s ]
INFO: Run ShowRuntime Behavior [ RunTime:0.000000s ]
INFO: [ view_filter ] --END-- [ RunTime:0.002000s ]
INFO: [ view_end ] --START--
INFO: Run ShowPageTrace Behavior [ RunTime:0.001000s ]
INFO: [ view_end ] --END-- [ RunTime:0.001000s ]

[ 2016-09-06T14:14:44+08:00 ] 0.0.0.0 /12/thinkphp/01/demo/index.php
INFO: [ app_begin ] --START--
INFO: Run ReadHtmlCache Behavior [ RunTime:0.001000s ]
INFO: [ app_begin ] --END-- [ RunTime:0.001000s ]
INFO: [ view_parse ] --START--
INFO: Run ParseTemplate Behavior [ RunTime:0.001000s ]
INFO: [ view_parse ] --END-- [ RunTime:0.002000s ]
INFO: [ view_filter ] --START--
INFO: Run ContentReplace Behavior [ RunTime:0.000000s ]
INFO: Run TokenBuild Behavior [ RunTime:0.001000s ]
INFO: Run WriteHtmlCache Behavior [ RunTime:0.001000s ]
INFO: Run ShowRuntime Behavior [ RunTime:0.000000s ]
INFO: [ view_filter ] --END-- [ RunTime:0.003000s ]
INFO: [ view_end ] --START--
INFO: Run ShowPageTrace Behavior [ RunTime:0.001000s ]
INFO: [ view_end ] --END-- [ RunTime:0.001000s ]

[ 2016-09-06T14:15:29+08:00 ] 0.0.0.0 /12/thinkphp/01/demo/index.php
INFO: [ app_begin ] --START--
INFO: Run ReadHtmlCache Behavior [ RunTime:0.000000s ]
INFO: [ app_begin ] --END-- [ RunTime:0.000000s ]

[ 2016-09-06T14:16:04+08:00 ] ERR: (ThinkException) 无法加载模块:index
[ 2016-09-06T14:16:37+08:00 ] ERR: (ThinkException) 无法加载模块:index
[ 2016-09-06T14:16:39+08:00 ] ERR: (ThinkException) 无法加载模块:index
[ 2016-09-06T14:16:58+08:00 ] ERR: (ThinkException) 无法加载模块:index
[ 2016-09-06T14:16:58+08:00 ] ERR: (ThinkException) 无法加载模块:index
[ 2016-09-06T14:16:58+08:00 ] ERR: (ThinkException) 无法加载模块:index
[ 2016-09-06T14:17:22+08:00 ] 0.0.0.0 /12/thinkphp/01/demo/index.php/
INFO: [ route_check ] --START--
INFO: Run CheckRoute Behavior [ RunTime:0.001000s ]
INFO: [ route_check ] --END-- [ RunTime:0.001000s ]
INFO: [ app_begin ] --START--
INFO: Run ReadHtmlCache Behavior [ RunTime:0.000000s ]
INFO: [ app_begin ] --END-- [ RunTime:0.000000s ]

[ 2016-09-06T14:17:24+08:00 ] 0.0.0.0 /12/thinkphp/01/demo/index.php/
INFO: [ route_check ] --START--
INFO: Run CheckRoute Behavior [ RunTime:0.001000s ]
INFO: [ route_check ] --END-- [ RunTime:0.001000s ]
INFO: [ app_begin ] --START--
INFO: Run ReadHtmlCache Behavior [ RunTime:0.000000s ]
INFO: [ app_begin ] --END-- [ RunTime:0.000000s ]

[ 2016-09-06T14:19:28+08:00 ] 0.0.0.0 /12/thinkphp/01/demo/index.php/
INFO: [ route_check ] --START--
INFO: Run CheckRoute Behavior [ RunTime:0.000000s ]
INFO: [ route_check ] --END-- [ RunTime:0.001000s ]
INFO: [ app_begin ] --START--
INFO: Run ReadHtmlCache Behavior [ RunTime:0.000000s ]
INFO: [ app_begin ] --END-- [ RunTime:0.000000s ]

[ 2016-09-06T14:19:33+08:00 ] ERR: (ThinkException) 无法加载模块:index
[ 2016-09-06T14:20:05+08:00 ] ERR: (ThinkException) 无法加载模块:index
[ 2016-09-06T14:20:05+08:00 ] ERR: (ThinkException) 无法加载模块:index
[ 2016-09-06T14:22:55+08:00 ] ERR: (ThinkException) 无法加载模块:index
[ 2016-09-06T14:23:01+08:00 ] ERR: (ThinkException) 无法加载模块:index
[ 2016-09-06T14:23:35+08:00 ] 0.0.0.0 /12/thinkphp/01/demo/index.php
INFO: [ app_begin ] --START--
INFO: Run ReadHtmlCache Behavior [ RunTime:0.001000s ]
INFO: [ app_begin ] --END-- [ RunTime:0.001000s ]

[ 2016-09-06T14:23:38+08:00 ] 0.0.0.0 /12/thinkphp/01/demo/index.php
INFO: [ app_begin ] --START--
INFO: Run ReadHtmlCache Behavior [ RunTime:0.001000s ]
INFO: [ app_begin ] --END-- [ RunTime:0.001000s ]

[ 2016-09-06T14:23:38+08:00 ] 0.0.0.0 /12/thinkphp/01/demo/index.php
INFO: [ app_begin ] --START--
INFO: Run ReadHtmlCache Behavior [ RunTime:0.000000s ]
INFO: [ app_begin ] --END-- [ RunTime:0.000000s ]

[ 2016-09-06T14:23:43+08:00 ] ERR: (ThinkException) 无法加载模块:index
[ 2016-09-06T14:31:18+08:00 ] ERR: (ThinkException) 无法加载模块:index
[ 2016-09-06T14:31:19+08:00 ] ERR: (ThinkException) 无法加载模块:index
