[ 2017-02-15T11:04:50+08:00 ] ERR: (ThinkException) Model:test您所请求的方法不存在！
[ 2017-02-15T11:06:00+08:00 ] 0.0.0.0 /12/thinkphp/04/demo4/index.php
INFO: [ app_begin ] --START--
INFO: Run ReadHtmlCache Behavior [ RunTime:0.000000s ]
INFO: [ app_begin ] --END-- [ RunTime:0.000000s ]
SQL: SHOW COLUMNS FROM `think_admin` [ RunTime:0.010001s ]
SQL: SELECT * FROM `think_admin` LIMIT 1   [ RunTime:0.001000s ]
SQL: SHOW COLUMNS FROM `think_admin` [ RunTime:0.009001s ]
SQL: SELECT * FROM `think_admin`  [ RunTime:0.000000s ]
SQL: select * from think_books [ RunTime:0.001000s ]

[ 2017-02-15T11:06:41+08:00 ] ERR: (ThinkException) Model:test您所请求的方法不存在！
[ 2017-02-15T11:06:50+08:00 ] 0.0.0.0 /12/thinkphp/04/demo4/index.php
INFO: [ app_begin ] --START--
INFO: Run ReadHtmlCache Behavior [ RunTime:0.001000s ]
INFO: [ app_begin ] --END-- [ RunTime:0.001000s ]
SQL: SHOW COLUMNS FROM `think_admin` [ RunTime:0.003000s ]
SQL: SELECT * FROM `think_admin` LIMIT 1   [ RunTime:0.000000s ]
SQL: SHOW COLUMNS FROM `think_admin` [ RunTime:0.002000s ]
SQL: SELECT * FROM `think_admin`  [ RunTime:0.001000s ]
SQL: select * from think_books [ RunTime:0.000000s ]

[ 2017-02-15T11:07:13+08:00 ] 0.0.0.0 /12/thinkphp/04/demo4/index.php
INFO: [ app_begin ] --START--
INFO: Run ReadHtmlCache Behavior [ RunTime:0.000000s ]
INFO: [ app_begin ] --END-- [ RunTime:0.000000s ]
SQL: SHOW COLUMNS FROM `think_admin` [ RunTime:0.008000s ]
SQL: SELECT * FROM `think_admin` LIMIT 1   [ RunTime:0.000000s ]
SQL: SHOW COLUMNS FROM `think_admin` [ RunTime:0.007000s ]
SQL: SELECT * FROM `think_admin`  [ RunTime:0.001000s ]
SQL: select * from think_books [ RunTime:0.001000s ]

[ 2017-02-15T11:07:22+08:00 ] 0.0.0.0 /12/thinkphp/04/demo4/index.php
INFO: [ app_begin ] --START--
INFO: Run ReadHtmlCache Behavior [ RunTime:0.001000s ]
INFO: [ app_begin ] --END-- [ RunTime:0.001000s ]
SQL: SHOW COLUMNS FROM `think_admin` [ RunTime:0.003000s ]
SQL: SELECT * FROM `think_admin` LIMIT 1   [ RunTime:0.000000s ]
SQL: SHOW COLUMNS FROM `think_admin` [ RunTime:0.002000s ]
SQL: SELECT * FROM `think_admin`  [ RunTime:0.000000s ]
SQL: select * from think_books [ RunTime:0.000000s ]

[ 2017-02-15T11:07:29+08:00 ] ERR: (ThinkException) Model:test您所请求的方法不存在！
[ 2017-02-15T11:09:44+08:00 ] 0.0.0.0 /12/thinkphp/04/demo4/index.php
INFO: [ app_begin ] --START--
INFO: Run ReadHtmlCache Behavior [ RunTime:0.001000s ]
INFO: [ app_begin ] --END-- [ RunTime:0.001000s ]
SQL: SHOW COLUMNS FROM `think_admin` [ RunTime:0.010001s ]
SQL: SELECT * FROM `think_admin` LIMIT 1   [ RunTime:0.001000s ]
SQL: SHOW COLUMNS FROM `think_admin` [ RunTime:0.010001s ]
SQL: SELECT * FROM `think_admin`  [ RunTime:0.002000s ]
SQL: select * from think_books [ RunTime:0.002000s ]

[ 2017-02-15T11:10:01+08:00 ] ERR: (ThinkException) Model:test您所请求的方法不存在！
[ 2017-02-15T11:17:18+08:00 ] 0.0.0.0 /12/thinkphp/04/demo4/index.php
INFO: [ app_begin ] --START--
INFO: Run ReadHtmlCache Behavior [ RunTime:0.001000s ]
INFO: [ app_begin ] --END-- [ RunTime:0.001000s ]
SQL: SHOW COLUMNS FROM `think_admin` [ RunTime:0.010001s ]
SQL: SELECT * FROM `think_admin` LIMIT 1   [ RunTime:0.001000s ]
SQL: SHOW COLUMNS FROM `think_admin` [ RunTime:0.010001s ]
SQL: SELECT * FROM `think_admin`  [ RunTime:0.001000s ]
SQL: select * from think_books [ RunTime:0.002000s ]

