
2016-01-17 14:58:18|orderid[145257626484318900]|str[Buy100011268561452576264843189000.01CNYÂïäÂïäproducttypeproductdeschttp://localhost:2014/php_yingjie/callback.php0userId or other7day1]|hmac[824b3f5e652edd599af2d00ae1a47ada]
2016-01-17 15:06:53|orderid[1234qwerasdfzxcv11]|str[Buy100011268561234qwerasdfzxcv110.01CNYÂïäproducttypeproductdeschttp://localhost:2014/php_yingjie/callback.php0userId or other7day1]|hmac[e09a0bf70b6c3f64b697903bc086459a]
2016-01-17 15:09:34|orderid[1234qwerasdfzxcv11]|str[Buy100011268561234qwerasdfzxcv110.01CNYÂïäproducttypeproductdeschttp://localhost:2014/php_yingjie/callback.php0userId or other7day1]|hmac[e09a0bf70b6c3f64b697903bc086459a]
2016-01-17 15:11:58|orderid[145257626484318900]|str[Buy100011268561452576264843189000.01CNYÂèëÁöÑproducttypeproductdeschttp://localhost:2014/php_yingjie/callback.php0userId or other7day1]|hmac[b1a8a695387bcd78ae9407fa4d7e0314]
2016-01-17 15:13:47|orderid[145257626484318900]|str[Buy100011268561452576264843189000.01CNYÂèëÁöÑproducttypeproductdeschttp://localhost:2014/php_yingjie/callback.php0userId or other7day1]|hmac[2908441ba6c812816ebdda2b75701a02]
2016-01-17 15:16:40|orderid[145257626484318900]|str[Buy100011268561452576264843189000.01CNYÂèëÁöÑproducttypeproductdeschttp://localhost:2014/php_yingjie/callback.php0userId or other7day1]|hmac[526424c571391105fbde32a497c0fee3]
2016-01-17 15:17:17|orderid[]|str[Buy10001126856CNY7day1]|hmac[50fd6a4c3d55e94085bfc6ea98ac9718]
2016-01-17 15:18:16|orderid[145257626484318900]|str[Buy100011268561452576264843189000.01CNYproductnameproducttypeproductdeschttp://localhost:2014/php_yingjie/callback.php0userId or other7day1]|hmac[8b71911deba945dcfa26c6d736824f45]
2016-01-17 15:18:29|orderid[145257626484318900]|str[Buy100011268561452576264843189000.01CNYproductnameÂïäproducttypeproductdeschttp://localhost:2014/php_yingjie/callback.php0userId or other7day1]|hmac[c3ca2f5563e133f89ea2649f4de45ab9]
2016-01-17 15:19:43|orderid[145257626484318900]|str[Buy100011268561452576264843189000.01CNYproductnameÂïäproducttypeproductdeschttp://localhost:2014/php_yingjie/callback.php0userId or other7day1]|hmac[c3ca2f5563e133f89ea2649f4de45ab9]
2016-01-17 15:21:22|orderid[145257626484318900]|str[Buy100011268561452576264843189000.01CNYproductnameÂïäproducttypeproductdeschttp://localhost:2014/php_yingjie/callback.php0userId or other7day1]|hmac[2908441ba6c812816ebdda2b75701a02]
2016-01-17 15:21:50|orderid[145257626484318900]|str[Buy100011268561452576264843189000.01CNYproductnameÂïäproducttypeproductdeschttp://localhost:2014/php_yingjie/callback.php0userId or other7day1]|hmac[2908441ba6c812816ebdda2b75701a02]
2016-01-17 15:23:08|orderid[]|str[Buy10001126856CNY7day1]|hmac[50fd6a4c3d55e94085bfc6ea98ac9718]
2016-01-17 15:23:24|orderid[145257626484318900]|str[Buy100011268561452576264843189000.01CNYproductnameÂïäproducttypeproductdeschttp://localhost:2014/php_yingjie/callback.php0userId or other7day1]|hmac[c3ca2f5563e133f89ea2649f4de45ab9]
2016-01-17 15:25:06|orderid[145257626484318900]|str[Buy100011268561452576264843189000.01CNYproductnameÂïäproducttypeproductdeschttp://localhost:2014/php_yingjie/callback.php0userId or other7day1]|hmac[c3ca2f5563e133f89ea2649f4de45ab9]
2016-01-17 15:29:46|orderid[]|str[Buy10001126856CNY7day1]|hmac[50fd6a4c3d55e94085bfc6ea98ac9718]
2016-01-17 15:32:21|orderid[145257626484318900]|str[Buy100011268561452576264843189000.01CNYproductnameÂïäproducttypeproductdeschttp://localhost:2014/php_yingjie/callback.php0userId or other7day1]|hmac[c3ca2f5563e133f89ea2649f4de45ab9]
2016-01-17 15:37:29|orderid[1]|str[Buy1000112685610.01CNYproductnameÂïäproducttypeproductdeschttp://localhost:2014/php_yingjie/callback.php0userId or other7day1]|hmac[1cad15f61da1b1515892018edcfe5c00]
2016-01-17 15:38:24|orderid[123]|str[Buy100011268561230.01CNYproductnameÂïäproducttypeproductdeschttp://localhost:2014/php_yingjie/callback.php0userId or other7day1]|hmac[a6640bbcb231636a99a763a8228de27c]
2016-01-17 15:41:10|orderid[123]|str[Buy100011268561230.01CNYproductnameÂïäproducttypeproductdeschttp://localhost:2014/php_yingjie/callback.php0userId or other7day1]|hmac[a6640bbcb231636a99a763a8228de27c]
2016-01-17 15:41:30|orderid[123]|str[Buy100011268561230.01CNYproductnameÂïäproducttypeproductdeschttp://localhost:2014/php_yingjie/callback.php0userId or other7day1]|hmac[a6640bbcb231636a99a763a8228de27c]
2016-01-17 15:41:55|orderid[123]|str[Buy100011268561230.01CNYproductnameÂïäproducttypeproductdeschttp://localhost:2014/php_yingjie/callback.php0userId or other7day1]|hmac[a6640bbcb231636a99a763a8228de27c]
2016-01-17 15:42:29|orderid[123]|str[Buy100011268561230.01CNYproductnameÂïäproducttypeproductdeschttp://localhost:2014/php_yingjie/callback.php0userId or other7day1]|hmac[e7b22628caedf4753ed7dc60443746f1]
2016-01-17 15:43:02|orderid[123]|str[Buy100011268561230.01CNYproductnameÂïäproducttypeproductdeschttp://localhost:2014/php_yingjie/callback.php0userId or other7day1]|hmac[e7b22628caedf4753ed7dc60443746f1]
2016-01-17 15:45:11|orderid[123]|str[Buy100011268561230.01CNYproductname∞°producttypeproductdeschttp://localhost:2014/php_yingjie/callback.php0userId or other7day1]|hmac[2908441ba6c812816ebdda2b75701a02]
2016-01-17 15:46:02|orderid[123]|str[Buy100011268561230.01CNYproductname∞°producttypeproductdeschttp://localhost:2014/php_yingjie/callback.php0userId or other7day1]|hmac[2908441ba6c812816ebdda2b75701a02]
2016-01-17 15:46:04|orderid[123]|str[Buy100011268561230.01CNYproductname∞°producttypeproductdeschttp://localhost:2014/php_yingjie/callback.php0userId or other7day1]|hmac[2908441ba6c812816ebdda2b75701a02]
2016-01-17 15:46:04|orderid[123]|str[Buy100011268561230.01CNYproductname∞°producttypeproductdeschttp://localhost:2014/php_yingjie/callback.php0userId or other7day1]|hmac[2908441ba6c812816ebdda2b75701a02]
2016-01-17 15:46:41|orderid[123]|str[Buy100011268561230.01CNYproductname∞°producttypeproductdeschttp://localhost:2014/php_yingjie/callback.php0userId or other7day1]|hmac[2908441ba6c812816ebdda2b75701a02]
2016-01-17 15:46:42|orderid[123]|str[Buy100011268561230.01CNYproductname∞°producttypeproductdeschttp://localhost:2014/php_yingjie/callback.php0userId or other7day1]|hmac[2908441ba6c812816ebdda2b75701a02]
2016-01-17 15:47:58|orderid[123]|str[Buy100011268561230.01CNYproductname∞°producttypeproductdeschttp://localhost:2014/php_yingjie/callback.php0userId or other7day1]|hmac[2908441ba6c812816ebdda2b75701a02]
2016-01-17 17:02:44|orderid[123]|str[Buy100011268561230.01CNYproductnameÂïäproducttypeproductdeschttp://localhost:2014/php_yingjie/callback.php0userId or other7day1]|hmac[a6640bbcb231636a99a763a8228de27c]
2016-01-17 17:06:44|orderid[123]|str[Buy100011268561230.01CNYproductname∞°producttypeproductdeschttp://localhost:2014/php_yingjie/callback.php0userId or other7day1]|hmac[de8c61fa23c1fdf38d6b60f4b4b53c2a]
2016-01-17 17:10:58|orderid[123]|str[Buy100011268561230.01CNYproductnameÂïäproducttypeproductdeschttp://localhost:2014/php_yingjie/callback.php0userId or other7day1]|hmac[a6640bbcb231636a99a763a8228de27c]
2016-01-17 17:11:16|orderid[123]|str[Buy100011268561230.01CNYproductnameÂïäproducttypeproductdeschttp://localhost:2014/php_yingjie/callback.php0userId or other7day1]|hmac[a6640bbcb231636a99a763a8228de27c]
2016-01-17 17:11:46|orderid[123]|str[Buy100011268561230.01CNYproductnameÂïäproducttypeproductdeschttp://localhost:2014/php_yingjie/callback.php0userId or other7day1]|hmac[a6640bbcb231636a99a763a8228de27c]
2016-01-18 00:52:13|orderid[123]|str[Buy100011268561230.01CNYproductname∞°producttypeproductdeschttp://localhost:2014/php_yingjie/callback.php0userId or other7day1]|hmac[de8c61fa23c1fdf38d6b60f4b4b53c2a]
2016-01-18 00:52:54|orderid[123]|str[Buy100011268561230.01CNYproductname∞°producttypeproductdeschttp://localhost:2014/php_yingjie/callback.php0userId or other7day1]|hmac[de8c61fa23c1fdf38d6b60f4b4b53c2a]
2016-01-18 00:55:35|orderid[123]|str[Buy100011268561230.01CNYproductname∞°∞°∞°producttypeproductdeschttp://localhost:2014/php_yingjie/callback.php0userId or other7day1]|hmac[c940083e583f0467ee7f96dc79478c51]
2016-01-18 00:55:47|orderid[123]|str[Buy100011268561230.01CNYproductname∞°∞°producttypeproductdeschttp://localhost:2014/php_yingjie/callback.php0userId or other7day1]|hmac[c305e74f894981220aa0b6127d974079]
2016-01-18 03:04:10|orderid[145257626484318900]|str[Buy100011268561452576264843189000.01CNYproduct «producttypeproductdeschttp://localhost:2014/php_yingjie/callback.php0userId or other7day1]|hmac[de467a1c64f11e7b34ab39703d5d8ffa]
2016-01-18 11:07:01|orderid[145257626484318900w]|str[Buy10001126856145257626484318900w0.01CNY¥˙∏∂producttypeproductdeschttp://localhost:2014/php_yingjie/callback.php0userId or other7day1]|hmac[b0a5f5e3d37a6b3d9b217dd24fdc0f6e]
2016-01-19 07:04:51|orderid[]|str[Buy100011268560.01CNYproductnameproducttypeproductdeschttp://localhost:2014/php_yingjie/callback.php0userId or other7day1]|hmac[d5e6cfc995e548c5dce8267bb97cbee8]
2016-01-19 07:16:23|orderid[]|str[Buy100011268560.01CNYproductnameproducttypeproductdeschttp://localhost:2014/php_yingjie/callback.php0userId or other7day1]|hmac[d5e6cfc995e548c5dce8267bb97cbee8]
2016-01-20 01:46:48|orderid[0101601001435105]|str[Buy1000112685601016010014351050.01CNYproductnameproducttypeproductdeschttp://localhost:2014/php_yingjie/callback.php0userId or other7day1]|hmac[621d43d0a2d0632b97c8c8d852a2f8e4]
2016-01-20 02:47:50|orderid[74410050419388538]|str[Buy10001126856744100504193885380.01CNYMoneyHomeMoneyHomeProductMoneyHomeProductDeschttp://www.360lmd.com/modules/payment/callback.php0MoneyHome744100504193885387day1]|hmac[36ea870d794ccc9818a77312f75d004c]
2016-01-27 02:51:42|orderid[0101601001435105]|str[Buy1000112685601016010014351050.01CNYproductnameproducttypeproductdeschttp://localhost:2014/php_yingjie/callback.php0userId or other7day1]|hmac[621d43d0a2d0632b97c8c8d852a2f8e4]
2016-01-27 09:47:22|orderid[]|str[Buy100011268560.01CNYproductnameproducttypeproductdeschttp://localhost:2014/php_yingjie/callback.php0userId or other7day1]|hmac[d5e6cfc995e548c5dce8267bb97cbee8]
2016-01-28 07:49:05|orderid[]|str[RefundResults1000112685614525762648431890011]|hmac[d9eba48f248fb275c9e3cdd2f78fdd91]
2016-01-28 07:49:10|orderid[yeepay_88019683]|str[RefundResults-314525762648431890011yeepay_88019683]|hmac[05b9a7baf2fa2aa23eab710c7b01f640]
2016-01-28 07:56:32|orderid[]|str[RefundResults10001126856519627184554073I]|hmac[5e310fffba4e9b4846ae71093ffdd4a7]
2016-01-28 07:56:33|orderid[yeepay_88019788]|str[RefundResults-3519627184554073Iyeepay_88019788]|hmac[cf90075f43baacdddbe628590afe339f]
2016-01-28 07:56:45|orderid[yeepay_88019772]|str[RefundResults10001126856yeepay_88019772519627184554073I]|hmac[f3b94e437823d2bb8bcbfbefb811b051]
2016-01-28 07:56:45|orderid[yeepay_88019772]|str[RefundResults1519627184554073Iyeepay_8801977211]|hmac[1122527c2f0f174c02c23f88e8952ed1]
2016-10-08 16:24:14|orderid[dd01]|str[Buy10001126856dd010.01CNYproductnameproducttypeproductdeschttp://localhost/wy/callback.php0userId or otherICBC-NET-B2C7day1]|hmac[af292afece8ca5cf86e6982bd564fea3]
2016-10-08 16:30:05|orderid[dd001]|str[Buy10001126856dd0010.01CNYproductnameproducttypeproductdeschttp://localhost/wy/callback.php0userId or otherICBC-NET-B2C7day1]|hmac[878a6595a7055857ca5358f4a036840c]
2016-10-08 16:31:10|orderid[dd001]|str[Buy10001126856dd0010.01CNYproductnameproducttypeproductdeschttp://localhost/wy/callback.php0userId or otherICBC-NET-B2C7day1]|hmac[878a6595a7055857ca5358f4a036840c]
2016-10-08 16:34:06|orderid[dd001]|str[Buy10001126856dd0010.01CNYproductnameproducttypeproductdeschttp://localhost/wy/callback.php0userId or otherICBC-NET-B2C7day1]|hmac[878a6595a7055857ca5358f4a036840c]
2016-10-09 15:18:11|orderid[dd001]|str[Buy10001126856dd0010.01CNYproductnameproducttypeproductdeschttp://localhost/wy/callback.php0userId or otherICBC-NET-B2C7day1]|hmac[878a6595a7055857ca5358f4a036840c]
2016-10-13 11:42:23|orderid[]|str[CancelOrd100011268561]|hmac[4e501ede7b21f7742974e58ae3a68e38]
2016-10-21 09:29:24|orderid[dd001]|str[Buy10001126856dd0010.01CNYproductnameproducttypeproductdeschttp://localhost/wy/callback.php0userId or otherICBC-NET-B2C7day1]|hmac[878a6595a7055857ca5358f4a036840c]
2016-10-21 09:31:44|orderid[dd001]|str[QueryOrdDetail10001126856dd0013.02]|hmac[2a11bd4b705e244b160747993245d46d]
2016-10-21 09:31:45|orderid[dd001]|str[QueryOrdDetail1915251226677062I0.01RMBproductnamedd001userId or other20161021093014INIT00.0]|hmac[5d9ac5cda5964556fb6e6faa763fe857]
2016-10-21 09:54:03|orderid[dd]|str[Buy10001126856dd0.01CNYproductnameproducttypeproductdeschttp://localhost/wy/callback.php0userId or otherICBC-NET-B2C7day1]|hmac[db2ecc8c06657573b78ab765f70c0ae8]
2016-10-21 09:54:49|orderid[dd0002]|str[Buy10001126856dd00020.01CNYproductnameproducttypeproductdeschttp://localhost/wy/callback.php0userId or otherICBC-NET-B2C7day1]|hmac[3619b62da9176337a1823f9d1bbcf6a1]
2016-10-21 09:54:52|orderid[]|str[Buy100011268560.01CNYproductnameproducttypeproductdeschttp://localhost/wy/callback.php0userId or otherICBC-NET-B2C7day1]|hmac[1a52cee66b624d4450ddb5793123f2ac]
2016-10-21 09:55:24|orderid[dd0023]|str[Buy10001126856dd00230.01CNYproductnameproducttypeproductdeschttp://localhost/wy/callback.php0userId or otherICBC-NET-B2C7day1]|hmac[1ac1412fecb24d9ad79bb838c2c9925c]
2016-10-21 09:55:34|orderid[dd001]|str[Buy10001126856dd0010.01CNYproductnameproducttypeproductdeschttp://localhost/wy/callback.php0userId or otherICBC-NET-B2C7day1]|hmac[878a6595a7055857ca5358f4a036840c]
2016-10-21 09:56:45|orderid[]|str[10001126856]|hmac[47a6891789251493b71af24aeff205e9]
2017-04-20 14:43:49|orderid[dd001]|str[Buy10001126856dd0010.01CNYproductnameproducttypeproductdeschttp://localhost/wy/callback.php0userId or otherICBC-NET-B2C7day1]|hmac[878a6595a7055857ca5358f4a036840c]
2017-04-20 14:44:28|orderid[easedd001]|str[Buy10001126856easedd0010.01CNYproductnameproducttypeproductdeschttp://localhost/wy/callback.php0userId or otherICBC-NET-B2C7day1]|hmac[88ffd379099ea7a43fa1c57d588b2008]
2017-04-20 15:24:45|orderid[wysc001234]|str[Buy10001126856wysc0012340.01CNYproductnameproducttypeproductdeschttp://localhost/wy/callback.php0userId or otherICBC-NET-B2C7day1]|hmac[c097d4463f09820f419d01866b8ce9c0]
2017-04-20 15:25:14|orderid[wysc00123456]|str[Buy10001126856wysc001234560.01CNYproductnameproducttypeproductdeschttp://localhost/wy/callback.php0userId or otherICBC-NET-B2C7day1]|hmac[7402fc5863b97b442549bdae96010f21]
2017-04-20 15:52:43|orderid[wysc001234561]|str[Buy10001126856wysc0012345610.01CNYproductnameproducttypeproductdeschttp://localhost/wy/callback.php0userId or otherICBC-NET-B2C7day1]|hmac[65552ac37f4da2f03afa1c16ad26ecc4]