[ 2017-02-15T09:26:08+08:00 ] 0.0.0.0 /12/thinkphp/04/demo5/index.php/Index/ti
INFO: [ route_check ] --START--
INFO: Run CheckRoute Behavior [ RunTime:0.004001s ]
INFO: [ route_check ] --END-- [ RunTime:0.004001s ]
INFO: [ app_begin ] --START--
INFO: Run ReadHtmlCache Behavior [ RunTime:0.002000s ]
INFO: [ app_begin ] --END-- [ RunTime:0.002000s ]
SQL: SHOW COLUMNS FROM `think_admin` [ RunTime:0.009000s ]
SQL: INSERT INTO `think_admin` (`aName`,`aPwd`) VALUES ('zhaoliu','33333') [ RunTime:0.001000s ]

[ 2017-02-15T09:26:34+08:00 ] 0.0.0.0 /12/thinkphp/04/demo5/index.php/Index/ti
INFO: [ route_check ] --START--
INFO: Run CheckRoute Behavior [ RunTime:0.000000s ]
INFO: [ route_check ] --END-- [ RunTime:0.076005s ]
INFO: [ app_begin ] --START--
INFO: Run ReadHtmlCache Behavior [ RunTime:0.003000s ]
INFO: [ app_begin ] --END-- [ RunTime:0.003000s ]
SQL: SHOW COLUMNS FROM `think_admin` [ RunTime:0.003000s ]
SQL: INSERT INTO `think_admin` (`aName`,`aPwd`) VALUES ('zhaoliu','33333') [ RunTime:0.000000s ]

[ 2017-02-15T09:27:02+08:00 ] 0.0.0.0 /12/thinkphp/04/demo5/index.php/Index/up
INFO: [ route_check ] --START--
INFO: Run CheckRoute Behavior [ RunTime:0.001000s ]
INFO: [ route_check ] --END-- [ RunTime:0.002000s ]
INFO: [ app_begin ] --START--
INFO: Run ReadHtmlCache Behavior [ RunTime:0.002000s ]
INFO: [ app_begin ] --END-- [ RunTime:0.002000s ]
SQL: SHOW COLUMNS FROM `think_admin` [ RunTime:0.009000s ]
SQL: UPDATE `think_admin` SET `aName`='我很爱国' WHERE ( aId=1 ) [ RunTime:0.039002s ]

[ 2017-02-15T10:08:57+08:00 ] 0.0.0.0 /12/thinkphp/04/demo5/index.php
INFO: [ app_begin ] --START--
INFO: Run ReadHtmlCache Behavior [ RunTime:0.001001s ]
INFO: [ app_begin ] --END-- [ RunTime:0.001001s ]
SQL: SHOW COLUMNS FROM `think_admin` [ RunTime:0.008000s ]
SQL: SELECT * FROM `think_admin` LIMIT 1   [ RunTime:0.001000s ]
SQL: SELECT * FROM `think_admin`  [ RunTime:0.000000s ]
SQL: SELECT * FROM `think_admin` WHERE ( aId=10 )  [ RunTime:0.000000s ]
SQL: SELECT * FROM `think_admin` ORDER BY aId desc  [ RunTime:0.018001s ]
SQL: SELECT `aId`,`aName` FROM `think_admin` ORDER BY aId desc LIMIT 1,2   [ RunTime:0.001000s ]
SQL: SELECT * FROM `think_admin` `admin`,`think_admin_msg` `am` WHERE ( admin.aId=am.aId )  [ RunTime:0.002000s ]
SQL: SELECT * FROM `think_admin` LEFT JOIN think_admin_msg ON think_admin.aId = think_admin_msg.aId  [ RunTime:0.001000s ]

[ 2017-02-15T10:10:35+08:00 ] 0.0.0.0 /12/thinkphp/04/demo5/index.php
INFO: [ app_begin ] --START--
INFO: Run ReadHtmlCache Behavior [ RunTime:0.000000s ]
INFO: [ app_begin ] --END-- [ RunTime:0.000000s ]
SQL: SHOW COLUMNS FROM `think_admin` [ RunTime:0.011000s ]
SQL: SELECT * FROM `think_admin` LIMIT 1   [ RunTime:0.000000s ]
SQL: SELECT * FROM `think_admin`  [ RunTime:0.000000s ]
SQL: SELECT * FROM `think_admin` WHERE ( aId=10 )  [ RunTime:0.000000s ]
SQL: SELECT * FROM `think_admin` ORDER BY aId desc  [ RunTime:0.000000s ]
SQL: SELECT `aId`,`aName` FROM `think_admin` ORDER BY aId desc LIMIT 1,2   [ RunTime:0.001000s ]
SQL: SELECT * FROM `think_admin` `admin`,`think_admin_msg` `am` WHERE ( admin.aId=am.aId )  [ RunTime:0.000000s ]
SQL: SELECT * FROM `think_admin` LEFT JOIN think_admin_msg ON think_admin.aId = think_admin_msg.aId  [ RunTime:0.000000s ]

