[ 2016-11-25T12:00:57+08:00 ] 192.168.0.78 /wysc/admin-rbac-combotreejson1-roleid-6.html
INFO: [ app_begin ] --START--
INFO: ReadHtmlCache Behavior ::run [ RunTime:0.000000s ]
INFO: [ app_begin ] --END-- [ RunTime:0.000000s ]
NOTIC: [8192] Call-time pass-by-reference has been deprecated F:\ease\php_lesson\14\source\wysc\Lib\Action\Admin\RbacAction.class.php 第 309 行.
NOTIC: [8192] Call-time pass-by-reference has been deprecated F:\ease\php_lesson\14\source\wysc\Lib\Action\Admin\RbacAction.class.php 第 326 行.
NOTIC: [8192] Call-time pass-by-reference has been deprecated F:\ease\php_lesson\14\source\wysc\Lib\Action\Admin\RbacAction.class.php 第 336 行.
NOTIC: [8192] Call-time pass-by-reference has been deprecated F:\ease\php_lesson\14\source\wysc\Lib\Action\Admin\RbacAction.class.php 第 347 行.
NOTIC: [8] Undefined index: level F:\ease\php_lesson\14\source\wysc\Lib\Action\Admin\RbacAction.class.php 第 315 行.
NOTIC: [8] Use of undefined constant roleid - assumed 'roleid' F:\ease\php_lesson\14\source\wysc\Lib\Action\Admin\RbacAction.class.php 第 316 行.
SQL: SHOW COLUMNS FROM `node` [ RunTime:0.000000s ]
SQL: SELECT COUNT(*) AS tp_count FROM `node` WHERE ( pid='0' and level<999 ) LIMIT 1   [ RunTime:0.000000s ]
SQL: SELECT * FROM `node` WHERE ( pid='0' and level<999 )  [ RunTime:0.000000s ]
SQL: SHOW COLUMNS FROM `access` [ RunTime:0.031200s ]
NOTIC: [8] Use of undefined constant id - assumed 'id' F:\ease\php_lesson\14\source\wysc\Lib\Model\NodeModel.class.php 第 174 行.
NOTIC: [8] Use of undefined constant id - assumed 'id' F:\ease\php_lesson\14\source\wysc\Lib\Model\NodeModel.class.php 第 174 行.
NOTIC: [8] Use of undefined constant text - assumed 'text' F:\ease\php_lesson\14\source\wysc\Lib\Model\NodeModel.class.php 第 175 行.
NOTIC: [8] Use of undefined constant title - assumed 'title' F:\ease\php_lesson\14\source\wysc\Lib\Model\NodeModel.class.php 第 175 行.
NOTIC: [8] Use of undefined constant iconCls - assumed 'iconCls' F:\ease\php_lesson\14\source\wysc\Lib\Model\NodeModel.class.php 第 176 行.
SQL: SELECT COUNT(*) AS tp_count FROM `access` WHERE ( node_id='1' and role_id='6' and level=3  ) LIMIT 1   [ RunTime:0.000000s ]
SQL: SELECT COUNT(*) AS tp_count FROM `node` WHERE ( pid='1' and level<999 ) LIMIT 1   [ RunTime:0.000000s ]
NOTIC: [8] Use of undefined constant id - assumed 'id' F:\ease\php_lesson\14\source\wysc\Lib\Model\NodeModel.class.php 第 187 行.
SQL: SELECT COUNT(*) AS tp_count FROM `node` WHERE ( pid='1' and level<999 ) LIMIT 1   [ RunTime:0.000000s ]
SQL: SELECT * FROM `node` WHERE ( pid='1' and level<999 )  [ RunTime:0.000000s ]
NOTIC: [8] Use of undefined constant id - assumed 'id' F:\ease\php_lesson\14\source\wysc\Lib\Model\NodeModel.class.php 第 174 行.
NOTIC: [8] Use of undefined constant id - assumed 'id' F:\ease\php_lesson\14\source\wysc\Lib\Model\NodeModel.class.php 第 174 行.
NOTIC: [8] Use of undefined constant text - assumed 'text' F:\ease\php_lesson\14\source\wysc\Lib\Model\NodeModel.class.php 第 175 行.
NOTIC: [8] Use of undefined constant title - assumed 'title' F:\ease\php_lesson\14\source\wysc\Lib\Model\NodeModel.class.php 第 175 行.
NOTIC: [8] Use of undefined constant iconCls - assumed 'iconCls' F:\ease\php_lesson\14\source\wysc\Lib\Model\NodeModel.class.php 第 176 行.
SQL: SELECT COUNT(*) AS tp_count FROM `access` WHERE ( node_id='5' and role_id='6' and level=3  ) LIMIT 1   [ RunTime:0.000000s ]
SQL: SELECT COUNT(*) AS tp_count FROM `node` WHERE ( pid='5' and level<999 ) LIMIT 1   [ RunTime:0.000000s ]
NOTIC: [8] Use of undefined constant id - assumed 'id' F:\ease\php_lesson\14\source\wysc\Lib\Model\NodeModel.class.php 第 187 行.
SQL: SELECT COUNT(*) AS tp_count FROM `node` WHERE ( pid='5' and level<999 ) LIMIT 1   [ RunTime:0.000000s ]
SQL: SELECT * FROM `node` WHERE ( pid='5' and level<999 )  [ RunTime:0.000000s ]
NOTIC: [8] Use of undefined constant id - assumed 'id' F:\ease\php_lesson\14\source\wysc\Lib\Model\NodeModel.class.php 第 174 行.
NOTIC: [8] Use of undefined constant id - assumed 'id' F:\ease\php_lesson\14\source\wysc\Lib\Model\NodeModel.class.php 第 174 行.
NOTIC: [8] Use of undefined constant text - assumed 'text' F:\ease\php_lesson\14\source\wysc\Lib\Model\NodeModel.class.php 第 175 行.
NOTIC: [8] Use of undefined constant title - assumed 'title' F:\ease\php_lesson\14\source\wysc\Lib\Model\NodeModel.class.php 第 175 行.
NOTIC: [8] Use of undefined constant iconCls - assumed 'iconCls' F:\ease\php_lesson\14\source\wysc\Lib\Model\NodeModel.class.php 第 176 行.
NOTIC: [8] Use of undefined constant iconCls - assumed 'iconCls' F:\ease\php_lesson\14\source\wysc\Lib\Model\NodeModel.class.php 第 177 行.
NOTIC: [8] Use of undefined constant iconCls - assumed 'iconCls' F:\ease\php_lesson\14\source\wysc\Lib\Model\NodeModel.class.php 第 177 行.
SQL: SELECT COUNT(*) AS tp_count FROM `access` WHERE ( node_id='6' and role_id='6' and level=3  ) LIMIT 1   [ RunTime:0.000000s ]
SQL: SELECT COUNT(*) AS tp_count FROM `node` WHERE ( pid='6' and level<999 ) LIMIT 1   [ RunTime:0.000000s ]
NOTIC: [8] Use of undefined constant id - assumed 'id' F:\ease\php_lesson\14\source\wysc\Lib\Model\NodeModel.class.php 第 174 行.
NOTIC: [8] Use of undefined constant id - assumed 'id' F:\ease\php_lesson\14\source\wysc\Lib\Model\NodeModel.class.php 第 174 行.
NOTIC: [8] Use of undefined constant text - assumed 'text' F:\ease\php_lesson\14\source\wysc\Lib\Model\NodeModel.class.php 第 175 行.
NOTIC: [8] Use of undefined constant title - assumed 'title' F:\ease\php_lesson\14\source\wysc\Lib\Model\NodeModel.class.php 第 175 行.
NOTIC: [8] Use of undefined constant iconCls - assumed 'iconCls' F:\ease\php_lesson\14\source\wysc\Lib\Model\NodeModel.class.php 第 176 行.
NOTIC: [8] Use of undefined constant iconCls - assumed 'iconCls' F:\ease\php_lesson\14\source\wysc\Lib\Model\NodeModel.class.php 第 177 行.
NOTIC: [8] Use of undefined constant iconCls - assumed 'iconCls' F:\ease\php_lesson\14\source\wysc\Lib\Model\NodeModel.class.php 第 177 行.
SQL: SELECT COUNT(*) AS tp_count FROM `access` WHERE ( node_id='8' and role_id='6' and level=3  ) LIMIT 1   [ RunTime:0.000000s ]
NOTIC: [8] Use of undefined constant checked - assumed 'checked' F:\ease\php_lesson\14\source\wysc\Lib\Model\NodeModel.class.php 第 183 行.
SQL: SELECT COUNT(*) AS tp_count FROM `node` WHERE ( pid='8' and level<999 ) LIMIT 1   [ RunTime:0.000000s ]
NOTIC: [8] Use of undefined constant id - assumed 'id' F:\ease\php_lesson\14\source\wysc\Lib\Model\NodeModel.class.php 第 174 行.
NOTIC: [8] Use of undefined constant id - assumed 'id' F:\ease\php_lesson\14\source\wysc\Lib\Model\NodeModel.class.php 第 174 行.
NOTIC: [8] Use of undefined constant text - assumed 'text' F:\ease\php_lesson\14\source\wysc\Lib\Model\NodeModel.class.php 第 175 行.
NOTIC: [8] Use of undefined constant title - assumed 'title' F:\ease\php_lesson\14\source\wysc\Lib\Model\NodeModel.class.php 第 175 行.
NOTIC: [8] Use of undefined constant iconCls - assumed 'iconCls' F:\ease\php_lesson\14\source\wysc\Lib\Model\NodeModel.class.php 第 176 行.
NOTIC: [8] Use of undefined constant iconCls - assumed 'iconCls' F:\ease\php_lesson\14\source\wysc\Lib\Model\NodeModel.class.php 第 177 行.
NOTIC: [8] Use of undefined constant iconCls - assumed 'iconCls' F:\ease\php_lesson\14\source\wysc\Lib\Model\NodeModel.class.php 第 177 行.
SQL: SELECT COUNT(*) AS tp_count FROM `access` WHERE ( node_id='9' and role_id='6' and level=3  ) LIMIT 1   [ RunTime:0.000000s ]
SQL: SELECT COUNT(*) AS tp_count FROM `node` WHERE ( pid='9' and level<999 ) LIMIT 1   [ RunTime:0.000000s ]
NOTIC: [8] Use of undefined constant id - assumed 'id' F:\ease\php_lesson\14\source\wysc\Lib\Model\NodeModel.class.php 第 174 行.
NOTIC: [8] Use of undefined constant id - assumed 'id' F:\ease\php_lesson\14\source\wysc\Lib\Model\NodeModel.class.php 第 174 行.
NOTIC: [8] Use of undefined constant text - assumed 'text' F:\ease\php_lesson\14\source\wysc\Lib\Model\NodeModel.class.php 第 175 行.
NOTIC: [8] Use of undefined constant title - assumed 'title' F:\ease\php_lesson\14\source\wysc\Lib\Model\NodeModel.class.php 第 175 行.
NOTIC: [8] Use of undefined constant iconCls - assumed 'iconCls' F:\ease\php_lesson\14\source\wysc\Lib\Model\NodeModel.class.php 第 176 行.
NOTIC: [8] Use of undefined constant iconCls - assumed 'iconCls' F:\ease\php_lesson\14\source\wysc\Lib\Model\NodeModel.class.php 第 177 行.
NOTIC: [8] Use of undefined constant iconCls - assumed 'iconCls' F:\ease\php_lesson\14\source\wysc\Lib\Model\NodeModel.class.php 第 177 行.
SQL: SELECT COUNT(*) AS tp_count FROM `access` WHERE ( node_id='10' and role_id='6' and level=3  ) LIMIT 1   [ RunTime:0.000000s ]
SQL: SELECT COUNT(*) AS tp_count FROM `node` WHERE ( pid='10' and level<999 ) LIMIT 1   [ RunTime:0.000000s ]
NOTIC: [8] Use of undefined constant id - assumed 'id' F:\ease\php_lesson\14\source\wysc\Lib\Model\NodeModel.class.php 第 174 行.
NOTIC: [8] Use of undefined constant id - assumed 'id' F:\ease\php_lesson\14\source\wysc\Lib\Model\NodeModel.class.php 第 174 行.
NOTIC: [8] Use of undefined constant text - assumed 'text' F:\ease\php_lesson\14\source\wysc\Lib\Model\NodeModel.class.php 第 175 行.
NOTIC: [8] Use of undefined constant title - assumed 'title' F:\ease\php_lesson\14\source\wysc\Lib\Model\NodeModel.class.php 第 175 行.
NOTIC: [8] Use of undefined constant iconCls - assumed 'iconCls' F:\ease\php_lesson\14\source\wysc\Lib\Model\NodeModel.class.php 第 176 行.
NOTIC: [8] Use of undefined constant iconCls - assumed 'iconCls' F:\ease\php_lesson\14\source\wysc\Lib\Model\NodeModel.class.php 第 177 行.
NOTIC: [8] Use of undefined constant iconCls - assumed 'iconCls' F:\ease\php_lesson\14\source\wysc\Lib\Model\NodeModel.class.php 第 177 行.
SQL: SELECT COUNT(*) AS tp_count FROM `access` WHERE ( node_id='11' and role_id='6' and level=3  ) LIMIT 1   [ RunTime:0.000000s ]
SQL: SELECT COUNT(*) AS tp_count FROM `node` WHERE ( pid='11' and level<999 ) LIMIT 1   [ RunTime:0.000000s ]
NOTIC: [8] Use of undefined constant id - assumed 'id' F:\ease\php_lesson\14\source\wysc\Lib\Model\NodeModel.class.php 第 174 行.
NOTIC: [8] Use of undefined constant id - assumed 'id' F:\ease\php_lesson\14\source\wysc\Lib\Model\NodeModel.class.php 第 174 行.
NOTIC: [8] Use of undefined constant text - assumed 'text' F:\ease\php_lesson\14\source\wysc\Lib\Model\NodeModel.class.php 第 175 行.
NOTIC: [8] Use of undefined constant title - assumed 'title' F:\ease\php_lesson\14\source\wysc\Lib\Model\NodeModel.class.php 第 175 行.
NOTIC: [8] Use of undefined constant iconCls - assumed 'iconCls' F:\ease\php_lesson\14\source\wysc\Lib\Model\NodeModel.class.php 第 176 行.
SQL: SELECT COUNT(*) AS tp_count FROM `access` WHERE ( node_id='12' and role_id='6' and level=3  ) LIMIT 1   [ RunTime:0.000000s ]
SQL: SELECT COUNT(*) AS tp_count FROM `node` WHERE ( pid='12' and level<999 ) LIMIT 1   [ RunTime:0.000000s ]
NOTIC: [8] Use of undefined constant id - assumed 'id' F:\ease\php_lesson\14\source\wysc\Lib\Model\NodeModel.class.php 第 174 行.
NOTIC: [8] Use of undefined constant id - assumed 'id' F:\ease\php_lesson\14\source\wysc\Lib\Model\NodeModel.class.php 第 174 行.
NOTIC: [8] Use of undefined constant text - assumed 'text' F:\ease\php_lesson\14\source\wysc\Lib\Model\NodeModel.class.php 第 175 行.
NOTIC: [8] Use of undefined constant title - assumed 'title' F:\ease\php_lesson\14\source\wysc\Lib\Model\NodeModel.class.php 第 175 行.
NOTIC: [8] Use of undefined constant iconCls - assumed 'iconCls' F:\ease\php_lesson\14\source\wysc\Lib\Model\NodeModel.class.php 第 176 行.
SQL: SELECT COUNT(*) AS tp_count FROM `access` WHERE ( node_id='13' and role_id='6' and level=3  ) LIMIT 1   [ RunTime:0.000000s ]
SQL: SELECT COUNT(*) AS tp_count FROM `node` WHERE ( pid='13' and level<999 ) LIMIT 1   [ RunTime:0.000000s ]
NOTIC: [8] Use of undefined constant id - assumed 'id' F:\ease\php_lesson\14\source\wysc\Lib\Model\NodeModel.class.php 第 174 行.
NOTIC: [8] Use of undefined constant id - assumed 'id' F:\ease\php_lesson\14\source\wysc\Lib\Model\NodeModel.class.php 第 174 行.
NOTIC: [8] Use of undefined constant text - assumed 'text' F:\ease\php_lesson\14\source\wysc\Lib\Model\NodeModel.class.php 第 175 行.
NOTIC: [8] Use of undefined constant title - assumed 'title' F:\ease\php_lesson\14\source\wysc\Lib\Model\NodeModel.class.php 第 175 行.
NOTIC: [8] Use of undefined constant iconCls - assumed 'iconCls' F:\ease\php_lesson\14\source\wysc\Lib\Model\NodeModel.class.php 第 176 行.
SQL: SELECT COUNT(*) AS tp_count FROM `access` WHERE ( node_id='14' and role_id='6' and level=3  ) LIMIT 1   [ RunTime:0.015600s ]
SQL: SELECT COUNT(*) AS tp_count FROM `node` WHERE ( pid='14' and level<999 ) LIMIT 1   [ RunTime:0.000000s ]
NOTIC: [8] Use of undefined constant id - assumed 'id' F:\ease\php_lesson\14\source\wysc\Lib\Model\NodeModel.class.php 第 174 行.
NOTIC: [8] Use of undefined constant id - assumed 'id' F:\ease\php_lesson\14\source\wysc\Lib\Model\NodeModel.class.php 第 174 行.
NOTIC: [8] Use of undefined constant text - assumed 'text' F:\ease\php_lesson\14\source\wysc\Lib\Model\NodeModel.class.php 第 175 行.
NOTIC: [8] Use of undefined constant title - assumed 'title' F:\ease\php_lesson\14\source\wysc\Lib\Model\NodeModel.class.php 第 175 行.
NOTIC: [8] Use of undefined constant iconCls - assumed 'iconCls' F:\ease\php_lesson\14\source\wysc\Lib\Model\NodeModel.class.php 第 176 行.
SQL: SELECT COUNT(*) AS tp_count FROM `access` WHERE ( node_id='15' and role_id='6' and level=3  ) LIMIT 1   [ RunTime:0.000000s ]
SQL: SELECT COUNT(*) AS tp_count FROM `node` WHERE ( pid='15' and level<999 ) LIMIT 1   [ RunTime:0.000000s ]
NOTIC: [8] Use of undefined constant id - assumed 'id' F:\ease\php_lesson\14\source\wysc\Lib\Model\NodeModel.class.php 第 174 行.
NOTIC: [8] Use of undefined constant id - assumed 'id' F:\ease\php_lesson\14\source\wysc\Lib\Model\NodeModel.class.php 第 174 行.
NOTIC: [8] Use of undefined constant text - assumed 'text' F:\ease\php_lesson\14\source\wysc\Lib\Model\NodeModel.class.php 第 175 行.
NOTIC: [8] Use of undefined constant title - assumed 'title' F:\ease\php_lesson\14\source\wysc\Lib\Model\NodeModel.class.php 第 175 行.
NOTIC: [8] Use of undefined constant iconCls - assumed 'iconCls' F:\ease\php_lesson\14\source\wysc\Lib\Model\NodeModel.class.php 第 176 行.
SQL: SELECT COUNT(*) AS tp_count FROM `access` WHERE ( node_id='16' and role_id='6' and level=3  ) LIMIT 1   [ RunTime:0.000000s ]
SQL: SELECT COUNT(*) AS tp_count FROM `node` WHERE ( pid='16' and level<999 ) LIMIT 1   [ RunTime:0.000000s ]
NOTIC: [8] Use of undefined constant id - assumed 'id' F:\ease\php_lesson\14\source\wysc\Lib\Model\NodeModel.class.php 第 187 行.
SQL: SELECT COUNT(*) AS tp_count FROM `node` WHERE ( pid='16' and level<999 ) LIMIT 1   [ RunTime:0.000000s ]
SQL: SELECT * FROM `node` WHERE ( pid='16' and level<999 )  [ RunTime:0.000000s ]
NOTIC: [8] Use of undefined constant id - assumed 'id' F:\ease\php_lesson\14\source\wysc\Lib\Model\NodeModel.class.php 第 174 行.
NOTIC: [8] Use of undefined constant id - assumed 'id' F:\ease\php_lesson\14\source\wysc\Lib\Model\NodeModel.class.php 第 174 行.
NOTIC: [8] Use of undefined constant text - assumed 'text' F:\ease\php_lesson\14\source\wysc\Lib\Model\NodeModel.class.php 第 175 行.
NOTIC: [8] Use of undefined constant title - assumed 'title' F:\ease\php_lesson\14\source\wysc\Lib\Model\NodeModel.class.php 第 175 行.
NOTIC: [8] Use of undefined constant iconCls - assumed 'iconCls' F:\ease\php_lesson\14\source\wysc\Lib\Model\NodeModel.class.php 第 176 行.
NOTIC: [8] Use of undefined constant iconCls - assumed 'iconCls' F:\ease\php_lesson\14\source\wysc\Lib\Model\NodeModel.class.php 第 177 行.
NOTIC: [8] Use of undefined constant iconCls - assumed 'iconCls' F:\ease\php_lesson\14\source\wysc\Lib\Model\NodeModel.class.php 第 177 行.
SQL: SELECT COUNT(*) AS tp_count FROM `access` WHERE ( node_id='17' and role_id='6' and level=3  ) LIMIT 1   [ RunTime:0.000000s ]
SQL: SELECT COUNT(*) AS tp_count FROM `node` WHERE ( pid='17' and level<999 ) LIMIT 1   [ RunTime:0.000000s ]
NOTIC: [8] Use of undefined constant id - assumed 'id' F:\ease\php_lesson\14\source\wysc\Lib\Model\NodeModel.class.php 第 174 行.
NOTIC: [8] Use of undefined constant id - assumed 'id' F:\ease\php_lesson\14\source\wysc\Lib\Model\NodeModel.class.php 第 174 行.
NOTIC: [8] Use of undefined constant text - assumed 'text' F:\ease\php_lesson\14\source\wysc\Lib\Model\NodeModel.class.php 第 175 行.
NOTIC: [8] Use of undefined constant title - assumed 'title' F:\ease\php_lesson\14\source\wysc\Lib\Model\NodeModel.class.php 第 175 行.
NOTIC: [8] Use of undefined constant iconCls - assumed 'iconCls' F:\ease\php_lesson\14\source\wysc\Lib\Model\NodeModel.class.php 第 176 行.
NOTIC: [8] Use of undefined constant iconCls - assumed 'iconCls' F:\ease\php_lesson\14\source\wysc\Lib\Model\NodeModel.class.php 第 177 行.
NOTIC: [8] Use of undefined constant iconCls - assumed 'iconCls' F:\ease\php_lesson\14\source\wysc\Lib\Model\NodeModel.class.php 第 177 行.
SQL: SELECT COUNT(*) AS tp_count FROM `access` WHERE ( node_id='18' and role_id='6' and level=3  ) LIMIT 1   [ RunTime:0.000000s ]
NOTIC: [8] Use of undefined constant checked - assumed 'checked' F:\ease\php_lesson\14\source\wysc\Lib\Model\NodeModel.class.php 第 183 行.
SQL: SELECT COUNT(*) AS tp_count FROM `node` WHERE ( pid='18' and level<999 ) LIMIT 1   [ RunTime:0.000000s ]
NOTIC: [8] Use of undefined constant id - assumed 'id' F:\ease\php_lesson\14\source\wysc\Lib\Model\NodeModel.class.php 第 174 行.
NOTIC: [8] Use of undefined constant id - assumed 'id' F:\ease\php_lesson\14\source\wysc\Lib\Model\NodeModel.class.php 第 174 行.
NOTIC: [8] Use of undefined constant text - assumed 'text' F:\ease\php_lesson\14\source\wysc\Lib\Model\NodeModel.class.php 第 175 行.
NOTIC: [8] Use of undefined constant title - assumed 'title' F:\ease\php_lesson\14\source\wysc\Lib\Model\NodeModel.class.php 第 175 行.
NOTIC: [8] Use of undefined constant iconCls - assumed 'iconCls' F:\ease\php_lesson\14\source\wysc\Lib\Model\NodeModel.class.php 第 176 行.
SQL: SELECT COUNT(*) AS tp_count FROM `access` WHERE ( node_id='19' and role_id='6' and level=3  ) LIMIT 1   [ RunTime:0.000000s ]
SQL: SELECT COUNT(*) AS tp_count FROM `node` WHERE ( pid='19' and level<999 ) LIMIT 1   [ RunTime:0.015600s ]
NOTIC: [8] Use of undefined constant id - assumed 'id' F:\ease\php_lesson\14\source\wysc\Lib\Model\NodeModel.class.php 第 174 行.
NOTIC: [8] Use of undefined constant id - assumed 'id' F:\ease\php_lesson\14\source\wysc\Lib\Model\NodeModel.class.php 第 174 行.
NOTIC: [8] Use of undefined constant text - assumed 'text' F:\ease\php_lesson\14\source\wysc\Lib\Model\NodeModel.class.php 第 175 行.
NOTIC: [8] Use of undefined constant title - assumed 'title' F:\ease\php_lesson\14\source\wysc\Lib\Model\NodeModel.class.php 第 175 行.
NOTIC: [8] Use of undefined constant iconCls - assumed 'iconCls' F:\ease\php_lesson\14\source\wysc\Lib\Model\NodeModel.class.php 第 176 行.
SQL: SELECT COUNT(*) AS tp_count FROM `access` WHERE ( node_id='20' and role_id='6' and level=3  ) LIMIT 1   [ RunTime:0.000000s ]
SQL: SELECT COUNT(*) AS tp_count FROM `node` WHERE ( pid='20' and level<999 ) LIMIT 1   [ RunTime:0.000000s ]
NOTIC: [8] Use of undefined constant id - assumed 'id' F:\ease\php_lesson\14\source\wysc\Lib\Model\NodeModel.class.php 第 174 行.
NOTIC: [8] Use of undefined constant id - assumed 'id' F:\ease\php_lesson\14\source\wysc\Lib\Model\NodeModel.class.php 第 174 行.
NOTIC: [8] Use of undefined constant text - assumed 'text' F:\ease\php_lesson\14\source\wysc\Lib\Model\NodeModel.class.php 第 175 行.
NOTIC: [8] Use of undefined constant title - assumed 'title' F:\ease\php_lesson\14\source\wysc\Lib\Model\NodeModel.class.php 第 175 行.
NOTIC: [8] Use of undefined constant iconCls - assumed 'iconCls' F:\ease\php_lesson\14\source\wysc\Lib\Model\NodeModel.class.php 第 176 行.
SQL: SELECT COUNT(*) AS tp_count FROM `access` WHERE ( node_id='62' and role_id='6' and level=3  ) LIMIT 1   [ RunTime:0.000000s ]
SQL: SELECT COUNT(*) AS tp_count FROM `node` WHERE ( pid='62' and level<999 ) LIMIT 1   [ RunTime:0.000000s ]
NOTIC: [8] Use of undefined constant id - assumed 'id' F:\ease\php_lesson\14\source\wysc\Lib\Model\NodeModel.class.php 第 174 行.
NOTIC: [8] Use of undefined constant id - assumed 'id' F:\ease\php_lesson\14\source\wysc\Lib\Model\NodeModel.class.php 第 174 行.
NOTIC: [8] Use of undefined constant text - assumed 'text' F:\ease\php_lesson\14\source\wysc\Lib\Model\NodeModel.class.php 第 175 行.
NOTIC: [8] Use of undefined constant title - assumed 'title' F:\ease\php_lesson\14\source\wysc\Lib\Model\NodeModel.class.php 第 175 行.
NOTIC: [8] Use of undefined constant iconCls - assumed 'iconCls' F:\ease\php_lesson\14\source\wysc\Lib\Model\NodeModel.class.php 第 176 行.
SQL: SELECT COUNT(*) AS tp_count FROM `access` WHERE ( node_id='21' and role_id='6' and level=3  ) LIMIT 1   [ RunTime:0.000000s ]
SQL: SELECT COUNT(*) AS tp_count FROM `node` WHERE ( pid='21' and level<999 ) LIMIT 1   [ RunTime:0.000000s ]
NOTIC: [8] Use of undefined constant id - assumed 'id' F:\ease\php_lesson\14\source\wysc\Lib\Model\NodeModel.class.php 第 187 行.
SQL: SELECT COUNT(*) AS tp_count FROM `node` WHERE ( pid='21' and level<999 ) LIMIT 1   [ RunTime:0.000000s ]
SQL: SELECT * FROM `node` WHERE ( pid='21' and level<999 )  [ RunTime:0.000000s ]
NOTIC: [8] Use of undefined constant id - assumed 'id' F:\ease\php_lesson\14\source\wysc\Lib\Model\NodeModel.class.php 第 174 行.
NOTIC: [8] Use of undefined constant id - assumed 'id' F:\ease\php_lesson\14\source\wysc\Lib\Model\NodeModel.class.php 第 174 行.
NOTIC: [8] Use of undefined constant text - assumed 'text' F:\ease\php_lesson\14\source\wysc\Lib\Model\NodeModel.class.php 第 175 行.
NOTIC: [8] Use of undefined constant title - assumed 'title' F:\ease\php_lesson\14\source\wysc\Lib\Model\NodeModel.class.php 第 175 行.
NOTIC: [8] Use of undefined constant iconCls - assumed 'iconCls' F:\ease\php_lesson\14\source\wysc\Lib\Model\NodeModel.class.php 第 176 行.
NOTIC: [8] Use of undefined constant iconCls - assumed 'iconCls' F:\ease\php_lesson\14\source\wysc\Lib\Model\NodeModel.class.php 第 177 行.
NOTIC: [8] Use of undefined constant iconCls - assumed 'iconCls' F:\ease\php_lesson\14\source\wysc\Lib\Model\NodeModel.class.php 第 177 行.
SQL: SELECT COUNT(*) AS tp_count FROM `access` WHERE ( node_id='22' and role_id='6' and level=3  ) LIMIT 1   [ RunTime:0.000000s ]
SQL: SELECT COUNT(*) AS tp_count FROM `node` WHERE ( pid='22' and level<999 ) LIMIT 1   [ RunTime:0.000000s ]
NOTIC: [8] Use of undefined constant id - assumed 'id' F:\ease\php_lesson\14\source\wysc\Lib\Model\NodeModel.class.php 第 174 行.
NOTIC: [8] Use of undefined constant id - assumed 'id' F:\ease\php_lesson\14\source\wysc\Lib\Model\NodeModel.class.php 第 174 行.
NOTIC: [8] Use of undefined constant text - assumed 'text' F:\ease\php_lesson\14\source\wysc\Lib\Model\NodeModel.class.php 第 175 行.
NOTIC: [8] Use of undefined constant title - assumed 'title' F:\ease\php_lesson\14\source\wysc\Lib\Model\NodeModel.class.php 第 175 行.
NOTIC: [8] Use of undefined constant iconCls - assumed 'iconCls' F:\ease\php_lesson\14\source\wysc\Lib\Model\NodeModel.class.php 第 176 行.
NOTIC: [8] Use of undefined constant iconCls - assumed 'iconCls' F:\ease\php_lesson\14\source\wysc\Lib\Model\NodeModel.class.php 第 177 行.
NOTIC: [8] Use of undefined constant iconCls - assumed 'iconCls' F:\ease\php_lesson\14\source\wysc\Lib\Model\NodeModel.class.php 第 177 行.
SQL: SELECT COUNT(*) AS tp_count FROM `access` WHERE ( node_id='23' and role_id='6' and level=3  ) LIMIT 1   [ RunTime:0.000000s ]
SQL: SELECT COUNT(*) AS tp_count FROM `node` WHERE ( pid='23' and level<999 ) LIMIT 1   [ RunTime:0.000000s ]
NOTIC: [8] Use of undefined constant id - assumed 'id' F:\ease\php_lesson\14\source\wysc\Lib\Model\NodeModel.class.php 第 174 行.
NOTIC: [8] Use of undefined constant id - assumed 'id' F:\ease\php_lesson\14\source\wysc\Lib\Model\NodeModel.class.php 第 174 行.
NOTIC: [8] Use of undefined constant text - assumed 'text' F:\ease\php_lesson\14\source\wysc\Lib\Model\NodeModel.class.php 第 175 行.
NOTIC: [8] Use of undefined constant title - assumed 'title' F:\ease\php_lesson\14\source\wysc\Lib\Model\NodeModel.class.php 第 175 行.
NOTIC: [8] Use of undefined constant iconCls - assumed 'iconCls' F:\ease\php_lesson\14\source\wysc\Lib\Model\NodeModel.class.php 第 176 行.
SQL: SELECT COUNT(*) AS tp_count FROM `access` WHERE ( node_id='24' and role_id='6' and level=3  ) LIMIT 1   [ RunTime:0.000000s ]
SQL: SELECT COUNT(*) AS tp_count FROM `node` WHERE ( pid='24' and level<999 ) LIMIT 1   [ RunTime:0.000000s ]
NOTIC: [8] Use of undefined constant id - assumed 'id' F:\ease\php_lesson\14\source\wysc\Lib\Model\NodeModel.class.php 第 174 行.
NOTIC: [8] Use of undefined constant id - assumed 'id' F:\ease\php_lesson\14\source\wysc\Lib\Model\NodeModel.class.php 第 174 行.
NOTIC: [8] Use of undefined constant text - assumed 'text' F:\ease\php_lesson\14\source\wysc\Lib\Model\NodeModel.class.php 第 175 行.
NOTIC: [8] Use of undefined constant title - assumed 'title' F:\ease\php_lesson\14\source\wysc\Lib\Model\NodeModel.class.php 第 175 行.
NOTIC: [8] Use of undefined constant iconCls - assumed 'iconCls' F:\ease\php_lesson\14\source\wysc\Lib\Model\NodeModel.class.php 第 176 行.
SQL: SELECT COUNT(*) AS tp_count FROM `access` WHERE ( node_id='25' and role_id='6' and level=3  ) LIMIT 1   [ RunTime:0.000000s ]
SQL: SELECT COUNT(*) AS tp_count FROM `node` WHERE ( pid='25' and level<999 ) LIMIT 1   [ RunTime:0.000000s ]
NOTIC: [8] Use of undefined constant id - assumed 'id' F:\ease\php_lesson\14\source\wysc\Lib\Model\NodeModel.class.php 第 174 行.
NOTIC: [8] Use of undefined constant id - assumed 'id' F:\ease\php_lesson\14\source\wysc\Lib\Model\NodeModel.class.php 第 174 行.
NOTIC: [8] Use of undefined constant text - assumed 'text' F:\ease\php_lesson\14\source\wysc\Lib\Model\NodeModel.class.php 第 175 行.
NOTIC: [8] Use of undefined constant title - assumed 'title' F:\ease\php_lesson\14\source\wysc\Lib\Model\NodeModel.class.php 第 175 行.
NOTIC: [8] Use of undefined constant iconCls - assumed 'iconCls' F:\ease\php_lesson\14\source\wysc\Lib\Model\NodeModel.class.php 第 176 行.
SQL: SELECT COUNT(*) AS tp_count FROM `access` WHERE ( node_id='26' and role_id='6' and level=3  ) LIMIT 1   [ RunTime:0.000000s ]
SQL: SELECT COUNT(*) AS tp_count FROM `node` WHERE ( pid='26' and level<999 ) LIMIT 1   [ RunTime:0.000000s ]
NOTIC: [8] Use of undefined constant id - assumed 'id' F:\ease\php_lesson\14\source\wysc\Lib\Model\NodeModel.class.php 第 187 行.
SQL: SELECT COUNT(*) AS tp_count FROM `node` WHERE ( pid='26' and level<999 ) LIMIT 1   [ RunTime:0.000000s ]
SQL: SELECT * FROM `node` WHERE ( pid='26' and level<999 )  [ RunTime:0.000000s ]
NOTIC: [8] Use of undefined constant id - assumed 'id' F:\ease\php_lesson\14\source\wysc\Lib\Model\NodeModel.class.php 第 174 行.
NOTIC: [8] Use of undefined constant id - assumed 'id' F:\ease\php_lesson\14\source\wysc\Lib\Model\NodeModel.class.php 第 174 行.
NOTIC: [8] Use of undefined constant text - assumed 'text' F:\ease\php_lesson\14\source\wysc\Lib\Model\NodeModel.class.php 第 175 行.
NOTIC: [8] Use of undefined constant title - assumed 'title' F:\ease\php_lesson\14\source\wysc\Lib\Model\NodeModel.class.php 第 175 行.
NOTIC: [8] Use of undefined constant iconCls - assumed 'iconCls' F:\ease\php_lesson\14\source\wysc\Lib\Model\NodeModel.class.php 第 176 行.
NOTIC: [8] Use of undefined constant iconCls - assumed 'iconCls' F:\ease\php_lesson\14\source\wysc\Lib\Model\NodeModel.class.php 第 177 行.
NOTIC: [8] Use of undefined constant iconCls - assumed 'iconCls' F:\ease\php_lesson\14\source\wysc\Lib\Model\NodeModel.class.php 第 177 行.
SQL: SELECT COUNT(*) AS tp_count FROM `access` WHERE ( node_id='27' and role_id='6' and level=3  ) LIMIT 1   [ RunTime:0.000000s ]
SQL: SELECT COUNT(*) AS tp_count FROM `node` WHERE ( pid='27' and level<999 ) LIMIT 1   [ RunTime:0.000000s ]
NOTIC: [8] Use of undefined constant id - assumed 'id' F:\ease\php_lesson\14\source\wysc\Lib\Model\NodeModel.class.php 第 174 行.
NOTIC: [8] Use of undefined constant id - assumed 'id' F:\ease\php_lesson\14\source\wysc\Lib\Model\NodeModel.class.php 第 174 行.
NOTIC: [8] Use of undefined constant text - assumed 'text' F:\ease\php_lesson\14\source\wysc\Lib\Model\NodeModel.class.php 第 175 行.
NOTIC: [8] Use of undefined constant title - assumed 'title' F:\ease\php_lesson\14\source\wysc\Lib\Model\NodeModel.class.php 第 175 行.
NOTIC: [8] Use of undefined constant iconCls - assumed 'iconCls' F:\ease\php_lesson\14\source\wysc\Lib\Model\NodeModel.class.php 第 176 行.
NOTIC: [8] Use of undefined constant iconCls - assumed 'iconCls' F:\ease\php_lesson\14\source\wysc\Lib\Model\NodeModel.class.php 第 177 行.
NOTIC: [8] Use of undefined constant iconCls - assumed 'iconCls' F:\ease\php_lesson\14\source\wysc\Lib\Model\NodeModel.class.php 第 177 行.
SQL: SELECT COUNT(*) AS tp_count FROM `access` WHERE ( node_id='28' and role_id='6' and level=3  ) LIMIT 1   [ RunTime:0.000000s ]
SQL: SELECT COUNT(*) AS tp_count FROM `node` WHERE ( pid='28' and level<999 ) LIMIT 1   [ RunTime:0.015600s ]
NOTIC: [8] Use of undefined constant id - assumed 'id' F:\ease\php_lesson\14\source\wysc\Lib\Model\NodeModel.class.php 第 174 行.
NOTIC: [8] Use of undefined constant id - assumed 'id' F:\ease\php_lesson\14\source\wysc\Lib\Model\NodeModel.class.php 第 174 行.
NOTIC: [8] Use of undefined constant text - assumed 'text' F:\ease\php_lesson\14\source\wysc\Lib\Model\NodeModel.class.php 第 175 行.
NOTIC: [8] Use of undefined constant title - assumed 'title' F:\ease\php_lesson\14\source\wysc\Lib\Model\NodeModel.class.php 第 175 行.
NOTIC: [8] Use of undefined constant iconCls - assumed 'iconCls' F:\ease\php_lesson\14\source\wysc\Lib\Model\NodeModel.class.php 第 176 行.
SQL: SELECT COUNT(*) AS tp_count FROM `access` WHERE ( node_id='29' and role_id='6' and level=3  ) LIMIT 1   [ RunTime:0.000000s ]
SQL: SELECT COUNT(*) AS tp_count FROM `node` WHERE ( pid='29' and level<999 ) LIMIT 1   [ RunTime:0.000000s ]
NOTIC: [8] Use of undefined constant id - assumed 'id' F:\ease\php_lesson\14\source\wysc\Lib\Model\NodeModel.class.php 第 174 行.
NOTIC: [8] Use of undefined constant id - assumed 'id' F:\ease\php_lesson\14\source\wysc\Lib\Model\NodeModel.class.php 第 174 行.
NOTIC: [8] Use of undefined constant text - assumed 'text' F:\ease\php_lesson\14\source\wysc\Lib\Model\NodeModel.class.php 第 175 行.
NOTIC: [8] Use of undefined constant title - assumed 'title' F:\ease\php_lesson\14\source\wysc\Lib\Model\NodeModel.class.php 第 175 行.
NOTIC: [8] Use of undefined constant iconCls - assumed 'iconCls' F:\ease\php_lesson\14\source\wysc\Lib\Model\NodeModel.class.php 第 176 行.
SQL: SELECT COUNT(*) AS tp_count FROM `access` WHERE ( node_id='30' and role_id='6' and level=3  ) LIMIT 1   [ RunTime:0.000000s ]
SQL: SELECT COUNT(*) AS tp_count FROM `node` WHERE ( pid='30' and level<999 ) LIMIT 1   [ RunTime:0.000000s ]
NOTIC: [8] Use of undefined constant id - assumed 'id' F:\ease\php_lesson\14\source\wysc\Lib\Model\NodeModel.class.php 第 174 行.
NOTIC: [8] Use of undefined constant id - assumed 'id' F:\ease\php_lesson\14\source\wysc\Lib\Model\NodeModel.class.php 第 174 行.
NOTIC: [8] Use of undefined constant text - assumed 'text' F:\ease\php_lesson\14\source\wysc\Lib\Model\NodeModel.class.php 第 175 行.
NOTIC: [8] Use of undefined constant title - assumed 'title' F:\ease\php_lesson\14\source\wysc\Lib\Model\NodeModel.class.php 第 175 行.
NOTIC: [8] Use of undefined constant iconCls - assumed 'iconCls' F:\ease\php_lesson\14\source\wysc\Lib\Model\NodeModel.class.php 第 176 行.
SQL: SELECT COUNT(*) AS tp_count FROM `access` WHERE ( node_id='31' and role_id='6' and level=3  ) LIMIT 1   [ RunTime:0.000000s ]
SQL: SELECT COUNT(*) AS tp_count FROM `node` WHERE ( pid='31' and level<999 ) LIMIT 1   [ RunTime:0.000000s ]
NOTIC: [8] Use of undefined constant id - assumed 'id' F:\ease\php_lesson\14\source\wysc\Lib\Model\NodeModel.class.php 第 187 行.
SQL: SELECT COUNT(*) AS tp_count FROM `node` WHERE ( pid='31' and level<999 ) LIMIT 1   [ RunTime:0.000000s ]
SQL: SELECT * FROM `node` WHERE ( pid='31' and level<999 )  [ RunTime:0.000000s ]
NOTIC: [8] Use of undefined constant id - assumed 'id' F:\ease\php_lesson\14\source\wysc\Lib\Model\NodeModel.class.php 第 174 行.
NOTIC: [8] Use of undefined constant id - assumed 'id' F:\ease\php_lesson\14\source\wysc\Lib\Model\NodeModel.class.php 第 174 行.
NOTIC: [8] Use of undefined constant text - assumed 'text' F:\ease\php_lesson\14\source\wysc\Lib\Model\NodeModel.class.php 第 175 行.
NOTIC: [8] Use of undefined constant title - assumed 'title' F:\ease\php_lesson\14\source\wysc\Lib\Model\NodeModel.class.php 第 175 行.
NOTIC: [8] Use of undefined constant iconCls - assumed 'iconCls' F:\ease\php_lesson\14\source\wysc\Lib\Model\NodeModel.class.php 第 176 行.
NOTIC: [8] Use of undefined constant iconCls - assumed 'iconCls' F:\ease\php_lesson\14\source\wysc\Lib\Model\NodeModel.class.php 第 177 行.
NOTIC: [8] Use of undefined constant iconCls - assumed 'iconCls' F:\ease\php_lesson\14\source\wysc\Lib\Model\NodeModel.class.php 第 177 行.
SQL: SELECT COUNT(*) AS tp_count FROM `access` WHERE ( node_id='32' and role_id='6' and level=3  ) LIMIT 1   [ RunTime:0.000000s ]
SQL: SELECT COUNT(*) AS tp_count FROM `node` WHERE ( pid='32' and level<999 ) LIMIT 1   [ RunTime:0.000000s ]
NOTIC: [8] Use of undefined constant id - assumed 'id' F:\ease\php_lesson\14\source\wysc\Lib\Model\NodeModel.class.php 第 174 行.
NOTIC: [8] Use of undefined constant id - assumed 'id' F:\ease\php_lesson\14\source\wysc\Lib\Model\NodeModel.class.php 第 174 行.
NOTIC: [8] Use of undefined constant text - assumed 'text' F:\ease\php_lesson\14\source\wysc\Lib\Model\NodeModel.class.php 第 175 行.
NOTIC: [8] Use of undefined constant title - assumed 'title' F:\ease\php_lesson\14\source\wysc\Lib\Model\NodeModel.class.php 第 175 行.
NOTIC: [8] Use of undefined constant iconCls - assumed 'iconCls' F:\ease\php_lesson\14\source\wysc\Lib\Model\NodeModel.class.php 第 176 行.
NOTIC: [8] Use of undefined constant iconCls - assumed 'iconCls' F:\ease\php_lesson\14\source\wysc\Lib\Model\NodeModel.class.php 第 177 行.
NOTIC: [8] Use of undefined constant iconCls - assumed 'iconCls' F:\ease\php_lesson\14\source\wysc\Lib\Model\NodeModel.class.php 第 177 行.
SQL: SELECT COUNT(*) AS tp_count FROM `access` WHERE ( node_id='33' and role_id='6' and level=3  ) LIMIT 1   [ RunTime:0.000000s ]
SQL: SELECT COUNT(*) AS tp_count FROM `node` WHERE ( pid='33' and level<999 ) LIMIT 1   [ RunTime:0.000000s ]
NOTIC: [8] Use of undefined constant id - assumed 'id' F:\ease\php_lesson\14\source\wysc\Lib\Model\NodeModel.class.php 第 174 行.
NOTIC: [8] Use of undefined constant id - assumed 'id' F:\ease\php_lesson\14\source\wysc\Lib\Model\NodeModel.class.php 第 174 行.
NOTIC: [8] Use of undefined constant text - assumed 'text' F:\ease\php_lesson\14\source\wysc\Lib\Model\NodeModel.class.php 第 175 行.
NOTIC: [8] Use of undefined constant title - assumed 'title' F:\ease\php_lesson\14\source\wysc\Lib\Model\NodeModel.class.php 第 175 行.
NOTIC: [8] Use of undefined constant iconCls - assumed 'iconCls' F:\ease\php_lesson\14\source\wysc\Lib\Model\NodeModel.class.php 第 176 行.
SQL: SELECT COUNT(*) AS tp_count FROM `access` WHERE ( node_id='34' and role_id='6' and level=3  ) LIMIT 1   [ RunTime:0.000000s ]
SQL: SELECT COUNT(*) AS tp_count FROM `node` WHERE ( pid='34' and level<999 ) LIMIT 1   [ RunTime:0.000000s ]
NOTIC: [8] Use of undefined constant id - assumed 'id' F:\ease\php_lesson\14\source\wysc\Lib\Model\NodeModel.class.php 第 174 行.
NOTIC: [8] Use of undefined constant id - assumed 'id' F:\ease\php_lesson\14\source\wysc\Lib\Model\NodeModel.class.php 第 174 行.
NOTIC: [8] Use of undefined constant text - assumed 'text' F:\ease\php_lesson\14\source\wysc\Lib\Model\NodeModel.class.php 第 175 行.
NOTIC: [8] Use of undefined constant title - assumed 'title' F:\ease\php_lesson\14\source\wysc\Lib\Model\NodeModel.class.php 第 175 行.
NOTIC: [8] Use of undefined constant iconCls - assumed 'iconCls' F:\ease\php_lesson\14\source\wysc\Lib\Model\NodeModel.class.php 第 176 行.
SQL: SELECT COUNT(*) AS tp_count FROM `access` WHERE ( node_id='35' and role_id='6' and level=3  ) LIMIT 1   [ RunTime:0.000000s ]
SQL: SELECT COUNT(*) AS tp_count FROM `node` WHERE ( pid='35' and level<999 ) LIMIT 1   [ RunTime:0.000000s ]
NOTIC: [8] Use of undefined constant id - assumed 'id' F:\ease\php_lesson\14\source\wysc\Lib\Model\NodeModel.class.php 第 174 行.
NOTIC: [8] Use of undefined constant id - assumed 'id' F:\ease\php_lesson\14\source\wysc\Lib\Model\NodeModel.class.php 第 174 行.
NOTIC: [8] Use of undefined constant text - assumed 'text' F:\ease\php_lesson\14\source\wysc\Lib\Model\NodeModel.class.php 第 175 行.
NOTIC: [8] Use of undefined constant title - assumed 'title' F:\ease\php_lesson\14\source\wysc\Lib\Model\NodeModel.class.php 第 175 行.
NOTIC: [8] Use of undefined constant iconCls - assumed 'iconCls' F:\ease\php_lesson\14\source\wysc\Lib\Model\NodeModel.class.php 第 176 行.
SQL: SELECT COUNT(*) AS tp_count FROM `access` WHERE ( node_id='36' and role_id='6' and level=3  ) LIMIT 1   [ RunTime:0.000000s ]
SQL: SELECT COUNT(*) AS tp_count FROM `node` WHERE ( pid='36' and level<999 ) LIMIT 1   [ RunTime:0.000000s ]
NOTIC: [8] Use of undefined constant id - assumed 'id' F:\ease\php_lesson\14\source\wysc\Lib\Model\NodeModel.class.php 第 187 行.
SQL: SELECT COUNT(*) AS tp_count FROM `node` WHERE ( pid='36' and level<999 ) LIMIT 1   [ RunTime:0.000000s ]
SQL: SELECT * FROM `node` WHERE ( pid='36' and level<999 )  [ RunTime:0.000000s ]
NOTIC: [8] Use of undefined constant id - assumed 'id' F:\ease\php_lesson\14\source\wysc\Lib\Model\NodeModel.class.php 第 174 行.
NOTIC: [8] Use of undefined constant id - assumed 'id' F:\ease\php_lesson\14\source\wysc\Lib\Model\NodeModel.class.php 第 174 行.
NOTIC: [8] Use of undefined constant text - assumed 'text' F:\ease\php_lesson\14\source\wysc\Lib\Model\NodeModel.class.php 第 175 行.
NOTIC: [8] Use of undefined constant title - assumed 'title' F:\ease\php_lesson\14\source\wysc\Lib\Model\NodeModel.class.php 第 175 行.
NOTIC: [8] Use of undefined constant iconCls - assumed 'iconCls' F:\ease\php_lesson\14\source\wysc\Lib\Model\NodeModel.class.php 第 176 行.
NOTIC: [8] Use of undefined constant iconCls - assumed 'iconCls' F:\ease\php_lesson\14\source\wysc\Lib\Model\NodeModel.class.php 第 177 行.
NOTIC: [8] Use of undefined constant iconCls - assumed 'iconCls' F:\ease\php_lesson\14\source\wysc\Lib\Model\NodeModel.class.php 第 177 行.
SQL: SELECT COUNT(*) AS tp_count FROM `access` WHERE ( node_id='37' and role_id='6' and level=3  ) LIMIT 1   [ RunTime:0.000000s ]
SQL: SELECT COUNT(*) AS tp_count FROM `node` WHERE ( pid='37' and level<999 ) LIMIT 1   [ RunTime:0.000000s ]
NOTIC: [8] Use of undefined constant id - assumed 'id' F:\ease\php_lesson\14\source\wysc\Lib\Model\NodeModel.class.php 第 174 行.
NOTIC: [8] Use of undefined constant id - assumed 'id' F:\ease\php_lesson\14\source\wysc\Lib\Model\NodeModel.class.php 第 174 行.
NOTIC: [8] Use of undefined constant text - assumed 'text' F:\ease\php_lesson\14\source\wysc\Lib\Model\NodeModel.class.php 第 175 行.
NOTIC: [8] Use of undefined constant title - assumed 'title' F:\ease\php_lesson\14\source\wysc\Lib\Model\NodeModel.class.php 第 175 行.
NOTIC: [8] Use of undefined constant iconCls - assumed 'iconCls' F:\ease\php_lesson\14\source\wysc\Lib\Model\NodeModel.class.php 第 176 行.
NOTIC: [8] Use of undefined constant iconCls - assumed 'iconCls' F:\ease\php_lesson\14\source\wysc\Lib\Model\NodeModel.class.php 第 177 行.
NOTIC: [8] Use of undefined constant iconCls - assumed 'iconCls' F:\ease\php_lesson\14\source\wysc\Lib\Model\NodeModel.class.php 第 177 行.
SQL: SELECT COUNT(*) AS tp_count FROM `access` WHERE ( node_id='38' and role_id='6' and level=3  ) LIMIT 1   [ RunTime:0.000000s ]
SQL: SELECT COUNT(*) AS tp_count FROM `node` WHERE ( pid='38' and level<999 ) LIMIT 1   [ RunTime:0.000000s ]
NOTIC: [8] Use of undefined constant id - assumed 'id' F:\ease\php_lesson\14\source\wysc\Lib\Model\NodeModel.class.php 第 174 行.
NOTIC: [8] Use of undefined constant id - assumed 'id' F:\ease\php_lesson\14\source\wysc\Lib\Model\NodeModel.class.php 第 174 行.
NOTIC: [8] Use of undefined constant text - assumed 'text' F:\ease\php_lesson\14\source\wysc\Lib\Model\NodeModel.class.php 第 175 行.
NOTIC: [8] Use of undefined constant title - assumed 'title' F:\ease\php_lesson\14\source\wysc\Lib\Model\NodeModel.class.php 第 175 行.
NOTIC: [8] Use of undefined constant iconCls - assumed 'iconCls' F:\ease\php_lesson\14\source\wysc\Lib\Model\NodeModel.class.php 第 176 行.
SQL: SELECT COUNT(*) AS tp_count FROM `access` WHERE ( node_id='39' and role_id='6' and level=3  ) LIMIT 1   [ RunTime:0.000000s ]
SQL: SELECT COUNT(*) AS tp_count FROM `node` WHERE ( pid='39' and level<999 ) LIMIT 1   [ RunTime:0.000000s ]
NOTIC: [8] Use of undefined constant id - assumed 'id' F:\ease\php_lesson\14\source\wysc\Lib\Model\NodeModel.class.php 第 174 行.
NOTIC: [8] Use of undefined constant id - assumed 'id' F:\ease\php_lesson\14\source\wysc\Lib\Model\NodeModel.class.php 第 174 行.
NOTIC: [8] Use of undefined constant text - assumed 'text' F:\ease\php_lesson\14\source\wysc\Lib\Model\NodeModel.class.php 第 175 行.
NOTIC: [8] Use of undefined constant title - assumed 'title' F:\ease\php_lesson\14\source\wysc\Lib\Model\NodeModel.class.php 第 175 行.
NOTIC: [8] Use of undefined constant iconCls - assumed 'iconCls' F:\ease\php_lesson\14\source\wysc\Lib\Model\NodeModel.class.php 第 176 行.
SQL: SELECT COUNT(*) AS tp_count FROM `access` WHERE ( node_id='40' and role_id='6' and level=3  ) LIMIT 1   [ RunTime:0.000000s ]
SQL: SELECT COUNT(*) AS tp_count FROM `node` WHERE ( pid='40' and level<999 ) LIMIT 1   [ RunTime:0.000000s ]
NOTIC: [8] Use of undefined constant id - assumed 'id' F:\ease\php_lesson\14\source\wysc\Lib\Model\NodeModel.class.php 第 174 行.
NOTIC: [8] Use of undefined constant id - assumed 'id' F:\ease\php_lesson\14\source\wysc\Lib\Model\NodeModel.class.php 第 174 行.
NOTIC: [8] Use of undefined constant text - assumed 'text' F:\ease\php_lesson\14\source\wysc\Lib\Model\NodeModel.class.php 第 175 行.
NOTIC: [8] Use of undefined constant title - assumed 'title' F:\ease\php_lesson\14\source\wysc\Lib\Model\NodeModel.class.php 第 175 行.
NOTIC: [8] Use of undefined constant iconCls - assumed 'iconCls' F:\ease\php_lesson\14\source\wysc\Lib\Model\NodeModel.class.php 第 176 行.
SQL: SELECT COUNT(*) AS tp_count FROM `access` WHERE ( node_id='41' and role_id='6' and level=3  ) LIMIT 1   [ RunTime:0.000000s ]
SQL: SELECT COUNT(*) AS tp_count FROM `node` WHERE ( pid='41' and level<999 ) LIMIT 1   [ RunTime:0.000000s ]
NOTIC: [8] Use of undefined constant id - assumed 'id' F:\ease\php_lesson\14\source\wysc\Lib\Model\NodeModel.class.php 第 174 行.
NOTIC: [8] Use of undefined constant id - assumed 'id' F:\ease\php_lesson\14\source\wysc\Lib\Model\NodeModel.class.php 第 174 行.
NOTIC: [8] Use of undefined constant text - assumed 'text' F:\ease\php_lesson\14\source\wysc\Lib\Model\NodeModel.class.php 第 175 行.
NOTIC: [8] Use of undefined constant title - assumed 'title' F:\ease\php_lesson\14\source\wysc\Lib\Model\NodeModel.class.php 第 175 行.
NOTIC: [8] Use of undefined constant iconCls - assumed 'iconCls' F:\ease\php_lesson\14\source\wysc\Lib\Model\NodeModel.class.php 第 176 行.
SQL: SELECT COUNT(*) AS tp_count FROM `access` WHERE ( node_id='42' and role_id='6' and level=3  ) LIMIT 1   [ RunTime:0.000000s ]
SQL: SELECT COUNT(*) AS tp_count FROM `node` WHERE ( pid='42' and level<999 ) LIMIT 1   [ RunTime:0.000000s ]
NOTIC: [8] Use of undefined constant id - assumed 'id' F:\ease\php_lesson\14\source\wysc\Lib\Model\NodeModel.class.php 第 187 行.
SQL: SELECT COUNT(*) AS tp_count FROM `node` WHERE ( pid='42' and level<999 ) LIMIT 1   [ RunTime:0.000000s ]
SQL: SELECT * FROM `node` WHERE ( pid='42' and level<999 )  [ RunTime:0.000000s ]
NOTIC: [8] Use of undefined constant id - assumed 'id' F:\ease\php_lesson\14\source\wysc\Lib\Model\NodeModel.class.php 第 174 行.
NOTIC: [8] Use of undefined constant id - assumed 'id' F:\ease\php_lesson\14\source\wysc\Lib\Model\NodeModel.class.php 第 174 行.
NOTIC: [8] Use of undefined constant text - assumed 'text' F:\ease\php_lesson\14\source\wysc\Lib\Model\NodeModel.class.php 第 175 行.
NOTIC: [8] Use of undefined constant title - assumed 'title' F:\ease\php_lesson\14\source\wysc\Lib\Model\NodeModel.class.php 第 175 行.
NOTIC: [8] Use of undefined constant iconCls - assumed 'iconCls' F:\ease\php_lesson\14\source\wysc\Lib\Model\NodeModel.class.php 第 176 行.
NOTIC: [8] Use of undefined constant iconCls - assumed 'iconCls' F:\ease\php_lesson\14\source\wysc\Lib\Model\NodeModel.class.php 第 177 行.
NOTIC: [8] Use of undefined constant iconCls - assumed 'iconCls' F:\ease\php_lesson\14\source\wysc\Lib\Model\NodeModel.class.php 第 177 行.
SQL: SELECT COUNT(*) AS tp_count FROM `access` WHERE ( node_id='43' and role_id='6' and level=3  ) LIMIT 1   [ RunTime:0.000000s ]
SQL: SELECT COUNT(*) AS tp_count FROM `node` WHERE ( pid='43' and level<999 ) LIMIT 1   [ RunTime:0.000000s ]
NOTIC: [8] Use of undefined constant id - assumed 'id' F:\ease\php_lesson\14\source\wysc\Lib\Model\NodeModel.class.php 第 174 行.
NOTIC: [8] Use of undefined constant id - assumed 'id' F:\ease\php_lesson\14\source\wysc\Lib\Model\NodeModel.class.php 第 174 行.
NOTIC: [8] Use of undefined constant text - assumed 'text' F:\ease\php_lesson\14\source\wysc\Lib\Model\NodeModel.class.php 第 175 行.
NOTIC: [8] Use of undefined constant title - assumed 'title' F:\ease\php_lesson\14\source\wysc\Lib\Model\NodeModel.class.php 第 175 行.
NOTIC: [8] Use of undefined constant iconCls - assumed 'iconCls' F:\ease\php_lesson\14\source\wysc\Lib\Model\NodeModel.class.php 第 176 行.
NOTIC: [8] Use of undefined constant iconCls - assumed 'iconCls' F:\ease\php_lesson\14\source\wysc\Lib\Model\NodeModel.class.php 第 177 行.
NOTIC: [8] Use of undefined constant iconCls - assumed 'iconCls' F:\ease\php_lesson\14\source\wysc\Lib\Model\NodeModel.class.php 第 177 行.
SQL: SELECT COUNT(*) AS tp_count FROM `access` WHERE ( node_id='44' and role_id='6' and level=3  ) LIMIT 1   [ RunTime:0.000000s ]
SQL: SELECT COUNT(*) AS tp_count FROM `node` WHERE ( pid='44' and level<999 ) LIMIT 1   [ RunTime:0.000000s ]
NOTIC: [8] Use of undefined constant id - assumed 'id' F:\ease\php_lesson\14\source\wysc\Lib\Model\NodeModel.class.php 第 174 行.
NOTIC: [8] Use of undefined constant id - assumed 'id' F:\ease\php_lesson\14\source\wysc\Lib\Model\NodeModel.class.php 第 174 行.
NOTIC: [8] Use of undefined constant text - assumed 'text' F:\ease\php_lesson\14\source\wysc\Lib\Model\NodeModel.class.php 第 175 行.
NOTIC: [8] Use of undefined constant title - assumed 'title' F:\ease\php_lesson\14\source\wysc\Lib\Model\NodeModel.class.php 第 175 行.
NOTIC: [8] Use of undefined constant iconCls - assumed 'iconCls' F:\ease\php_lesson\14\source\wysc\Lib\Model\NodeModel.class.php 第 176 行.
SQL: SELECT COUNT(*) AS tp_count FROM `access` WHERE ( node_id='45' and role_id='6' and level=3  ) LIMIT 1   [ RunTime:0.000000s ]
SQL: SELECT COUNT(*) AS tp_count FROM `node` WHERE ( pid='45' and level<999 ) LIMIT 1   [ RunTime:0.000000s ]
NOTIC: [8] Use of undefined constant id - assumed 'id' F:\ease\php_lesson\14\source\wysc\Lib\Model\NodeModel.class.php 第 174 行.
NOTIC: [8] Use of undefined constant id - assumed 'id' F:\ease\php_lesson\14\source\wysc\Lib\Model\NodeModel.class.php 第 174 行.
NOTIC: [8] Use of undefined constant text - assumed 'text' F:\ease\php_lesson\14\source\wysc\Lib\Model\NodeModel.class.php 第 175 行.
NOTIC: [8] Use of undefined constant title - assumed 'title' F:\ease\php_lesson\14\source\wysc\Lib\Model\NodeModel.class.php 第 175 行.
NOTIC: [8] Use of undefined constant iconCls - assumed 'iconCls' F:\ease\php_lesson\14\source\wysc\Lib\Model\NodeModel.class.php 第 176 行.
SQL: SELECT COUNT(*) AS tp_count FROM `access` WHERE ( node_id='46' and role_id='6' and level=3  ) LIMIT 1   [ RunTime:0.000000s ]
SQL: SELECT COUNT(*) AS tp_count FROM `node` WHERE ( pid='46' and level<999 ) LIMIT 1   [ RunTime:0.000000s ]
NOTIC: [8] Use of undefined constant id - assumed 'id' F:\ease\php_lesson\14\source\wysc\Lib\Model\NodeModel.class.php 第 174 行.
NOTIC: [8] Use of undefined constant id - assumed 'id' F:\ease\php_lesson\14\source\wysc\Lib\Model\NodeModel.class.php 第 174 行.
NOTIC: [8] Use of undefined constant text - assumed 'text' F:\ease\php_lesson\14\source\wysc\Lib\Model\NodeModel.class.php 第 175 行.
NOTIC: [8] Use of undefined constant title - assumed 'title' F:\ease\php_lesson\14\source\wysc\Lib\Model\NodeModel.class.php 第 175 行.
NOTIC: [8] Use of undefined constant iconCls - assumed 'iconCls' F:\ease\php_lesson\14\source\wysc\Lib\Model\NodeModel.class.php 第 176 行.
SQL: SELECT COUNT(*) AS tp_count FROM `access` WHERE ( node_id='47' and role_id='6' and level=3  ) LIMIT 1   [ RunTime:0.000000s ]
SQL: SELECT COUNT(*) AS tp_count FROM `node` WHERE ( pid='47' and level<999 ) LIMIT 1   [ RunTime:0.000000s ]
NOTIC: [8] Use of undefined constant id - assumed 'id' F:\ease\php_lesson\14\source\wysc\Lib\Model\NodeModel.class.php 第 187 行.
SQL: SELECT COUNT(*) AS tp_count FROM `node` WHERE ( pid='47' and level<999 ) LIMIT 1   [ RunTime:0.000000s ]
SQL: SELECT * FROM `node` WHERE ( pid='47' and level<999 )  [ RunTime:0.000000s ]
NOTIC: [8] Use of undefined constant id - assumed 'id' F:\ease\php_lesson\14\source\wysc\Lib\Model\NodeModel.class.php 第 174 行.
NOTIC: [8] Use of undefined constant id - assumed 'id' F:\ease\php_lesson\14\source\wysc\Lib\Model\NodeModel.class.php 第 174 行.
NOTIC: [8] Use of undefined constant text - assumed 'text' F:\ease\php_lesson\14\source\wysc\Lib\Model\NodeModel.class.php 第 175 行.
NOTIC: [8] Use of undefined constant title - assumed 'title' F:\ease\php_lesson\14\source\wysc\Lib\Model\NodeModel.class.php 第 175 行.
NOTIC: [8] Use of undefined constant iconCls - assumed 'iconCls' F:\ease\php_lesson\14\source\wysc\Lib\Model\NodeModel.class.php 第 176 行.
NOTIC: [8] Use of undefined constant iconCls - assumed 'iconCls' F:\ease\php_lesson\14\source\wysc\Lib\Model\NodeModel.class.php 第 177 行.
NOTIC: [8] Use of undefined constant iconCls - assumed 'iconCls' F:\ease\php_lesson\14\source\wysc\Lib\Model\NodeModel.class.php 第 177 行.
SQL: SELECT COUNT(*) AS tp_count FROM `access` WHERE ( node_id='48' and role_id='6' and level=3  ) LIMIT 1   [ RunTime:0.000000s ]
SQL: SELECT COUNT(*) AS tp_count FROM `node` WHERE ( pid='48' and level<999 ) LIMIT 1   [ RunTime:0.000000s ]
NOTIC: [8] Use of undefined constant id - assumed 'id' F:\ease\php_lesson\14\source\wysc\Lib\Model\NodeModel.class.php 第 174 行.
NOTIC: [8] Use of undefined constant id - assumed 'id' F:\ease\php_lesson\14\source\wysc\Lib\Model\NodeModel.class.php 第 174 行.
NOTIC: [8] Use of undefined constant text - assumed 'text' F:\ease\php_lesson\14\source\wysc\Lib\Model\NodeModel.class.php 第 175 行.
NOTIC: [8] Use of undefined constant title - assumed 'title' F:\ease\php_lesson\14\source\wysc\Lib\Model\NodeModel.class.php 第 175 行.
NOTIC: [8] Use of undefined constant iconCls - assumed 'iconCls' F:\ease\php_lesson\14\source\wysc\Lib\Model\NodeModel.class.php 第 176 行.
SQL: SELECT COUNT(*) AS tp_count FROM `access` WHERE ( node_id='49' and role_id='6' and level=3  ) LIMIT 1   [ RunTime:0.000000s ]
SQL: SELECT COUNT(*) AS tp_count FROM `node` WHERE ( pid='49' and level<999 ) LIMIT 1   [ RunTime:0.000000s ]
NOTIC: [8] Use of undefined constant id - assumed 'id' F:\ease\php_lesson\14\source\wysc\Lib\Model\NodeModel.class.php 第 174 行.
NOTIC: [8] Use of undefined constant id - assumed 'id' F:\ease\php_lesson\14\source\wysc\Lib\Model\NodeModel.class.php 第 174 行.
NOTIC: [8] Use of undefined constant text - assumed 'text' F:\ease\php_lesson\14\source\wysc\Lib\Model\NodeModel.class.php 第 175 行.
NOTIC: [8] Use of undefined constant title - assumed 'title' F:\ease\php_lesson\14\source\wysc\Lib\Model\NodeModel.class.php 第 175 行.
NOTIC: [8] Use of undefined constant iconCls - assumed 'iconCls' F:\ease\php_lesson\14\source\wysc\Lib\Model\NodeModel.class.php 第 176 行.
SQL: SELECT COUNT(*) AS tp_count FROM `access` WHERE ( node_id='50' and role_id='6' and level=3  ) LIMIT 1   [ RunTime:0.000000s ]
SQL: SELECT COUNT(*) AS tp_count FROM `node` WHERE ( pid='50' and level<999 ) LIMIT 1   [ RunTime:0.000000s ]
NOTIC: [8] Use of undefined constant id - assumed 'id' F:\ease\php_lesson\14\source\wysc\Lib\Model\NodeModel.class.php 第 174 行.
NOTIC: [8] Use of undefined constant id - assumed 'id' F:\ease\php_lesson\14\source\wysc\Lib\Model\NodeModel.class.php 第 174 行.
NOTIC: [8] Use of undefined constant text - assumed 'text' F:\ease\php_lesson\14\source\wysc\Lib\Model\NodeModel.class.php 第 175 行.
NOTIC: [8] Use of undefined constant title - assumed 'title' F:\ease\php_lesson\14\source\wysc\Lib\Model\NodeModel.class.php 第 175 行.
NOTIC: [8] Use of undefined constant iconCls - assumed 'iconCls' F:\ease\php_lesson\14\source\wysc\Lib\Model\NodeModel.class.php 第 176 行.
SQL: SELECT COUNT(*) AS tp_count FROM `access` WHERE ( node_id='51' and role_id='6' and level=3  ) LIMIT 1   [ RunTime:0.000000s ]
SQL: SELECT COUNT(*) AS tp_count FROM `node` WHERE ( pid='51' and level<999 ) LIMIT 1   [ RunTime:0.000000s ]
NOTIC: [8] Use of undefined constant id - assumed 'id' F:\ease\php_lesson\14\source\wysc\Lib\Model\NodeModel.class.php 第 174 行.
NOTIC: [8] Use of undefined constant id - assumed 'id' F:\ease\php_lesson\14\source\wysc\Lib\Model\NodeModel.class.php 第 174 行.
NOTIC: [8] Use of undefined constant text - assumed 'text' F:\ease\php_lesson\14\source\wysc\Lib\Model\NodeModel.class.php 第 175 行.
NOTIC: [8] Use of undefined constant title - assumed 'title' F:\ease\php_lesson\14\source\wysc\Lib\Model\NodeModel.class.php 第 175 行.
NOTIC: [8] Use of undefined constant iconCls - assumed 'iconCls' F:\ease\php_lesson\14\source\wysc\Lib\Model\NodeModel.class.php 第 176 行.
NOTIC: [8] Use of undefined constant iconCls - assumed 'iconCls' F:\ease\php_lesson\14\source\wysc\Lib\Model\NodeModel.class.php 第 177 行.
NOTIC: [8] Use of undefined constant iconCls - assumed 'iconCls' F:\ease\php_lesson\14\source\wysc\Lib\Model\NodeModel.class.php 第 177 行.
SQL: SELECT COUNT(*) AS tp_count FROM `access` WHERE ( node_id='52' and role_id='6' and level=3  ) LIMIT 1   [ RunTime:0.000000s ]
SQL: SELECT COUNT(*) AS tp_count FROM `node` WHERE ( pid='52' and level<999 ) LIMIT 1   [ RunTime:0.000000s ]
NOTIC: [8] Use of undefined constant id - assumed 'id' F:\ease\php_lesson\14\source\wysc\Lib\Model\NodeModel.class.php 第 174 行.
NOTIC: [8] Use of undefined constant id - assumed 'id' F:\ease\php_lesson\14\source\wysc\Lib\Model\NodeModel.class.php 第 174 行.
NOTIC: [8] Use of undefined constant text - assumed 'text' F:\ease\php_lesson\14\source\wysc\Lib\Model\NodeModel.class.php 第 175 行.
NOTIC: [8] Use of undefined constant title - assumed 'title' F:\ease\php_lesson\14\source\wysc\Lib\Model\NodeModel.class.php 第 175 行.
NOTIC: [8] Use of undefined constant iconCls - assumed 'iconCls' F:\ease\php_lesson\14\source\wysc\Lib\Model\NodeModel.class.php 第 176 行.
SQL: SELECT COUNT(*) AS tp_count FROM `access` WHERE ( node_id='53' and role_id='6' and level=3  ) LIMIT 1   [ RunTime:0.000000s ]
SQL: SELECT COUNT(*) AS tp_count FROM `node` WHERE ( pid='53' and level<999 ) LIMIT 1   [ RunTime:0.000000s ]
NOTIC: [8] Use of undefined constant id - assumed 'id' F:\ease\php_lesson\14\source\wysc\Lib\Model\NodeModel.class.php 第 174 行.
NOTIC: [8] Use of undefined constant id - assumed 'id' F:\ease\php_lesson\14\source\wysc\Lib\Model\NodeModel.class.php 第 174 行.
NOTIC: [8] Use of undefined constant text - assumed 'text' F:\ease\php_lesson\14\source\wysc\Lib\Model\NodeModel.class.php 第 175 行.
NOTIC: [8] Use of undefined constant title - assumed 'title' F:\ease\php_lesson\14\source\wysc\Lib\Model\NodeModel.class.php 第 175 行.
NOTIC: [8] Use of undefined constant iconCls - assumed 'iconCls' F:\ease\php_lesson\14\source\wysc\Lib\Model\NodeModel.class.php 第 176 行.
SQL: SELECT COUNT(*) AS tp_count FROM `access` WHERE ( node_id='54' and role_id='6' and level=3  ) LIMIT 1   [ RunTime:0.000000s ]
SQL: SELECT COUNT(*) AS tp_count FROM `node` WHERE ( pid='54' and level<999 ) LIMIT 1   [ RunTime:0.000000s ]
NOTIC: [8] Use of undefined constant id - assumed 'id' F:\ease\php_lesson\14\source\wysc\Lib\Model\NodeModel.class.php 第 174 行.
NOTIC: [8] Use of undefined constant id - assumed 'id' F:\ease\php_lesson\14\source\wysc\Lib\Model\NodeModel.class.php 第 174 行.
NOTIC: [8] Use of undefined constant text - assumed 'text' F:\ease\php_lesson\14\source\wysc\Lib\Model\NodeModel.class.php 第 175 行.
NOTIC: [8] Use of undefined constant title - assumed 'title' F:\ease\php_lesson\14\source\wysc\Lib\Model\NodeModel.class.php 第 175 行.
NOTIC: [8] Use of undefined constant iconCls - assumed 'iconCls' F:\ease\php_lesson\14\source\wysc\Lib\Model\NodeModel.class.php 第 176 行.
SQL: SELECT COUNT(*) AS tp_count FROM `access` WHERE ( node_id='55' and role_id='6' and level=3  ) LIMIT 1   [ RunTime:0.000000s ]
SQL: SELECT COUNT(*) AS tp_count FROM `node` WHERE ( pid='55' and level<999 ) LIMIT 1   [ RunTime:0.000000s ]
NOTIC: [8] Use of undefined constant id - assumed 'id' F:\ease\php_lesson\14\source\wysc\Lib\Model\NodeModel.class.php 第 174 行.
NOTIC: [8] Use of undefined constant id - assumed 'id' F:\ease\php_lesson\14\source\wysc\Lib\Model\NodeModel.class.php 第 174 行.
NOTIC: [8] Use of undefined constant text - assumed 'text' F:\ease\php_lesson\14\source\wysc\Lib\Model\NodeModel.class.php 第 175 行.
NOTIC: [8] Use of undefined constant title - assumed 'title' F:\ease\php_lesson\14\source\wysc\Lib\Model\NodeModel.class.php 第 175 行.
NOTIC: [8] Use of undefined constant iconCls - assumed 'iconCls' F:\ease\php_lesson\14\source\wysc\Lib\Model\NodeModel.class.php 第 176 行.
SQL: SELECT COUNT(*) AS tp_count FROM `access` WHERE ( node_id='56' and role_id='6' and level=3  ) LIMIT 1   [ RunTime:0.000000s ]
SQL: SELECT COUNT(*) AS tp_count FROM `node` WHERE ( pid='56' and level<999 ) LIMIT 1   [ RunTime:0.000000s ]
NOTIC: [8] Use of undefined constant id - assumed 'id' F:\ease\php_lesson\14\source\wysc\Lib\Model\NodeModel.class.php 第 174 行.
NOTIC: [8] Use of undefined constant id - assumed 'id' F:\ease\php_lesson\14\source\wysc\Lib\Model\NodeModel.class.php 第 174 行.
NOTIC: [8] Use of undefined constant text - assumed 'text' F:\ease\php_lesson\14\source\wysc\Lib\Model\NodeModel.class.php 第 175 行.
NOTIC: [8] Use of undefined constant title - assumed 'title' F:\ease\php_lesson\14\source\wysc\Lib\Model\NodeModel.class.php 第 175 行.
NOTIC: [8] Use of undefined constant iconCls - assumed 'iconCls' F:\ease\php_lesson\14\source\wysc\Lib\Model\NodeModel.class.php 第 176 行.
SQL: SELECT COUNT(*) AS tp_count FROM `access` WHERE ( node_id='57' and role_id='6' and level=3  ) LIMIT 1   [ RunTime:0.000000s ]
SQL: SELECT COUNT(*) AS tp_count FROM `node` WHERE ( pid='57' and level<999 ) LIMIT 1   [ RunTime:0.000000s ]
NOTIC: [8] Use of undefined constant id - assumed 'id' F:\ease\php_lesson\14\source\wysc\Lib\Model\NodeModel.class.php 第 174 行.
NOTIC: [8] Use of undefined constant id - assumed 'id' F:\ease\php_lesson\14\source\wysc\Lib\Model\NodeModel.class.php 第 174 行.
NOTIC: [8] Use of undefined constant text - assumed 'text' F:\ease\php_lesson\14\source\wysc\Lib\Model\NodeModel.class.php 第 175 行.
NOTIC: [8] Use of undefined constant title - assumed 'title' F:\ease\php_lesson\14\source\wysc\Lib\Model\NodeModel.class.php 第 175 行.
NOTIC: [8] Use of undefined constant iconCls - assumed 'iconCls' F:\ease\php_lesson\14\source\wysc\Lib\Model\NodeModel.class.php 第 176 行.
NOTIC: [8] Use of undefined constant iconCls - assumed 'iconCls' F:\ease\php_lesson\14\source\wysc\Lib\Model\NodeModel.class.php 第 177 行.
NOTIC: [8] Use of undefined constant iconCls - assumed 'iconCls' F:\ease\php_lesson\14\source\wysc\Lib\Model\NodeModel.class.php 第 177 行.
SQL: SELECT COUNT(*) AS tp_count FROM `access` WHERE ( node_id='58' and role_id='6' and level=3  ) LIMIT 1   [ RunTime:0.000000s ]
SQL: SELECT COUNT(*) AS tp_count FROM `node` WHERE ( pid='58' and level<999 ) LIMIT 1   [ RunTime:0.000000s ]
NOTIC: [8] Use of undefined constant id - assumed 'id' F:\ease\php_lesson\14\source\wysc\Lib\Model\NodeModel.class.php 第 174 行.
NOTIC: [8] Use of undefined constant id - assumed 'id' F:\ease\php_lesson\14\source\wysc\Lib\Model\NodeModel.class.php 第 174 行.
NOTIC: [8] Use of undefined constant text - assumed 'text' F:\ease\php_lesson\14\source\wysc\Lib\Model\NodeModel.class.php 第 175 行.
NOTIC: [8] Use of undefined constant title - assumed 'title' F:\ease\php_lesson\14\source\wysc\Lib\Model\NodeModel.class.php 第 175 行.
NOTIC: [8] Use of undefined constant iconCls - assumed 'iconCls' F:\ease\php_lesson\14\source\wysc\Lib\Model\NodeModel.class.php 第 176 行.
SQL: SELECT COUNT(*) AS tp_count FROM `access` WHERE ( node_id='59' and role_id='6' and level=3  ) LIMIT 1   [ RunTime:0.000000s ]
SQL: SELECT COUNT(*) AS tp_count FROM `node` WHERE ( pid='59' and level<999 ) LIMIT 1   [ RunTime:0.000000s ]
NOTIC: [8] Use of undefined constant id - assumed 'id' F:\ease\php_lesson\14\source\wysc\Lib\Model\NodeModel.class.php 第 174 行.
NOTIC: [8] Use of undefined constant id - assumed 'id' F:\ease\php_lesson\14\source\wysc\Lib\Model\NodeModel.class.php 第 174 行.
NOTIC: [8] Use of undefined constant text - assumed 'text' F:\ease\php_lesson\14\source\wysc\Lib\Model\NodeModel.class.php 第 175 行.
NOTIC: [8] Use of undefined constant title - assumed 'title' F:\ease\php_lesson\14\source\wysc\Lib\Model\NodeModel.class.php 第 175 行.
NOTIC: [8] Use of undefined constant iconCls - assumed 'iconCls' F:\ease\php_lesson\14\source\wysc\Lib\Model\NodeModel.class.php 第 176 行.
SQL: SELECT COUNT(*) AS tp_count FROM `access` WHERE ( node_id='60' and role_id='6' and level=3  ) LIMIT 1   [ RunTime:0.000000s ]
SQL: SELECT COUNT(*) AS tp_count FROM `node` WHERE ( pid='60' and level<999 ) LIMIT 1   [ RunTime:0.000000s ]
NOTIC: [8] Use of undefined constant id - assumed 'id' F:\ease\php_lesson\14\source\wysc\Lib\Model\NodeModel.class.php 第 174 行.
NOTIC: [8] Use of undefined constant id - assumed 'id' F:\ease\php_lesson\14\source\wysc\Lib\Model\NodeModel.class.php 第 174 行.
NOTIC: [8] Use of undefined constant text - assumed 'text' F:\ease\php_lesson\14\source\wysc\Lib\Model\NodeModel.class.php 第 175 行.
NOTIC: [8] Use of undefined constant title - assumed 'title' F:\ease\php_lesson\14\source\wysc\Lib\Model\NodeModel.class.php 第 175 行.
NOTIC: [8] Use of undefined constant iconCls - assumed 'iconCls' F:\ease\php_lesson\14\source\wysc\Lib\Model\NodeModel.class.php 第 176 行.
SQL: SELECT COUNT(*) AS tp_count FROM `access` WHERE ( node_id='61' and role_id='6' and level=3  ) LIMIT 1   [ RunTime:0.000000s ]
SQL: SELECT COUNT(*) AS tp_count FROM `node` WHERE ( pid='61' and level<999 ) LIMIT 1   [ RunTime:0.000000s ]
NOTIC: [8] Use of undefined constant id - assumed 'id' F:\ease\php_lesson\14\source\wysc\Lib\Model\NodeModel.class.php 第 174 行.
NOTIC: [8] Use of undefined constant id - assumed 'id' F:\ease\php_lesson\14\source\wysc\Lib\Model\NodeModel.class.php 第 174 行.
NOTIC: [8] Use of undefined constant text - assumed 'text' F:\ease\php_lesson\14\source\wysc\Lib\Model\NodeModel.class.php 第 175 行.
NOTIC: [8] Use of undefined constant title - assumed 'title' F:\ease\php_lesson\14\source\wysc\Lib\Model\NodeModel.class.php 第 175 行.
NOTIC: [8] Use of undefined constant iconCls - assumed 'iconCls' F:\ease\php_lesson\14\source\wysc\Lib\Model\NodeModel.class.php 第 176 行.
SQL: SELECT COUNT(*) AS tp_count FROM `access` WHERE ( node_id='63' and role_id='6' and level=3  ) LIMIT 1   [ RunTime:0.000000s ]
SQL: SELECT COUNT(*) AS tp_count FROM `node` WHERE ( pid='63' and level<999 ) LIMIT 1   [ RunTime:0.000000s ]
NOTIC: [8] Use of undefined constant id - assumed 'id' F:\ease\php_lesson\14\source\wysc\Lib\Model\NodeModel.class.php 第 187 行.
SQL: SELECT COUNT(*) AS tp_count FROM `node` WHERE ( pid='63' and level<999 ) LIMIT 1   [ RunTime:0.000000s ]
SQL: SELECT * FROM `node` WHERE ( pid='63' and level<999 )  [ RunTime:0.000000s ]
NOTIC: [8] Use of undefined constant id - assumed 'id' F:\ease\php_lesson\14\source\wysc\Lib\Model\NodeModel.class.php 第 174 行.
NOTIC: [8] Use of undefined constant id - assumed 'id' F:\ease\php_lesson\14\source\wysc\Lib\Model\NodeModel.class.php 第 174 行.
NOTIC: [8] Use of undefined constant text - assumed 'text' F:\ease\php_lesson\14\source\wysc\Lib\Model\NodeModel.class.php 第 175 行.
NOTIC: [8] Use of undefined constant title - assumed 'title' F:\ease\php_lesson\14\source\wysc\Lib\Model\NodeModel.class.php 第 175 行.
NOTIC: [8] Use of undefined constant iconCls - assumed 'iconCls' F:\ease\php_lesson\14\source\wysc\Lib\Model\NodeModel.class.php 第 176 行.
SQL: SELECT COUNT(*) AS tp_count FROM `access` WHERE ( node_id='64' and role_id='6' and level=3  ) LIMIT 1   [ RunTime:0.000000s ]
SQL: SELECT COUNT(*) AS tp_count FROM `node` WHERE ( pid='64' and level<999 ) LIMIT 1   [ RunTime:0.000000s ]
NOTIC: [8] Use of undefined constant id - assumed 'id' F:\ease\php_lesson\14\source\wysc\Lib\Model\NodeModel.class.php 第 174 行.
NOTIC: [8] Use of undefined constant id - assumed 'id' F:\ease\php_lesson\14\source\wysc\Lib\Model\NodeModel.class.php 第 174 行.
NOTIC: [8] Use of undefined constant text - assumed 'text' F:\ease\php_lesson\14\source\wysc\Lib\Model\NodeModel.class.php 第 175 行.
NOTIC: [8] Use of undefined constant title - assumed 'title' F:\ease\php_lesson\14\source\wysc\Lib\Model\NodeModel.class.php 第 175 行.
NOTIC: [8] Use of undefined constant iconCls - assumed 'iconCls' F:\ease\php_lesson\14\source\wysc\Lib\Model\NodeModel.class.php 第 176 行.
SQL: SELECT COUNT(*) AS tp_count FROM `access` WHERE ( node_id='65' and role_id='6' and level=3  ) LIMIT 1   [ RunTime:0.000000s ]
SQL: SELECT COUNT(*) AS tp_count FROM `node` WHERE ( pid='65' and level<999 ) LIMIT 1   [ RunTime:0.000000s ]
NOTIC: [8] Use of undefined constant id - assumed 'id' F:\ease\php_lesson\14\source\wysc\Lib\Model\NodeModel.class.php 第 174 行.
NOTIC: [8] Use of undefined constant id - assumed 'id' F:\ease\php_lesson\14\source\wysc\Lib\Model\NodeModel.class.php 第 174 行.
NOTIC: [8] Use of undefined constant text - assumed 'text' F:\ease\php_lesson\14\source\wysc\Lib\Model\NodeModel.class.php 第 175 行.
NOTIC: [8] Use of undefined constant title - assumed 'title' F:\ease\php_lesson\14\source\wysc\Lib\Model\NodeModel.class.php 第 175 行.
NOTIC: [8] Use of undefined constant iconCls - assumed 'iconCls' F:\ease\php_lesson\14\source\wysc\Lib\Model\NodeModel.class.php 第 176 行.
SQL: SELECT COUNT(*) AS tp_count FROM `access` WHERE ( node_id='66' and role_id='6' and level=3  ) LIMIT 1   [ RunTime:0.000000s ]
SQL: SELECT COUNT(*) AS tp_count FROM `node` WHERE ( pid='66' and level<999 ) LIMIT 1   [ RunTime:0.000000s ]
NOTIC: [8] Use of undefined constant id - assumed 'id' F:\ease\php_lesson\14\source\wysc\Lib\Model\NodeModel.class.php 第 174 行.
NOTIC: [8] Use of undefined constant id - assumed 'id' F:\ease\php_lesson\14\source\wysc\Lib\Model\NodeModel.class.php 第 174 行.
NOTIC: [8] Use of undefined constant text - assumed 'text' F:\ease\php_lesson\14\source\wysc\Lib\Model\NodeModel.class.php 第 175 行.
NOTIC: [8] Use of undefined constant title - assumed 'title' F:\ease\php_lesson\14\source\wysc\Lib\Model\NodeModel.class.php 第 175 行.
NOTIC: [8] Use of undefined constant iconCls - assumed 'iconCls' F:\ease\php_lesson\14\source\wysc\Lib\Model\NodeModel.class.php 第 176 行.
SQL: SELECT COUNT(*) AS tp_count FROM `access` WHERE ( node_id='67' and role_id='6' and level=3  ) LIMIT 1   [ RunTime:0.000000s ]
SQL: SELECT COUNT(*) AS tp_count FROM `node` WHERE ( pid='67' and level<999 ) LIMIT 1   [ RunTime:0.000000s ]
NOTIC: [8] Use of undefined constant id - assumed 'id' F:\ease\php_lesson\14\source\wysc\Lib\Model\NodeModel.class.php 第 174 行.
NOTIC: [8] Use of undefined constant id - assumed 'id' F:\ease\php_lesson\14\source\wysc\Lib\Model\NodeModel.class.php 第 174 行.
NOTIC: [8] Use of undefined constant text - assumed 'text' F:\ease\php_lesson\14\source\wysc\Lib\Model\NodeModel.class.php 第 175 行.
NOTIC: [8] Use of undefined constant title - assumed 'title' F:\ease\php_lesson\14\source\wysc\Lib\Model\NodeModel.class.php 第 175 行.
NOTIC: [8] Use of undefined constant iconCls - assumed 'iconCls' F:\ease\php_lesson\14\source\wysc\Lib\Model\NodeModel.class.php 第 176 行.
SQL: SELECT COUNT(*) AS tp_count FROM `access` WHERE ( node_id='68' and role_id='6' and level=3  ) LIMIT 1   [ RunTime:0.000000s ]
SQL: SELECT COUNT(*) AS tp_count FROM `node` WHERE ( pid='68' and level<999 ) LIMIT 1   [ RunTime:0.000000s ]
NOTIC: [8] Use of undefined constant id - assumed 'id' F:\ease\php_lesson\14\source\wysc\Lib\Model\NodeModel.class.php 第 187 行.
SQL: SELECT COUNT(*) AS tp_count FROM `node` WHERE ( pid='68' and level<999 ) LIMIT 1   [ RunTime:0.000000s ]
SQL: SELECT * FROM `node` WHERE ( pid='68' and level<999 )  [ RunTime:0.000000s ]
NOTIC: [8] Use of undefined constant id - assumed 'id' F:\ease\php_lesson\14\source\wysc\Lib\Model\NodeModel.class.php 第 174 行.
NOTIC: [8] Use of undefined constant id - assumed 'id' F:\ease\php_lesson\14\source\wysc\Lib\Model\NodeModel.class.php 第 174 行.
NOTIC: [8] Use of undefined constant text - assumed 'text' F:\ease\php_lesson\14\source\wysc\Lib\Model\NodeModel.class.php 第 175 行.
NOTIC: [8] Use of undefined constant title - assumed 'title' F:\ease\php_lesson\14\source\wysc\Lib\Model\NodeModel.class.php 第 175 行.
NOTIC: [8] Use of undefined constant iconCls - assumed 'iconCls' F:\ease\php_lesson\14\source\wysc\Lib\Model\NodeModel.class.php 第 176 行.
NOTIC: [8] Use of undefined constant iconCls - assumed 'iconCls' F:\ease\php_lesson\14\source\wysc\Lib\Model\NodeModel.class.php 第 177 行.
NOTIC: [8] Use of undefined constant iconCls - assumed 'iconCls' F:\ease\php_lesson\14\source\wysc\Lib\Model\NodeModel.class.php 第 177 行.
SQL: SELECT COUNT(*) AS tp_count FROM `access` WHERE ( node_id='69' and role_id='6' and level=3  ) LIMIT 1   [ RunTime:0.000000s ]
SQL: SELECT COUNT(*) AS tp_count FROM `node` WHERE ( pid='69' and level<999 ) LIMIT 1   [ RunTime:0.000000s ]
NOTIC: [8] Use of undefined constant id - assumed 'id' F:\ease\php_lesson\14\source\wysc\Lib\Model\NodeModel.class.php 第 174 行.
NOTIC: [8] Use of undefined constant id - assumed 'id' F:\ease\php_lesson\14\source\wysc\Lib\Model\NodeModel.class.php 第 174 行.
NOTIC: [8] Use of undefined constant text - assumed 'text' F:\ease\php_lesson\14\source\wysc\Lib\Model\NodeModel.class.php 第 175 行.
NOTIC: [8] Use of undefined constant title - assumed 'title' F:\ease\php_lesson\14\source\wysc\Lib\Model\NodeModel.class.php 第 175 行.
NOTIC: [8] Use of undefined constant iconCls - assumed 'iconCls' F:\ease\php_lesson\14\source\wysc\Lib\Model\NodeModel.class.php 第 176 行.
SQL: SELECT COUNT(*) AS tp_count FROM `access` WHERE ( node_id='70' and role_id='6' and level=3  ) LIMIT 1   [ RunTime:0.000000s ]
SQL: SELECT COUNT(*) AS tp_count FROM `node` WHERE ( pid='70' and level<999 ) LIMIT 1   [ RunTime:0.000000s ]
NOTIC: [8] Use of undefined constant id - assumed 'id' F:\ease\php_lesson\14\source\wysc\Lib\Model\NodeModel.class.php 第 174 行.
NOTIC: [8] Use of undefined constant id - assumed 'id' F:\ease\php_lesson\14\source\wysc\Lib\Model\NodeModel.class.php 第 174 行.
NOTIC: [8] Use of undefined constant text - assumed 'text' F:\ease\php_lesson\14\source\wysc\Lib\Model\NodeModel.class.php 第 175 行.
NOTIC: [8] Use of undefined constant title - assumed 'title' F:\ease\php_lesson\14\source\wysc\Lib\Model\NodeModel.class.php 第 175 行.
NOTIC: [8] Use of undefined constant iconCls - assumed 'iconCls' F:\ease\php_lesson\14\source\wysc\Lib\Model\NodeModel.class.php 第 176 行.
SQL: SELECT COUNT(*) AS tp_count FROM `access` WHERE ( node_id='71' and role_id='6' and level=3  ) LIMIT 1   [ RunTime:0.000000s ]
SQL: SELECT COUNT(*) AS tp_count FROM `node` WHERE ( pid='71' and level<999 ) LIMIT 1   [ RunTime:0.000000s ]
NOTIC: [8] Use of undefined constant id - assumed 'id' F:\ease\php_lesson\14\source\wysc\Lib\Model\NodeModel.class.php 第 174 行.
NOTIC: [8] Use of undefined constant id - assumed 'id' F:\ease\php_lesson\14\source\wysc\Lib\Model\NodeModel.class.php 第 174 行.
NOTIC: [8] Use of undefined constant text - assumed 'text' F:\ease\php_lesson\14\source\wysc\Lib\Model\NodeModel.class.php 第 175 行.
NOTIC: [8] Use of undefined constant title - assumed 'title' F:\ease\php_lesson\14\source\wysc\Lib\Model\NodeModel.class.php 第 175 行.
NOTIC: [8] Use of undefined constant iconCls - assumed 'iconCls' F:\ease\php_lesson\14\source\wysc\Lib\Model\NodeModel.class.php 第 176 行.
SQL: SELECT COUNT(*) AS tp_count FROM `access` WHERE ( node_id='72' and role_id='6' and level=3  ) LIMIT 1   [ RunTime:0.000000s ]
SQL: SELECT COUNT(*) AS tp_count FROM `node` WHERE ( pid='72' and level<999 ) LIMIT 1   [ RunTime:0.000000s ]
NOTIC: [8] Use of undefined constant id - assumed 'id' F:\ease\php_lesson\14\source\wysc\Lib\Model\NodeModel.class.php 第 174 行.
NOTIC: [8] Use of undefined constant id - assumed 'id' F:\ease\php_lesson\14\source\wysc\Lib\Model\NodeModel.class.php 第 174 行.
NOTIC: [8] Use of undefined constant text - assumed 'text' F:\ease\php_lesson\14\source\wysc\Lib\Model\NodeModel.class.php 第 175 行.
NOTIC: [8] Use of undefined constant title - assumed 'title' F:\ease\php_lesson\14\source\wysc\Lib\Model\NodeModel.class.php 第 175 行.
NOTIC: [8] Use of undefined constant iconCls - assumed 'iconCls' F:\ease\php_lesson\14\source\wysc\Lib\Model\NodeModel.class.php 第 176 行.
SQL: SELECT COUNT(*) AS tp_count FROM `access` WHERE ( node_id='73' and role_id='6' and level=3  ) LIMIT 1   [ RunTime:0.000000s ]
SQL: SELECT COUNT(*) AS tp_count FROM `node` WHERE ( pid='73' and level<999 ) LIMIT 1   [ RunTime:0.000000s ]
NOTIC: [8] Use of undefined constant id - assumed 'id' F:\ease\php_lesson\14\source\wysc\Lib\Model\NodeModel.class.php 第 187 行.
SQL: SELECT COUNT(*) AS tp_count FROM `node` WHERE ( pid='73' and level<999 ) LIMIT 1   [ RunTime:0.000000s ]
SQL: SELECT * FROM `node` WHERE ( pid='73' and level<999 )  [ RunTime:0.000000s ]
NOTIC: [8] Use of undefined constant id - assumed 'id' F:\ease\php_lesson\14\source\wysc\Lib\Model\NodeModel.class.php 第 174 行.
NOTIC: [8] Use of undefined constant id - assumed 'id' F:\ease\php_lesson\14\source\wysc\Lib\Model\NodeModel.class.php 第 174 行.
NOTIC: [8] Use of undefined constant text - assumed 'text' F:\ease\php_lesson\14\source\wysc\Lib\Model\NodeModel.class.php 第 175 行.
NOTIC: [8] Use of undefined constant title - assumed 'title' F:\ease\php_lesson\14\source\wysc\Lib\Model\NodeModel.class.php 第 175 行.
NOTIC: [8] Use of undefined constant iconCls - assumed 'iconCls' F:\ease\php_lesson\14\source\wysc\Lib\Model\NodeModel.class.php 第 176 行.
NOTIC: [8] Use of undefined constant iconCls - assumed 'iconCls' F:\ease\php_lesson\14\source\wysc\Lib\Model\NodeModel.class.php 第 177 行.
NOTIC: [8] Use of undefined constant iconCls - assumed 'iconCls' F:\ease\php_lesson\14\source\wysc\Lib\Model\NodeModel.class.php 第 177 行.
SQL: SELECT COUNT(*) AS tp_count FROM `access` WHERE ( node_id='74' and role_id='6' and level=3  ) LIMIT 1   [ RunTime:0.000000s ]
SQL: SELECT COUNT(*) AS tp_count FROM `node` WHERE ( pid='74' and level<999 ) LIMIT 1   [ RunTime:0.000000s ]
NOTIC: [8] Use of undefined constant id - assumed 'id' F:\ease\php_lesson\14\source\wysc\Lib\Model\NodeModel.class.php 第 174 行.
NOTIC: [8] Use of undefined constant id - assumed 'id' F:\ease\php_lesson\14\source\wysc\Lib\Model\NodeModel.class.php 第 174 行.
NOTIC: [8] Use of undefined constant text - assumed 'text' F:\ease\php_lesson\14\source\wysc\Lib\Model\NodeModel.class.php 第 175 行.
NOTIC: [8] Use of undefined constant title - assumed 'title' F:\ease\php_lesson\14\source\wysc\Lib\Model\NodeModel.class.php 第 175 行.
NOTIC: [8] Use of undefined constant iconCls - assumed 'iconCls' F:\ease\php_lesson\14\source\wysc\Lib\Model\NodeModel.class.php 第 176 行.
SQL: SELECT COUNT(*) AS tp_count FROM `access` WHERE ( node_id='75' and role_id='6' and level=3  ) LIMIT 1   [ RunTime:0.000000s ]
SQL: SELECT COUNT(*) AS tp_count FROM `node` WHERE ( pid='75' and level<999 ) LIMIT 1   [ RunTime:0.000000s ]
NOTIC: [8] Use of undefined constant id - assumed 'id' F:\ease\php_lesson\14\source\wysc\Lib\Model\NodeModel.class.php 第 174 行.
NOTIC: [8] Use of undefined constant id - assumed 'id' F:\ease\php_lesson\14\source\wysc\Lib\Model\NodeModel.class.php 第 174 行.
NOTIC: [8] Use of undefined constant text - assumed 'text' F:\ease\php_lesson\14\source\wysc\Lib\Model\NodeModel.class.php 第 175 行.
NOTIC: [8] Use of undefined constant title - assumed 'title' F:\ease\php_lesson\14\source\wysc\Lib\Model\NodeModel.class.php 第 175 行.
NOTIC: [8] Use of undefined constant iconCls - assumed 'iconCls' F:\ease\php_lesson\14\source\wysc\Lib\Model\NodeModel.class.php 第 176 行.
SQL: SELECT COUNT(*) AS tp_count FROM `access` WHERE ( node_id='76' and role_id='6' and level=3  ) LIMIT 1   [ RunTime:0.000000s ]
SQL: SELECT COUNT(*) AS tp_count FROM `node` WHERE ( pid='76' and level<999 ) LIMIT 1   [ RunTime:0.000000s ]
NOTIC: [8] Use of undefined constant id - assumed 'id' F:\ease\php_lesson\14\source\wysc\Lib\Model\NodeModel.class.php 第 174 行.
NOTIC: [8] Use of undefined constant id - assumed 'id' F:\ease\php_lesson\14\source\wysc\Lib\Model\NodeModel.class.php 第 174 行.
NOTIC: [8] Use of undefined constant text - assumed 'text' F:\ease\php_lesson\14\source\wysc\Lib\Model\NodeModel.class.php 第 175 行.
NOTIC: [8] Use of undefined constant title - assumed 'title' F:\ease\php_lesson\14\source\wysc\Lib\Model\NodeModel.class.php 第 175 行.
NOTIC: [8] Use of undefined constant iconCls - assumed 'iconCls' F:\ease\php_lesson\14\source\wysc\Lib\Model\NodeModel.class.php 第 176 行.
SQL: SELECT COUNT(*) AS tp_count FROM `access` WHERE ( node_id='77' and role_id='6' and level=3  ) LIMIT 1   [ RunTime:0.000000s ]
SQL: SELECT COUNT(*) AS tp_count FROM `node` WHERE ( pid='77' and level<999 ) LIMIT 1   [ RunTime:0.015600s ]
NOTIC: [8] Use of undefined constant id - assumed 'id' F:\ease\php_lesson\14\source\wysc\Lib\Model\NodeModel.class.php 第 174 行.
NOTIC: [8] Use of undefined constant id - assumed 'id' F:\ease\php_lesson\14\source\wysc\Lib\Model\NodeModel.class.php 第 174 行.
NOTIC: [8] Use of undefined constant text - assumed 'text' F:\ease\php_lesson\14\source\wysc\Lib\Model\NodeModel.class.php 第 175 行.
NOTIC: [8] Use of undefined constant title - assumed 'title' F:\ease\php_lesson\14\source\wysc\Lib\Model\NodeModel.class.php 第 175 行.
NOTIC: [8] Use of undefined constant iconCls - assumed 'iconCls' F:\ease\php_lesson\14\source\wysc\Lib\Model\NodeModel.class.php 第 176 行.
NOTIC: [8] Use of undefined constant iconCls - assumed 'iconCls' F:\ease\php_lesson\14\source\wysc\Lib\Model\NodeModel.class.php 第 177 行.
NOTIC: [8] Use of undefined constant iconCls - assumed 'iconCls' F:\ease\php_lesson\14\source\wysc\Lib\Model\NodeModel.class.php 第 177 行.
SQL: SELECT COUNT(*) AS tp_count FROM `access` WHERE ( node_id='78' and role_id='6' and level=3  ) LIMIT 1   [ RunTime:0.000000s ]
SQL: SELECT COUNT(*) AS tp_count FROM `node` WHERE ( pid='78' and level<999 ) LIMIT 1   [ RunTime:0.000000s ]
NOTIC: [8] Use of undefined constant id - assumed 'id' F:\ease\php_lesson\14\source\wysc\Lib\Model\NodeModel.class.php 第 187 行.
SQL: SELECT COUNT(*) AS tp_count FROM `node` WHERE ( pid='78' and level<999 ) LIMIT 1   [ RunTime:0.000000s ]
SQL: SELECT * FROM `node` WHERE ( pid='78' and level<999 )  [ RunTime:0.000000s ]
NOTIC: [8] Use of undefined constant id - assumed 'id' F:\ease\php_lesson\14\source\wysc\Lib\Model\NodeModel.class.php 第 174 行.
NOTIC: [8] Use of undefined constant id - assumed 'id' F:\ease\php_lesson\14\source\wysc\Lib\Model\NodeModel.class.php 第 174 行.
NOTIC: [8] Use of undefined constant text - assumed 'text' F:\ease\php_lesson\14\source\wysc\Lib\Model\NodeModel.class.php 第 175 行.
NOTIC: [8] Use of undefined constant title - assumed 'title' F:\ease\php_lesson\14\source\wysc\Lib\Model\NodeModel.class.php 第 175 行.
NOTIC: [8] Use of undefined constant iconCls - assumed 'iconCls' F:\ease\php_lesson\14\source\wysc\Lib\Model\NodeModel.class.php 第 176 行.
NOTIC: [8] Use of undefined constant iconCls - assumed 'iconCls' F:\ease\php_lesson\14\source\wysc\Lib\Model\NodeModel.class.php 第 177 行.
NOTIC: [8] Use of undefined constant iconCls - assumed 'iconCls' F:\ease\php_lesson\14\source\wysc\Lib\Model\NodeModel.class.php 第 177 行.
SQL: SELECT COUNT(*) AS tp_count FROM `access` WHERE ( node_id='79' and role_id='6' and level=3  ) LIMIT 1   [ RunTime:0.000000s ]
SQL: SELECT COUNT(*) AS tp_count FROM `node` WHERE ( pid='79' and level<999 ) LIMIT 1   [ RunTime:0.000000s ]
NOTIC: [8] Use of undefined constant id - assumed 'id' F:\ease\php_lesson\14\source\wysc\Lib\Model\NodeModel.class.php 第 174 行.
NOTIC: [8] Use of undefined constant id - assumed 'id' F:\ease\php_lesson\14\source\wysc\Lib\Model\NodeModel.class.php 第 174 行.
NOTIC: [8] Use of undefined constant text - assumed 'text' F:\ease\php_lesson\14\source\wysc\Lib\Model\NodeModel.class.php 第 175 行.
NOTIC: [8] Use of undefined constant title - assumed 'title' F:\ease\php_lesson\14\source\wysc\Lib\Model\NodeModel.class.php 第 175 行.
NOTIC: [8] Use of undefined constant iconCls - assumed 'iconCls' F:\ease\php_lesson\14\source\wysc\Lib\Model\NodeModel.class.php 第 176 行.
SQL: SELECT COUNT(*) AS tp_count FROM `access` WHERE ( node_id='80' and role_id='6' and level=3  ) LIMIT 1   [ RunTime:0.000000s ]
SQL: SELECT COUNT(*) AS tp_count FROM `node` WHERE ( pid='80' and level<999 ) LIMIT 1   [ RunTime:0.000000s ]
NOTIC: [8] Use of undefined constant id - assumed 'id' F:\ease\php_lesson\14\source\wysc\Lib\Model\NodeModel.class.php 第 174 行.
NOTIC: [8] Use of undefined constant id - assumed 'id' F:\ease\php_lesson\14\source\wysc\Lib\Model\NodeModel.class.php 第 174 行.
NOTIC: [8] Use of undefined constant text - assumed 'text' F:\ease\php_lesson\14\source\wysc\Lib\Model\NodeModel.class.php 第 175 行.
NOTIC: [8] Use of undefined constant title - assumed 'title' F:\ease\php_lesson\14\source\wysc\Lib\Model\NodeModel.class.php 第 175 行.
NOTIC: [8] Use of undefined constant iconCls - assumed 'iconCls' F:\ease\php_lesson\14\source\wysc\Lib\Model\NodeModel.class.php 第 176 行.
SQL: SELECT COUNT(*) AS tp_count FROM `access` WHERE ( node_id='81' and role_id='6' and level=3  ) LIMIT 1   [ RunTime:0.000000s ]
SQL: SELECT COUNT(*) AS tp_count FROM `node` WHERE ( pid='81' and level<999 ) LIMIT 1   [ RunTime:0.000000s ]
NOTIC: [8] Use of undefined constant id - assumed 'id' F:\ease\php_lesson\14\source\wysc\Lib\Model\NodeModel.class.php 第 174 行.
NOTIC: [8] Use of undefined constant id - assumed 'id' F:\ease\php_lesson\14\source\wysc\Lib\Model\NodeModel.class.php 第 174 行.
NOTIC: [8] Use of undefined constant text - assumed 'text' F:\ease\php_lesson\14\source\wysc\Lib\Model\NodeModel.class.php 第 175 行.
NOTIC: [8] Use of undefined constant title - assumed 'title' F:\ease\php_lesson\14\source\wysc\Lib\Model\NodeModel.class.php 第 175 行.
NOTIC: [8] Use of undefined constant iconCls - assumed 'iconCls' F:\ease\php_lesson\14\source\wysc\Lib\Model\NodeModel.class.php 第 176 行.
SQL: SELECT COUNT(*) AS tp_count FROM `access` WHERE ( node_id='82' and role_id='6' and level=3  ) LIMIT 1   [ RunTime:0.000000s ]
SQL: SELECT COUNT(*) AS tp_count FROM `node` WHERE ( pid='82' and level<999 ) LIMIT 1   [ RunTime:0.000000s ]
NOTIC: [8] Use of undefined constant id - assumed 'id' F:\ease\php_lesson\14\source\wysc\Lib\Model\NodeModel.class.php 第 174 行.
NOTIC: [8] Use of undefined constant id - assumed 'id' F:\ease\php_lesson\14\source\wysc\Lib\Model\NodeModel.class.php 第 174 行.
NOTIC: [8] Use of undefined constant text - assumed 'text' F:\ease\php_lesson\14\source\wysc\Lib\Model\NodeModel.class.php 第 175 行.
NOTIC: [8] Use of undefined constant title - assumed 'title' F:\ease\php_lesson\14\source\wysc\Lib\Model\NodeModel.class.php 第 175 行.
NOTIC: [8] Use of undefined constant iconCls - assumed 'iconCls' F:\ease\php_lesson\14\source\wysc\Lib\Model\NodeModel.class.php 第 176 行.
SQL: SELECT COUNT(*) AS tp_count FROM `access` WHERE ( node_id='83' and role_id='6' and level=3  ) LIMIT 1   [ RunTime:0.000000s ]
SQL: SELECT COUNT(*) AS tp_count FROM `node` WHERE ( pid='83' and level<999 ) LIMIT 1   [ RunTime:0.000000s ]
NOTIC: [8] Use of undefined constant id - assumed 'id' F:\ease\php_lesson\14\source\wysc\Lib\Model\NodeModel.class.php 第 174 行.
NOTIC: [8] Use of undefined constant id - assumed 'id' F:\ease\php_lesson\14\source\wysc\Lib\Model\NodeModel.class.php 第 174 行.
NOTIC: [8] Use of undefined constant text - assumed 'text' F:\ease\php_lesson\14\source\wysc\Lib\Model\NodeModel.class.php 第 175 行.
NOTIC: [8] Use of undefined constant title - assumed 'title' F:\ease\php_lesson\14\source\wysc\Lib\Model\NodeModel.class.php 第 175 行.
NOTIC: [8] Use of undefined constant iconCls - assumed 'iconCls' F:\ease\php_lesson\14\source\wysc\Lib\Model\NodeModel.class.php 第 176 行.
SQL: SELECT COUNT(*) AS tp_count FROM `access` WHERE ( node_id='84' and role_id='6' and level=3  ) LIMIT 1   [ RunTime:0.000000s ]
SQL: SELECT COUNT(*) AS tp_count FROM `node` WHERE ( pid='84' and level<999 ) LIMIT 1   [ RunTime:0.000000s ]
NOTIC: [8] Use of undefined constant id - assumed 'id' F:\ease\php_lesson\14\source\wysc\Lib\Model\NodeModel.class.php 第 174 行.
NOTIC: [8] Use of undefined constant id - assumed 'id' F:\ease\php_lesson\14\source\wysc\Lib\Model\NodeModel.class.php 第 174 行.
NOTIC: [8] Use of undefined constant text - assumed 'text' F:\ease\php_lesson\14\source\wysc\Lib\Model\NodeModel.class.php 第 175 行.
NOTIC: [8] Use of undefined constant title - assumed 'title' F:\ease\php_lesson\14\source\wysc\Lib\Model\NodeModel.class.php 第 175 行.
NOTIC: [8] Use of undefined constant iconCls - assumed 'iconCls' F:\ease\php_lesson\14\source\wysc\Lib\Model\NodeModel.class.php 第 176 行.
NOTIC: [8] Use of undefined constant iconCls - assumed 'iconCls' F:\ease\php_lesson\14\source\wysc\Lib\Model\NodeModel.class.php 第 177 行.
NOTIC: [8] Use of undefined constant iconCls - assumed 'iconCls' F:\ease\php_lesson\14\source\wysc\Lib\Model\NodeModel.class.php 第 177 行.
SQL: SELECT COUNT(*) AS tp_count FROM `access` WHERE ( node_id='85' and role_id='6' and level=3  ) LIMIT 1   [ RunTime:0.000000s ]
SQL: SELECT COUNT(*) AS tp_count FROM `node` WHERE ( pid='85' and level<999 ) LIMIT 1   [ RunTime:0.000000s ]
NOTIC: [8] Use of undefined constant id - assumed 'id' F:\ease\php_lesson\14\source\wysc\Lib\Model\NodeModel.class.php 第 174 行.
NOTIC: [8] Use of undefined constant id - assumed 'id' F:\ease\php_lesson\14\source\wysc\Lib\Model\NodeModel.class.php 第 174 行.
NOTIC: [8] Use of undefined constant text - assumed 'text' F:\ease\php_lesson\14\source\wysc\Lib\Model\NodeModel.class.php 第 175 行.
NOTIC: [8] Use of undefined constant title - assumed 'title' F:\ease\php_lesson\14\source\wysc\Lib\Model\NodeModel.class.php 第 175 行.
NOTIC: [8] Use of undefined constant iconCls - assumed 'iconCls' F:\ease\php_lesson\14\source\wysc\Lib\Model\NodeModel.class.php 第 176 行.
SQL: SELECT COUNT(*) AS tp_count FROM `access` WHERE ( node_id='86' and role_id='6' and level=3  ) LIMIT 1   [ RunTime:0.000000s ]
SQL: SELECT COUNT(*) AS tp_count FROM `node` WHERE ( pid='86' and level<999 ) LIMIT 1   [ RunTime:0.000000s ]
NOTIC: [8] Use of undefined constant id - assumed 'id' F:\ease\php_lesson\14\source\wysc\Lib\Model\NodeModel.class.php 第 174 行.
NOTIC: [8] Use of undefined constant id - assumed 'id' F:\ease\php_lesson\14\source\wysc\Lib\Model\NodeModel.class.php 第 174 行.
NOTIC: [8] Use of undefined constant text - assumed 'text' F:\ease\php_lesson\14\source\wysc\Lib\Model\NodeModel.class.php 第 175 行.
NOTIC: [8] Use of undefined constant title - assumed 'title' F:\ease\php_lesson\14\source\wysc\Lib\Model\NodeModel.class.php 第 175 行.
NOTIC: [8] Use of undefined constant iconCls - assumed 'iconCls' F:\ease\php_lesson\14\source\wysc\Lib\Model\NodeModel.class.php 第 176 行.
SQL: SELECT COUNT(*) AS tp_count FROM `access` WHERE ( node_id='87' and role_id='6' and level=3  ) LIMIT 1   [ RunTime:0.000000s ]
SQL: SELECT COUNT(*) AS tp_count FROM `node` WHERE ( pid='87' and level<999 ) LIMIT 1   [ RunTime:0.000000s ]
NOTIC: [8] Use of undefined constant id - assumed 'id' F:\ease\php_lesson\14\source\wysc\Lib\Model\NodeModel.class.php 第 174 行.
NOTIC: [8] Use of undefined constant id - assumed 'id' F:\ease\php_lesson\14\source\wysc\Lib\Model\NodeModel.class.php 第 174 行.
NOTIC: [8] Use of undefined constant text - assumed 'text' F:\ease\php_lesson\14\source\wysc\Lib\Model\NodeModel.class.php 第 175 行.
NOTIC: [8] Use of undefined constant title - assumed 'title' F:\ease\php_lesson\14\source\wysc\Lib\Model\NodeModel.class.php 第 175 行.
NOTIC: [8] Use of undefined constant iconCls - assumed 'iconCls' F:\ease\php_lesson\14\source\wysc\Lib\Model\NodeModel.class.php 第 176 行.
SQL: SELECT COUNT(*) AS tp_count FROM `access` WHERE ( node_id='88' and role_id='6' and level=3  ) LIMIT 1   [ RunTime:0.000000s ]
SQL: SELECT COUNT(*) AS tp_count FROM `node` WHERE ( pid='88' and level<999 ) LIMIT 1   [ RunTime:0.000000s ]
NOTIC: [8] Use of undefined constant id - assumed 'id' F:\ease\php_lesson\14\source\wysc\Lib\Model\NodeModel.class.php 第 174 行.
NOTIC: [8] Use of undefined constant id - assumed 'id' F:\ease\php_lesson\14\source\wysc\Lib\Model\NodeModel.class.php 第 174 行.
NOTIC: [8] Use of undefined constant text - assumed 'text' F:\ease\php_lesson\14\source\wysc\Lib\Model\NodeModel.class.php 第 175 行.
NOTIC: [8] Use of undefined constant title - assumed 'title' F:\ease\php_lesson\14\source\wysc\Lib\Model\NodeModel.class.php 第 175 行.
NOTIC: [8] Use of undefined constant iconCls - assumed 'iconCls' F:\ease\php_lesson\14\source\wysc\Lib\Model\NodeModel.class.php 第 176 行.
SQL: SELECT COUNT(*) AS tp_count FROM `access` WHERE ( node_id='89' and role_id='6' and level=3  ) LIMIT 1   [ RunTime:0.000000s ]
SQL: SELECT COUNT(*) AS tp_count FROM `node` WHERE ( pid='89' and level<999 ) LIMIT 1   [ RunTime:0.000000s ]
NOTIC: [8] Use of undefined constant id - assumed 'id' F:\ease\php_lesson\14\source\wysc\Lib\Model\NodeModel.class.php 第 187 行.
SQL: SELECT COUNT(*) AS tp_count FROM `node` WHERE ( pid='89' and level<999 ) LIMIT 1   [ RunTime:0.000000s ]
SQL: SELECT * FROM `node` WHERE ( pid='89' and level<999 )  [ RunTime:0.000000s ]
NOTIC: [8] Use of undefined constant id - assumed 'id' F:\ease\php_lesson\14\source\wysc\Lib\Model\NodeModel.class.php 第 174 行.
NOTIC: [8] Use of undefined constant id - assumed 'id' F:\ease\php_lesson\14\source\wysc\Lib\Model\NodeModel.class.php 第 174 行.
NOTIC: [8] Use of undefined constant text - assumed 'text' F:\ease\php_lesson\14\source\wysc\Lib\Model\NodeModel.class.php 第 175 行.
NOTIC: [8] Use of undefined constant title - assumed 'title' F:\ease\php_lesson\14\source\wysc\Lib\Model\NodeModel.class.php 第 175 行.
NOTIC: [8] Use of undefined constant iconCls - assumed 'iconCls' F:\ease\php_lesson\14\source\wysc\Lib\Model\NodeModel.class.php 第 176 行.
NOTIC: [8] Use of undefined constant iconCls - assumed 'iconCls' F:\ease\php_lesson\14\source\wysc\Lib\Model\NodeModel.class.php 第 177 行.
NOTIC: [8] Use of undefined constant iconCls - assumed 'iconCls' F:\ease\php_lesson\14\source\wysc\Lib\Model\NodeModel.class.php 第 177 行.
SQL: SELECT COUNT(*) AS tp_count FROM `access` WHERE ( node_id='90' and role_id='6' and level=3  ) LIMIT 1   [ RunTime:0.000000s ]
SQL: SELECT COUNT(*) AS tp_count FROM `node` WHERE ( pid='90' and level<999 ) LIMIT 1   [ RunTime:0.000000s ]
NOTIC: [8] Use of undefined constant id - assumed 'id' F:\ease\php_lesson\14\source\wysc\Lib\Model\NodeModel.class.php 第 174 行.
NOTIC: [8] Use of undefined constant id - assumed 'id' F:\ease\php_lesson\14\source\wysc\Lib\Model\NodeModel.class.php 第 174 行.
NOTIC: [8] Use of undefined constant text - assumed 'text' F:\ease\php_lesson\14\source\wysc\Lib\Model\NodeModel.class.php 第 175 行.
NOTIC: [8] Use of undefined constant title - assumed 'title' F:\ease\php_lesson\14\source\wysc\Lib\Model\NodeModel.class.php 第 175 行.
NOTIC: [8] Use of undefined constant iconCls - assumed 'iconCls' F:\ease\php_lesson\14\source\wysc\Lib\Model\NodeModel.class.php 第 176 行.
SQL: SELECT COUNT(*) AS tp_count FROM `access` WHERE ( node_id='91' and role_id='6' and level=3  ) LIMIT 1   [ RunTime:0.000000s ]
SQL: SELECT COUNT(*) AS tp_count FROM `node` WHERE ( pid='91' and level<999 ) LIMIT 1   [ RunTime:0.000000s ]
NOTIC: [8] Use of undefined constant id - assumed 'id' F:\ease\php_lesson\14\source\wysc\Lib\Model\NodeModel.class.php 第 174 行.
NOTIC: [8] Use of undefined constant id - assumed 'id' F:\ease\php_lesson\14\source\wysc\Lib\Model\NodeModel.class.php 第 174 行.
NOTIC: [8] Use of undefined constant text - assumed 'text' F:\ease\php_lesson\14\source\wysc\Lib\Model\NodeModel.class.php 第 175 行.
NOTIC: [8] Use of undefined constant title - assumed 'title' F:\ease\php_lesson\14\source\wysc\Lib\Model\NodeModel.class.php 第 175 行.
NOTIC: [8] Use of undefined constant iconCls - assumed 'iconCls' F:\ease\php_lesson\14\source\wysc\Lib\Model\NodeModel.class.php 第 176 行.
SQL: SELECT COUNT(*) AS tp_count FROM `access` WHERE ( node_id='92' and role_id='6' and level=3  ) LIMIT 1   [ RunTime:0.000000s ]
SQL: SELECT COUNT(*) AS tp_count FROM `node` WHERE ( pid='92' and level<999 ) LIMIT 1   [ RunTime:0.000000s ]
NOTIC: [8] Use of undefined constant id - assumed 'id' F:\ease\php_lesson\14\source\wysc\Lib\Model\NodeModel.class.php 第 174 行.
NOTIC: [8] Use of undefined constant id - assumed 'id' F:\ease\php_lesson\14\source\wysc\Lib\Model\NodeModel.class.php 第 174 行.
NOTIC: [8] Use of undefined constant text - assumed 'text' F:\ease\php_lesson\14\source\wysc\Lib\Model\NodeModel.class.php 第 175 行.
NOTIC: [8] Use of undefined constant title - assumed 'title' F:\ease\php_lesson\14\source\wysc\Lib\Model\NodeModel.class.php 第 175 行.
NOTIC: [8] Use of undefined constant iconCls - assumed 'iconCls' F:\ease\php_lesson\14\source\wysc\Lib\Model\NodeModel.class.php 第 176 行.
SQL: SELECT COUNT(*) AS tp_count FROM `access` WHERE ( node_id='93' and role_id='6' and level=3  ) LIMIT 1   [ RunTime:0.000000s ]
SQL: SELECT COUNT(*) AS tp_count FROM `node` WHERE ( pid='93' and level<999 ) LIMIT 1   [ RunTime:0.000000s ]
NOTIC: [8] Use of undefined constant id - assumed 'id' F:\ease\php_lesson\14\source\wysc\Lib\Model\NodeModel.class.php 第 174 行.
NOTIC: [8] Use of undefined constant id - assumed 'id' F:\ease\php_lesson\14\source\wysc\Lib\Model\NodeModel.class.php 第 174 行.
NOTIC: [8] Use of undefined constant text - assumed 'text' F:\ease\php_lesson\14\source\wysc\Lib\Model\NodeModel.class.php 第 175 行.
NOTIC: [8] Use of undefined constant title - assumed 'title' F:\ease\php_lesson\14\source\wysc\Lib\Model\NodeModel.class.php 第 175 行.
NOTIC: [8] Use of undefined constant iconCls - assumed 'iconCls' F:\ease\php_lesson\14\source\wysc\Lib\Model\NodeModel.class.php 第 176 行.
SQL: SELECT COUNT(*) AS tp_count FROM `access` WHERE ( node_id='2' and role_id='6' and level=3  ) LIMIT 1   [ RunTime:0.000000s ]
SQL: SELECT COUNT(*) AS tp_count FROM `node` WHERE ( pid='2' and level<999 ) LIMIT 1   [ RunTime:0.000000s ]

