[ 2017-08-10T14:00:31+08:00 ] 0.0.0.0 /wysc/admin-category-combotreejson.html
INFO: [ app_begin ] --START--
INFO: ReadHtmlCache Behavior ::run [ RunTime:0.000421s ]
INFO: [ app_begin ] --END-- [ RunTime:0.000462s ]
SQL: SHOW COLUMNS FROM `category` [ RunTime:0.021444s ]
SQL: SELECT COUNT(*) AS tp_count FROM `category` WHERE ( pid='0' ) LIMIT 1   [ RunTime:0.000245s ]
SQL: SELECT * FROM `category` WHERE ( pid='0' )  [ RunTime:0.000153s ]
NOTIC: [8] Use of undefined constant id - assumed 'id' F:\ease\php_lesson\14\source\wysc\Lib\Model\CategoryModel.class.php 第 99 行.
NOTIC: [8] Use of undefined constant id - assumed 'id' F:\ease\php_lesson\14\source\wysc\Lib\Model\CategoryModel.class.php 第 99 行.
NOTIC: [8] Use of undefined constant text - assumed 'text' F:\ease\php_lesson\14\source\wysc\Lib\Model\CategoryModel.class.php 第 100 行.
NOTIC: [8] Use of undefined constant catname - assumed 'catname' F:\ease\php_lesson\14\source\wysc\Lib\Model\CategoryModel.class.php 第 100 行.
SQL: SELECT COUNT(*) AS tp_count FROM `category` WHERE ( pid='1' ) LIMIT 1   [ RunTime:0.000135s ]
NOTIC: [8] Use of undefined constant id - assumed 'id' F:\ease\php_lesson\14\source\wysc\Lib\Model\CategoryModel.class.php 第 104 行.
SQL: SELECT COUNT(*) AS tp_count FROM `category` WHERE ( pid='1' ) LIMIT 1   [ RunTime:0.000126s ]
SQL: SELECT * FROM `category` WHERE ( pid='1' )  [ RunTime:0.000133s ]
NOTIC: [8] Use of undefined constant id - assumed 'id' F:\ease\php_lesson\14\source\wysc\Lib\Model\CategoryModel.class.php 第 99 行.
NOTIC: [8] Use of undefined constant id - assumed 'id' F:\ease\php_lesson\14\source\wysc\Lib\Model\CategoryModel.class.php 第 99 行.
NOTIC: [8] Use of undefined constant text - assumed 'text' F:\ease\php_lesson\14\source\wysc\Lib\Model\CategoryModel.class.php 第 100 行.
NOTIC: [8] Use of undefined constant catname - assumed 'catname' F:\ease\php_lesson\14\source\wysc\Lib\Model\CategoryModel.class.php 第 100 行.
SQL: SELECT COUNT(*) AS tp_count FROM `category` WHERE ( pid='8' ) LIMIT 1   [ RunTime:0.000123s ]
NOTIC: [8] Use of undefined constant id - assumed 'id' F:\ease\php_lesson\14\source\wysc\Lib\Model\CategoryModel.class.php 第 104 行.
SQL: SELECT COUNT(*) AS tp_count FROM `category` WHERE ( pid='8' ) LIMIT 1   [ RunTime:0.000157s ]
SQL: SELECT * FROM `category` WHERE ( pid='8' )  [ RunTime:0.000140s ]
NOTIC: [8] Use of undefined constant id - assumed 'id' F:\ease\php_lesson\14\source\wysc\Lib\Model\CategoryModel.class.php 第 99 行.
NOTIC: [8] Use of undefined constant id - assumed 'id' F:\ease\php_lesson\14\source\wysc\Lib\Model\CategoryModel.class.php 第 99 行.
NOTIC: [8] Use of undefined constant text - assumed 'text' F:\ease\php_lesson\14\source\wysc\Lib\Model\CategoryModel.class.php 第 100 行.
NOTIC: [8] Use of undefined constant catname - assumed 'catname' F:\ease\php_lesson\14\source\wysc\Lib\Model\CategoryModel.class.php 第 100 行.
SQL: SELECT COUNT(*) AS tp_count FROM `category` WHERE ( pid='13' ) LIMIT 1   [ RunTime:0.000131s ]
NOTIC: [8] Use of undefined constant id - assumed 'id' F:\ease\php_lesson\14\source\wysc\Lib\Model\CategoryModel.class.php 第 99 行.
NOTIC: [8] Use of undefined constant id - assumed 'id' F:\ease\php_lesson\14\source\wysc\Lib\Model\CategoryModel.class.php 第 99 行.
NOTIC: [8] Use of undefined constant text - assumed 'text' F:\ease\php_lesson\14\source\wysc\Lib\Model\CategoryModel.class.php 第 100 行.
NOTIC: [8] Use of undefined constant catname - assumed 'catname' F:\ease\php_lesson\14\source\wysc\Lib\Model\CategoryModel.class.php 第 100 行.
SQL: SELECT COUNT(*) AS tp_count FROM `category` WHERE ( pid='15' ) LIMIT 1   [ RunTime:0.000125s ]
NOTIC: [8] Use of undefined constant id - assumed 'id' F:\ease\php_lesson\14\source\wysc\Lib\Model\CategoryModel.class.php 第 99 行.
NOTIC: [8] Use of undefined constant id - assumed 'id' F:\ease\php_lesson\14\source\wysc\Lib\Model\CategoryModel.class.php 第 99 行.
NOTIC: [8] Use of undefined constant text - assumed 'text' F:\ease\php_lesson\14\source\wysc\Lib\Model\CategoryModel.class.php 第 100 行.
NOTIC: [8] Use of undefined constant catname - assumed 'catname' F:\ease\php_lesson\14\source\wysc\Lib\Model\CategoryModel.class.php 第 100 行.
SQL: SELECT COUNT(*) AS tp_count FROM `category` WHERE ( pid='9' ) LIMIT 1   [ RunTime:0.000125s ]
NOTIC: [8] Use of undefined constant id - assumed 'id' F:\ease\php_lesson\14\source\wysc\Lib\Model\CategoryModel.class.php 第 99 行.
NOTIC: [8] Use of undefined constant id - assumed 'id' F:\ease\php_lesson\14\source\wysc\Lib\Model\CategoryModel.class.php 第 99 行.
NOTIC: [8] Use of undefined constant text - assumed 'text' F:\ease\php_lesson\14\source\wysc\Lib\Model\CategoryModel.class.php 第 100 行.
NOTIC: [8] Use of undefined constant catname - assumed 'catname' F:\ease\php_lesson\14\source\wysc\Lib\Model\CategoryModel.class.php 第 100 行.
SQL: SELECT COUNT(*) AS tp_count FROM `category` WHERE ( pid='10' ) LIMIT 1   [ RunTime:0.000162s ]
NOTIC: [8] Use of undefined constant id - assumed 'id' F:\ease\php_lesson\14\source\wysc\Lib\Model\CategoryModel.class.php 第 99 行.
NOTIC: [8] Use of undefined constant id - assumed 'id' F:\ease\php_lesson\14\source\wysc\Lib\Model\CategoryModel.class.php 第 99 行.
NOTIC: [8] Use of undefined constant text - assumed 'text' F:\ease\php_lesson\14\source\wysc\Lib\Model\CategoryModel.class.php 第 100 行.
NOTIC: [8] Use of undefined constant catname - assumed 'catname' F:\ease\php_lesson\14\source\wysc\Lib\Model\CategoryModel.class.php 第 100 行.
SQL: SELECT COUNT(*) AS tp_count FROM `category` WHERE ( pid='11' ) LIMIT 1   [ RunTime:0.000156s ]
NOTIC: [8] Use of undefined constant id - assumed 'id' F:\ease\php_lesson\14\source\wysc\Lib\Model\CategoryModel.class.php 第 99 行.
NOTIC: [8] Use of undefined constant id - assumed 'id' F:\ease\php_lesson\14\source\wysc\Lib\Model\CategoryModel.class.php 第 99 行.
NOTIC: [8] Use of undefined constant text - assumed 'text' F:\ease\php_lesson\14\source\wysc\Lib\Model\CategoryModel.class.php 第 100 行.
NOTIC: [8] Use of undefined constant catname - assumed 'catname' F:\ease\php_lesson\14\source\wysc\Lib\Model\CategoryModel.class.php 第 100 行.
SQL: SELECT COUNT(*) AS tp_count FROM `category` WHERE ( pid='12' ) LIMIT 1   [ RunTime:0.000150s ]
NOTIC: [8] Use of undefined constant id - assumed 'id' F:\ease\php_lesson\14\source\wysc\Lib\Model\CategoryModel.class.php 第 99 行.
NOTIC: [8] Use of undefined constant id - assumed 'id' F:\ease\php_lesson\14\source\wysc\Lib\Model\CategoryModel.class.php 第 99 行.
NOTIC: [8] Use of undefined constant text - assumed 'text' F:\ease\php_lesson\14\source\wysc\Lib\Model\CategoryModel.class.php 第 100 行.
NOTIC: [8] Use of undefined constant catname - assumed 'catname' F:\ease\php_lesson\14\source\wysc\Lib\Model\CategoryModel.class.php 第 100 行.
SQL: SELECT COUNT(*) AS tp_count FROM `category` WHERE ( pid='2' ) LIMIT 1   [ RunTime:0.000131s ]
NOTIC: [8] Use of undefined constant id - assumed 'id' F:\ease\php_lesson\14\source\wysc\Lib\Model\CategoryModel.class.php 第 99 行.
NOTIC: [8] Use of undefined constant id - assumed 'id' F:\ease\php_lesson\14\source\wysc\Lib\Model\CategoryModel.class.php 第 99 行.
NOTIC: [8] Use of undefined constant text - assumed 'text' F:\ease\php_lesson\14\source\wysc\Lib\Model\CategoryModel.class.php 第 100 行.
NOTIC: [8] Use of undefined constant catname - assumed 'catname' F:\ease\php_lesson\14\source\wysc\Lib\Model\CategoryModel.class.php 第 100 行.
SQL: SELECT COUNT(*) AS tp_count FROM `category` WHERE ( pid='3' ) LIMIT 1   [ RunTime:0.000125s ]
NOTIC: [8] Use of undefined constant id - assumed 'id' F:\ease\php_lesson\14\source\wysc\Lib\Model\CategoryModel.class.php 第 99 行.
NOTIC: [8] Use of undefined constant id - assumed 'id' F:\ease\php_lesson\14\source\wysc\Lib\Model\CategoryModel.class.php 第 99 行.
NOTIC: [8] Use of undefined constant text - assumed 'text' F:\ease\php_lesson\14\source\wysc\Lib\Model\CategoryModel.class.php 第 100 行.
NOTIC: [8] Use of undefined constant catname - assumed 'catname' F:\ease\php_lesson\14\source\wysc\Lib\Model\CategoryModel.class.php 第 100 行.
SQL: SELECT COUNT(*) AS tp_count FROM `category` WHERE ( pid='4' ) LIMIT 1   [ RunTime:0.000142s ]
NOTIC: [8] Use of undefined constant id - assumed 'id' F:\ease\php_lesson\14\source\wysc\Lib\Model\CategoryModel.class.php 第 99 行.
NOTIC: [8] Use of undefined constant id - assumed 'id' F:\ease\php_lesson\14\source\wysc\Lib\Model\CategoryModel.class.php 第 99 行.
NOTIC: [8] Use of undefined constant text - assumed 'text' F:\ease\php_lesson\14\source\wysc\Lib\Model\CategoryModel.class.php 第 100 行.
NOTIC: [8] Use of undefined constant catname - assumed 'catname' F:\ease\php_lesson\14\source\wysc\Lib\Model\CategoryModel.class.php 第 100 行.
SQL: SELECT COUNT(*) AS tp_count FROM `category` WHERE ( pid='5' ) LIMIT 1   [ RunTime:0.000129s ]
NOTIC: [8] Use of undefined constant id - assumed 'id' F:\ease\php_lesson\14\source\wysc\Lib\Model\CategoryModel.class.php 第 99 行.
NOTIC: [8] Use of undefined constant id - assumed 'id' F:\ease\php_lesson\14\source\wysc\Lib\Model\CategoryModel.class.php 第 99 行.
NOTIC: [8] Use of undefined constant text - assumed 'text' F:\ease\php_lesson\14\source\wysc\Lib\Model\CategoryModel.class.php 第 100 行.
NOTIC: [8] Use of undefined constant catname - assumed 'catname' F:\ease\php_lesson\14\source\wysc\Lib\Model\CategoryModel.class.php 第 100 行.
SQL: SELECT COUNT(*) AS tp_count FROM `category` WHERE ( pid='6' ) LIMIT 1   [ RunTime:0.000125s ]
NOTIC: [8] Use of undefined constant id - assumed 'id' F:\ease\php_lesson\14\source\wysc\Lib\Model\CategoryModel.class.php 第 99 行.
NOTIC: [8] Use of undefined constant id - assumed 'id' F:\ease\php_lesson\14\source\wysc\Lib\Model\CategoryModel.class.php 第 99 行.
NOTIC: [8] Use of undefined constant text - assumed 'text' F:\ease\php_lesson\14\source\wysc\Lib\Model\CategoryModel.class.php 第 100 行.
NOTIC: [8] Use of undefined constant catname - assumed 'catname' F:\ease\php_lesson\14\source\wysc\Lib\Model\CategoryModel.class.php 第 100 行.
SQL: SELECT COUNT(*) AS tp_count FROM `category` WHERE ( pid='7' ) LIMIT 1   [ RunTime:0.000124s ]
NOTIC: [8] Use of undefined constant id - assumed 'id' F:\ease\php_lesson\14\source\wysc\Lib\Model\CategoryModel.class.php 第 99 行.
NOTIC: [8] Use of undefined constant id - assumed 'id' F:\ease\php_lesson\14\source\wysc\Lib\Model\CategoryModel.class.php 第 99 行.
NOTIC: [8] Use of undefined constant text - assumed 'text' F:\ease\php_lesson\14\source\wysc\Lib\Model\CategoryModel.class.php 第 100 行.
NOTIC: [8] Use of undefined constant catname - assumed 'catname' F:\ease\php_lesson\14\source\wysc\Lib\Model\CategoryModel.class.php 第 100 行.
SQL: SELECT COUNT(*) AS tp_count FROM `category` WHERE ( pid='16' ) LIMIT 1   [ RunTime:0.000122s ]
NOTIC: [8] Use of undefined constant id - assumed 'id' F:\ease\php_lesson\14\source\wysc\Lib\Model\CategoryModel.class.php 第 99 行.
NOTIC: [8] Use of undefined constant id - assumed 'id' F:\ease\php_lesson\14\source\wysc\Lib\Model\CategoryModel.class.php 第 99 行.
NOTIC: [8] Use of undefined constant text - assumed 'text' F:\ease\php_lesson\14\source\wysc\Lib\Model\CategoryModel.class.php 第 100 行.
NOTIC: [8] Use of undefined constant catname - assumed 'catname' F:\ease\php_lesson\14\source\wysc\Lib\Model\CategoryModel.class.php 第 100 行.
SQL: SELECT COUNT(*) AS tp_count FROM `category` WHERE ( pid='17' ) LIMIT 1   [ RunTime:0.000123s ]
NOTIC: [8] Use of undefined constant id - assumed 'id' F:\ease\php_lesson\14\source\wysc\Lib\Model\CategoryModel.class.php 第 99 行.
NOTIC: [8] Use of undefined constant id - assumed 'id' F:\ease\php_lesson\14\source\wysc\Lib\Model\CategoryModel.class.php 第 99 行.
NOTIC: [8] Use of undefined constant text - assumed 'text' F:\ease\php_lesson\14\source\wysc\Lib\Model\CategoryModel.class.php 第 100 行.
NOTIC: [8] Use of undefined constant catname - assumed 'catname' F:\ease\php_lesson\14\source\wysc\Lib\Model\CategoryModel.class.php 第 100 行.
SQL: SELECT COUNT(*) AS tp_count FROM `category` WHERE ( pid='18' ) LIMIT 1   [ RunTime:0.000121s ]
NOTIC: [8] Use of undefined constant id - assumed 'id' F:\ease\php_lesson\14\source\wysc\Lib\Model\CategoryModel.class.php 第 99 行.
NOTIC: [8] Use of undefined constant id - assumed 'id' F:\ease\php_lesson\14\source\wysc\Lib\Model\CategoryModel.class.php 第 99 行.
NOTIC: [8] Use of undefined constant text - assumed 'text' F:\ease\php_lesson\14\source\wysc\Lib\Model\CategoryModel.class.php 第 100 行.
NOTIC: [8] Use of undefined constant catname - assumed 'catname' F:\ease\php_lesson\14\source\wysc\Lib\Model\CategoryModel.class.php 第 100 行.
SQL: SELECT COUNT(*) AS tp_count FROM `category` WHERE ( pid='19' ) LIMIT 1   [ RunTime:0.000121s ]
NOTIC: [8] Use of undefined constant id - assumed 'id' F:\ease\php_lesson\14\source\wysc\Lib\Model\CategoryModel.class.php 第 99 行.
NOTIC: [8] Use of undefined constant id - assumed 'id' F:\ease\php_lesson\14\source\wysc\Lib\Model\CategoryModel.class.php 第 99 行.
NOTIC: [8] Use of undefined constant text - assumed 'text' F:\ease\php_lesson\14\source\wysc\Lib\Model\CategoryModel.class.php 第 100 行.
NOTIC: [8] Use of undefined constant catname - assumed 'catname' F:\ease\php_lesson\14\source\wysc\Lib\Model\CategoryModel.class.php 第 100 行.
SQL: SELECT COUNT(*) AS tp_count FROM `category` WHERE ( pid='20' ) LIMIT 1   [ RunTime:0.000119s ]
NOTIC: [8] Use of undefined constant id - assumed 'id' F:\ease\php_lesson\14\source\wysc\Lib\Model\CategoryModel.class.php 第 99 行.
NOTIC: [8] Use of undefined constant id - assumed 'id' F:\ease\php_lesson\14\source\wysc\Lib\Model\CategoryModel.class.php 第 99 行.
NOTIC: [8] Use of undefined constant text - assumed 'text' F:\ease\php_lesson\14\source\wysc\Lib\Model\CategoryModel.class.php 第 100 行.
NOTIC: [8] Use of undefined constant catname - assumed 'catname' F:\ease\php_lesson\14\source\wysc\Lib\Model\CategoryModel.class.php 第 100 行.
SQL: SELECT COUNT(*) AS tp_count FROM `category` WHERE ( pid='21' ) LIMIT 1   [ RunTime:0.000118s ]

[ 2017-08-10T14:00:31+08:00 ] 0.0.0.0 /wysc/admin-category-combotreejson.html
INFO: [ app_begin ] --START--
INFO: ReadHtmlCache Behavior ::run [ RunTime:0.000457s ]
INFO: [ app_begin ] --END-- [ RunTime:0.000505s ]
SQL: SHOW COLUMNS FROM `category` [ RunTime:0.002904s ]
SQL: SELECT COUNT(*) AS tp_count FROM `category` WHERE ( pid='0' ) LIMIT 1   [ RunTime:0.000221s ]
SQL: SELECT * FROM `category` WHERE ( pid='0' )  [ RunTime:0.000166s ]
NOTIC: [8] Use of undefined constant id - assumed 'id' F:\ease\php_lesson\14\source\wysc\Lib\Model\CategoryModel.class.php 第 99 行.
NOTIC: [8] Use of undefined constant id - assumed 'id' F:\ease\php_lesson\14\source\wysc\Lib\Model\CategoryModel.class.php 第 99 行.
NOTIC: [8] Use of undefined constant text - assumed 'text' F:\ease\php_lesson\14\source\wysc\Lib\Model\CategoryModel.class.php 第 100 行.
NOTIC: [8] Use of undefined constant catname - assumed 'catname' F:\ease\php_lesson\14\source\wysc\Lib\Model\CategoryModel.class.php 第 100 行.
SQL: SELECT COUNT(*) AS tp_count FROM `category` WHERE ( pid='1' ) LIMIT 1   [ RunTime:0.000138s ]
NOTIC: [8] Use of undefined constant id - assumed 'id' F:\ease\php_lesson\14\source\wysc\Lib\Model\CategoryModel.class.php 第 104 行.
SQL: SELECT COUNT(*) AS tp_count FROM `category` WHERE ( pid='1' ) LIMIT 1   [ RunTime:0.000132s ]
SQL: SELECT * FROM `category` WHERE ( pid='1' )  [ RunTime:0.000137s ]
NOTIC: [8] Use of undefined constant id - assumed 'id' F:\ease\php_lesson\14\source\wysc\Lib\Model\CategoryModel.class.php 第 99 行.
NOTIC: [8] Use of undefined constant id - assumed 'id' F:\ease\php_lesson\14\source\wysc\Lib\Model\CategoryModel.class.php 第 99 行.
NOTIC: [8] Use of undefined constant text - assumed 'text' F:\ease\php_lesson\14\source\wysc\Lib\Model\CategoryModel.class.php 第 100 行.
NOTIC: [8] Use of undefined constant catname - assumed 'catname' F:\ease\php_lesson\14\source\wysc\Lib\Model\CategoryModel.class.php 第 100 行.
SQL: SELECT COUNT(*) AS tp_count FROM `category` WHERE ( pid='8' ) LIMIT 1   [ RunTime:0.000127s ]
NOTIC: [8] Use of undefined constant id - assumed 'id' F:\ease\php_lesson\14\source\wysc\Lib\Model\CategoryModel.class.php 第 104 行.
SQL: SELECT COUNT(*) AS tp_count FROM `category` WHERE ( pid='8' ) LIMIT 1   [ RunTime:0.000126s ]
SQL: SELECT * FROM `category` WHERE ( pid='8' )  [ RunTime:0.000132s ]
NOTIC: [8] Use of undefined constant id - assumed 'id' F:\ease\php_lesson\14\source\wysc\Lib\Model\CategoryModel.class.php 第 99 行.
NOTIC: [8] Use of undefined constant id - assumed 'id' F:\ease\php_lesson\14\source\wysc\Lib\Model\CategoryModel.class.php 第 99 行.
NOTIC: [8] Use of undefined constant text - assumed 'text' F:\ease\php_lesson\14\source\wysc\Lib\Model\CategoryModel.class.php 第 100 行.
NOTIC: [8] Use of undefined constant catname - assumed 'catname' F:\ease\php_lesson\14\source\wysc\Lib\Model\CategoryModel.class.php 第 100 行.
SQL: SELECT COUNT(*) AS tp_count FROM `category` WHERE ( pid='13' ) LIMIT 1   [ RunTime:0.000122s ]
NOTIC: [8] Use of undefined constant id - assumed 'id' F:\ease\php_lesson\14\source\wysc\Lib\Model\CategoryModel.class.php 第 99 行.
NOTIC: [8] Use of undefined constant id - assumed 'id' F:\ease\php_lesson\14\source\wysc\Lib\Model\CategoryModel.class.php 第 99 行.
NOTIC: [8] Use of undefined constant text - assumed 'text' F:\ease\php_lesson\14\source\wysc\Lib\Model\CategoryModel.class.php 第 100 行.
NOTIC: [8] Use of undefined constant catname - assumed 'catname' F:\ease\php_lesson\14\source\wysc\Lib\Model\CategoryModel.class.php 第 100 行.
SQL: SELECT COUNT(*) AS tp_count FROM `category` WHERE ( pid='15' ) LIMIT 1   [ RunTime:0.000121s ]
NOTIC: [8] Use of undefined constant id - assumed 'id' F:\ease\php_lesson\14\source\wysc\Lib\Model\CategoryModel.class.php 第 99 行.
NOTIC: [8] Use of undefined constant id - assumed 'id' F:\ease\php_lesson\14\source\wysc\Lib\Model\CategoryModel.class.php 第 99 行.
NOTIC: [8] Use of undefined constant text - assumed 'text' F:\ease\php_lesson\14\source\wysc\Lib\Model\CategoryModel.class.php 第 100 行.
NOTIC: [8] Use of undefined constant catname - assumed 'catname' F:\ease\php_lesson\14\source\wysc\Lib\Model\CategoryModel.class.php 第 100 行.
SQL: SELECT COUNT(*) AS tp_count FROM `category` WHERE ( pid='9' ) LIMIT 1   [ RunTime:0.000132s ]
NOTIC: [8] Use of undefined constant id - assumed 'id' F:\ease\php_lesson\14\source\wysc\Lib\Model\CategoryModel.class.php 第 99 行.
NOTIC: [8] Use of undefined constant id - assumed 'id' F:\ease\php_lesson\14\source\wysc\Lib\Model\CategoryModel.class.php 第 99 行.
NOTIC: [8] Use of undefined constant text - assumed 'text' F:\ease\php_lesson\14\source\wysc\Lib\Model\CategoryModel.class.php 第 100 行.
NOTIC: [8] Use of undefined constant catname - assumed 'catname' F:\ease\php_lesson\14\source\wysc\Lib\Model\CategoryModel.class.php 第 100 行.
SQL: SELECT COUNT(*) AS tp_count FROM `category` WHERE ( pid='10' ) LIMIT 1   [ RunTime:0.000131s ]
NOTIC: [8] Use of undefined constant id - assumed 'id' F:\ease\php_lesson\14\source\wysc\Lib\Model\CategoryModel.class.php 第 99 行.
NOTIC: [8] Use of undefined constant id - assumed 'id' F:\ease\php_lesson\14\source\wysc\Lib\Model\CategoryModel.class.php 第 99 行.
NOTIC: [8] Use of undefined constant text - assumed 'text' F:\ease\php_lesson\14\source\wysc\Lib\Model\CategoryModel.class.php 第 100 行.
NOTIC: [8] Use of undefined constant catname - assumed 'catname' F:\ease\php_lesson\14\source\wysc\Lib\Model\CategoryModel.class.php 第 100 行.
SQL: SELECT COUNT(*) AS tp_count FROM `category` WHERE ( pid='11' ) LIMIT 1   [ RunTime:0.000124s ]
NOTIC: [8] Use of undefined constant id - assumed 'id' F:\ease\php_lesson\14\source\wysc\Lib\Model\CategoryModel.class.php 第 99 行.
NOTIC: [8] Use of undefined constant id - assumed 'id' F:\ease\php_lesson\14\source\wysc\Lib\Model\CategoryModel.class.php 第 99 行.
NOTIC: [8] Use of undefined constant text - assumed 'text' F:\ease\php_lesson\14\source\wysc\Lib\Model\CategoryModel.class.php 第 100 行.
NOTIC: [8] Use of undefined constant catname - assumed 'catname' F:\ease\php_lesson\14\source\wysc\Lib\Model\CategoryModel.class.php 第 100 行.
SQL: SELECT COUNT(*) AS tp_count FROM `category` WHERE ( pid='12' ) LIMIT 1   [ RunTime:0.000122s ]
NOTIC: [8] Use of undefined constant id - assumed 'id' F:\ease\php_lesson\14\source\wysc\Lib\Model\CategoryModel.class.php 第 99 行.
NOTIC: [8] Use of undefined constant id - assumed 'id' F:\ease\php_lesson\14\source\wysc\Lib\Model\CategoryModel.class.php 第 99 行.
NOTIC: [8] Use of undefined constant text - assumed 'text' F:\ease\php_lesson\14\source\wysc\Lib\Model\CategoryModel.class.php 第 100 行.
NOTIC: [8] Use of undefined constant catname - assumed 'catname' F:\ease\php_lesson\14\source\wysc\Lib\Model\CategoryModel.class.php 第 100 行.
SQL: SELECT COUNT(*) AS tp_count FROM `category` WHERE ( pid='2' ) LIMIT 1   [ RunTime:0.000155s ]
NOTIC: [8] Use of undefined constant id - assumed 'id' F:\ease\php_lesson\14\source\wysc\Lib\Model\CategoryModel.class.php 第 99 行.
NOTIC: [8] Use of undefined constant id - assumed 'id' F:\ease\php_lesson\14\source\wysc\Lib\Model\CategoryModel.class.php 第 99 行.
NOTIC: [8] Use of undefined constant text - assumed 'text' F:\ease\php_lesson\14\source\wysc\Lib\Model\CategoryModel.class.php 第 100 行.
NOTIC: [8] Use of undefined constant catname - assumed 'catname' F:\ease\php_lesson\14\source\wysc\Lib\Model\CategoryModel.class.php 第 100 行.
SQL: SELECT COUNT(*) AS tp_count FROM `category` WHERE ( pid='3' ) LIMIT 1   [ RunTime:0.000156s ]
NOTIC: [8] Use of undefined constant id - assumed 'id' F:\ease\php_lesson\14\source\wysc\Lib\Model\CategoryModel.class.php 第 99 行.
NOTIC: [8] Use of undefined constant id - assumed 'id' F:\ease\php_lesson\14\source\wysc\Lib\Model\CategoryModel.class.php 第 99 行.
NOTIC: [8] Use of undefined constant text - assumed 'text' F:\ease\php_lesson\14\source\wysc\Lib\Model\CategoryModel.class.php 第 100 行.
NOTIC: [8] Use of undefined constant catname - assumed 'catname' F:\ease\php_lesson\14\source\wysc\Lib\Model\CategoryModel.class.php 第 100 行.
SQL: SELECT COUNT(*) AS tp_count FROM `category` WHERE ( pid='4' ) LIMIT 1   [ RunTime:0.000142s ]
NOTIC: [8] Use of undefined constant id - assumed 'id' F:\ease\php_lesson\14\source\wysc\Lib\Model\CategoryModel.class.php 第 99 行.
NOTIC: [8] Use of undefined constant id - assumed 'id' F:\ease\php_lesson\14\source\wysc\Lib\Model\CategoryModel.class.php 第 99 行.
NOTIC: [8] Use of undefined constant text - assumed 'text' F:\ease\php_lesson\14\source\wysc\Lib\Model\CategoryModel.class.php 第 100 行.
NOTIC: [8] Use of undefined constant catname - assumed 'catname' F:\ease\php_lesson\14\source\wysc\Lib\Model\CategoryModel.class.php 第 100 行.
SQL: SELECT COUNT(*) AS tp_count FROM `category` WHERE ( pid='5' ) LIMIT 1   [ RunTime:0.000161s ]
NOTIC: [8] Use of undefined constant id - assumed 'id' F:\ease\php_lesson\14\source\wysc\Lib\Model\CategoryModel.class.php 第 99 行.
NOTIC: [8] Use of undefined constant id - assumed 'id' F:\ease\php_lesson\14\source\wysc\Lib\Model\CategoryModel.class.php 第 99 行.
NOTIC: [8] Use of undefined constant text - assumed 'text' F:\ease\php_lesson\14\source\wysc\Lib\Model\CategoryModel.class.php 第 100 行.
NOTIC: [8] Use of undefined constant catname - assumed 'catname' F:\ease\php_lesson\14\source\wysc\Lib\Model\CategoryModel.class.php 第 100 行.
SQL: SELECT COUNT(*) AS tp_count FROM `category` WHERE ( pid='6' ) LIMIT 1   [ RunTime:0.000140s ]
NOTIC: [8] Use of undefined constant id - assumed 'id' F:\ease\php_lesson\14\source\wysc\Lib\Model\CategoryModel.class.php 第 99 行.
NOTIC: [8] Use of undefined constant id - assumed 'id' F:\ease\php_lesson\14\source\wysc\Lib\Model\CategoryModel.class.php 第 99 行.
NOTIC: [8] Use of undefined constant text - assumed 'text' F:\ease\php_lesson\14\source\wysc\Lib\Model\CategoryModel.class.php 第 100 行.
NOTIC: [8] Use of undefined constant catname - assumed 'catname' F:\ease\php_lesson\14\source\wysc\Lib\Model\CategoryModel.class.php 第 100 行.
SQL: SELECT COUNT(*) AS tp_count FROM `category` WHERE ( pid='7' ) LIMIT 1   [ RunTime:0.000152s ]
NOTIC: [8] Use of undefined constant id - assumed 'id' F:\ease\php_lesson\14\source\wysc\Lib\Model\CategoryModel.class.php 第 99 行.
NOTIC: [8] Use of undefined constant id - assumed 'id' F:\ease\php_lesson\14\source\wysc\Lib\Model\CategoryModel.class.php 第 99 行.
NOTIC: [8] Use of undefined constant text - assumed 'text' F:\ease\php_lesson\14\source\wysc\Lib\Model\CategoryModel.class.php 第 100 行.
NOTIC: [8] Use of undefined constant catname - assumed 'catname' F:\ease\php_lesson\14\source\wysc\Lib\Model\CategoryModel.class.php 第 100 行.
SQL: SELECT COUNT(*) AS tp_count FROM `category` WHERE ( pid='16' ) LIMIT 1   [ RunTime:0.000156s ]
NOTIC: [8] Use of undefined constant id - assumed 'id' F:\ease\php_lesson\14\source\wysc\Lib\Model\CategoryModel.class.php 第 99 行.
NOTIC: [8] Use of undefined constant id - assumed 'id' F:\ease\php_lesson\14\source\wysc\Lib\Model\CategoryModel.class.php 第 99 行.
NOTIC: [8] Use of undefined constant text - assumed 'text' F:\ease\php_lesson\14\source\wysc\Lib\Model\CategoryModel.class.php 第 100 行.
NOTIC: [8] Use of undefined constant catname - assumed 'catname' F:\ease\php_lesson\14\source\wysc\Lib\Model\CategoryModel.class.php 第 100 行.
SQL: SELECT COUNT(*) AS tp_count FROM `category` WHERE ( pid='17' ) LIMIT 1   [ RunTime:0.000139s ]
NOTIC: [8] Use of undefined constant id - assumed 'id' F:\ease\php_lesson\14\source\wysc\Lib\Model\CategoryModel.class.php 第 99 行.
NOTIC: [8] Use of undefined constant id - assumed 'id' F:\ease\php_lesson\14\source\wysc\Lib\Model\CategoryModel.class.php 第 99 行.
NOTIC: [8] Use of undefined constant text - assumed 'text' F:\ease\php_lesson\14\source\wysc\Lib\Model\CategoryModel.class.php 第 100 行.
NOTIC: [8] Use of undefined constant catname - assumed 'catname' F:\ease\php_lesson\14\source\wysc\Lib\Model\CategoryModel.class.php 第 100 行.
SQL: SELECT COUNT(*) AS tp_count FROM `category` WHERE ( pid='18' ) LIMIT 1   [ RunTime:0.000134s ]
NOTIC: [8] Use of undefined constant id - assumed 'id' F:\ease\php_lesson\14\source\wysc\Lib\Model\CategoryModel.class.php 第 99 行.
NOTIC: [8] Use of undefined constant id - assumed 'id' F:\ease\php_lesson\14\source\wysc\Lib\Model\CategoryModel.class.php 第 99 行.
NOTIC: [8] Use of undefined constant text - assumed 'text' F:\ease\php_lesson\14\source\wysc\Lib\Model\CategoryModel.class.php 第 100 行.
NOTIC: [8] Use of undefined constant catname - assumed 'catname' F:\ease\php_lesson\14\source\wysc\Lib\Model\CategoryModel.class.php 第 100 行.
SQL: SELECT COUNT(*) AS tp_count FROM `category` WHERE ( pid='19' ) LIMIT 1   [ RunTime:0.000153s ]
NOTIC: [8] Use of undefined constant id - assumed 'id' F:\ease\php_lesson\14\source\wysc\Lib\Model\CategoryModel.class.php 第 99 行.
NOTIC: [8] Use of undefined constant id - assumed 'id' F:\ease\php_lesson\14\source\wysc\Lib\Model\CategoryModel.class.php 第 99 行.
NOTIC: [8] Use of undefined constant text - assumed 'text' F:\ease\php_lesson\14\source\wysc\Lib\Model\CategoryModel.class.php 第 100 行.
NOTIC: [8] Use of undefined constant catname - assumed 'catname' F:\ease\php_lesson\14\source\wysc\Lib\Model\CategoryModel.class.php 第 100 行.
SQL: SELECT COUNT(*) AS tp_count FROM `category` WHERE ( pid='20' ) LIMIT 1   [ RunTime:0.000156s ]
NOTIC: [8] Use of undefined constant id - assumed 'id' F:\ease\php_lesson\14\source\wysc\Lib\Model\CategoryModel.class.php 第 99 行.
NOTIC: [8] Use of undefined constant id - assumed 'id' F:\ease\php_lesson\14\source\wysc\Lib\Model\CategoryModel.class.php 第 99 行.
NOTIC: [8] Use of undefined constant text - assumed 'text' F:\ease\php_lesson\14\source\wysc\Lib\Model\CategoryModel.class.php 第 100 行.
NOTIC: [8] Use of undefined constant catname - assumed 'catname' F:\ease\php_lesson\14\source\wysc\Lib\Model\CategoryModel.class.php 第 100 行.
SQL: SELECT COUNT(*) AS tp_count FROM `category` WHERE ( pid='21' ) LIMIT 1   [ RunTime:0.000144s ]

[ 2017-08-10T14:00:32+08:00 ] 0.0.0.0 /wysc/admin-brand-getcombojson.html
INFO: [ app_begin ] --START--
INFO: ReadHtmlCache Behavior ::run [ RunTime:0.000785s ]
INFO: [ app_begin ] --END-- [ RunTime:0.000828s ]
SQL: SHOW COLUMNS FROM `brand` [ RunTime:0.021741s ]
SQL: SELECT `id`,`brandname` FROM `brand`  [ RunTime:0.000206s ]
NOTIC: [8] Use of undefined constant id - assumed 'id' F:\ease\php_lesson\14\source\wysc\Lib\Action\Admin\BrandAction.class.php 第 99 行.
NOTIC: [8] Use of undefined constant id - assumed 'id' F:\ease\php_lesson\14\source\wysc\Lib\Action\Admin\BrandAction.class.php 第 99 行.
NOTIC: [8] Use of undefined constant text - assumed 'text' F:\ease\php_lesson\14\source\wysc\Lib\Action\Admin\BrandAction.class.php 第 100 行.
NOTIC: [8] Use of undefined constant brandname - assumed 'brandname' F:\ease\php_lesson\14\source\wysc\Lib\Action\Admin\BrandAction.class.php 第 100 行.
NOTIC: [8] Use of undefined constant id - assumed 'id' F:\ease\php_lesson\14\source\wysc\Lib\Action\Admin\BrandAction.class.php 第 99 行.
NOTIC: [8] Use of undefined constant id - assumed 'id' F:\ease\php_lesson\14\source\wysc\Lib\Action\Admin\BrandAction.class.php 第 99 行.
NOTIC: [8] Use of undefined constant text - assumed 'text' F:\ease\php_lesson\14\source\wysc\Lib\Action\Admin\BrandAction.class.php 第 100 行.
NOTIC: [8] Use of undefined constant brandname - assumed 'brandname' F:\ease\php_lesson\14\source\wysc\Lib\Action\Admin\BrandAction.class.php 第 100 行.
NOTIC: [8] Use of undefined constant id - assumed 'id' F:\ease\php_lesson\14\source\wysc\Lib\Action\Admin\BrandAction.class.php 第 99 行.
NOTIC: [8] Use of undefined constant id - assumed 'id' F:\ease\php_lesson\14\source\wysc\Lib\Action\Admin\BrandAction.class.php 第 99 行.
NOTIC: [8] Use of undefined constant text - assumed 'text' F:\ease\php_lesson\14\source\wysc\Lib\Action\Admin\BrandAction.class.php 第 100 行.
NOTIC: [8] Use of undefined constant brandname - assumed 'brandname' F:\ease\php_lesson\14\source\wysc\Lib\Action\Admin\BrandAction.class.php 第 100 行.
NOTIC: [8] Use of undefined constant id - assumed 'id' F:\ease\php_lesson\14\source\wysc\Lib\Action\Admin\BrandAction.class.php 第 99 行.
NOTIC: [8] Use of undefined constant id - assumed 'id' F:\ease\php_lesson\14\source\wysc\Lib\Action\Admin\BrandAction.class.php 第 99 行.
NOTIC: [8] Use of undefined constant text - assumed 'text' F:\ease\php_lesson\14\source\wysc\Lib\Action\Admin\BrandAction.class.php 第 100 行.
NOTIC: [8] Use of undefined constant brandname - assumed 'brandname' F:\ease\php_lesson\14\source\wysc\Lib\Action\Admin\BrandAction.class.php 第 100 行.
NOTIC: [8] Use of undefined constant id - assumed 'id' F:\ease\php_lesson\14\source\wysc\Lib\Action\Admin\BrandAction.class.php 第 99 行.
NOTIC: [8] Use of undefined constant id - assumed 'id' F:\ease\php_lesson\14\source\wysc\Lib\Action\Admin\BrandAction.class.php 第 99 行.
NOTIC: [8] Use of undefined constant text - assumed 'text' F:\ease\php_lesson\14\source\wysc\Lib\Action\Admin\BrandAction.class.php 第 100 行.
NOTIC: [8] Use of undefined constant brandname - assumed 'brandname' F:\ease\php_lesson\14\source\wysc\Lib\Action\Admin\BrandAction.class.php 第 100 行.
NOTIC: [8] Use of undefined constant id - assumed 'id' F:\ease\php_lesson\14\source\wysc\Lib\Action\Admin\BrandAction.class.php 第 99 行.
NOTIC: [8] Use of undefined constant id - assumed 'id' F:\ease\php_lesson\14\source\wysc\Lib\Action\Admin\BrandAction.class.php 第 99 行.
NOTIC: [8] Use of undefined constant text - assumed 'text' F:\ease\php_lesson\14\source\wysc\Lib\Action\Admin\BrandAction.class.php 第 100 行.
NOTIC: [8] Use of undefined constant brandname - assumed 'brandname' F:\ease\php_lesson\14\source\wysc\Lib\Action\Admin\BrandAction.class.php 第 100 行.
NOTIC: [8] Use of undefined constant id - assumed 'id' F:\ease\php_lesson\14\source\wysc\Lib\Action\Admin\BrandAction.class.php 第 99 行.
NOTIC: [8] Use of undefined constant id - assumed 'id' F:\ease\php_lesson\14\source\wysc\Lib\Action\Admin\BrandAction.class.php 第 99 行.
NOTIC: [8] Use of undefined constant text - assumed 'text' F:\ease\php_lesson\14\source\wysc\Lib\Action\Admin\BrandAction.class.php 第 100 行.
NOTIC: [8] Use of undefined constant brandname - assumed 'brandname' F:\ease\php_lesson\14\source\wysc\Lib\Action\Admin\BrandAction.class.php 第 100 行.
NOTIC: [8] Use of undefined constant id - assumed 'id' F:\ease\php_lesson\14\source\wysc\Lib\Action\Admin\BrandAction.class.php 第 99 行.
NOTIC: [8] Use of undefined constant id - assumed 'id' F:\ease\php_lesson\14\source\wysc\Lib\Action\Admin\BrandAction.class.php 第 99 行.
NOTIC: [8] Use of undefined constant text - assumed 'text' F:\ease\php_lesson\14\source\wysc\Lib\Action\Admin\BrandAction.class.php 第 100 行.
NOTIC: [8] Use of undefined constant brandname - assumed 'brandname' F:\ease\php_lesson\14\source\wysc\Lib\Action\Admin\BrandAction.class.php 第 100 行.
NOTIC: [8] Use of undefined constant id - assumed 'id' F:\ease\php_lesson\14\source\wysc\Lib\Action\Admin\BrandAction.class.php 第 99 行.
NOTIC: [8] Use of undefined constant id - assumed 'id' F:\ease\php_lesson\14\source\wysc\Lib\Action\Admin\BrandAction.class.php 第 99 行.
NOTIC: [8] Use of undefined constant text - assumed 'text' F:\ease\php_lesson\14\source\wysc\Lib\Action\Admin\BrandAction.class.php 第 100 行.
NOTIC: [8] Use of undefined constant brandname - assumed 'brandname' F:\ease\php_lesson\14\source\wysc\Lib\Action\Admin\BrandAction.class.php 第 100 行.

[ 2017-08-10T14:00:32+08:00 ] 0.0.0.0 /wysc/admin-category-combotreejson.html
INFO: [ app_begin ] --START--
INFO: ReadHtmlCache Behavior ::run [ RunTime:0.000427s ]
INFO: [ app_begin ] --END-- [ RunTime:0.000473s ]
SQL: SHOW COLUMNS FROM `category` [ RunTime:0.004582s ]
SQL: SELECT COUNT(*) AS tp_count FROM `category` WHERE ( pid='0' ) LIMIT 1   [ RunTime:0.000269s ]
SQL: SELECT * FROM `category` WHERE ( pid='0' )  [ RunTime:0.000203s ]
NOTIC: [8] Use of undefined constant id - assumed 'id' F:\ease\php_lesson\14\source\wysc\Lib\Model\CategoryModel.class.php 第 99 行.
NOTIC: [8] Use of undefined constant id - assumed 'id' F:\ease\php_lesson\14\source\wysc\Lib\Model\CategoryModel.class.php 第 99 行.
NOTIC: [8] Use of undefined constant text - assumed 'text' F:\ease\php_lesson\14\source\wysc\Lib\Model\CategoryModel.class.php 第 100 行.
NOTIC: [8] Use of undefined constant catname - assumed 'catname' F:\ease\php_lesson\14\source\wysc\Lib\Model\CategoryModel.class.php 第 100 行.
SQL: SELECT COUNT(*) AS tp_count FROM `category` WHERE ( pid='1' ) LIMIT 1   [ RunTime:0.000203s ]
NOTIC: [8] Use of undefined constant id - assumed 'id' F:\ease\php_lesson\14\source\wysc\Lib\Model\CategoryModel.class.php 第 104 行.
SQL: SELECT COUNT(*) AS tp_count FROM `category` WHERE ( pid='1' ) LIMIT 1   [ RunTime:0.021056s ]
SQL: SELECT * FROM `category` WHERE ( pid='1' )  [ RunTime:0.000224s ]
NOTIC: [8] Use of undefined constant id - assumed 'id' F:\ease\php_lesson\14\source\wysc\Lib\Model\CategoryModel.class.php 第 99 行.
NOTIC: [8] Use of undefined constant id - assumed 'id' F:\ease\php_lesson\14\source\wysc\Lib\Model\CategoryModel.class.php 第 99 行.
NOTIC: [8] Use of undefined constant text - assumed 'text' F:\ease\php_lesson\14\source\wysc\Lib\Model\CategoryModel.class.php 第 100 行.
NOTIC: [8] Use of undefined constant catname - assumed 'catname' F:\ease\php_lesson\14\source\wysc\Lib\Model\CategoryModel.class.php 第 100 行.
SQL: SELECT COUNT(*) AS tp_count FROM `category` WHERE ( pid='8' ) LIMIT 1   [ RunTime:0.000152s ]
NOTIC: [8] Use of undefined constant id - assumed 'id' F:\ease\php_lesson\14\source\wysc\Lib\Model\CategoryModel.class.php 第 104 行.
SQL: SELECT COUNT(*) AS tp_count FROM `category` WHERE ( pid='8' ) LIMIT 1   [ RunTime:0.000135s ]
SQL: SELECT * FROM `category` WHERE ( pid='8' )  [ RunTime:0.000138s ]
NOTIC: [8] Use of undefined constant id - assumed 'id' F:\ease\php_lesson\14\source\wysc\Lib\Model\CategoryModel.class.php 第 99 行.
NOTIC: [8] Use of undefined constant id - assumed 'id' F:\ease\php_lesson\14\source\wysc\Lib\Model\CategoryModel.class.php 第 99 行.
NOTIC: [8] Use of undefined constant text - assumed 'text' F:\ease\php_lesson\14\source\wysc\Lib\Model\CategoryModel.class.php 第 100 行.
NOTIC: [8] Use of undefined constant catname - assumed 'catname' F:\ease\php_lesson\14\source\wysc\Lib\Model\CategoryModel.class.php 第 100 行.
SQL: SELECT COUNT(*) AS tp_count FROM `category` WHERE ( pid='13' ) LIMIT 1   [ RunTime:0.000140s ]
NOTIC: [8] Use of undefined constant id - assumed 'id' F:\ease\php_lesson\14\source\wysc\Lib\Model\CategoryModel.class.php 第 99 行.
NOTIC: [8] Use of undefined constant id - assumed 'id' F:\ease\php_lesson\14\source\wysc\Lib\Model\CategoryModel.class.php 第 99 行.
NOTIC: [8] Use of undefined constant text - assumed 'text' F:\ease\php_lesson\14\source\wysc\Lib\Model\CategoryModel.class.php 第 100 行.
NOTIC: [8] Use of undefined constant catname - assumed 'catname' F:\ease\php_lesson\14\source\wysc\Lib\Model\CategoryModel.class.php 第 100 行.
SQL: SELECT COUNT(*) AS tp_count FROM `category` WHERE ( pid='15' ) LIMIT 1   [ RunTime:0.000133s ]
NOTIC: [8] Use of undefined constant id - assumed 'id' F:\ease\php_lesson\14\source\wysc\Lib\Model\CategoryModel.class.php 第 99 行.
NOTIC: [8] Use of undefined constant id - assumed 'id' F:\ease\php_lesson\14\source\wysc\Lib\Model\CategoryModel.class.php 第 99 行.
NOTIC: [8] Use of undefined constant text - assumed 'text' F:\ease\php_lesson\14\source\wysc\Lib\Model\CategoryModel.class.php 第 100 行.
NOTIC: [8] Use of undefined constant catname - assumed 'catname' F:\ease\php_lesson\14\source\wysc\Lib\Model\CategoryModel.class.php 第 100 行.
SQL: SELECT COUNT(*) AS tp_count FROM `category` WHERE ( pid='9' ) LIMIT 1   [ RunTime:0.000126s ]
NOTIC: [8] Use of undefined constant id - assumed 'id' F:\ease\php_lesson\14\source\wysc\Lib\Model\CategoryModel.class.php 第 99 行.
NOTIC: [8] Use of undefined constant id - assumed 'id' F:\ease\php_lesson\14\source\wysc\Lib\Model\CategoryModel.class.php 第 99 行.
NOTIC: [8] Use of undefined constant text - assumed 'text' F:\ease\php_lesson\14\source\wysc\Lib\Model\CategoryModel.class.php 第 100 行.
NOTIC: [8] Use of undefined constant catname - assumed 'catname' F:\ease\php_lesson\14\source\wysc\Lib\Model\CategoryModel.class.php 第 100 行.
SQL: SELECT COUNT(*) AS tp_count FROM `category` WHERE ( pid='10' ) LIMIT 1   [ RunTime:0.000149s ]
NOTIC: [8] Use of undefined constant id - assumed 'id' F:\ease\php_lesson\14\source\wysc\Lib\Model\CategoryModel.class.php 第 99 行.
NOTIC: [8] Use of undefined constant id - assumed 'id' F:\ease\php_lesson\14\source\wysc\Lib\Model\CategoryModel.class.php 第 99 行.
NOTIC: [8] Use of undefined constant text - assumed 'text' F:\ease\php_lesson\14\source\wysc\Lib\Model\CategoryModel.class.php 第 100 行.
NOTIC: [8] Use of undefined constant catname - assumed 'catname' F:\ease\php_lesson\14\source\wysc\Lib\Model\CategoryModel.class.php 第 100 行.
SQL: SELECT COUNT(*) AS tp_count FROM `category` WHERE ( pid='11' ) LIMIT 1   [ RunTime:0.000143s ]
NOTIC: [8] Use of undefined constant id - assumed 'id' F:\ease\php_lesson\14\source\wysc\Lib\Model\CategoryModel.class.php 第 99 行.
NOTIC: [8] Use of undefined constant id - assumed 'id' F:\ease\php_lesson\14\source\wysc\Lib\Model\CategoryModel.class.php 第 99 行.
NOTIC: [8] Use of undefined constant text - assumed 'text' F:\ease\php_lesson\14\source\wysc\Lib\Model\CategoryModel.class.php 第 100 行.
NOTIC: [8] Use of undefined constant catname - assumed 'catname' F:\ease\php_lesson\14\source\wysc\Lib\Model\CategoryModel.class.php 第 100 行.
SQL: SELECT COUNT(*) AS tp_count FROM `category` WHERE ( pid='12' ) LIMIT 1   [ RunTime:0.000134s ]
NOTIC: [8] Use of undefined constant id - assumed 'id' F:\ease\php_lesson\14\source\wysc\Lib\Model\CategoryModel.class.php 第 99 行.
NOTIC: [8] Use of undefined constant id - assumed 'id' F:\ease\php_lesson\14\source\wysc\Lib\Model\CategoryModel.class.php 第 99 行.
NOTIC: [8] Use of undefined constant text - assumed 'text' F:\ease\php_lesson\14\source\wysc\Lib\Model\CategoryModel.class.php 第 100 行.
NOTIC: [8] Use of undefined constant catname - assumed 'catname' F:\ease\php_lesson\14\source\wysc\Lib\Model\CategoryModel.class.php 第 100 行.
SQL: SELECT COUNT(*) AS tp_count FROM `category` WHERE ( pid='2' ) LIMIT 1   [ RunTime:0.000130s ]
NOTIC: [8] Use of undefined constant id - assumed 'id' F:\ease\php_lesson\14\source\wysc\Lib\Model\CategoryModel.class.php 第 99 行.
NOTIC: [8] Use of undefined constant id - assumed 'id' F:\ease\php_lesson\14\source\wysc\Lib\Model\CategoryModel.class.php 第 99 行.
NOTIC: [8] Use of undefined constant text - assumed 'text' F:\ease\php_lesson\14\source\wysc\Lib\Model\CategoryModel.class.php 第 100 行.
NOTIC: [8] Use of undefined constant catname - assumed 'catname' F:\ease\php_lesson\14\source\wysc\Lib\Model\CategoryModel.class.php 第 100 行.
SQL: SELECT COUNT(*) AS tp_count FROM `category` WHERE ( pid='3' ) LIMIT 1   [ RunTime:0.000123s ]
NOTIC: [8] Use of undefined constant id - assumed 'id' F:\ease\php_lesson\14\source\wysc\Lib\Model\CategoryModel.class.php 第 99 行.
NOTIC: [8] Use of undefined constant id - assumed 'id' F:\ease\php_lesson\14\source\wysc\Lib\Model\CategoryModel.class.php 第 99 行.
NOTIC: [8] Use of undefined constant text - assumed 'text' F:\ease\php_lesson\14\source\wysc\Lib\Model\CategoryModel.class.php 第 100 行.
NOTIC: [8] Use of undefined constant catname - assumed 'catname' F:\ease\php_lesson\14\source\wysc\Lib\Model\CategoryModel.class.php 第 100 行.
SQL: SELECT COUNT(*) AS tp_count FROM `category` WHERE ( pid='4' ) LIMIT 1   [ RunTime:0.000123s ]
NOTIC: [8] Use of undefined constant id - assumed 'id' F:\ease\php_lesson\14\source\wysc\Lib\Model\CategoryModel.class.php 第 99 行.
NOTIC: [8] Use of undefined constant id - assumed 'id' F:\ease\php_lesson\14\source\wysc\Lib\Model\CategoryModel.class.php 第 99 行.
NOTIC: [8] Use of undefined constant text - assumed 'text' F:\ease\php_lesson\14\source\wysc\Lib\Model\CategoryModel.class.php 第 100 行.
NOTIC: [8] Use of undefined constant catname - assumed 'catname' F:\ease\php_lesson\14\source\wysc\Lib\Model\CategoryModel.class.php 第 100 行.
SQL: SELECT COUNT(*) AS tp_count FROM `category` WHERE ( pid='5' ) LIMIT 1   [ RunTime:0.000121s ]
NOTIC: [8] Use of undefined constant id - assumed 'id' F:\ease\php_lesson\14\source\wysc\Lib\Model\CategoryModel.class.php 第 99 行.
NOTIC: [8] Use of undefined constant id - assumed 'id' F:\ease\php_lesson\14\source\wysc\Lib\Model\CategoryModel.class.php 第 99 行.
NOTIC: [8] Use of undefined constant text - assumed 'text' F:\ease\php_lesson\14\source\wysc\Lib\Model\CategoryModel.class.php 第 100 行.
NOTIC: [8] Use of undefined constant catname - assumed 'catname' F:\ease\php_lesson\14\source\wysc\Lib\Model\CategoryModel.class.php 第 100 行.
SQL: SELECT COUNT(*) AS tp_count FROM `category` WHERE ( pid='6' ) LIMIT 1   [ RunTime:0.000120s ]
NOTIC: [8] Use of undefined constant id - assumed 'id' F:\ease\php_lesson\14\source\wysc\Lib\Model\CategoryModel.class.php 第 99 行.
NOTIC: [8] Use of undefined constant id - assumed 'id' F:\ease\php_lesson\14\source\wysc\Lib\Model\CategoryModel.class.php 第 99 行.
NOTIC: [8] Use of undefined constant text - assumed 'text' F:\ease\php_lesson\14\source\wysc\Lib\Model\CategoryModel.class.php 第 100 行.
NOTIC: [8] Use of undefined constant catname - assumed 'catname' F:\ease\php_lesson\14\source\wysc\Lib\Model\CategoryModel.class.php 第 100 行.
SQL: SELECT COUNT(*) AS tp_count FROM `category` WHERE ( pid='7' ) LIMIT 1   [ RunTime:0.000120s ]
NOTIC: [8] Use of undefined constant id - assumed 'id' F:\ease\php_lesson\14\source\wysc\Lib\Model\CategoryModel.class.php 第 99 行.
NOTIC: [8] Use of undefined constant id - assumed 'id' F:\ease\php_lesson\14\source\wysc\Lib\Model\CategoryModel.class.php 第 99 行.
NOTIC: [8] Use of undefined constant text - assumed 'text' F:\ease\php_lesson\14\source\wysc\Lib\Model\CategoryModel.class.php 第 100 行.
NOTIC: [8] Use of undefined constant catname - assumed 'catname' F:\ease\php_lesson\14\source\wysc\Lib\Model\CategoryModel.class.php 第 100 行.
SQL: SELECT COUNT(*) AS tp_count FROM `category` WHERE ( pid='16' ) LIMIT 1   [ RunTime:0.000120s ]
NOTIC: [8] Use of undefined constant id - assumed 'id' F:\ease\php_lesson\14\source\wysc\Lib\Model\CategoryModel.class.php 第 99 行.
NOTIC: [8] Use of undefined constant id - assumed 'id' F:\ease\php_lesson\14\source\wysc\Lib\Model\CategoryModel.class.php 第 99 行.
NOTIC: [8] Use of undefined constant text - assumed 'text' F:\ease\php_lesson\14\source\wysc\Lib\Model\CategoryModel.class.php 第 100 行.
NOTIC: [8] Use of undefined constant catname - assumed 'catname' F:\ease\php_lesson\14\source\wysc\Lib\Model\CategoryModel.class.php 第 100 行.
SQL: SELECT COUNT(*) AS tp_count FROM `category` WHERE ( pid='17' ) LIMIT 1   [ RunTime:0.000122s ]
NOTIC: [8] Use of undefined constant id - assumed 'id' F:\ease\php_lesson\14\source\wysc\Lib\Model\CategoryModel.class.php 第 99 行.
NOTIC: [8] Use of undefined constant id - assumed 'id' F:\ease\php_lesson\14\source\wysc\Lib\Model\CategoryModel.class.php 第 99 行.
NOTIC: [8] Use of undefined constant text - assumed 'text' F:\ease\php_lesson\14\source\wysc\Lib\Model\CategoryModel.class.php 第 100 行.
NOTIC: [8] Use of undefined constant catname - assumed 'catname' F:\ease\php_lesson\14\source\wysc\Lib\Model\CategoryModel.class.php 第 100 行.
SQL: SELECT COUNT(*) AS tp_count FROM `category` WHERE ( pid='18' ) LIMIT 1   [ RunTime:0.000120s ]
NOTIC: [8] Use of undefined constant id - assumed 'id' F:\ease\php_lesson\14\source\wysc\Lib\Model\CategoryModel.class.php 第 99 行.
NOTIC: [8] Use of undefined constant id - assumed 'id' F:\ease\php_lesson\14\source\wysc\Lib\Model\CategoryModel.class.php 第 99 行.
NOTIC: [8] Use of undefined constant text - assumed 'text' F:\ease\php_lesson\14\source\wysc\Lib\Model\CategoryModel.class.php 第 100 行.
NOTIC: [8] Use of undefined constant catname - assumed 'catname' F:\ease\php_lesson\14\source\wysc\Lib\Model\CategoryModel.class.php 第 100 行.
SQL: SELECT COUNT(*) AS tp_count FROM `category` WHERE ( pid='19' ) LIMIT 1   [ RunTime:0.000120s ]
NOTIC: [8] Use of undefined constant id - assumed 'id' F:\ease\php_lesson\14\source\wysc\Lib\Model\CategoryModel.class.php 第 99 行.
NOTIC: [8] Use of undefined constant id - assumed 'id' F:\ease\php_lesson\14\source\wysc\Lib\Model\CategoryModel.class.php 第 99 行.
NOTIC: [8] Use of undefined constant text - assumed 'text' F:\ease\php_lesson\14\source\wysc\Lib\Model\CategoryModel.class.php 第 100 行.
NOTIC: [8] Use of undefined constant catname - assumed 'catname' F:\ease\php_lesson\14\source\wysc\Lib\Model\CategoryModel.class.php 第 100 行.
SQL: SELECT COUNT(*) AS tp_count FROM `category` WHERE ( pid='20' ) LIMIT 1   [ RunTime:0.000120s ]
NOTIC: [8] Use of undefined constant id - assumed 'id' F:\ease\php_lesson\14\source\wysc\Lib\Model\CategoryModel.class.php 第 99 行.
NOTIC: [8] Use of undefined constant id - assumed 'id' F:\ease\php_lesson\14\source\wysc\Lib\Model\CategoryModel.class.php 第 99 行.
NOTIC: [8] Use of undefined constant text - assumed 'text' F:\ease\php_lesson\14\source\wysc\Lib\Model\CategoryModel.class.php 第 100 行.
NOTIC: [8] Use of undefined constant catname - assumed 'catname' F:\ease\php_lesson\14\source\wysc\Lib\Model\CategoryModel.class.php 第 100 行.
SQL: SELECT COUNT(*) AS tp_count FROM `category` WHERE ( pid='21' ) LIMIT 1   [ RunTime:0.000119s ]

[ 2017-08-10T14:00:35+08:00 ] 0.0.0.0 /wysc/admin-category-treegridjson.html
INFO: [ app_begin ] --START--
INFO: ReadHtmlCache Behavior ::run [ RunTime:0.000457s ]
INFO: [ app_begin ] --END-- [ RunTime:0.000508s ]
SQL: SHOW COLUMNS FROM `category` [ RunTime:0.002966s ]
SQL: SELECT COUNT(*) AS tp_count FROM `category` WHERE ( pid='0' ) LIMIT 1   [ RunTime:0.000337s ]
SQL: SELECT * FROM `category` WHERE ( pid='0' )  [ RunTime:0.000226s ]
SQL: SELECT COUNT(*) AS tp_count FROM `category` WHERE ( pid='1' ) LIMIT 1   [ RunTime:0.000235s ]
NOTIC: [8] Use of undefined constant id - assumed 'id' F:\ease\php_lesson\14\source\wysc\Lib\Model\CategoryModel.class.php 第 77 行.
SQL: SELECT COUNT(*) AS tp_count FROM `category` WHERE ( pid='1' ) LIMIT 1   [ RunTime:0.000182s ]
SQL: SELECT * FROM `category` WHERE ( pid='1' )  [ RunTime:0.000148s ]
SQL: SELECT COUNT(*) AS tp_count FROM `category` WHERE ( pid='8' ) LIMIT 1   [ RunTime:0.000133s ]
NOTIC: [8] Use of undefined constant id - assumed 'id' F:\ease\php_lesson\14\source\wysc\Lib\Model\CategoryModel.class.php 第 77 行.
SQL: SELECT COUNT(*) AS tp_count FROM `category` WHERE ( pid='8' ) LIMIT 1   [ RunTime:0.000199s ]
SQL: SELECT * FROM `category` WHERE ( pid='8' )  [ RunTime:0.000168s ]
SQL: SELECT COUNT(*) AS tp_count FROM `category` WHERE ( pid='13' ) LIMIT 1   [ RunTime:0.000178s ]
SQL: SELECT COUNT(*) AS tp_count FROM `category` WHERE ( pid='15' ) LIMIT 1   [ RunTime:0.000166s ]
SQL: SELECT COUNT(*) AS tp_count FROM `category` WHERE ( pid='9' ) LIMIT 1   [ RunTime:0.000160s ]
SQL: SELECT COUNT(*) AS tp_count FROM `category` WHERE ( pid='10' ) LIMIT 1   [ RunTime:0.000139s ]
SQL: SELECT COUNT(*) AS tp_count FROM `category` WHERE ( pid='11' ) LIMIT 1   [ RunTime:0.000127s ]
SQL: SELECT COUNT(*) AS tp_count FROM `category` WHERE ( pid='12' ) LIMIT 1   [ RunTime:0.000157s ]
SQL: SELECT COUNT(*) AS tp_count FROM `category` WHERE ( pid='2' ) LIMIT 1   [ RunTime:0.000171s ]
SQL: SELECT COUNT(*) AS tp_count FROM `category` WHERE ( pid='3' ) LIMIT 1   [ RunTime:0.000134s ]
SQL: SELECT COUNT(*) AS tp_count FROM `category` WHERE ( pid='4' ) LIMIT 1   [ RunTime:0.000155s ]
SQL: SELECT COUNT(*) AS tp_count FROM `category` WHERE ( pid='5' ) LIMIT 1   [ RunTime:0.000137s ]
SQL: SELECT COUNT(*) AS tp_count FROM `category` WHERE ( pid='6' ) LIMIT 1   [ RunTime:0.000127s ]
SQL: SELECT COUNT(*) AS tp_count FROM `category` WHERE ( pid='7' ) LIMIT 1   [ RunTime:0.000122s ]
SQL: SELECT COUNT(*) AS tp_count FROM `category` WHERE ( pid='16' ) LIMIT 1   [ RunTime:0.000121s ]
SQL: SELECT COUNT(*) AS tp_count FROM `category` WHERE ( pid='17' ) LIMIT 1   [ RunTime:0.000120s ]
SQL: SELECT COUNT(*) AS tp_count FROM `category` WHERE ( pid='18' ) LIMIT 1   [ RunTime:0.000119s ]
SQL: SELECT COUNT(*) AS tp_count FROM `category` WHERE ( pid='19' ) LIMIT 1   [ RunTime:0.000119s ]
SQL: SELECT COUNT(*) AS tp_count FROM `category` WHERE ( pid='20' ) LIMIT 1   [ RunTime:0.000126s ]
SQL: SELECT COUNT(*) AS tp_count FROM `category` WHERE ( pid='21' ) LIMIT 1   [ RunTime:0.000124s ]

[ 2017-08-10T14:00:36+08:00 ] 0.0.0.0 /wysc/admin-category-combotreejson.html
INFO: [ app_begin ] --START--
INFO: ReadHtmlCache Behavior ::run [ RunTime:0.000445s ]
INFO: [ app_begin ] --END-- [ RunTime:0.000495s ]
SQL: SHOW COLUMNS FROM `category` [ RunTime:0.002748s ]
SQL: SELECT COUNT(*) AS tp_count FROM `category` WHERE ( pid='0' ) LIMIT 1   [ RunTime:0.000213s ]
SQL: SELECT * FROM `category` WHERE ( pid='0' )  [ RunTime:0.000155s ]
NOTIC: [8] Use of undefined constant id - assumed 'id' F:\ease\php_lesson\14\source\wysc\Lib\Model\CategoryModel.class.php 第 99 行.
NOTIC: [8] Use of undefined constant id - assumed 'id' F:\ease\php_lesson\14\source\wysc\Lib\Model\CategoryModel.class.php 第 99 行.
NOTIC: [8] Use of undefined constant text - assumed 'text' F:\ease\php_lesson\14\source\wysc\Lib\Model\CategoryModel.class.php 第 100 行.
NOTIC: [8] Use of undefined constant catname - assumed 'catname' F:\ease\php_lesson\14\source\wysc\Lib\Model\CategoryModel.class.php 第 100 行.
SQL: SELECT COUNT(*) AS tp_count FROM `category` WHERE ( pid='1' ) LIMIT 1   [ RunTime:0.000135s ]
NOTIC: [8] Use of undefined constant id - assumed 'id' F:\ease\php_lesson\14\source\wysc\Lib\Model\CategoryModel.class.php 第 104 行.
SQL: SELECT COUNT(*) AS tp_count FROM `category` WHERE ( pid='1' ) LIMIT 1   [ RunTime:0.000141s ]
SQL: SELECT * FROM `category` WHERE ( pid='1' )  [ RunTime:0.000167s ]
NOTIC: [8] Use of undefined constant id - assumed 'id' F:\ease\php_lesson\14\source\wysc\Lib\Model\CategoryModel.class.php 第 99 行.
NOTIC: [8] Use of undefined constant id - assumed 'id' F:\ease\php_lesson\14\source\wysc\Lib\Model\CategoryModel.class.php 第 99 行.
NOTIC: [8] Use of undefined constant text - assumed 'text' F:\ease\php_lesson\14\source\wysc\Lib\Model\CategoryModel.class.php 第 100 行.
NOTIC: [8] Use of undefined constant catname - assumed 'catname' F:\ease\php_lesson\14\source\wysc\Lib\Model\CategoryModel.class.php 第 100 行.
SQL: SELECT COUNT(*) AS tp_count FROM `category` WHERE ( pid='8' ) LIMIT 1   [ RunTime:0.000147s ]
NOTIC: [8] Use of undefined constant id - assumed 'id' F:\ease\php_lesson\14\source\wysc\Lib\Model\CategoryModel.class.php 第 104 行.
SQL: SELECT COUNT(*) AS tp_count FROM `category` WHERE ( pid='8' ) LIMIT 1   [ RunTime:0.000129s ]
SQL: SELECT * FROM `category` WHERE ( pid='8' )  [ RunTime:0.000134s ]
NOTIC: [8] Use of undefined constant id - assumed 'id' F:\ease\php_lesson\14\source\wysc\Lib\Model\CategoryModel.class.php 第 99 行.
NOTIC: [8] Use of undefined constant id - assumed 'id' F:\ease\php_lesson\14\source\wysc\Lib\Model\CategoryModel.class.php 第 99 行.
NOTIC: [8] Use of undefined constant text - assumed 'text' F:\ease\php_lesson\14\source\wysc\Lib\Model\CategoryModel.class.php 第 100 行.
NOTIC: [8] Use of undefined constant catname - assumed 'catname' F:\ease\php_lesson\14\source\wysc\Lib\Model\CategoryModel.class.php 第 100 行.
SQL: SELECT COUNT(*) AS tp_count FROM `category` WHERE ( pid='13' ) LIMIT 1   [ RunTime:0.000124s ]
NOTIC: [8] Use of undefined constant id - assumed 'id' F:\ease\php_lesson\14\source\wysc\Lib\Model\CategoryModel.class.php 第 99 行.
NOTIC: [8] Use of undefined constant id - assumed 'id' F:\ease\php_lesson\14\source\wysc\Lib\Model\CategoryModel.class.php 第 99 行.
NOTIC: [8] Use of undefined constant text - assumed 'text' F:\ease\php_lesson\14\source\wysc\Lib\Model\CategoryModel.class.php 第 100 行.
NOTIC: [8] Use of undefined constant catname - assumed 'catname' F:\ease\php_lesson\14\source\wysc\Lib\Model\CategoryModel.class.php 第 100 行.
SQL: SELECT COUNT(*) AS tp_count FROM `category` WHERE ( pid='15' ) LIMIT 1   [ RunTime:0.000122s ]
NOTIC: [8] Use of undefined constant id - assumed 'id' F:\ease\php_lesson\14\source\wysc\Lib\Model\CategoryModel.class.php 第 99 行.
NOTIC: [8] Use of undefined constant id - assumed 'id' F:\ease\php_lesson\14\source\wysc\Lib\Model\CategoryModel.class.php 第 99 行.
NOTIC: [8] Use of undefined constant text - assumed 'text' F:\ease\php_lesson\14\source\wysc\Lib\Model\CategoryModel.class.php 第 100 行.
NOTIC: [8] Use of undefined constant catname - assumed 'catname' F:\ease\php_lesson\14\source\wysc\Lib\Model\CategoryModel.class.php 第 100 行.
SQL: SELECT COUNT(*) AS tp_count FROM `category` WHERE ( pid='9' ) LIMIT 1   [ RunTime:0.000120s ]
NOTIC: [8] Use of undefined constant id - assumed 'id' F:\ease\php_lesson\14\source\wysc\Lib\Model\CategoryModel.class.php 第 99 行.
NOTIC: [8] Use of undefined constant id - assumed 'id' F:\ease\php_lesson\14\source\wysc\Lib\Model\CategoryModel.class.php 第 99 行.
NOTIC: [8] Use of undefined constant text - assumed 'text' F:\ease\php_lesson\14\source\wysc\Lib\Model\CategoryModel.class.php 第 100 行.
NOTIC: [8] Use of undefined constant catname - assumed 'catname' F:\ease\php_lesson\14\source\wysc\Lib\Model\CategoryModel.class.php 第 100 行.
SQL: SELECT COUNT(*) AS tp_count FROM `category` WHERE ( pid='10' ) LIMIT 1   [ RunTime:0.000121s ]
NOTIC: [8] Use of undefined constant id - assumed 'id' F:\ease\php_lesson\14\source\wysc\Lib\Model\CategoryModel.class.php 第 99 行.
NOTIC: [8] Use of undefined constant id - assumed 'id' F:\ease\php_lesson\14\source\wysc\Lib\Model\CategoryModel.class.php 第 99 行.
NOTIC: [8] Use of undefined constant text - assumed 'text' F:\ease\php_lesson\14\source\wysc\Lib\Model\CategoryModel.class.php 第 100 行.
NOTIC: [8] Use of undefined constant catname - assumed 'catname' F:\ease\php_lesson\14\source\wysc\Lib\Model\CategoryModel.class.php 第 100 行.
SQL: SELECT COUNT(*) AS tp_count FROM `category` WHERE ( pid='11' ) LIMIT 1   [ RunTime:0.000119s ]
NOTIC: [8] Use of undefined constant id - assumed 'id' F:\ease\php_lesson\14\source\wysc\Lib\Model\CategoryModel.class.php 第 99 行.
NOTIC: [8] Use of undefined constant id - assumed 'id' F:\ease\php_lesson\14\source\wysc\Lib\Model\CategoryModel.class.php 第 99 行.
NOTIC: [8] Use of undefined constant text - assumed 'text' F:\ease\php_lesson\14\source\wysc\Lib\Model\CategoryModel.class.php 第 100 行.
NOTIC: [8] Use of undefined constant catname - assumed 'catname' F:\ease\php_lesson\14\source\wysc\Lib\Model\CategoryModel.class.php 第 100 行.
SQL: SELECT COUNT(*) AS tp_count FROM `category` WHERE ( pid='12' ) LIMIT 1   [ RunTime:0.000120s ]
NOTIC: [8] Use of undefined constant id - assumed 'id' F:\ease\php_lesson\14\source\wysc\Lib\Model\CategoryModel.class.php 第 99 行.
NOTIC: [8] Use of undefined constant id - assumed 'id' F:\ease\php_lesson\14\source\wysc\Lib\Model\CategoryModel.class.php 第 99 行.
NOTIC: [8] Use of undefined constant text - assumed 'text' F:\ease\php_lesson\14\source\wysc\Lib\Model\CategoryModel.class.php 第 100 行.
NOTIC: [8] Use of undefined constant catname - assumed 'catname' F:\ease\php_lesson\14\source\wysc\Lib\Model\CategoryModel.class.php 第 100 行.
SQL: SELECT COUNT(*) AS tp_count FROM `category` WHERE ( pid='2' ) LIMIT 1   [ RunTime:0.000121s ]
NOTIC: [8] Use of undefined constant id - assumed 'id' F:\ease\php_lesson\14\source\wysc\Lib\Model\CategoryModel.class.php 第 99 行.
NOTIC: [8] Use of undefined constant id - assumed 'id' F:\ease\php_lesson\14\source\wysc\Lib\Model\CategoryModel.class.php 第 99 行.
NOTIC: [8] Use of undefined constant text - assumed 'text' F:\ease\php_lesson\14\source\wysc\Lib\Model\CategoryModel.class.php 第 100 行.
NOTIC: [8] Use of undefined constant catname - assumed 'catname' F:\ease\php_lesson\14\source\wysc\Lib\Model\CategoryModel.class.php 第 100 行.
SQL: SELECT COUNT(*) AS tp_count FROM `category` WHERE ( pid='3' ) LIMIT 1   [ RunTime:0.000120s ]
NOTIC: [8] Use of undefined constant id - assumed 'id' F:\ease\php_lesson\14\source\wysc\Lib\Model\CategoryModel.class.php 第 99 行.
NOTIC: [8] Use of undefined constant id - assumed 'id' F:\ease\php_lesson\14\source\wysc\Lib\Model\CategoryModel.class.php 第 99 行.
NOTIC: [8] Use of undefined constant text - assumed 'text' F:\ease\php_lesson\14\source\wysc\Lib\Model\CategoryModel.class.php 第 100 行.
NOTIC: [8] Use of undefined constant catname - assumed 'catname' F:\ease\php_lesson\14\source\wysc\Lib\Model\CategoryModel.class.php 第 100 行.
SQL: SELECT COUNT(*) AS tp_count FROM `category` WHERE ( pid='4' ) LIMIT 1   [ RunTime:0.000118s ]
NOTIC: [8] Use of undefined constant id - assumed 'id' F:\ease\php_lesson\14\source\wysc\Lib\Model\CategoryModel.class.php 第 99 行.
NOTIC: [8] Use of undefined constant id - assumed 'id' F:\ease\php_lesson\14\source\wysc\Lib\Model\CategoryModel.class.php 第 99 行.
NOTIC: [8] Use of undefined constant text - assumed 'text' F:\ease\php_lesson\14\source\wysc\Lib\Model\CategoryModel.class.php 第 100 行.
NOTIC: [8] Use of undefined constant catname - assumed 'catname' F:\ease\php_lesson\14\source\wysc\Lib\Model\CategoryModel.class.php 第 100 行.
SQL: SELECT COUNT(*) AS tp_count FROM `category` WHERE ( pid='5' ) LIMIT 1   [ RunTime:0.000123s ]
NOTIC: [8] Use of undefined constant id - assumed 'id' F:\ease\php_lesson\14\source\wysc\Lib\Model\CategoryModel.class.php 第 99 行.
NOTIC: [8] Use of undefined constant id - assumed 'id' F:\ease\php_lesson\14\source\wysc\Lib\Model\CategoryModel.class.php 第 99 行.
NOTIC: [8] Use of undefined constant text - assumed 'text' F:\ease\php_lesson\14\source\wysc\Lib\Model\CategoryModel.class.php 第 100 行.
NOTIC: [8] Use of undefined constant catname - assumed 'catname' F:\ease\php_lesson\14\source\wysc\Lib\Model\CategoryModel.class.php 第 100 行.
SQL: SELECT COUNT(*) AS tp_count FROM `category` WHERE ( pid='6' ) LIMIT 1   [ RunTime:0.000150s ]
NOTIC: [8] Use of undefined constant id - assumed 'id' F:\ease\php_lesson\14\source\wysc\Lib\Model\CategoryModel.class.php 第 99 行.
NOTIC: [8] Use of undefined constant id - assumed 'id' F:\ease\php_lesson\14\source\wysc\Lib\Model\CategoryModel.class.php 第 99 行.
NOTIC: [8] Use of undefined constant text - assumed 'text' F:\ease\php_lesson\14\source\wysc\Lib\Model\CategoryModel.class.php 第 100 行.
NOTIC: [8] Use of undefined constant catname - assumed 'catname' F:\ease\php_lesson\14\source\wysc\Lib\Model\CategoryModel.class.php 第 100 行.
SQL: SELECT COUNT(*) AS tp_count FROM `category` WHERE ( pid='7' ) LIMIT 1   [ RunTime:0.000140s ]
NOTIC: [8] Use of undefined constant id - assumed 'id' F:\ease\php_lesson\14\source\wysc\Lib\Model\CategoryModel.class.php 第 99 行.
NOTIC: [8] Use of undefined constant id - assumed 'id' F:\ease\php_lesson\14\source\wysc\Lib\Model\CategoryModel.class.php 第 99 行.
NOTIC: [8] Use of undefined constant text - assumed 'text' F:\ease\php_lesson\14\source\wysc\Lib\Model\CategoryModel.class.php 第 100 行.
NOTIC: [8] Use of undefined constant catname - assumed 'catname' F:\ease\php_lesson\14\source\wysc\Lib\Model\CategoryModel.class.php 第 100 行.
SQL: SELECT COUNT(*) AS tp_count FROM `category` WHERE ( pid='16' ) LIMIT 1   [ RunTime:0.000139s ]
NOTIC: [8] Use of undefined constant id - assumed 'id' F:\ease\php_lesson\14\source\wysc\Lib\Model\CategoryModel.class.php 第 99 行.
NOTIC: [8] Use of undefined constant id - assumed 'id' F:\ease\php_lesson\14\source\wysc\Lib\Model\CategoryModel.class.php 第 99 行.
NOTIC: [8] Use of undefined constant text - assumed 'text' F:\ease\php_lesson\14\source\wysc\Lib\Model\CategoryModel.class.php 第 100 行.
NOTIC: [8] Use of undefined constant catname - assumed 'catname' F:\ease\php_lesson\14\source\wysc\Lib\Model\CategoryModel.class.php 第 100 行.
SQL: SELECT COUNT(*) AS tp_count FROM `category` WHERE ( pid='17' ) LIMIT 1   [ RunTime:0.000126s ]
NOTIC: [8] Use of undefined constant id - assumed 'id' F:\ease\php_lesson\14\source\wysc\Lib\Model\CategoryModel.class.php 第 99 行.
NOTIC: [8] Use of undefined constant id - assumed 'id' F:\ease\php_lesson\14\source\wysc\Lib\Model\CategoryModel.class.php 第 99 行.
NOTIC: [8] Use of undefined constant text - assumed 'text' F:\ease\php_lesson\14\source\wysc\Lib\Model\CategoryModel.class.php 第 100 行.
NOTIC: [8] Use of undefined constant catname - assumed 'catname' F:\ease\php_lesson\14\source\wysc\Lib\Model\CategoryModel.class.php 第 100 行.
SQL: SELECT COUNT(*) AS tp_count FROM `category` WHERE ( pid='18' ) LIMIT 1   [ RunTime:0.000129s ]
NOTIC: [8] Use of undefined constant id - assumed 'id' F:\ease\php_lesson\14\source\wysc\Lib\Model\CategoryModel.class.php 第 99 行.
NOTIC: [8] Use of undefined constant id - assumed 'id' F:\ease\php_lesson\14\source\wysc\Lib\Model\CategoryModel.class.php 第 99 行.
NOTIC: [8] Use of undefined constant text - assumed 'text' F:\ease\php_lesson\14\source\wysc\Lib\Model\CategoryModel.class.php 第 100 行.
NOTIC: [8] Use of undefined constant catname - assumed 'catname' F:\ease\php_lesson\14\source\wysc\Lib\Model\CategoryModel.class.php 第 100 行.
SQL: SELECT COUNT(*) AS tp_count FROM `category` WHERE ( pid='19' ) LIMIT 1   [ RunTime:0.000129s ]
NOTIC: [8] Use of undefined constant id - assumed 'id' F:\ease\php_lesson\14\source\wysc\Lib\Model\CategoryModel.class.php 第 99 行.
NOTIC: [8] Use of undefined constant id - assumed 'id' F:\ease\php_lesson\14\source\wysc\Lib\Model\CategoryModel.class.php 第 99 行.
NOTIC: [8] Use of undefined constant text - assumed 'text' F:\ease\php_lesson\14\source\wysc\Lib\Model\CategoryModel.class.php 第 100 行.
NOTIC: [8] Use of undefined constant catname - assumed 'catname' F:\ease\php_lesson\14\source\wysc\Lib\Model\CategoryModel.class.php 第 100 行.
SQL: SELECT COUNT(*) AS tp_count FROM `category` WHERE ( pid='20' ) LIMIT 1   [ RunTime:0.000127s ]
NOTIC: [8] Use of undefined constant id - assumed 'id' F:\ease\php_lesson\14\source\wysc\Lib\Model\CategoryModel.class.php 第 99 行.
NOTIC: [8] Use of undefined constant id - assumed 'id' F:\ease\php_lesson\14\source\wysc\Lib\Model\CategoryModel.class.php 第 99 行.
NOTIC: [8] Use of undefined constant text - assumed 'text' F:\ease\php_lesson\14\source\wysc\Lib\Model\CategoryModel.class.php 第 100 行.
NOTIC: [8] Use of undefined constant catname - assumed 'catname' F:\ease\php_lesson\14\source\wysc\Lib\Model\CategoryModel.class.php 第 100 行.
SQL: SELECT COUNT(*) AS tp_count FROM `category` WHERE ( pid='21' ) LIMIT 1   [ RunTime:0.000157s ]

