[ 2017-02-17T09:14:59+08:00 ] 0.0.0.0 /12/thinkphp/06/demof2/index.php
INFO: [ app_begin ] --START--
INFO: Run ReadHtmlCache Behavior [ RunTime:0.003001s ]
INFO: [ app_begin ] --END-- [ RunTime:0.003001s ]
INFO: [ view_parse ] --START--
INFO: Run ParseTemplate Behavior [ RunTime:0.037002s ]
INFO: [ view_parse ] --END-- [ RunTime:0.037002s ]
INFO: [ view_filter ] --START--
INFO: Run ContentReplace Behavior [ RunTime:0.002000s ]
INFO: Run TokenBuild Behavior [ RunTime:0.002000s ]
INFO: Run WriteHtmlCache Behavior [ RunTime:0.001000s ]
INFO: Run ShowRuntime Behavior [ RunTime:0.002000s ]
INFO: [ view_filter ] --END-- [ RunTime:0.008000s ]
INFO: [ view_end ] --START--
INFO: Run ShowPageTrace Behavior [ RunTime:0.002001s ]
INFO: [ view_end ] --END-- [ RunTime:0.003001s ]

[ 2017-02-17T09:23:43+08:00 ] 0.0.0.0 /12/thinkphp/06/demof2/index.php
INFO: [ app_begin ] --START--
INFO: Run ReadHtmlCache Behavior [ RunTime:0.001000s ]
INFO: [ app_begin ] --END-- [ RunTime:0.001000s ]
INFO: [ view_parse ] --START--
INFO: Run ParseTemplate Behavior [ RunTime:0.001000s ]
INFO: [ view_parse ] --END-- [ RunTime:0.001000s ]
INFO: [ view_filter ] --START--
INFO: Run ContentReplace Behavior [ RunTime:0.001000s ]
INFO: Run TokenBuild Behavior [ RunTime:0.000000s ]
INFO: Run WriteHtmlCache Behavior [ RunTime:0.001000s ]
INFO: Run ShowRuntime Behavior [ RunTime:0.000000s ]
INFO: [ view_filter ] --END-- [ RunTime:0.002000s ]
INFO: [ view_end ] --START--
INFO: Run ShowPageTrace Behavior [ RunTime:0.001000s ]
INFO: [ view_end ] --END-- [ RunTime:0.001000s ]

[ 2017-02-17T09:24:07+08:00 ] 0.0.0.0 /12/thinkphp/06/demof2/index.php/Index/demo
INFO: [ route_check ] --START--
INFO: Run CheckRoute Behavior [ RunTime:0.001000s ]
INFO: [ route_check ] --END-- [ RunTime:0.001000s ]
INFO: [ app_begin ] --START--
INFO: Run ReadHtmlCache Behavior [ RunTime:0.000000s ]
INFO: [ app_begin ] --END-- [ RunTime:0.000000s ]
SQL: SHOW COLUMNS FROM `think_books` [ RunTime:0.000000s ]
ERR: No database selected
 [ SQL语句 ] : SHOW COLUMNS FROM `think_books`
SQL: SHOW COLUMNS FROM `think_cat` [ RunTime:0.000000s ]
ERR: No database selected
 [ SQL语句 ] : SHOW COLUMNS FROM `think_cat`
SQL: SHOW COLUMNS FROM `think_pub` [ RunTime:0.000000s ]
ERR: No database selected
 [ SQL语句 ] : SHOW COLUMNS FROM `think_pub`
SQL: SELECT books.bName AS bName,books.bAuth AS bAuth,books.bDate AS bDate,cat.cName AS cName,pub.pName AS pName FROM think_books books LEFT JOIN think_cat cat ON books.bSid=cat.cId LEFT JOIN think_pub pub ON books.pId=pub.pId  [ RunTime:0.000000s ]
ERR: No database selected
 [ SQL语句 ] : SELECT books.bName AS bName,books.bAuth AS bAuth,books.bDate AS bDate,cat.cName AS cName,pub.pName AS pName FROM think_books books LEFT JOIN think_cat cat ON books.bSid=cat.cId LEFT JOIN think_pub pub ON books.pId=pub.pId 

[ 2017-02-17T09:26:10+08:00 ] 0.0.0.0 /12/thinkphp/06/demof2/index.php/Index/demo
INFO: [ route_check ] --START--
INFO: Run CheckRoute Behavior [ RunTime:0.001001s ]
INFO: [ route_check ] --END-- [ RunTime:0.001001s ]
INFO: [ app_begin ] --START--
INFO: Run ReadHtmlCache Behavior [ RunTime:0.000000s ]
INFO: [ app_begin ] --END-- [ RunTime:0.000000s ]
SQL: SHOW COLUMNS FROM `think_books` [ RunTime:0.000000s ]
ERR: No database selected
 [ SQL语句 ] : SHOW COLUMNS FROM `think_books`
SQL: SHOW COLUMNS FROM `think_cat` [ RunTime:0.000000s ]
ERR: No database selected
 [ SQL语句 ] : SHOW COLUMNS FROM `think_cat`
SQL: SHOW COLUMNS FROM `think_pub` [ RunTime:0.000000s ]
ERR: No database selected
 [ SQL语句 ] : SHOW COLUMNS FROM `think_pub`
SQL: SELECT books.bName AS bName,books.bAuth AS bAuth,books.bDate AS bDate,cat.cName AS cName,pub.pName AS pName FROM think_books books LEFT JOIN think_cat cat ON books.bSid=cat.cId LEFT JOIN think_pub pub ON books.pId=pub.pId  [ RunTime:0.000000s ]
ERR: No database selected
 [ SQL语句 ] : SELECT books.bName AS bName,books.bAuth AS bAuth,books.bDate AS bDate,cat.cName AS cName,pub.pName AS pName FROM think_books books LEFT JOIN think_cat cat ON books.bSid=cat.cId LEFT JOIN think_pub pub ON books.pId=pub.pId 

[ 2017-02-17T09:26:59+08:00 ] 0.0.0.0 /12/thinkphp/06/demof2/index.php/Index/demo
INFO: [ route_check ] --START--
INFO: Run CheckRoute Behavior [ RunTime:0.001000s ]
INFO: [ route_check ] --END-- [ RunTime:0.001000s ]
INFO: [ app_begin ] --START--
INFO: Run ReadHtmlCache Behavior [ RunTime:0.000000s ]
INFO: [ app_begin ] --END-- [ RunTime:0.000000s ]
SQL: SHOW COLUMNS FROM `think_books` [ RunTime:0.044003s ]
SQL: SHOW COLUMNS FROM `think_cat` [ RunTime:0.052003s ]
SQL: SHOW COLUMNS FROM `think_pub` [ RunTime:0.032002s ]
SQL: SELECT books.bName AS bName,books.bAuth AS bAuth,books.bDate AS bDate,cat.cName AS cName,pub.pName AS pName FROM think_books books LEFT JOIN think_cat cat ON books.bSid=cat.cId LEFT JOIN think_pub pub ON books.pId=pub.pId  [ RunTime:0.021001s ]

[ 2017-02-17T09:27:06+08:00 ] 0.0.0.0 /12/thinkphp/06/demof2/index.php/Index/demo
INFO: [ route_check ] --START--
INFO: Run CheckRoute Behavior [ RunTime:0.000000s ]
INFO: [ route_check ] --END-- [ RunTime:0.000000s ]
INFO: [ app_begin ] --START--
INFO: Run ReadHtmlCache Behavior [ RunTime:0.000000s ]
INFO: [ app_begin ] --END-- [ RunTime:0.000000s ]
SQL: SHOW COLUMNS FROM `think_books` [ RunTime:0.010000s ]
SQL: SHOW COLUMNS FROM `think_cat` [ RunTime:0.008000s ]
SQL: SHOW COLUMNS FROM `think_pub` [ RunTime:0.008001s ]
SQL: SELECT books.bName AS bName,books.bAuth AS bAuth,books.bDate AS bDate,cat.cName AS cName,pub.pName AS pName FROM think_books books LEFT JOIN think_cat cat ON books.bSid=cat.cId LEFT JOIN think_pub pub ON books.pId=pub.pId  [ RunTime:0.001000s ]

[ 2017-02-17T10:30:19+08:00 ] 0.0.0.0 /12/thinkphp/06/demof2/index.php
INFO: [ app_begin ] --START--
INFO: Run ReadHtmlCache Behavior [ RunTime:0.001000s ]
INFO: [ app_begin ] --END-- [ RunTime:0.001000s ]
INFO: [ view_parse ] --START--
INFO: Run ParseTemplate Behavior [ RunTime:0.001000s ]
INFO: [ view_parse ] --END-- [ RunTime:0.001000s ]
INFO: [ view_filter ] --START--
INFO: Run ContentReplace Behavior [ RunTime:0.001000s ]
INFO: Run TokenBuild Behavior [ RunTime:0.000000s ]
INFO: Run WriteHtmlCache Behavior [ RunTime:0.001000s ]
INFO: Run ShowRuntime Behavior [ RunTime:0.000000s ]
INFO: [ view_filter ] --END-- [ RunTime:0.003000s ]
INFO: [ view_end ] --START--
INFO: Run ShowPageTrace Behavior [ RunTime:0.000000s ]
INFO: [ view_end ] --END-- [ RunTime:0.000000s ]

[ 2017-02-17T10:30:33+08:00 ] 0.0.0.0 /12/thinkphp/06/demof2/index.php/Index/demo
INFO: [ route_check ] --START--
INFO: Run CheckRoute Behavior [ RunTime:0.001000s ]
INFO: [ route_check ] --END-- [ RunTime:0.001000s ]
INFO: [ app_begin ] --START--
INFO: Run ReadHtmlCache Behavior [ RunTime:0.000000s ]
INFO: [ app_begin ] --END-- [ RunTime:0.000000s ]
SQL: SHOW COLUMNS FROM `think_books` [ RunTime:0.003000s ]
SQL: SHOW COLUMNS FROM `think_cat` [ RunTime:0.004000s ]
SQL: SHOW COLUMNS FROM `think_pub` [ RunTime:0.003000s ]
SQL: SELECT books.bName AS bName,books.bAuth AS bAuth,books.bDate AS bDate,cat.cName AS cName,pub.pName AS pName FROM think_books books LEFT JOIN think_cat cat ON books.bSid=cat.cId LEFT JOIN think_pub pub ON books.pId=pub.pId  [ RunTime:0.001000s ]

[ 2017-02-17T10:30:56+08:00 ] 0.0.0.0 /12/thinkphp/06/demof2/index.php/Index/demo
INFO: [ route_check ] --START--
INFO: Run CheckRoute Behavior [ RunTime:0.001000s ]
INFO: [ route_check ] --END-- [ RunTime:0.001000s ]
INFO: [ app_begin ] --START--
INFO: Run ReadHtmlCache Behavior [ RunTime:0.001000s ]
INFO: [ app_begin ] --END-- [ RunTime:0.001000s ]
SQL: SHOW COLUMNS FROM `think_books` [ RunTime:0.003001s ]
SQL: SHOW COLUMNS FROM `think_cat` [ RunTime:0.003000s ]
SQL: SHOW COLUMNS FROM `think_pub` [ RunTime:0.004000s ]
SQL: SELECT books.bName AS bName,books.bAuth AS bAuth,books.bDate AS bDate,cat.cName AS cName,pub.pName AS pName FROM think_books books LEFT JOIN think_cat cat ON books.bSid=cat.cId LEFT JOIN think_pub pub ON books.pId=pub.pId  [ RunTime:0.001000s ]

[ 2017-02-17T10:37:01+08:00 ] 0.0.0.0 /12/thinkphp/06/demof2/index.php/Index/demo
INFO: [ route_check ] --START--
INFO: Run CheckRoute Behavior [ RunTime:0.001000s ]
INFO: [ route_check ] --END-- [ RunTime:0.001000s ]
INFO: [ app_begin ] --START--
INFO: Run ReadHtmlCache Behavior [ RunTime:0.000000s ]
INFO: [ app_begin ] --END-- [ RunTime:0.001000s ]
SQL: SHOW COLUMNS FROM `think_books` [ RunTime:0.003000s ]
SQL: SHOW COLUMNS FROM `think_cat` [ RunTime:0.003000s ]
SQL: SHOW COLUMNS FROM `think_pub` [ RunTime:0.002000s ]
SQL: SELECT books.bName AS bName,books.bAuth AS bAuth,books.bDate AS bDate,cat.cName AS cName,pub.pName AS pName FROM think_books books LEFT JOIN think_cat cat ON books.bSid=cat.cId LEFT JOIN think_pub pub ON books.pId=pub.pId  [ RunTime:0.000000s ]

[ 2017-02-17T10:47:43+08:00 ] 0.0.0.0 /12/thinkphp/06/demof2/index.php
INFO: [ app_begin ] --START--
INFO: Run ReadHtmlCache Behavior [ RunTime:0.000000s ]
INFO: [ app_begin ] --END-- [ RunTime:0.000000s ]
INFO: [ view_parse ] --START--
INFO: Run ParseTemplate Behavior [ RunTime:0.001000s ]
INFO: [ view_parse ] --END-- [ RunTime:0.001000s ]
INFO: [ view_filter ] --START--
INFO: Run ContentReplace Behavior [ RunTime:0.001000s ]
INFO: Run TokenBuild Behavior [ RunTime:0.000000s ]
INFO: Run WriteHtmlCache Behavior [ RunTime:0.000000s ]
INFO: Run ShowRuntime Behavior [ RunTime:0.001000s ]
INFO: [ view_filter ] --END-- [ RunTime:0.002000s ]
INFO: [ view_end ] --START--
INFO: Run ShowPageTrace Behavior [ RunTime:0.000000s ]
INFO: [ view_end ] --END-- [ RunTime:0.001000s ]

[ 2017-02-17T10:47:47+08:00 ] 0.0.0.0 /12/thinkphp/06/demof2/index.php/Index/demo
INFO: [ route_check ] --START--
INFO: Run CheckRoute Behavior [ RunTime:0.000000s ]
INFO: [ route_check ] --END-- [ RunTime:0.001000s ]
INFO: [ app_begin ] --START--
INFO: Run ReadHtmlCache Behavior [ RunTime:0.001000s ]
INFO: [ app_begin ] --END-- [ RunTime:0.001000s ]
SQL: SHOW COLUMNS FROM `think_books` [ RunTime:0.003001s ]
SQL: SHOW COLUMNS FROM `think_cat` [ RunTime:0.002000s ]
SQL: SHOW COLUMNS FROM `think_pub` [ RunTime:0.002000s ]
SQL: SELECT books.bName AS bName,books.bAuth AS bAuth,books.bDate AS bDate,cat.cName AS cName,pub.pName AS pName FROM think_books books LEFT JOIN think_cat cat ON books.bSid=cat.cId LEFT JOIN think_pub pub ON books.pId=pub.pId  [ RunTime:0.001000s ]

[ 2017-02-17T10:47:57+08:00 ] 0.0.0.0 /12/thinkphp/06/demof2/index.php/Index/demo
INFO: [ route_check ] --START--
INFO: Run CheckRoute Behavior [ RunTime:0.001000s ]
INFO: [ route_check ] --END-- [ RunTime:0.001000s ]
INFO: [ app_begin ] --START--
INFO: Run ReadHtmlCache Behavior [ RunTime:0.001000s ]
INFO: [ app_begin ] --END-- [ RunTime:0.001000s ]
SQL: SHOW COLUMNS FROM `think_books` [ RunTime:0.003000s ]
SQL: SHOW COLUMNS FROM `think_cat` [ RunTime:0.003000s ]
SQL: SHOW COLUMNS FROM `think_pub` [ RunTime:0.003000s ]
SQL: SELECT books.bName AS bName,books.bAuth AS bAuth,books.bDate AS bDate,cat.cName AS cName,pub.pName AS pName FROM think_books books LEFT JOIN think_cat cat ON books.bSid=cat.cId LEFT JOIN think_pub pub ON books.pId=pub.pId  [ RunTime:0.000000s ]

[ 2017-02-17T10:48:16+08:00 ] 0.0.0.0 /12/thinkphp/06/demof2/index.php/Index/demo
INFO: [ route_check ] --START--
INFO: Run CheckRoute Behavior [ RunTime:0.001000s ]
INFO: [ route_check ] --END-- [ RunTime:0.001000s ]
INFO: [ app_begin ] --START--
INFO: Run ReadHtmlCache Behavior [ RunTime:0.001000s ]
INFO: [ app_begin ] --END-- [ RunTime:0.001000s ]
SQL: SHOW COLUMNS FROM `think_books` [ RunTime:0.003000s ]
SQL: SHOW COLUMNS FROM `think_cat` [ RunTime:0.003000s ]
SQL: SHOW COLUMNS FROM `think_pub` [ RunTime:0.004000s ]
SQL: SELECT books.bName AS bName,books.bAuth AS bAuth,books.bDate AS bDate,cat.cName AS cName,pub.pName AS pName FROM think_books books LEFT JOIN think_cat cat ON books.bSid=cate.cId LEFT JOIN think_pub pub ON books.pId=pub.pId  [ RunTime:0.001000s ]
ERR: Unknown column 'cate.cId' in 'on clause'
 [ SQL语句 ] : SELECT books.bName AS bName,books.bAuth AS bAuth,books.bDate AS bDate,cat.cName AS cName,pub.pName AS pName FROM think_books books LEFT JOIN think_cat cat ON books.bSid=cate.cId LEFT JOIN think_pub pub ON books.pId=pub.pId 

[ 2017-02-17T10:48:34+08:00 ] 0.0.0.0 /12/thinkphp/06/demof2/index.php/Index/demo
INFO: [ route_check ] --START--
INFO: Run CheckRoute Behavior [ RunTime:0.001000s ]
INFO: [ route_check ] --END-- [ RunTime:0.001000s ]
INFO: [ app_begin ] --START--
INFO: Run ReadHtmlCache Behavior [ RunTime:0.000000s ]
INFO: [ app_begin ] --END-- [ RunTime:0.001000s ]
SQL: SHOW COLUMNS FROM `think_books` [ RunTime:0.004000s ]
SQL: SHOW COLUMNS FROM `think_cat` [ RunTime:0.003001s ]
SQL: SHOW COLUMNS FROM `think_pub` [ RunTime:0.003000s ]
SQL: SELECT books.bName AS bName,books.bAuth AS bAuth,books.bDate AS bDate,cat.cName AS cName,pub.pName AS pName FROM think_books books LEFT JOIN think_cat cat ON books.bSid=cate.cId LEFT JOIN think_pub pub ON books.pId=pub.pId  [ RunTime:0.000000s ]
ERR: Unknown column 'cate.cId' in 'on clause'
 [ SQL语句 ] : SELECT books.bName AS bName,books.bAuth AS bAuth,books.bDate AS bDate,cat.cName AS cName,pub.pName AS pName FROM think_books books LEFT JOIN think_cat cat ON books.bSid=cate.cId LEFT JOIN think_pub pub ON books.pId=pub.pId 

