[ 2017-02-24T17:01:44+08:00 ] 0.0.0.0 /14/source/wysc/admin-index-index
ERR: 无法加载模块:Index

[ 2017-02-24T17:03:32+08:00 ] 0.0.0.0 /wysc/admin-category-combotreejson.html
INFO: [ app_begin ] --START--
INFO: ReadHtmlCache Behavior ::run [ RunTime:0.001000s ]
INFO: [ app_begin ] --END-- [ RunTime:0.001000s ]
SQL: SHOW COLUMNS FROM `category` [ RunTime:0.008000s ]
SQL: SELECT COUNT(*) AS tp_count FROM `category` WHERE ( pid='0' ) LIMIT 1   [ RunTime:0.001000s ]
SQL: SELECT * FROM `category` WHERE ( pid='0' )  [ RunTime:0.001000s ]
NOTIC: [8] Use of undefined constant id - assumed 'id' F:\ease\php_lesson\14\source\wysc\Lib\Model\CategoryModel.class.php 第 99 行.
NOTIC: [8] Use of undefined constant id - assumed 'id' F:\ease\php_lesson\14\source\wysc\Lib\Model\CategoryModel.class.php 第 99 行.
NOTIC: [8] Use of undefined constant text - assumed 'text' F:\ease\php_lesson\14\source\wysc\Lib\Model\CategoryModel.class.php 第 100 行.
NOTIC: [8] Use of undefined constant catname - assumed 'catname' F:\ease\php_lesson\14\source\wysc\Lib\Model\CategoryModel.class.php 第 100 行.
SQL: SELECT COUNT(*) AS tp_count FROM `category` WHERE ( pid='1' ) LIMIT 1   [ RunTime:0.000000s ]
NOTIC: [8] Use of undefined constant id - assumed 'id' F:\ease\php_lesson\14\source\wysc\Lib\Model\CategoryModel.class.php 第 104 行.
SQL: SELECT COUNT(*) AS tp_count FROM `category` WHERE ( pid='1' ) LIMIT 1   [ RunTime:0.000000s ]
SQL: SELECT * FROM `category` WHERE ( pid='1' )  [ RunTime:0.001000s ]
NOTIC: [8] Use of undefined constant id - assumed 'id' F:\ease\php_lesson\14\source\wysc\Lib\Model\CategoryModel.class.php 第 99 行.
NOTIC: [8] Use of undefined constant id - assumed 'id' F:\ease\php_lesson\14\source\wysc\Lib\Model\CategoryModel.class.php 第 99 行.
NOTIC: [8] Use of undefined constant text - assumed 'text' F:\ease\php_lesson\14\source\wysc\Lib\Model\CategoryModel.class.php 第 100 行.
NOTIC: [8] Use of undefined constant catname - assumed 'catname' F:\ease\php_lesson\14\source\wysc\Lib\Model\CategoryModel.class.php 第 100 行.
SQL: SELECT COUNT(*) AS tp_count FROM `category` WHERE ( pid='8' ) LIMIT 1   [ RunTime:0.000000s ]
NOTIC: [8] Use of undefined constant id - assumed 'id' F:\ease\php_lesson\14\source\wysc\Lib\Model\CategoryModel.class.php 第 104 行.
SQL: SELECT COUNT(*) AS tp_count FROM `category` WHERE ( pid='8' ) LIMIT 1   [ RunTime:0.001001s ]
SQL: SELECT * FROM `category` WHERE ( pid='8' )  [ RunTime:0.001000s ]
NOTIC: [8] Use of undefined constant id - assumed 'id' F:\ease\php_lesson\14\source\wysc\Lib\Model\CategoryModel.class.php 第 99 行.
NOTIC: [8] Use of undefined constant id - assumed 'id' F:\ease\php_lesson\14\source\wysc\Lib\Model\CategoryModel.class.php 第 99 行.
NOTIC: [8] Use of undefined constant text - assumed 'text' F:\ease\php_lesson\14\source\wysc\Lib\Model\CategoryModel.class.php 第 100 行.
NOTIC: [8] Use of undefined constant catname - assumed 'catname' F:\ease\php_lesson\14\source\wysc\Lib\Model\CategoryModel.class.php 第 100 行.
SQL: SELECT COUNT(*) AS tp_count FROM `category` WHERE ( pid='13' ) LIMIT 1   [ RunTime:0.001000s ]
NOTIC: [8] Use of undefined constant id - assumed 'id' F:\ease\php_lesson\14\source\wysc\Lib\Model\CategoryModel.class.php 第 99 行.
NOTIC: [8] Use of undefined constant id - assumed 'id' F:\ease\php_lesson\14\source\wysc\Lib\Model\CategoryModel.class.php 第 99 行.
NOTIC: [8] Use of undefined constant text - assumed 'text' F:\ease\php_lesson\14\source\wysc\Lib\Model\CategoryModel.class.php 第 100 行.
NOTIC: [8] Use of undefined constant catname - assumed 'catname' F:\ease\php_lesson\14\source\wysc\Lib\Model\CategoryModel.class.php 第 100 行.
SQL: SELECT COUNT(*) AS tp_count FROM `category` WHERE ( pid='15' ) LIMIT 1   [ RunTime:0.001000s ]
NOTIC: [8] Use of undefined constant id - assumed 'id' F:\ease\php_lesson\14\source\wysc\Lib\Model\CategoryModel.class.php 第 99 行.
NOTIC: [8] Use of undefined constant id - assumed 'id' F:\ease\php_lesson\14\source\wysc\Lib\Model\CategoryModel.class.php 第 99 行.
NOTIC: [8] Use of undefined constant text - assumed 'text' F:\ease\php_lesson\14\source\wysc\Lib\Model\CategoryModel.class.php 第 100 行.
NOTIC: [8] Use of undefined constant catname - assumed 'catname' F:\ease\php_lesson\14\source\wysc\Lib\Model\CategoryModel.class.php 第 100 行.
SQL: SELECT COUNT(*) AS tp_count FROM `category` WHERE ( pid='9' ) LIMIT 1   [ RunTime:0.001000s ]
NOTIC: [8] Use of undefined constant id - assumed 'id' F:\ease\php_lesson\14\source\wysc\Lib\Model\CategoryModel.class.php 第 99 行.
NOTIC: [8] Use of undefined constant id - assumed 'id' F:\ease\php_lesson\14\source\wysc\Lib\Model\CategoryModel.class.php 第 99 行.
NOTIC: [8] Use of undefined constant text - assumed 'text' F:\ease\php_lesson\14\source\wysc\Lib\Model\CategoryModel.class.php 第 100 行.
NOTIC: [8] Use of undefined constant catname - assumed 'catname' F:\ease\php_lesson\14\source\wysc\Lib\Model\CategoryModel.class.php 第 100 行.
SQL: SELECT COUNT(*) AS tp_count FROM `category` WHERE ( pid='10' ) LIMIT 1   [ RunTime:0.001000s ]
NOTIC: [8] Use of undefined constant id - assumed 'id' F:\ease\php_lesson\14\source\wysc\Lib\Model\CategoryModel.class.php 第 99 行.
NOTIC: [8] Use of undefined constant id - assumed 'id' F:\ease\php_lesson\14\source\wysc\Lib\Model\CategoryModel.class.php 第 99 行.
NOTIC: [8] Use of undefined constant text - assumed 'text' F:\ease\php_lesson\14\source\wysc\Lib\Model\CategoryModel.class.php 第 100 行.
NOTIC: [8] Use of undefined constant catname - assumed 'catname' F:\ease\php_lesson\14\source\wysc\Lib\Model\CategoryModel.class.php 第 100 行.
SQL: SELECT COUNT(*) AS tp_count FROM `category` WHERE ( pid='11' ) LIMIT 1   [ RunTime:0.001000s ]
NOTIC: [8] Use of undefined constant id - assumed 'id' F:\ease\php_lesson\14\source\wysc\Lib\Model\CategoryModel.class.php 第 99 行.
NOTIC: [8] Use of undefined constant id - assumed 'id' F:\ease\php_lesson\14\source\wysc\Lib\Model\CategoryModel.class.php 第 99 行.
NOTIC: [8] Use of undefined constant text - assumed 'text' F:\ease\php_lesson\14\source\wysc\Lib\Model\CategoryModel.class.php 第 100 行.
NOTIC: [8] Use of undefined constant catname - assumed 'catname' F:\ease\php_lesson\14\source\wysc\Lib\Model\CategoryModel.class.php 第 100 行.
SQL: SELECT COUNT(*) AS tp_count FROM `category` WHERE ( pid='12' ) LIMIT 1   [ RunTime:0.001000s ]
NOTIC: [8] Use of undefined constant id - assumed 'id' F:\ease\php_lesson\14\source\wysc\Lib\Model\CategoryModel.class.php 第 99 行.
NOTIC: [8] Use of undefined constant id - assumed 'id' F:\ease\php_lesson\14\source\wysc\Lib\Model\CategoryModel.class.php 第 99 行.
NOTIC: [8] Use of undefined constant text - assumed 'text' F:\ease\php_lesson\14\source\wysc\Lib\Model\CategoryModel.class.php 第 100 行.
NOTIC: [8] Use of undefined constant catname - assumed 'catname' F:\ease\php_lesson\14\source\wysc\Lib\Model\CategoryModel.class.php 第 100 行.
SQL: SELECT COUNT(*) AS tp_count FROM `category` WHERE ( pid='2' ) LIMIT 1   [ RunTime:0.001000s ]
NOTIC: [8] Use of undefined constant id - assumed 'id' F:\ease\php_lesson\14\source\wysc\Lib\Model\CategoryModel.class.php 第 99 行.
NOTIC: [8] Use of undefined constant id - assumed 'id' F:\ease\php_lesson\14\source\wysc\Lib\Model\CategoryModel.class.php 第 99 行.
NOTIC: [8] Use of undefined constant text - assumed 'text' F:\ease\php_lesson\14\source\wysc\Lib\Model\CategoryModel.class.php 第 100 行.
NOTIC: [8] Use of undefined constant catname - assumed 'catname' F:\ease\php_lesson\14\source\wysc\Lib\Model\CategoryModel.class.php 第 100 行.
SQL: SELECT COUNT(*) AS tp_count FROM `category` WHERE ( pid='3' ) LIMIT 1   [ RunTime:0.000000s ]
NOTIC: [8] Use of undefined constant id - assumed 'id' F:\ease\php_lesson\14\source\wysc\Lib\Model\CategoryModel.class.php 第 99 行.
NOTIC: [8] Use of undefined constant id - assumed 'id' F:\ease\php_lesson\14\source\wysc\Lib\Model\CategoryModel.class.php 第 99 行.
NOTIC: [8] Use of undefined constant text - assumed 'text' F:\ease\php_lesson\14\source\wysc\Lib\Model\CategoryModel.class.php 第 100 行.
NOTIC: [8] Use of undefined constant catname - assumed 'catname' F:\ease\php_lesson\14\source\wysc\Lib\Model\CategoryModel.class.php 第 100 行.
SQL: SELECT COUNT(*) AS tp_count FROM `category` WHERE ( pid='4' ) LIMIT 1   [ RunTime:0.000000s ]
NOTIC: [8] Use of undefined constant id - assumed 'id' F:\ease\php_lesson\14\source\wysc\Lib\Model\CategoryModel.class.php 第 99 行.
NOTIC: [8] Use of undefined constant id - assumed 'id' F:\ease\php_lesson\14\source\wysc\Lib\Model\CategoryModel.class.php 第 99 行.
NOTIC: [8] Use of undefined constant text - assumed 'text' F:\ease\php_lesson\14\source\wysc\Lib\Model\CategoryModel.class.php 第 100 行.
NOTIC: [8] Use of undefined constant catname - assumed 'catname' F:\ease\php_lesson\14\source\wysc\Lib\Model\CategoryModel.class.php 第 100 行.
SQL: SELECT COUNT(*) AS tp_count FROM `category` WHERE ( pid='5' ) LIMIT 1   [ RunTime:0.000000s ]
NOTIC: [8] Use of undefined constant id - assumed 'id' F:\ease\php_lesson\14\source\wysc\Lib\Model\CategoryModel.class.php 第 99 行.
NOTIC: [8] Use of undefined constant id - assumed 'id' F:\ease\php_lesson\14\source\wysc\Lib\Model\CategoryModel.class.php 第 99 行.
NOTIC: [8] Use of undefined constant text - assumed 'text' F:\ease\php_lesson\14\source\wysc\Lib\Model\CategoryModel.class.php 第 100 行.
NOTIC: [8] Use of undefined constant catname - assumed 'catname' F:\ease\php_lesson\14\source\wysc\Lib\Model\CategoryModel.class.php 第 100 行.
SQL: SELECT COUNT(*) AS tp_count FROM `category` WHERE ( pid='6' ) LIMIT 1   [ RunTime:0.000000s ]
NOTIC: [8] Use of undefined constant id - assumed 'id' F:\ease\php_lesson\14\source\wysc\Lib\Model\CategoryModel.class.php 第 99 行.
NOTIC: [8] Use of undefined constant id - assumed 'id' F:\ease\php_lesson\14\source\wysc\Lib\Model\CategoryModel.class.php 第 99 行.
NOTIC: [8] Use of undefined constant text - assumed 'text' F:\ease\php_lesson\14\source\wysc\Lib\Model\CategoryModel.class.php 第 100 行.
NOTIC: [8] Use of undefined constant catname - assumed 'catname' F:\ease\php_lesson\14\source\wysc\Lib\Model\CategoryModel.class.php 第 100 行.
SQL: SELECT COUNT(*) AS tp_count FROM `category` WHERE ( pid='7' ) LIMIT 1   [ RunTime:0.000000s ]

[ 2017-02-24T17:03:33+08:00 ] 0.0.0.0 /wysc/admin-category-combotreejson.html
INFO: [ app_begin ] --START--
INFO: ReadHtmlCache Behavior ::run [ RunTime:0.000000s ]
INFO: [ app_begin ] --END-- [ RunTime:0.000000s ]
SQL: SHOW COLUMNS FROM `category` [ RunTime:0.007000s ]
SQL: SELECT COUNT(*) AS tp_count FROM `category` WHERE ( pid='0' ) LIMIT 1   [ RunTime:0.000000s ]
SQL: SELECT * FROM `category` WHERE ( pid='0' )  [ RunTime:0.001000s ]
NOTIC: [8] Use of undefined constant id - assumed 'id' F:\ease\php_lesson\14\source\wysc\Lib\Model\CategoryModel.class.php 第 99 行.
NOTIC: [8] Use of undefined constant id - assumed 'id' F:\ease\php_lesson\14\source\wysc\Lib\Model\CategoryModel.class.php 第 99 行.
NOTIC: [8] Use of undefined constant text - assumed 'text' F:\ease\php_lesson\14\source\wysc\Lib\Model\CategoryModel.class.php 第 100 行.
NOTIC: [8] Use of undefined constant catname - assumed 'catname' F:\ease\php_lesson\14\source\wysc\Lib\Model\CategoryModel.class.php 第 100 行.
SQL: SELECT COUNT(*) AS tp_count FROM `category` WHERE ( pid='1' ) LIMIT 1   [ RunTime:0.001000s ]
NOTIC: [8] Use of undefined constant id - assumed 'id' F:\ease\php_lesson\14\source\wysc\Lib\Model\CategoryModel.class.php 第 104 行.
SQL: SELECT COUNT(*) AS tp_count FROM `category` WHERE ( pid='1' ) LIMIT 1   [ RunTime:0.001001s ]
SQL: SELECT * FROM `category` WHERE ( pid='1' )  [ RunTime:0.001000s ]
NOTIC: [8] Use of undefined constant id - assumed 'id' F:\ease\php_lesson\14\source\wysc\Lib\Model\CategoryModel.class.php 第 99 行.
NOTIC: [8] Use of undefined constant id - assumed 'id' F:\ease\php_lesson\14\source\wysc\Lib\Model\CategoryModel.class.php 第 99 行.
NOTIC: [8] Use of undefined constant text - assumed 'text' F:\ease\php_lesson\14\source\wysc\Lib\Model\CategoryModel.class.php 第 100 行.
NOTIC: [8] Use of undefined constant catname - assumed 'catname' F:\ease\php_lesson\14\source\wysc\Lib\Model\CategoryModel.class.php 第 100 行.
SQL: SELECT COUNT(*) AS tp_count FROM `category` WHERE ( pid='8' ) LIMIT 1   [ RunTime:0.001000s ]
NOTIC: [8] Use of undefined constant id - assumed 'id' F:\ease\php_lesson\14\source\wysc\Lib\Model\CategoryModel.class.php 第 104 行.
SQL: SELECT COUNT(*) AS tp_count FROM `category` WHERE ( pid='8' ) LIMIT 1   [ RunTime:0.000000s ]
SQL: SELECT * FROM `category` WHERE ( pid='8' )  [ RunTime:0.000000s ]
NOTIC: [8] Use of undefined constant id - assumed 'id' F:\ease\php_lesson\14\source\wysc\Lib\Model\CategoryModel.class.php 第 99 行.
NOTIC: [8] Use of undefined constant id - assumed 'id' F:\ease\php_lesson\14\source\wysc\Lib\Model\CategoryModel.class.php 第 99 行.
NOTIC: [8] Use of undefined constant text - assumed 'text' F:\ease\php_lesson\14\source\wysc\Lib\Model\CategoryModel.class.php 第 100 行.
NOTIC: [8] Use of undefined constant catname - assumed 'catname' F:\ease\php_lesson\14\source\wysc\Lib\Model\CategoryModel.class.php 第 100 行.
SQL: SELECT COUNT(*) AS tp_count FROM `category` WHERE ( pid='13' ) LIMIT 1   [ RunTime:0.000000s ]
NOTIC: [8] Use of undefined constant id - assumed 'id' F:\ease\php_lesson\14\source\wysc\Lib\Model\CategoryModel.class.php 第 99 行.
NOTIC: [8] Use of undefined constant id - assumed 'id' F:\ease\php_lesson\14\source\wysc\Lib\Model\CategoryModel.class.php 第 99 行.
NOTIC: [8] Use of undefined constant text - assumed 'text' F:\ease\php_lesson\14\source\wysc\Lib\Model\CategoryModel.class.php 第 100 行.
NOTIC: [8] Use of undefined constant catname - assumed 'catname' F:\ease\php_lesson\14\source\wysc\Lib\Model\CategoryModel.class.php 第 100 行.
SQL: SELECT COUNT(*) AS tp_count FROM `category` WHERE ( pid='15' ) LIMIT 1   [ RunTime:0.001000s ]
NOTIC: [8] Use of undefined constant id - assumed 'id' F:\ease\php_lesson\14\source\wysc\Lib\Model\CategoryModel.class.php 第 99 行.
NOTIC: [8] Use of undefined constant id - assumed 'id' F:\ease\php_lesson\14\source\wysc\Lib\Model\CategoryModel.class.php 第 99 行.
NOTIC: [8] Use of undefined constant text - assumed 'text' F:\ease\php_lesson\14\source\wysc\Lib\Model\CategoryModel.class.php 第 100 行.
NOTIC: [8] Use of undefined constant catname - assumed 'catname' F:\ease\php_lesson\14\source\wysc\Lib\Model\CategoryModel.class.php 第 100 行.
SQL: SELECT COUNT(*) AS tp_count FROM `category` WHERE ( pid='9' ) LIMIT 1   [ RunTime:0.001000s ]
NOTIC: [8] Use of undefined constant id - assumed 'id' F:\ease\php_lesson\14\source\wysc\Lib\Model\CategoryModel.class.php 第 99 行.
NOTIC: [8] Use of undefined constant id - assumed 'id' F:\ease\php_lesson\14\source\wysc\Lib\Model\CategoryModel.class.php 第 99 行.
NOTIC: [8] Use of undefined constant text - assumed 'text' F:\ease\php_lesson\14\source\wysc\Lib\Model\CategoryModel.class.php 第 100 行.
NOTIC: [8] Use of undefined constant catname - assumed 'catname' F:\ease\php_lesson\14\source\wysc\Lib\Model\CategoryModel.class.php 第 100 行.
SQL: SELECT COUNT(*) AS tp_count FROM `category` WHERE ( pid='10' ) LIMIT 1   [ RunTime:0.001000s ]
NOTIC: [8] Use of undefined constant id - assumed 'id' F:\ease\php_lesson\14\source\wysc\Lib\Model\CategoryModel.class.php 第 99 行.
NOTIC: [8] Use of undefined constant id - assumed 'id' F:\ease\php_lesson\14\source\wysc\Lib\Model\CategoryModel.class.php 第 99 行.
NOTIC: [8] Use of undefined constant text - assumed 'text' F:\ease\php_lesson\14\source\wysc\Lib\Model\CategoryModel.class.php 第 100 行.
NOTIC: [8] Use of undefined constant catname - assumed 'catname' F:\ease\php_lesson\14\source\wysc\Lib\Model\CategoryModel.class.php 第 100 行.
SQL: SELECT COUNT(*) AS tp_count FROM `category` WHERE ( pid='11' ) LIMIT 1   [ RunTime:0.001000s ]
NOTIC: [8] Use of undefined constant id - assumed 'id' F:\ease\php_lesson\14\source\wysc\Lib\Model\CategoryModel.class.php 第 99 行.
NOTIC: [8] Use of undefined constant id - assumed 'id' F:\ease\php_lesson\14\source\wysc\Lib\Model\CategoryModel.class.php 第 99 行.
NOTIC: [8] Use of undefined constant text - assumed 'text' F:\ease\php_lesson\14\source\wysc\Lib\Model\CategoryModel.class.php 第 100 行.
NOTIC: [8] Use of undefined constant catname - assumed 'catname' F:\ease\php_lesson\14\source\wysc\Lib\Model\CategoryModel.class.php 第 100 行.
SQL: SELECT COUNT(*) AS tp_count FROM `category` WHERE ( pid='12' ) LIMIT 1   [ RunTime:0.000000s ]
NOTIC: [8] Use of undefined constant id - assumed 'id' F:\ease\php_lesson\14\source\wysc\Lib\Model\CategoryModel.class.php 第 99 行.
NOTIC: [8] Use of undefined constant id - assumed 'id' F:\ease\php_lesson\14\source\wysc\Lib\Model\CategoryModel.class.php 第 99 行.
NOTIC: [8] Use of undefined constant text - assumed 'text' F:\ease\php_lesson\14\source\wysc\Lib\Model\CategoryModel.class.php 第 100 行.
NOTIC: [8] Use of undefined constant catname - assumed 'catname' F:\ease\php_lesson\14\source\wysc\Lib\Model\CategoryModel.class.php 第 100 行.
SQL: SELECT COUNT(*) AS tp_count FROM `category` WHERE ( pid='2' ) LIMIT 1   [ RunTime:0.000000s ]
NOTIC: [8] Use of undefined constant id - assumed 'id' F:\ease\php_lesson\14\source\wysc\Lib\Model\CategoryModel.class.php 第 99 行.
NOTIC: [8] Use of undefined constant id - assumed 'id' F:\ease\php_lesson\14\source\wysc\Lib\Model\CategoryModel.class.php 第 99 行.
NOTIC: [8] Use of undefined constant text - assumed 'text' F:\ease\php_lesson\14\source\wysc\Lib\Model\CategoryModel.class.php 第 100 行.
NOTIC: [8] Use of undefined constant catname - assumed 'catname' F:\ease\php_lesson\14\source\wysc\Lib\Model\CategoryModel.class.php 第 100 行.
SQL: SELECT COUNT(*) AS tp_count FROM `category` WHERE ( pid='3' ) LIMIT 1   [ RunTime:0.000000s ]
NOTIC: [8] Use of undefined constant id - assumed 'id' F:\ease\php_lesson\14\source\wysc\Lib\Model\CategoryModel.class.php 第 99 行.
NOTIC: [8] Use of undefined constant id - assumed 'id' F:\ease\php_lesson\14\source\wysc\Lib\Model\CategoryModel.class.php 第 99 行.
NOTIC: [8] Use of undefined constant text - assumed 'text' F:\ease\php_lesson\14\source\wysc\Lib\Model\CategoryModel.class.php 第 100 行.
NOTIC: [8] Use of undefined constant catname - assumed 'catname' F:\ease\php_lesson\14\source\wysc\Lib\Model\CategoryModel.class.php 第 100 行.
SQL: SELECT COUNT(*) AS tp_count FROM `category` WHERE ( pid='4' ) LIMIT 1   [ RunTime:0.000000s ]
NOTIC: [8] Use of undefined constant id - assumed 'id' F:\ease\php_lesson\14\source\wysc\Lib\Model\CategoryModel.class.php 第 99 行.
NOTIC: [8] Use of undefined constant id - assumed 'id' F:\ease\php_lesson\14\source\wysc\Lib\Model\CategoryModel.class.php 第 99 行.
NOTIC: [8] Use of undefined constant text - assumed 'text' F:\ease\php_lesson\14\source\wysc\Lib\Model\CategoryModel.class.php 第 100 行.
NOTIC: [8] Use of undefined constant catname - assumed 'catname' F:\ease\php_lesson\14\source\wysc\Lib\Model\CategoryModel.class.php 第 100 行.
SQL: SELECT COUNT(*) AS tp_count FROM `category` WHERE ( pid='5' ) LIMIT 1   [ RunTime:0.000000s ]
NOTIC: [8] Use of undefined constant id - assumed 'id' F:\ease\php_lesson\14\source\wysc\Lib\Model\CategoryModel.class.php 第 99 行.
NOTIC: [8] Use of undefined constant id - assumed 'id' F:\ease\php_lesson\14\source\wysc\Lib\Model\CategoryModel.class.php 第 99 行.
NOTIC: [8] Use of undefined constant text - assumed 'text' F:\ease\php_lesson\14\source\wysc\Lib\Model\CategoryModel.class.php 第 100 行.
NOTIC: [8] Use of undefined constant catname - assumed 'catname' F:\ease\php_lesson\14\source\wysc\Lib\Model\CategoryModel.class.php 第 100 行.
SQL: SELECT COUNT(*) AS tp_count FROM `category` WHERE ( pid='6' ) LIMIT 1   [ RunTime:0.001000s ]
NOTIC: [8] Use of undefined constant id - assumed 'id' F:\ease\php_lesson\14\source\wysc\Lib\Model\CategoryModel.class.php 第 99 行.
NOTIC: [8] Use of undefined constant id - assumed 'id' F:\ease\php_lesson\14\source\wysc\Lib\Model\CategoryModel.class.php 第 99 行.
NOTIC: [8] Use of undefined constant text - assumed 'text' F:\ease\php_lesson\14\source\wysc\Lib\Model\CategoryModel.class.php 第 100 行.
NOTIC: [8] Use of undefined constant catname - assumed 'catname' F:\ease\php_lesson\14\source\wysc\Lib\Model\CategoryModel.class.php 第 100 行.
SQL: SELECT COUNT(*) AS tp_count FROM `category` WHERE ( pid='7' ) LIMIT 1   [ RunTime:0.001000s ]

[ 2017-02-24T17:04:37+08:00 ] 0.0.0.0 /wysc/admin-brand-getcombojson.html
INFO: [ app_begin ] --START--
INFO: ReadHtmlCache Behavior ::run [ RunTime:0.001000s ]
INFO: [ app_begin ] --END-- [ RunTime:0.001000s ]
SQL: SHOW COLUMNS FROM `brand` [ RunTime:0.008000s ]
SQL: SELECT `id`,`brandname` FROM `brand`  [ RunTime:0.000000s ]
NOTIC: [8] Use of undefined constant id - assumed 'id' F:\ease\php_lesson\14\source\wysc\Lib\Action\Admin\BrandAction.class.php 第 99 行.
NOTIC: [8] Use of undefined constant id - assumed 'id' F:\ease\php_lesson\14\source\wysc\Lib\Action\Admin\BrandAction.class.php 第 99 行.
NOTIC: [8] Use of undefined constant text - assumed 'text' F:\ease\php_lesson\14\source\wysc\Lib\Action\Admin\BrandAction.class.php 第 100 行.
NOTIC: [8] Use of undefined constant brandname - assumed 'brandname' F:\ease\php_lesson\14\source\wysc\Lib\Action\Admin\BrandAction.class.php 第 100 行.
NOTIC: [8] Use of undefined constant id - assumed 'id' F:\ease\php_lesson\14\source\wysc\Lib\Action\Admin\BrandAction.class.php 第 99 行.
NOTIC: [8] Use of undefined constant id - assumed 'id' F:\ease\php_lesson\14\source\wysc\Lib\Action\Admin\BrandAction.class.php 第 99 行.
NOTIC: [8] Use of undefined constant text - assumed 'text' F:\ease\php_lesson\14\source\wysc\Lib\Action\Admin\BrandAction.class.php 第 100 行.
NOTIC: [8] Use of undefined constant brandname - assumed 'brandname' F:\ease\php_lesson\14\source\wysc\Lib\Action\Admin\BrandAction.class.php 第 100 行.
NOTIC: [8] Use of undefined constant id - assumed 'id' F:\ease\php_lesson\14\source\wysc\Lib\Action\Admin\BrandAction.class.php 第 99 行.
NOTIC: [8] Use of undefined constant id - assumed 'id' F:\ease\php_lesson\14\source\wysc\Lib\Action\Admin\BrandAction.class.php 第 99 行.
NOTIC: [8] Use of undefined constant text - assumed 'text' F:\ease\php_lesson\14\source\wysc\Lib\Action\Admin\BrandAction.class.php 第 100 行.
NOTIC: [8] Use of undefined constant brandname - assumed 'brandname' F:\ease\php_lesson\14\source\wysc\Lib\Action\Admin\BrandAction.class.php 第 100 行.
NOTIC: [8] Use of undefined constant id - assumed 'id' F:\ease\php_lesson\14\source\wysc\Lib\Action\Admin\BrandAction.class.php 第 99 行.
NOTIC: [8] Use of undefined constant id - assumed 'id' F:\ease\php_lesson\14\source\wysc\Lib\Action\Admin\BrandAction.class.php 第 99 行.
NOTIC: [8] Use of undefined constant text - assumed 'text' F:\ease\php_lesson\14\source\wysc\Lib\Action\Admin\BrandAction.class.php 第 100 行.
NOTIC: [8] Use of undefined constant brandname - assumed 'brandname' F:\ease\php_lesson\14\source\wysc\Lib\Action\Admin\BrandAction.class.php 第 100 行.
NOTIC: [8] Use of undefined constant id - assumed 'id' F:\ease\php_lesson\14\source\wysc\Lib\Action\Admin\BrandAction.class.php 第 99 行.
NOTIC: [8] Use of undefined constant id - assumed 'id' F:\ease\php_lesson\14\source\wysc\Lib\Action\Admin\BrandAction.class.php 第 99 行.
NOTIC: [8] Use of undefined constant text - assumed 'text' F:\ease\php_lesson\14\source\wysc\Lib\Action\Admin\BrandAction.class.php 第 100 行.
NOTIC: [8] Use of undefined constant brandname - assumed 'brandname' F:\ease\php_lesson\14\source\wysc\Lib\Action\Admin\BrandAction.class.php 第 100 行.
NOTIC: [8] Use of undefined constant id - assumed 'id' F:\ease\php_lesson\14\source\wysc\Lib\Action\Admin\BrandAction.class.php 第 99 行.
NOTIC: [8] Use of undefined constant id - assumed 'id' F:\ease\php_lesson\14\source\wysc\Lib\Action\Admin\BrandAction.class.php 第 99 行.
NOTIC: [8] Use of undefined constant text - assumed 'text' F:\ease\php_lesson\14\source\wysc\Lib\Action\Admin\BrandAction.class.php 第 100 行.
NOTIC: [8] Use of undefined constant brandname - assumed 'brandname' F:\ease\php_lesson\14\source\wysc\Lib\Action\Admin\BrandAction.class.php 第 100 行.
NOTIC: [8] Use of undefined constant id - assumed 'id' F:\ease\php_lesson\14\source\wysc\Lib\Action\Admin\BrandAction.class.php 第 99 行.
NOTIC: [8] Use of undefined constant id - assumed 'id' F:\ease\php_lesson\14\source\wysc\Lib\Action\Admin\BrandAction.class.php 第 99 行.
NOTIC: [8] Use of undefined constant text - assumed 'text' F:\ease\php_lesson\14\source\wysc\Lib\Action\Admin\BrandAction.class.php 第 100 行.
NOTIC: [8] Use of undefined constant brandname - assumed 'brandname' F:\ease\php_lesson\14\source\wysc\Lib\Action\Admin\BrandAction.class.php 第 100 行.
NOTIC: [8] Use of undefined constant id - assumed 'id' F:\ease\php_lesson\14\source\wysc\Lib\Action\Admin\BrandAction.class.php 第 99 行.
NOTIC: [8] Use of undefined constant id - assumed 'id' F:\ease\php_lesson\14\source\wysc\Lib\Action\Admin\BrandAction.class.php 第 99 行.
NOTIC: [8] Use of undefined constant text - assumed 'text' F:\ease\php_lesson\14\source\wysc\Lib\Action\Admin\BrandAction.class.php 第 100 行.
NOTIC: [8] Use of undefined constant brandname - assumed 'brandname' F:\ease\php_lesson\14\source\wysc\Lib\Action\Admin\BrandAction.class.php 第 100 行.
NOTIC: [8] Use of undefined constant id - assumed 'id' F:\ease\php_lesson\14\source\wysc\Lib\Action\Admin\BrandAction.class.php 第 99 行.
NOTIC: [8] Use of undefined constant id - assumed 'id' F:\ease\php_lesson\14\source\wysc\Lib\Action\Admin\BrandAction.class.php 第 99 行.
NOTIC: [8] Use of undefined constant text - assumed 'text' F:\ease\php_lesson\14\source\wysc\Lib\Action\Admin\BrandAction.class.php 第 100 行.
NOTIC: [8] Use of undefined constant brandname - assumed 'brandname' F:\ease\php_lesson\14\source\wysc\Lib\Action\Admin\BrandAction.class.php 第 100 行.

[ 2017-02-24T17:04:38+08:00 ] 0.0.0.0 /wysc/admin-category-combotreejson.html
INFO: [ app_begin ] --START--
INFO: ReadHtmlCache Behavior ::run [ RunTime:0.000000s ]
INFO: [ app_begin ] --END-- [ RunTime:0.001000s ]
SQL: SHOW COLUMNS FROM `category` [ RunTime:0.007000s ]
SQL: SELECT COUNT(*) AS tp_count FROM `category` WHERE ( pid='0' ) LIMIT 1   [ RunTime:0.001000s ]
SQL: SELECT * FROM `category` WHERE ( pid='0' )  [ RunTime:0.001000s ]
NOTIC: [8] Use of undefined constant id - assumed 'id' F:\ease\php_lesson\14\source\wysc\Lib\Model\CategoryModel.class.php 第 99 行.
NOTIC: [8] Use of undefined constant id - assumed 'id' F:\ease\php_lesson\14\source\wysc\Lib\Model\CategoryModel.class.php 第 99 行.
NOTIC: [8] Use of undefined constant text - assumed 'text' F:\ease\php_lesson\14\source\wysc\Lib\Model\CategoryModel.class.php 第 100 行.
NOTIC: [8] Use of undefined constant catname - assumed 'catname' F:\ease\php_lesson\14\source\wysc\Lib\Model\CategoryModel.class.php 第 100 行.
SQL: SELECT COUNT(*) AS tp_count FROM `category` WHERE ( pid='1' ) LIMIT 1   [ RunTime:0.000000s ]
NOTIC: [8] Use of undefined constant id - assumed 'id' F:\ease\php_lesson\14\source\wysc\Lib\Model\CategoryModel.class.php 第 104 行.
SQL: SELECT COUNT(*) AS tp_count FROM `category` WHERE ( pid='1' ) LIMIT 1   [ RunTime:0.000000s ]
SQL: SELECT * FROM `category` WHERE ( pid='1' )  [ RunTime:0.001000s ]
NOTIC: [8] Use of undefined constant id - assumed 'id' F:\ease\php_lesson\14\source\wysc\Lib\Model\CategoryModel.class.php 第 99 行.
NOTIC: [8] Use of undefined constant id - assumed 'id' F:\ease\php_lesson\14\source\wysc\Lib\Model\CategoryModel.class.php 第 99 行.
NOTIC: [8] Use of undefined constant text - assumed 'text' F:\ease\php_lesson\14\source\wysc\Lib\Model\CategoryModel.class.php 第 100 行.
NOTIC: [8] Use of undefined constant catname - assumed 'catname' F:\ease\php_lesson\14\source\wysc\Lib\Model\CategoryModel.class.php 第 100 行.
SQL: SELECT COUNT(*) AS tp_count FROM `category` WHERE ( pid='8' ) LIMIT 1   [ RunTime:0.001000s ]
NOTIC: [8] Use of undefined constant id - assumed 'id' F:\ease\php_lesson\14\source\wysc\Lib\Model\CategoryModel.class.php 第 104 行.
SQL: SELECT COUNT(*) AS tp_count FROM `category` WHERE ( pid='8' ) LIMIT 1   [ RunTime:0.000000s ]
SQL: SELECT * FROM `category` WHERE ( pid='8' )  [ RunTime:0.000000s ]
NOTIC: [8] Use of undefined constant id - assumed 'id' F:\ease\php_lesson\14\source\wysc\Lib\Model\CategoryModel.class.php 第 99 行.
NOTIC: [8] Use of undefined constant id - assumed 'id' F:\ease\php_lesson\14\source\wysc\Lib\Model\CategoryModel.class.php 第 99 行.
NOTIC: [8] Use of undefined constant text - assumed 'text' F:\ease\php_lesson\14\source\wysc\Lib\Model\CategoryModel.class.php 第 100 行.
NOTIC: [8] Use of undefined constant catname - assumed 'catname' F:\ease\php_lesson\14\source\wysc\Lib\Model\CategoryModel.class.php 第 100 行.
SQL: SELECT COUNT(*) AS tp_count FROM `category` WHERE ( pid='13' ) LIMIT 1   [ RunTime:0.001000s ]
NOTIC: [8] Use of undefined constant id - assumed 'id' F:\ease\php_lesson\14\source\wysc\Lib\Model\CategoryModel.class.php 第 99 行.
NOTIC: [8] Use of undefined constant id - assumed 'id' F:\ease\php_lesson\14\source\wysc\Lib\Model\CategoryModel.class.php 第 99 行.
NOTIC: [8] Use of undefined constant text - assumed 'text' F:\ease\php_lesson\14\source\wysc\Lib\Model\CategoryModel.class.php 第 100 行.
NOTIC: [8] Use of undefined constant catname - assumed 'catname' F:\ease\php_lesson\14\source\wysc\Lib\Model\CategoryModel.class.php 第 100 行.
SQL: SELECT COUNT(*) AS tp_count FROM `category` WHERE ( pid='15' ) LIMIT 1   [ RunTime:0.000000s ]
NOTIC: [8] Use of undefined constant id - assumed 'id' F:\ease\php_lesson\14\source\wysc\Lib\Model\CategoryModel.class.php 第 99 行.
NOTIC: [8] Use of undefined constant id - assumed 'id' F:\ease\php_lesson\14\source\wysc\Lib\Model\CategoryModel.class.php 第 99 行.
NOTIC: [8] Use of undefined constant text - assumed 'text' F:\ease\php_lesson\14\source\wysc\Lib\Model\CategoryModel.class.php 第 100 行.
NOTIC: [8] Use of undefined constant catname - assumed 'catname' F:\ease\php_lesson\14\source\wysc\Lib\Model\CategoryModel.class.php 第 100 行.
SQL: SELECT COUNT(*) AS tp_count FROM `category` WHERE ( pid='9' ) LIMIT 1   [ RunTime:0.000000s ]
NOTIC: [8] Use of undefined constant id - assumed 'id' F:\ease\php_lesson\14\source\wysc\Lib\Model\CategoryModel.class.php 第 99 行.
NOTIC: [8] Use of undefined constant id - assumed 'id' F:\ease\php_lesson\14\source\wysc\Lib\Model\CategoryModel.class.php 第 99 行.
NOTIC: [8] Use of undefined constant text - assumed 'text' F:\ease\php_lesson\14\source\wysc\Lib\Model\CategoryModel.class.php 第 100 行.
NOTIC: [8] Use of undefined constant catname - assumed 'catname' F:\ease\php_lesson\14\source\wysc\Lib\Model\CategoryModel.class.php 第 100 行.
SQL: SELECT COUNT(*) AS tp_count FROM `category` WHERE ( pid='10' ) LIMIT 1   [ RunTime:0.001000s ]
NOTIC: [8] Use of undefined constant id - assumed 'id' F:\ease\php_lesson\14\source\wysc\Lib\Model\CategoryModel.class.php 第 99 行.
NOTIC: [8] Use of undefined constant id - assumed 'id' F:\ease\php_lesson\14\source\wysc\Lib\Model\CategoryModel.class.php 第 99 行.
NOTIC: [8] Use of undefined constant text - assumed 'text' F:\ease\php_lesson\14\source\wysc\Lib\Model\CategoryModel.class.php 第 100 行.
NOTIC: [8] Use of undefined constant catname - assumed 'catname' F:\ease\php_lesson\14\source\wysc\Lib\Model\CategoryModel.class.php 第 100 行.
SQL: SELECT COUNT(*) AS tp_count FROM `category` WHERE ( pid='11' ) LIMIT 1   [ RunTime:0.000000s ]
NOTIC: [8] Use of undefined constant id - assumed 'id' F:\ease\php_lesson\14\source\wysc\Lib\Model\CategoryModel.class.php 第 99 行.
NOTIC: [8] Use of undefined constant id - assumed 'id' F:\ease\php_lesson\14\source\wysc\Lib\Model\CategoryModel.class.php 第 99 行.
NOTIC: [8] Use of undefined constant text - assumed 'text' F:\ease\php_lesson\14\source\wysc\Lib\Model\CategoryModel.class.php 第 100 行.
NOTIC: [8] Use of undefined constant catname - assumed 'catname' F:\ease\php_lesson\14\source\wysc\Lib\Model\CategoryModel.class.php 第 100 行.
SQL: SELECT COUNT(*) AS tp_count FROM `category` WHERE ( pid='12' ) LIMIT 1   [ RunTime:0.000000s ]
NOTIC: [8] Use of undefined constant id - assumed 'id' F:\ease\php_lesson\14\source\wysc\Lib\Model\CategoryModel.class.php 第 99 行.
NOTIC: [8] Use of undefined constant id - assumed 'id' F:\ease\php_lesson\14\source\wysc\Lib\Model\CategoryModel.class.php 第 99 行.
NOTIC: [8] Use of undefined constant text - assumed 'text' F:\ease\php_lesson\14\source\wysc\Lib\Model\CategoryModel.class.php 第 100 行.
NOTIC: [8] Use of undefined constant catname - assumed 'catname' F:\ease\php_lesson\14\source\wysc\Lib\Model\CategoryModel.class.php 第 100 行.
SQL: SELECT COUNT(*) AS tp_count FROM `category` WHERE ( pid='2' ) LIMIT 1   [ RunTime:0.000000s ]
NOTIC: [8] Use of undefined constant id - assumed 'id' F:\ease\php_lesson\14\source\wysc\Lib\Model\CategoryModel.class.php 第 99 行.
NOTIC: [8] Use of undefined constant id - assumed 'id' F:\ease\php_lesson\14\source\wysc\Lib\Model\CategoryModel.class.php 第 99 行.
NOTIC: [8] Use of undefined constant text - assumed 'text' F:\ease\php_lesson\14\source\wysc\Lib\Model\CategoryModel.class.php 第 100 行.
NOTIC: [8] Use of undefined constant catname - assumed 'catname' F:\ease\php_lesson\14\source\wysc\Lib\Model\CategoryModel.class.php 第 100 行.
SQL: SELECT COUNT(*) AS tp_count FROM `category` WHERE ( pid='3' ) LIMIT 1   [ RunTime:0.001000s ]
NOTIC: [8] Use of undefined constant id - assumed 'id' F:\ease\php_lesson\14\source\wysc\Lib\Model\CategoryModel.class.php 第 99 行.
NOTIC: [8] Use of undefined constant id - assumed 'id' F:\ease\php_lesson\14\source\wysc\Lib\Model\CategoryModel.class.php 第 99 行.
NOTIC: [8] Use of undefined constant text - assumed 'text' F:\ease\php_lesson\14\source\wysc\Lib\Model\CategoryModel.class.php 第 100 行.
NOTIC: [8] Use of undefined constant catname - assumed 'catname' F:\ease\php_lesson\14\source\wysc\Lib\Model\CategoryModel.class.php 第 100 行.
SQL: SELECT COUNT(*) AS tp_count FROM `category` WHERE ( pid='4' ) LIMIT 1   [ RunTime:0.000000s ]
NOTIC: [8] Use of undefined constant id - assumed 'id' F:\ease\php_lesson\14\source\wysc\Lib\Model\CategoryModel.class.php 第 99 行.
NOTIC: [8] Use of undefined constant id - assumed 'id' F:\ease\php_lesson\14\source\wysc\Lib\Model\CategoryModel.class.php 第 99 行.
NOTIC: [8] Use of undefined constant text - assumed 'text' F:\ease\php_lesson\14\source\wysc\Lib\Model\CategoryModel.class.php 第 100 行.
NOTIC: [8] Use of undefined constant catname - assumed 'catname' F:\ease\php_lesson\14\source\wysc\Lib\Model\CategoryModel.class.php 第 100 行.
SQL: SELECT COUNT(*) AS tp_count FROM `category` WHERE ( pid='5' ) LIMIT 1   [ RunTime:0.000000s ]
NOTIC: [8] Use of undefined constant id - assumed 'id' F:\ease\php_lesson\14\source\wysc\Lib\Model\CategoryModel.class.php 第 99 行.
NOTIC: [8] Use of undefined constant id - assumed 'id' F:\ease\php_lesson\14\source\wysc\Lib\Model\CategoryModel.class.php 第 99 行.
NOTIC: [8] Use of undefined constant text - assumed 'text' F:\ease\php_lesson\14\source\wysc\Lib\Model\CategoryModel.class.php 第 100 行.
NOTIC: [8] Use of undefined constant catname - assumed 'catname' F:\ease\php_lesson\14\source\wysc\Lib\Model\CategoryModel.class.php 第 100 行.
SQL: SELECT COUNT(*) AS tp_count FROM `category` WHERE ( pid='6' ) LIMIT 1   [ RunTime:0.001000s ]
NOTIC: [8] Use of undefined constant id - assumed 'id' F:\ease\php_lesson\14\source\wysc\Lib\Model\CategoryModel.class.php 第 99 行.
NOTIC: [8] Use of undefined constant id - assumed 'id' F:\ease\php_lesson\14\source\wysc\Lib\Model\CategoryModel.class.php 第 99 行.
NOTIC: [8] Use of undefined constant text - assumed 'text' F:\ease\php_lesson\14\source\wysc\Lib\Model\CategoryModel.class.php 第 100 行.
NOTIC: [8] Use of undefined constant catname - assumed 'catname' F:\ease\php_lesson\14\source\wysc\Lib\Model\CategoryModel.class.php 第 100 行.
SQL: SELECT COUNT(*) AS tp_count FROM `category` WHERE ( pid='7' ) LIMIT 1   [ RunTime:0.000000s ]

[ 2017-02-24T17:05:02+08:00 ] 0.0.0.0 /wysc/admin-category-combotreejson.html
INFO: [ app_begin ] --START--
INFO: ReadHtmlCache Behavior ::run [ RunTime:0.001000s ]
INFO: [ app_begin ] --END-- [ RunTime:0.001000s ]
SQL: SHOW COLUMNS FROM `category` [ RunTime:0.008001s ]
SQL: SELECT COUNT(*) AS tp_count FROM `category` WHERE ( pid='0' ) LIMIT 1   [ RunTime:0.000000s ]
SQL: SELECT * FROM `category` WHERE ( pid='0' )  [ RunTime:0.000000s ]
NOTIC: [8] Use of undefined constant id - assumed 'id' F:\ease\php_lesson\14\source\wysc\Lib\Model\CategoryModel.class.php 第 99 行.
NOTIC: [8] Use of undefined constant id - assumed 'id' F:\ease\php_lesson\14\source\wysc\Lib\Model\CategoryModel.class.php 第 99 行.
NOTIC: [8] Use of undefined constant text - assumed 'text' F:\ease\php_lesson\14\source\wysc\Lib\Model\CategoryModel.class.php 第 100 行.
NOTIC: [8] Use of undefined constant catname - assumed 'catname' F:\ease\php_lesson\14\source\wysc\Lib\Model\CategoryModel.class.php 第 100 行.
SQL: SELECT COUNT(*) AS tp_count FROM `category` WHERE ( pid='1' ) LIMIT 1   [ RunTime:0.000000s ]
NOTIC: [8] Use of undefined constant id - assumed 'id' F:\ease\php_lesson\14\source\wysc\Lib\Model\CategoryModel.class.php 第 104 行.
SQL: SELECT COUNT(*) AS tp_count FROM `category` WHERE ( pid='1' ) LIMIT 1   [ RunTime:0.001000s ]
SQL: SELECT * FROM `category` WHERE ( pid='1' )  [ RunTime:0.001000s ]
NOTIC: [8] Use of undefined constant id - assumed 'id' F:\ease\php_lesson\14\source\wysc\Lib\Model\CategoryModel.class.php 第 99 行.
NOTIC: [8] Use of undefined constant id - assumed 'id' F:\ease\php_lesson\14\source\wysc\Lib\Model\CategoryModel.class.php 第 99 行.
NOTIC: [8] Use of undefined constant text - assumed 'text' F:\ease\php_lesson\14\source\wysc\Lib\Model\CategoryModel.class.php 第 100 行.
NOTIC: [8] Use of undefined constant catname - assumed 'catname' F:\ease\php_lesson\14\source\wysc\Lib\Model\CategoryModel.class.php 第 100 行.
SQL: SELECT COUNT(*) AS tp_count FROM `category` WHERE ( pid='8' ) LIMIT 1   [ RunTime:0.001000s ]
NOTIC: [8] Use of undefined constant id - assumed 'id' F:\ease\php_lesson\14\source\wysc\Lib\Model\CategoryModel.class.php 第 104 行.
SQL: SELECT COUNT(*) AS tp_count FROM `category` WHERE ( pid='8' ) LIMIT 1   [ RunTime:0.001000s ]
SQL: SELECT * FROM `category` WHERE ( pid='8' )  [ RunTime:0.000000s ]
NOTIC: [8] Use of undefined constant id - assumed 'id' F:\ease\php_lesson\14\source\wysc\Lib\Model\CategoryModel.class.php 第 99 行.
NOTIC: [8] Use of undefined constant id - assumed 'id' F:\ease\php_lesson\14\source\wysc\Lib\Model\CategoryModel.class.php 第 99 行.
NOTIC: [8] Use of undefined constant text - assumed 'text' F:\ease\php_lesson\14\source\wysc\Lib\Model\CategoryModel.class.php 第 100 行.
NOTIC: [8] Use of undefined constant catname - assumed 'catname' F:\ease\php_lesson\14\source\wysc\Lib\Model\CategoryModel.class.php 第 100 行.
SQL: SELECT COUNT(*) AS tp_count FROM `category` WHERE ( pid='13' ) LIMIT 1   [ RunTime:0.000000s ]
NOTIC: [8] Use of undefined constant id - assumed 'id' F:\ease\php_lesson\14\source\wysc\Lib\Model\CategoryModel.class.php 第 99 行.
NOTIC: [8] Use of undefined constant id - assumed 'id' F:\ease\php_lesson\14\source\wysc\Lib\Model\CategoryModel.class.php 第 99 行.
NOTIC: [8] Use of undefined constant text - assumed 'text' F:\ease\php_lesson\14\source\wysc\Lib\Model\CategoryModel.class.php 第 100 行.
NOTIC: [8] Use of undefined constant catname - assumed 'catname' F:\ease\php_lesson\14\source\wysc\Lib\Model\CategoryModel.class.php 第 100 行.
SQL: SELECT COUNT(*) AS tp_count FROM `category` WHERE ( pid='15' ) LIMIT 1   [ RunTime:0.000000s ]
NOTIC: [8] Use of undefined constant id - assumed 'id' F:\ease\php_lesson\14\source\wysc\Lib\Model\CategoryModel.class.php 第 99 行.
NOTIC: [8] Use of undefined constant id - assumed 'id' F:\ease\php_lesson\14\source\wysc\Lib\Model\CategoryModel.class.php 第 99 行.
NOTIC: [8] Use of undefined constant text - assumed 'text' F:\ease\php_lesson\14\source\wysc\Lib\Model\CategoryModel.class.php 第 100 行.
NOTIC: [8] Use of undefined constant catname - assumed 'catname' F:\ease\php_lesson\14\source\wysc\Lib\Model\CategoryModel.class.php 第 100 行.
SQL: SELECT COUNT(*) AS tp_count FROM `category` WHERE ( pid='9' ) LIMIT 1   [ RunTime:0.000000s ]
NOTIC: [8] Use of undefined constant id - assumed 'id' F:\ease\php_lesson\14\source\wysc\Lib\Model\CategoryModel.class.php 第 99 行.
NOTIC: [8] Use of undefined constant id - assumed 'id' F:\ease\php_lesson\14\source\wysc\Lib\Model\CategoryModel.class.php 第 99 行.
NOTIC: [8] Use of undefined constant text - assumed 'text' F:\ease\php_lesson\14\source\wysc\Lib\Model\CategoryModel.class.php 第 100 行.
NOTIC: [8] Use of undefined constant catname - assumed 'catname' F:\ease\php_lesson\14\source\wysc\Lib\Model\CategoryModel.class.php 第 100 行.
SQL: SELECT COUNT(*) AS tp_count FROM `category` WHERE ( pid='10' ) LIMIT 1   [ RunTime:0.000000s ]
NOTIC: [8] Use of undefined constant id - assumed 'id' F:\ease\php_lesson\14\source\wysc\Lib\Model\CategoryModel.class.php 第 99 行.
NOTIC: [8] Use of undefined constant id - assumed 'id' F:\ease\php_lesson\14\source\wysc\Lib\Model\CategoryModel.class.php 第 99 行.
NOTIC: [8] Use of undefined constant text - assumed 'text' F:\ease\php_lesson\14\source\wysc\Lib\Model\CategoryModel.class.php 第 100 行.
NOTIC: [8] Use of undefined constant catname - assumed 'catname' F:\ease\php_lesson\14\source\wysc\Lib\Model\CategoryModel.class.php 第 100 行.
SQL: SELECT COUNT(*) AS tp_count FROM `category` WHERE ( pid='11' ) LIMIT 1   [ RunTime:0.000000s ]
NOTIC: [8] Use of undefined constant id - assumed 'id' F:\ease\php_lesson\14\source\wysc\Lib\Model\CategoryModel.class.php 第 99 行.
NOTIC: [8] Use of undefined constant id - assumed 'id' F:\ease\php_lesson\14\source\wysc\Lib\Model\CategoryModel.class.php 第 99 行.
NOTIC: [8] Use of undefined constant text - assumed 'text' F:\ease\php_lesson\14\source\wysc\Lib\Model\CategoryModel.class.php 第 100 行.
NOTIC: [8] Use of undefined constant catname - assumed 'catname' F:\ease\php_lesson\14\source\wysc\Lib\Model\CategoryModel.class.php 第 100 行.
SQL: SELECT COUNT(*) AS tp_count FROM `category` WHERE ( pid='12' ) LIMIT 1   [ RunTime:0.000000s ]
NOTIC: [8] Use of undefined constant id - assumed 'id' F:\ease\php_lesson\14\source\wysc\Lib\Model\CategoryModel.class.php 第 99 行.
NOTIC: [8] Use of undefined constant id - assumed 'id' F:\ease\php_lesson\14\source\wysc\Lib\Model\CategoryModel.class.php 第 99 行.
NOTIC: [8] Use of undefined constant text - assumed 'text' F:\ease\php_lesson\14\source\wysc\Lib\Model\CategoryModel.class.php 第 100 行.
NOTIC: [8] Use of undefined constant catname - assumed 'catname' F:\ease\php_lesson\14\source\wysc\Lib\Model\CategoryModel.class.php 第 100 行.
SQL: SELECT COUNT(*) AS tp_count FROM `category` WHERE ( pid='2' ) LIMIT 1   [ RunTime:0.001001s ]
NOTIC: [8] Use of undefined constant id - assumed 'id' F:\ease\php_lesson\14\source\wysc\Lib\Model\CategoryModel.class.php 第 99 行.
NOTIC: [8] Use of undefined constant id - assumed 'id' F:\ease\php_lesson\14\source\wysc\Lib\Model\CategoryModel.class.php 第 99 行.
NOTIC: [8] Use of undefined constant text - assumed 'text' F:\ease\php_lesson\14\source\wysc\Lib\Model\CategoryModel.class.php 第 100 行.
NOTIC: [8] Use of undefined constant catname - assumed 'catname' F:\ease\php_lesson\14\source\wysc\Lib\Model\CategoryModel.class.php 第 100 行.
SQL: SELECT COUNT(*) AS tp_count FROM `category` WHERE ( pid='3' ) LIMIT 1   [ RunTime:0.001000s ]
NOTIC: [8] Use of undefined constant id - assumed 'id' F:\ease\php_lesson\14\source\wysc\Lib\Model\CategoryModel.class.php 第 99 行.
NOTIC: [8] Use of undefined constant id - assumed 'id' F:\ease\php_lesson\14\source\wysc\Lib\Model\CategoryModel.class.php 第 99 行.
NOTIC: [8] Use of undefined constant text - assumed 'text' F:\ease\php_lesson\14\source\wysc\Lib\Model\CategoryModel.class.php 第 100 行.
NOTIC: [8] Use of undefined constant catname - assumed 'catname' F:\ease\php_lesson\14\source\wysc\Lib\Model\CategoryModel.class.php 第 100 行.
SQL: SELECT COUNT(*) AS tp_count FROM `category` WHERE ( pid='4' ) LIMIT 1   [ RunTime:0.001000s ]
NOTIC: [8] Use of undefined constant id - assumed 'id' F:\ease\php_lesson\14\source\wysc\Lib\Model\CategoryModel.class.php 第 99 行.
NOTIC: [8] Use of undefined constant id - assumed 'id' F:\ease\php_lesson\14\source\wysc\Lib\Model\CategoryModel.class.php 第 99 行.
NOTIC: [8] Use of undefined constant text - assumed 'text' F:\ease\php_lesson\14\source\wysc\Lib\Model\CategoryModel.class.php 第 100 行.
NOTIC: [8] Use of undefined constant catname - assumed 'catname' F:\ease\php_lesson\14\source\wysc\Lib\Model\CategoryModel.class.php 第 100 行.
SQL: SELECT COUNT(*) AS tp_count FROM `category` WHERE ( pid='5' ) LIMIT 1   [ RunTime:0.001000s ]
NOTIC: [8] Use of undefined constant id - assumed 'id' F:\ease\php_lesson\14\source\wysc\Lib\Model\CategoryModel.class.php 第 99 行.
NOTIC: [8] Use of undefined constant id - assumed 'id' F:\ease\php_lesson\14\source\wysc\Lib\Model\CategoryModel.class.php 第 99 行.
NOTIC: [8] Use of undefined constant text - assumed 'text' F:\ease\php_lesson\14\source\wysc\Lib\Model\CategoryModel.class.php 第 100 行.
NOTIC: [8] Use of undefined constant catname - assumed 'catname' F:\ease\php_lesson\14\source\wysc\Lib\Model\CategoryModel.class.php 第 100 行.
SQL: SELECT COUNT(*) AS tp_count FROM `category` WHERE ( pid='6' ) LIMIT 1   [ RunTime:0.001000s ]
NOTIC: [8] Use of undefined constant id - assumed 'id' F:\ease\php_lesson\14\source\wysc\Lib\Model\CategoryModel.class.php 第 99 行.
NOTIC: [8] Use of undefined constant id - assumed 'id' F:\ease\php_lesson\14\source\wysc\Lib\Model\CategoryModel.class.php 第 99 行.
NOTIC: [8] Use of undefined constant text - assumed 'text' F:\ease\php_lesson\14\source\wysc\Lib\Model\CategoryModel.class.php 第 100 行.
NOTIC: [8] Use of undefined constant catname - assumed 'catname' F:\ease\php_lesson\14\source\wysc\Lib\Model\CategoryModel.class.php 第 100 行.
SQL: SELECT COUNT(*) AS tp_count FROM `category` WHERE ( pid='7' ) LIMIT 1   [ RunTime:0.001000s ]

