[ 2017-04-20T11:07:35+08:00 ] 0.0.0.0 /wysc/admin-rbac-treegridjson.html
INFO: [ app_begin ] --START--
INFO: ReadHtmlCache Behavior ::run [ RunTime:0.000000s ]
INFO: [ app_begin ] --END-- [ RunTime:0.001000s ]
NOTIC: [8192] Call-time pass-by-reference has been deprecated F:\ease\php_lesson\14\source\wysc\Lib\Action\Admin\RbacAction.class.php 第 309 行.
NOTIC: [8192] Call-time pass-by-reference has been deprecated F:\ease\php_lesson\14\source\wysc\Lib\Action\Admin\RbacAction.class.php 第 326 行.
NOTIC: [8192] Call-time pass-by-reference has been deprecated F:\ease\php_lesson\14\source\wysc\Lib\Action\Admin\RbacAction.class.php 第 336 行.
NOTIC: [8192] Call-time pass-by-reference has been deprecated F:\ease\php_lesson\14\source\wysc\Lib\Action\Admin\RbacAction.class.php 第 347 行.
SQL: SHOW COLUMNS FROM `node` [ RunTime:0.056004s ]
SQL: SELECT COUNT(*) AS tp_count FROM `node` WHERE ( pid='0' and level<999 ) LIMIT 1   [ RunTime:0.000000s ]
SQL: SELECT * FROM `node` WHERE ( pid='0' and level<999 )  [ RunTime:0.000000s ]
SQL: SELECT COUNT(*) AS tp_count FROM `node` WHERE ( pid='1' and level<999 ) LIMIT 1   [ RunTime:0.000000s ]
NOTIC: [8] Use of undefined constant id - assumed 'id' F:\ease\php_lesson\14\source\wysc\Lib\Model\NodeModel.class.php 第 83 行.
SQL: SELECT COUNT(*) AS tp_count FROM `node` WHERE ( pid='1' and level<999 ) LIMIT 1   [ RunTime:0.000000s ]
SQL: SELECT * FROM `node` WHERE ( pid='1' and level<999 )  [ RunTime:0.000000s ]
SQL: SELECT COUNT(*) AS tp_count FROM `node` WHERE ( pid='5' and level<999 ) LIMIT 1   [ RunTime:0.000000s ]
NOTIC: [8] Use of undefined constant id - assumed 'id' F:\ease\php_lesson\14\source\wysc\Lib\Model\NodeModel.class.php 第 83 行.
SQL: SELECT COUNT(*) AS tp_count FROM `node` WHERE ( pid='5' and level<999 ) LIMIT 1   [ RunTime:0.000000s ]
SQL: SELECT * FROM `node` WHERE ( pid='5' and level<999 )  [ RunTime:0.000000s ]
SQL: SELECT COUNT(*) AS tp_count FROM `node` WHERE ( pid='6' and level<999 ) LIMIT 1   [ RunTime:0.001000s ]
SQL: SELECT COUNT(*) AS tp_count FROM `node` WHERE ( pid='8' and level<999 ) LIMIT 1   [ RunTime:0.000000s ]
SQL: SELECT COUNT(*) AS tp_count FROM `node` WHERE ( pid='9' and level<999 ) LIMIT 1   [ RunTime:0.000000s ]
SQL: SELECT COUNT(*) AS tp_count FROM `node` WHERE ( pid='10' and level<999 ) LIMIT 1   [ RunTime:0.000000s ]
SQL: SELECT COUNT(*) AS tp_count FROM `node` WHERE ( pid='11' and level<999 ) LIMIT 1   [ RunTime:0.000000s ]
SQL: SELECT COUNT(*) AS tp_count FROM `node` WHERE ( pid='12' and level<999 ) LIMIT 1   [ RunTime:0.000000s ]
SQL: SELECT COUNT(*) AS tp_count FROM `node` WHERE ( pid='13' and level<999 ) LIMIT 1   [ RunTime:0.000000s ]
SQL: SELECT COUNT(*) AS tp_count FROM `node` WHERE ( pid='14' and level<999 ) LIMIT 1   [ RunTime:0.001000s ]
SQL: SELECT COUNT(*) AS tp_count FROM `node` WHERE ( pid='15' and level<999 ) LIMIT 1   [ RunTime:0.000000s ]
SQL: SELECT COUNT(*) AS tp_count FROM `node` WHERE ( pid='16' and level<999 ) LIMIT 1   [ RunTime:0.000000s ]
NOTIC: [8] Use of undefined constant id - assumed 'id' F:\ease\php_lesson\14\source\wysc\Lib\Model\NodeModel.class.php 第 83 行.
SQL: SELECT COUNT(*) AS tp_count FROM `node` WHERE ( pid='16' and level<999 ) LIMIT 1   [ RunTime:0.001000s ]
SQL: SELECT * FROM `node` WHERE ( pid='16' and level<999 )  [ RunTime:0.000000s ]
SQL: SELECT COUNT(*) AS tp_count FROM `node` WHERE ( pid='17' and level<999 ) LIMIT 1   [ RunTime:0.000000s ]
SQL: SELECT COUNT(*) AS tp_count FROM `node` WHERE ( pid='18' and level<999 ) LIMIT 1   [ RunTime:0.000000s ]
SQL: SELECT COUNT(*) AS tp_count FROM `node` WHERE ( pid='19' and level<999 ) LIMIT 1   [ RunTime:0.000000s ]
SQL: SELECT COUNT(*) AS tp_count FROM `node` WHERE ( pid='20' and level<999 ) LIMIT 1   [ RunTime:0.000000s ]
SQL: SELECT COUNT(*) AS tp_count FROM `node` WHERE ( pid='62' and level<999 ) LIMIT 1   [ RunTime:0.000000s ]
SQL: SELECT COUNT(*) AS tp_count FROM `node` WHERE ( pid='21' and level<999 ) LIMIT 1   [ RunTime:0.001000s ]
NOTIC: [8] Use of undefined constant id - assumed 'id' F:\ease\php_lesson\14\source\wysc\Lib\Model\NodeModel.class.php 第 83 行.
SQL: SELECT COUNT(*) AS tp_count FROM `node` WHERE ( pid='21' and level<999 ) LIMIT 1   [ RunTime:0.000000s ]
SQL: SELECT * FROM `node` WHERE ( pid='21' and level<999 )  [ RunTime:0.000000s ]
SQL: SELECT COUNT(*) AS tp_count FROM `node` WHERE ( pid='22' and level<999 ) LIMIT 1   [ RunTime:0.001000s ]
SQL: SELECT COUNT(*) AS tp_count FROM `node` WHERE ( pid='23' and level<999 ) LIMIT 1   [ RunTime:0.000000s ]
SQL: SELECT COUNT(*) AS tp_count FROM `node` WHERE ( pid='24' and level<999 ) LIMIT 1   [ RunTime:0.000000s ]
SQL: SELECT COUNT(*) AS tp_count FROM `node` WHERE ( pid='25' and level<999 ) LIMIT 1   [ RunTime:0.001000s ]
SQL: SELECT COUNT(*) AS tp_count FROM `node` WHERE ( pid='26' and level<999 ) LIMIT 1   [ RunTime:0.000000s ]
NOTIC: [8] Use of undefined constant id - assumed 'id' F:\ease\php_lesson\14\source\wysc\Lib\Model\NodeModel.class.php 第 83 行.
SQL: SELECT COUNT(*) AS tp_count FROM `node` WHERE ( pid='26' and level<999 ) LIMIT 1   [ RunTime:0.000000s ]
SQL: SELECT * FROM `node` WHERE ( pid='26' and level<999 )  [ RunTime:0.001000s ]
SQL: SELECT COUNT(*) AS tp_count FROM `node` WHERE ( pid='27' and level<999 ) LIMIT 1   [ RunTime:0.000000s ]
SQL: SELECT COUNT(*) AS tp_count FROM `node` WHERE ( pid='28' and level<999 ) LIMIT 1   [ RunTime:0.000000s ]
SQL: SELECT COUNT(*) AS tp_count FROM `node` WHERE ( pid='29' and level<999 ) LIMIT 1   [ RunTime:0.000000s ]
SQL: SELECT COUNT(*) AS tp_count FROM `node` WHERE ( pid='30' and level<999 ) LIMIT 1   [ RunTime:0.000000s ]
SQL: SELECT COUNT(*) AS tp_count FROM `node` WHERE ( pid='31' and level<999 ) LIMIT 1   [ RunTime:0.000000s ]
NOTIC: [8] Use of undefined constant id - assumed 'id' F:\ease\php_lesson\14\source\wysc\Lib\Model\NodeModel.class.php 第 83 行.
SQL: SELECT COUNT(*) AS tp_count FROM `node` WHERE ( pid='31' and level<999 ) LIMIT 1   [ RunTime:0.000000s ]
SQL: SELECT * FROM `node` WHERE ( pid='31' and level<999 )  [ RunTime:0.001000s ]
SQL: SELECT COUNT(*) AS tp_count FROM `node` WHERE ( pid='32' and level<999 ) LIMIT 1   [ RunTime:0.000000s ]
SQL: SELECT COUNT(*) AS tp_count FROM `node` WHERE ( pid='33' and level<999 ) LIMIT 1   [ RunTime:0.000000s ]
SQL: SELECT COUNT(*) AS tp_count FROM `node` WHERE ( pid='34' and level<999 ) LIMIT 1   [ RunTime:0.000000s ]
SQL: SELECT COUNT(*) AS tp_count FROM `node` WHERE ( pid='35' and level<999 ) LIMIT 1   [ RunTime:0.001000s ]
SQL: SELECT COUNT(*) AS tp_count FROM `node` WHERE ( pid='36' and level<999 ) LIMIT 1   [ RunTime:0.000000s ]
NOTIC: [8] Use of undefined constant id - assumed 'id' F:\ease\php_lesson\14\source\wysc\Lib\Model\NodeModel.class.php 第 83 行.
SQL: SELECT COUNT(*) AS tp_count FROM `node` WHERE ( pid='36' and level<999 ) LIMIT 1   [ RunTime:0.000000s ]
SQL: SELECT * FROM `node` WHERE ( pid='36' and level<999 )  [ RunTime:0.001000s ]
SQL: SELECT COUNT(*) AS tp_count FROM `node` WHERE ( pid='37' and level<999 ) LIMIT 1   [ RunTime:0.000000s ]
SQL: SELECT COUNT(*) AS tp_count FROM `node` WHERE ( pid='38' and level<999 ) LIMIT 1   [ RunTime:0.000000s ]
SQL: SELECT COUNT(*) AS tp_count FROM `node` WHERE ( pid='39' and level<999 ) LIMIT 1   [ RunTime:0.000000s ]
SQL: SELECT COUNT(*) AS tp_count FROM `node` WHERE ( pid='40' and level<999 ) LIMIT 1   [ RunTime:0.001000s ]
SQL: SELECT COUNT(*) AS tp_count FROM `node` WHERE ( pid='41' and level<999 ) LIMIT 1   [ RunTime:0.000000s ]
SQL: SELECT COUNT(*) AS tp_count FROM `node` WHERE ( pid='42' and level<999 ) LIMIT 1   [ RunTime:0.000000s ]
NOTIC: [8] Use of undefined constant id - assumed 'id' F:\ease\php_lesson\14\source\wysc\Lib\Model\NodeModel.class.php 第 83 行.
SQL: SELECT COUNT(*) AS tp_count FROM `node` WHERE ( pid='42' and level<999 ) LIMIT 1   [ RunTime:0.001001s ]
SQL: SELECT * FROM `node` WHERE ( pid='42' and level<999 )  [ RunTime:0.000000s ]
SQL: SELECT COUNT(*) AS tp_count FROM `node` WHERE ( pid='43' and level<999 ) LIMIT 1   [ RunTime:0.000000s ]
SQL: SELECT COUNT(*) AS tp_count FROM `node` WHERE ( pid='44' and level<999 ) LIMIT 1   [ RunTime:0.000000s ]
SQL: SELECT COUNT(*) AS tp_count FROM `node` WHERE ( pid='45' and level<999 ) LIMIT 1   [ RunTime:0.000000s ]
SQL: SELECT COUNT(*) AS tp_count FROM `node` WHERE ( pid='46' and level<999 ) LIMIT 1   [ RunTime:0.001000s ]
SQL: SELECT COUNT(*) AS tp_count FROM `node` WHERE ( pid='47' and level<999 ) LIMIT 1   [ RunTime:0.000000s ]
NOTIC: [8] Use of undefined constant id - assumed 'id' F:\ease\php_lesson\14\source\wysc\Lib\Model\NodeModel.class.php 第 83 行.
SQL: SELECT COUNT(*) AS tp_count FROM `node` WHERE ( pid='47' and level<999 ) LIMIT 1   [ RunTime:0.000000s ]
SQL: SELECT * FROM `node` WHERE ( pid='47' and level<999 )  [ RunTime:0.000000s ]
SQL: SELECT COUNT(*) AS tp_count FROM `node` WHERE ( pid='48' and level<999 ) LIMIT 1   [ RunTime:0.000000s ]
SQL: SELECT COUNT(*) AS tp_count FROM `node` WHERE ( pid='49' and level<999 ) LIMIT 1   [ RunTime:0.000000s ]
SQL: SELECT COUNT(*) AS tp_count FROM `node` WHERE ( pid='50' and level<999 ) LIMIT 1   [ RunTime:0.000000s ]
SQL: SELECT COUNT(*) AS tp_count FROM `node` WHERE ( pid='51' and level<999 ) LIMIT 1   [ RunTime:0.001000s ]
SQL: SELECT COUNT(*) AS tp_count FROM `node` WHERE ( pid='52' and level<999 ) LIMIT 1   [ RunTime:0.000000s ]
SQL: SELECT COUNT(*) AS tp_count FROM `node` WHERE ( pid='53' and level<999 ) LIMIT 1   [ RunTime:0.000000s ]
SQL: SELECT COUNT(*) AS tp_count FROM `node` WHERE ( pid='54' and level<999 ) LIMIT 1   [ RunTime:0.001000s ]
SQL: SELECT COUNT(*) AS tp_count FROM `node` WHERE ( pid='55' and level<999 ) LIMIT 1   [ RunTime:0.000000s ]
SQL: SELECT COUNT(*) AS tp_count FROM `node` WHERE ( pid='56' and level<999 ) LIMIT 1   [ RunTime:0.000000s ]
SQL: SELECT COUNT(*) AS tp_count FROM `node` WHERE ( pid='57' and level<999 ) LIMIT 1   [ RunTime:0.001000s ]
SQL: SELECT COUNT(*) AS tp_count FROM `node` WHERE ( pid='58' and level<999 ) LIMIT 1   [ RunTime:0.000000s ]
SQL: SELECT COUNT(*) AS tp_count FROM `node` WHERE ( pid='59' and level<999 ) LIMIT 1   [ RunTime:0.000000s ]
SQL: SELECT COUNT(*) AS tp_count FROM `node` WHERE ( pid='60' and level<999 ) LIMIT 1   [ RunTime:0.000000s ]
SQL: SELECT COUNT(*) AS tp_count FROM `node` WHERE ( pid='61' and level<999 ) LIMIT 1   [ RunTime:0.000000s ]
SQL: SELECT COUNT(*) AS tp_count FROM `node` WHERE ( pid='63' and level<999 ) LIMIT 1   [ RunTime:0.000000s ]
NOTIC: [8] Use of undefined constant id - assumed 'id' F:\ease\php_lesson\14\source\wysc\Lib\Model\NodeModel.class.php 第 83 行.
SQL: SELECT COUNT(*) AS tp_count FROM `node` WHERE ( pid='63' and level<999 ) LIMIT 1   [ RunTime:0.000000s ]
SQL: SELECT * FROM `node` WHERE ( pid='63' and level<999 )  [ RunTime:0.001000s ]
SQL: SELECT COUNT(*) AS tp_count FROM `node` WHERE ( pid='64' and level<999 ) LIMIT 1   [ RunTime:0.000000s ]
SQL: SELECT COUNT(*) AS tp_count FROM `node` WHERE ( pid='65' and level<999 ) LIMIT 1   [ RunTime:0.000000s ]
SQL: SELECT COUNT(*) AS tp_count FROM `node` WHERE ( pid='66' and level<999 ) LIMIT 1   [ RunTime:0.000000s ]
SQL: SELECT COUNT(*) AS tp_count FROM `node` WHERE ( pid='67' and level<999 ) LIMIT 1   [ RunTime:0.000000s ]
SQL: SELECT COUNT(*) AS tp_count FROM `node` WHERE ( pid='68' and level<999 ) LIMIT 1   [ RunTime:0.000000s ]
NOTIC: [8] Use of undefined constant id - assumed 'id' F:\ease\php_lesson\14\source\wysc\Lib\Model\NodeModel.class.php 第 83 行.
SQL: SELECT COUNT(*) AS tp_count FROM `node` WHERE ( pid='68' and level<999 ) LIMIT 1   [ RunTime:0.000000s ]
SQL: SELECT * FROM `node` WHERE ( pid='68' and level<999 )  [ RunTime:0.001000s ]
SQL: SELECT COUNT(*) AS tp_count FROM `node` WHERE ( pid='69' and level<999 ) LIMIT 1   [ RunTime:0.000000s ]
SQL: SELECT COUNT(*) AS tp_count FROM `node` WHERE ( pid='70' and level<999 ) LIMIT 1   [ RunTime:0.000000s ]
SQL: SELECT COUNT(*) AS tp_count FROM `node` WHERE ( pid='71' and level<999 ) LIMIT 1   [ RunTime:0.001000s ]
SQL: SELECT COUNT(*) AS tp_count FROM `node` WHERE ( pid='72' and level<999 ) LIMIT 1   [ RunTime:0.000000s ]
SQL: SELECT COUNT(*) AS tp_count FROM `node` WHERE ( pid='73' and level<999 ) LIMIT 1   [ RunTime:0.000000s ]
NOTIC: [8] Use of undefined constant id - assumed 'id' F:\ease\php_lesson\14\source\wysc\Lib\Model\NodeModel.class.php 第 83 行.
SQL: SELECT COUNT(*) AS tp_count FROM `node` WHERE ( pid='73' and level<999 ) LIMIT 1   [ RunTime:0.000000s ]
SQL: SELECT * FROM `node` WHERE ( pid='73' and level<999 )  [ RunTime:0.001000s ]
SQL: SELECT COUNT(*) AS tp_count FROM `node` WHERE ( pid='74' and level<999 ) LIMIT 1   [ RunTime:0.000000s ]
SQL: SELECT COUNT(*) AS tp_count FROM `node` WHERE ( pid='75' and level<999 ) LIMIT 1   [ RunTime:0.000000s ]
SQL: SELECT COUNT(*) AS tp_count FROM `node` WHERE ( pid='76' and level<999 ) LIMIT 1   [ RunTime:0.000000s ]
SQL: SELECT COUNT(*) AS tp_count FROM `node` WHERE ( pid='77' and level<999 ) LIMIT 1   [ RunTime:0.000000s ]
SQL: SELECT COUNT(*) AS tp_count FROM `node` WHERE ( pid='78' and level<999 ) LIMIT 1   [ RunTime:0.000000s ]
NOTIC: [8] Use of undefined constant id - assumed 'id' F:\ease\php_lesson\14\source\wysc\Lib\Model\NodeModel.class.php 第 83 行.
SQL: SELECT COUNT(*) AS tp_count FROM `node` WHERE ( pid='78' and level<999 ) LIMIT 1   [ RunTime:0.000000s ]
SQL: SELECT * FROM `node` WHERE ( pid='78' and level<999 )  [ RunTime:0.001000s ]
SQL: SELECT COUNT(*) AS tp_count FROM `node` WHERE ( pid='79' and level<999 ) LIMIT 1   [ RunTime:0.000000s ]
SQL: SELECT COUNT(*) AS tp_count FROM `node` WHERE ( pid='80' and level<999 ) LIMIT 1   [ RunTime:0.000000s ]
SQL: SELECT COUNT(*) AS tp_count FROM `node` WHERE ( pid='81' and level<999 ) LIMIT 1   [ RunTime:0.001000s ]
SQL: SELECT COUNT(*) AS tp_count FROM `node` WHERE ( pid='82' and level<999 ) LIMIT 1   [ RunTime:0.000000s ]
SQL: SELECT COUNT(*) AS tp_count FROM `node` WHERE ( pid='83' and level<999 ) LIMIT 1   [ RunTime:0.000000s ]
SQL: SELECT COUNT(*) AS tp_count FROM `node` WHERE ( pid='84' and level<999 ) LIMIT 1   [ RunTime:0.001000s ]
SQL: SELECT COUNT(*) AS tp_count FROM `node` WHERE ( pid='85' and level<999 ) LIMIT 1   [ RunTime:0.000000s ]
SQL: SELECT COUNT(*) AS tp_count FROM `node` WHERE ( pid='86' and level<999 ) LIMIT 1   [ RunTime:0.000000s ]
SQL: SELECT COUNT(*) AS tp_count FROM `node` WHERE ( pid='87' and level<999 ) LIMIT 1   [ RunTime:0.000000s ]
SQL: SELECT COUNT(*) AS tp_count FROM `node` WHERE ( pid='88' and level<999 ) LIMIT 1   [ RunTime:0.000000s ]
SQL: SELECT COUNT(*) AS tp_count FROM `node` WHERE ( pid='89' and level<999 ) LIMIT 1   [ RunTime:0.000000s ]
NOTIC: [8] Use of undefined constant id - assumed 'id' F:\ease\php_lesson\14\source\wysc\Lib\Model\NodeModel.class.php 第 83 行.
SQL: SELECT COUNT(*) AS tp_count FROM `node` WHERE ( pid='89' and level<999 ) LIMIT 1   [ RunTime:0.000000s ]
SQL: SELECT * FROM `node` WHERE ( pid='89' and level<999 )  [ RunTime:0.001000s ]
SQL: SELECT COUNT(*) AS tp_count FROM `node` WHERE ( pid='90' and level<999 ) LIMIT 1   [ RunTime:0.000000s ]
SQL: SELECT COUNT(*) AS tp_count FROM `node` WHERE ( pid='91' and level<999 ) LIMIT 1   [ RunTime:0.000000s ]
SQL: SELECT COUNT(*) AS tp_count FROM `node` WHERE ( pid='92' and level<999 ) LIMIT 1   [ RunTime:0.000000s ]
SQL: SELECT COUNT(*) AS tp_count FROM `node` WHERE ( pid='93' and level<999 ) LIMIT 1   [ RunTime:0.000000s ]
SQL: SELECT COUNT(*) AS tp_count FROM `node` WHERE ( pid='2' and level<999 ) LIMIT 1   [ RunTime:0.000000s ]

[ 2017-04-20T16:27:43+08:00 ] 127.0.0.1 /wysc/Public/Uploads/thumb_800_800_
ERR: 无法加载模块:Public/Uploads/thumb_800_800_

[ 2017-04-20T16:27:43+08:00 ] 127.0.0.1 /wysc/Public/Uploads/thumb_350_350_
ERR: 无法加载模块:Public/Uploads/thumb_350_350_

[ 2017-04-20T16:28:30+08:00 ] 127.0.0.1 /wysc/Public/Uploads/thumb_800_800_
ERR: 无法加载模块:Public/Uploads/thumb_800_800_

[ 2017-04-20T16:28:30+08:00 ] 127.0.0.1 /wysc/Public/Uploads/thumb_350_350_
ERR: 无法加载模块:Public/Uploads/thumb_350_350_

[ 2017-04-20T16:28:33+08:00 ] 127.0.0.1 /wysc/Public/Uploads/thumb_800_800_
ERR: 无法加载模块:Public/Uploads/thumb_800_800_

[ 2017-04-20T16:28:33+08:00 ] 127.0.0.1 /wysc/Public/Uploads/thumb_350_350_
ERR: 无法加载模块:Public/Uploads/thumb_350_350_

