[ 2016-09-02T11:03:55+08:00 ] ERR: (ThinkException) Access denied for user 'root'@'localhost' (using password: YES)
[ 2016-09-02T11:04:11+08:00 ] 0.0.0.0 /04/demo4/
INFO: [ app_begin ] --START--
INFO: Run ReadHtmlCache Behavior [ RunTime:0.000754s ]
INFO: [ app_begin ] --END-- [ RunTime:0.000846s ]
NOTIC: [8192] mysql_connect(): The mysql extension is deprecated and will be removed in the future: use mysqli or PDO instead /Applications/XAMPP/xamppfiles/htdocs/php_lesson/12/thinkphp/ThinkPHP/Lib/Driver/Db/DbMysql.class.php 第 55 行.
SQL: SHOW COLUMNS FROM `think_admin` [ RunTime:0.003271s ]
NOTIC: [8192] preg_replace(): The /e modifier is deprecated, use preg_replace_callback instead /Applications/XAMPP/xamppfiles/htdocs/php_lesson/12/thinkphp/ThinkPHP/Lib/Core/Db.class.php 第 568 行.
SQL: SELECT * FROM `think_admin` LIMIT 1   [ RunTime:0.000191s ]

[ 2016-09-02T11:10:35+08:00 ] 0.0.0.0 /04/demo4/
INFO: [ app_begin ] --START--
INFO: Run ReadHtmlCache Behavior [ RunTime:0.000601s ]
INFO: [ app_begin ] --END-- [ RunTime:0.000687s ]
NOTIC: [8192] mysql_connect(): The mysql extension is deprecated and will be removed in the future: use mysqli or PDO instead /Applications/XAMPP/xamppfiles/htdocs/php_lesson/12/thinkphp/ThinkPHP/Lib/Driver/Db/DbMysql.class.php 第 55 行.
SQL: SHOW COLUMNS FROM `think_admin` [ RunTime:0.004988s ]
NOTIC: [8192] preg_replace(): The /e modifier is deprecated, use preg_replace_callback instead /Applications/XAMPP/xamppfiles/htdocs/php_lesson/12/thinkphp/ThinkPHP/Lib/Core/Db.class.php 第 568 行.
SQL: SELECT * FROM `think_admin`  [ RunTime:0.002634s ]

[ 2016-09-02T11:17:40+08:00 ] 0.0.0.0 /04/demo4/
INFO: [ app_begin ] --START--
INFO: Run ReadHtmlCache Behavior [ RunTime:0.000828s ]
INFO: [ app_begin ] --END-- [ RunTime:0.000919s ]
NOTIC: [8192] mysql_connect(): The mysql extension is deprecated and will be removed in the future: use mysqli or PDO instead /Applications/XAMPP/xamppfiles/htdocs/php_lesson/12/thinkphp/ThinkPHP/Lib/Driver/Db/DbMysql.class.php 第 55 行.
SQL: select * from think_admin [ RunTime:0.000487s ]

[ 2016-09-02T11:17:42+08:00 ] 0.0.0.0 /04/demo4/
INFO: [ app_begin ] --START--
INFO: Run ReadHtmlCache Behavior [ RunTime:0.000444s ]
INFO: [ app_begin ] --END-- [ RunTime:0.000533s ]
NOTIC: [8192] mysql_connect(): The mysql extension is deprecated and will be removed in the future: use mysqli or PDO instead /Applications/XAMPP/xamppfiles/htdocs/php_lesson/12/thinkphp/ThinkPHP/Lib/Driver/Db/DbMysql.class.php 第 55 行.
SQL: select * from think_admin [ RunTime:0.000162s ]

