[ 2016-10-09T17:14:59+08:00 ] 0.0.0.0 /12/pro/
INFO: [ app_begin ] --START--
INFO: Run ReadHtmlCache Behavior [ RunTime:0.069004s ]
INFO: [ app_begin ] --END-- [ RunTime:0.092005s ]
NOTIC: [2048] Declaration of IndexAction::success() should be compatible with that of Action::success() F:\ease\php_lesson\12\pro\home\Lib\Action\IndexAction.class.php 第 211 行.
SQL: SHOW COLUMNS FROM `think_cat` [ RunTime:0.109006s ]
SQL: SELECT * FROM `think_cat` WHERE ( cPid=0 )  [ RunTime:0.000000s ]
SQL: SHOW COLUMNS FROM `think_pub` [ RunTime:0.092005s ]
SQL: SELECT * FROM `think_pub` LIMIT 0,4   [ RunTime:0.002000s ]
SQL: SELECT * FROM `think_pub` LIMIT 4,10   [ RunTime:0.001000s ]
SQL: SHOW COLUMNS FROM `think_books` [ RunTime:0.077005s ]
SQL: select tb.bName,tb.bImg,tb.bMprice,tb.bJDprice,tc.cName from think_books as tb  left join think_cat as tc on tb.bFid=tc.cId and tb.bState=2 [ RunTime:0.165009s ]
INFO: [ view_template ] --START--
INFO: Run LocationTemplate Behavior [ RunTime:0.049003s ]
INFO: [ view_template ] --END-- [ RunTime:0.050003s ]
INFO: [ view_parse ] --START--
INFO: Run ParseTemplate Behavior [ RunTime:0.508029s ]
INFO: [ view_parse ] --END-- [ RunTime:0.510029s ]
INFO: [ view_filter ] --START--
INFO: Run ContentReplace Behavior [ RunTime:0.008001s ]
INFO: Run TokenBuild Behavior [ RunTime:0.009000s ]
INFO: Run WriteHtmlCache Behavior [ RunTime:0.002000s ]
INFO: Run ShowRuntime Behavior [ RunTime:0.003000s ]
INFO: [ view_filter ] --END-- [ RunTime:0.027002s ]
INFO: [ view_end ] --START--
INFO: Run ShowPageTrace Behavior [ RunTime:0.002000s ]
INFO: [ view_end ] --END-- [ RunTime:0.003000s ]

[ 2016-10-09T17:48:21+08:00 ] 0.0.0.0 /12/pro/
INFO: [ app_begin ] --START--
INFO: Run ReadHtmlCache Behavior [ RunTime:0.002000s ]
INFO: [ app_begin ] --END-- [ RunTime:0.004000s ]
NOTIC: [2048] Declaration of IndexAction::success() should be compatible with that of Action::success() F:\ease\php_lesson\12\pro\home\Lib\Action\IndexAction.class.php 第 211 行.
SQL: SHOW COLUMNS FROM `think_cat` [ RunTime:0.014001s ]
SQL: SELECT * FROM `think_cat` WHERE ( cPid=0 )  [ RunTime:0.002000s ]
SQL: SHOW COLUMNS FROM `think_pub` [ RunTime:0.013001s ]
SQL: SELECT * FROM `think_pub` LIMIT 0,4   [ RunTime:0.001000s ]
SQL: SELECT * FROM `think_pub` LIMIT 4,10   [ RunTime:0.001000s ]
SQL: SHOW COLUMNS FROM `think_books` [ RunTime:0.009001s ]
SQL: select tb.bName,tb.bImg,tb.bMprice,tb.bJDprice,tc.cName from think_books as tb  left join think_cat as tc on tb.bFid=tc.cId and tb.bState=2 [ RunTime:0.016001s ]
INFO: [ view_template ] --START--
INFO: Run LocationTemplate Behavior [ RunTime:0.009001s ]
INFO: [ view_template ] --END-- [ RunTime:0.010001s ]
INFO: [ view_parse ] --START--
INFO: Run ParseTemplate Behavior [ RunTime:0.071004s ]
INFO: [ view_parse ] --END-- [ RunTime:0.073004s ]
INFO: [ view_filter ] --START--
INFO: Run ContentReplace Behavior [ RunTime:0.002000s ]
INFO: Run TokenBuild Behavior [ RunTime:0.002000s ]
INFO: Run WriteHtmlCache Behavior [ RunTime:0.002000s ]
INFO: Run ShowRuntime Behavior [ RunTime:0.002000s ]
INFO: [ view_filter ] --END-- [ RunTime:0.010000s ]
INFO: [ view_end ] --START--
INFO: Run ShowPageTrace Behavior [ RunTime:0.002001s ]
INFO: [ view_end ] --END-- [ RunTime:0.002001s ]

[ 2016-10-09T17:48:27+08:00 ] 0.0.0.0 /12/pro/
INFO: [ app_begin ] --START--
INFO: Run ReadHtmlCache Behavior [ RunTime:0.002000s ]
INFO: [ app_begin ] --END-- [ RunTime:0.002000s ]
NOTIC: [2048] Declaration of IndexAction::success() should be compatible with that of Action::success() F:\ease\php_lesson\12\pro\home\Lib\Action\IndexAction.class.php 第 211 行.
SQL: SHOW COLUMNS FROM `think_cat` [ RunTime:0.016001s ]
SQL: SELECT * FROM `think_cat` WHERE ( cPid=0 )  [ RunTime:0.001001s ]
SQL: SHOW COLUMNS FROM `think_pub` [ RunTime:0.008000s ]
SQL: SELECT * FROM `think_pub` LIMIT 0,4   [ RunTime:0.001000s ]
SQL: SELECT * FROM `think_pub` LIMIT 4,10   [ RunTime:0.001000s ]
SQL: SHOW COLUMNS FROM `think_books` [ RunTime:0.008000s ]
SQL: select tb.bName,tb.bImg,tb.bMprice,tb.bJDprice,tc.cName from think_books as tb  left join think_cat as tc on tb.bFid=tc.cId and tb.bState=2 [ RunTime:0.000000s ]
INFO: [ view_template ] --START--
INFO: Run LocationTemplate Behavior [ RunTime:0.001000s ]
INFO: [ view_template ] --END-- [ RunTime:0.002001s ]
INFO: [ view_parse ] --START--
INFO: Run ParseTemplate Behavior [ RunTime:0.059003s ]
INFO: [ view_parse ] --END-- [ RunTime:0.060003s ]
INFO: [ view_filter ] --START--
INFO: Run ContentReplace Behavior [ RunTime:0.002000s ]
INFO: Run TokenBuild Behavior [ RunTime:0.002000s ]
INFO: Run WriteHtmlCache Behavior [ RunTime:0.001000s ]
INFO: Run ShowRuntime Behavior [ RunTime:0.003001s ]
INFO: [ view_filter ] --END-- [ RunTime:0.009001s ]
INFO: [ view_end ] --START--
INFO: Run ShowPageTrace Behavior [ RunTime:0.002000s ]
INFO: [ view_end ] --END-- [ RunTime:0.003000s ]

[ 2016-10-09T17:50:19+08:00 ] 0.0.0.0 /12/pro/
INFO: [ app_begin ] --START--
INFO: Run ReadHtmlCache Behavior [ RunTime:0.004001s ]
INFO: [ app_begin ] --END-- [ RunTime:0.005001s ]
NOTIC: [2048] Declaration of IndexAction::success() should be compatible with that of Action::success() F:\ease\php_lesson\12\pro\home\Lib\Action\IndexAction.class.php 第 211 行.
SQL: SHOW COLUMNS FROM `think_cat` [ RunTime:0.012001s ]
SQL: SELECT * FROM `think_cat` WHERE ( cPid=0 )  [ RunTime:0.002000s ]
SQL: SHOW COLUMNS FROM `think_pub` [ RunTime:0.008000s ]
SQL: SELECT * FROM `think_pub` LIMIT 0,4   [ RunTime:0.000000s ]
SQL: SELECT * FROM `think_pub` LIMIT 4,10   [ RunTime:0.001000s ]
SQL: SHOW COLUMNS FROM `think_books` [ RunTime:0.007000s ]
SQL: select tb.bName,tb.bImg,tb.bMprice,tb.bJDprice,tc.cName from think_books as tb  left join think_cat as tc on tb.bFid=tc.cId and tb.bState=2 [ RunTime:0.001000s ]
INFO: [ view_template ] --START--
INFO: Run LocationTemplate Behavior [ RunTime:0.003000s ]
INFO: [ view_template ] --END-- [ RunTime:0.004000s ]
INFO: [ view_parse ] --START--
INFO: Run ParseTemplate Behavior [ RunTime:0.062004s ]
INFO: [ view_parse ] --END-- [ RunTime:0.063004s ]
INFO: [ view_filter ] --START--
INFO: Run ContentReplace Behavior [ RunTime:0.002000s ]
INFO: Run TokenBuild Behavior [ RunTime:0.002000s ]
INFO: Run WriteHtmlCache Behavior [ RunTime:0.001000s ]
INFO: Run ShowRuntime Behavior [ RunTime:0.002000s ]
INFO: [ view_filter ] --END-- [ RunTime:0.011000s ]
INFO: [ view_end ] --START--
INFO: Run ShowPageTrace Behavior [ RunTime:0.002000s ]
INFO: [ view_end ] --END-- [ RunTime:0.003000s ]

[ 2016-10-09T17:50:24+08:00 ] 0.0.0.0 /12/pro/
INFO: [ app_begin ] --START--
INFO: Run ReadHtmlCache Behavior [ RunTime:0.003000s ]
INFO: [ app_begin ] --END-- [ RunTime:0.003000s ]
NOTIC: [2048] Declaration of IndexAction::success() should be compatible with that of Action::success() F:\ease\php_lesson\12\pro\home\Lib\Action\IndexAction.class.php 第 211 行.
SQL: SHOW COLUMNS FROM `think_cat` [ RunTime:0.011000s ]
SQL: SELECT * FROM `think_cat` WHERE ( cPid=0 )  [ RunTime:0.002000s ]
SQL: SHOW COLUMNS FROM `think_pub` [ RunTime:0.006000s ]
SQL: SELECT * FROM `think_pub` LIMIT 0,4   [ RunTime:0.000000s ]
SQL: SELECT * FROM `think_pub` LIMIT 4,10   [ RunTime:0.001000s ]
SQL: SHOW COLUMNS FROM `think_books` [ RunTime:0.007000s ]
SQL: select tb.bName,tb.bImg,tb.bMprice,tb.bJDprice,tc.cName from think_books as tb  left join think_cat as tc on tb.bFid=tc.cId and tb.bState=2 [ RunTime:0.001000s ]
INFO: [ view_template ] --START--
INFO: Run LocationTemplate Behavior [ RunTime:0.036002s ]
INFO: [ view_template ] --END-- [ RunTime:0.038002s ]
INFO: [ view_parse ] --START--
INFO: Run ParseTemplate Behavior [ RunTime:0.100006s ]
INFO: [ view_parse ] --END-- [ RunTime:0.101006s ]
INFO: [ view_filter ] --START--
INFO: Run ContentReplace Behavior [ RunTime:0.002000s ]
INFO: Run TokenBuild Behavior [ RunTime:0.002000s ]
INFO: Run WriteHtmlCache Behavior [ RunTime:0.001000s ]
INFO: Run ShowRuntime Behavior [ RunTime:0.002000s ]
INFO: [ view_filter ] --END-- [ RunTime:0.010000s ]
INFO: [ view_end ] --START--
INFO: Run ShowPageTrace Behavior [ RunTime:0.002000s ]
INFO: [ view_end ] --END-- [ RunTime:0.002000s ]

[ 2016-10-09T17:50:36+08:00 ] 0.0.0.0 /12/pro/
INFO: [ app_begin ] --START--
INFO: Run ReadHtmlCache Behavior [ RunTime:0.002000s ]
INFO: [ app_begin ] --END-- [ RunTime:0.002000s ]
NOTIC: [2048] Declaration of IndexAction::success() should be compatible with that of Action::success() F:\ease\php_lesson\12\pro\home\Lib\Action\IndexAction.class.php 第 211 行.
SQL: SHOW COLUMNS FROM `think_cat` [ RunTime:0.012001s ]
SQL: SELECT * FROM `think_cat` WHERE ( cPid=0 )  [ RunTime:0.001001s ]
SQL: SHOW COLUMNS FROM `think_pub` [ RunTime:0.007000s ]
SQL: SELECT * FROM `think_pub` LIMIT 0,4   [ RunTime:0.001001s ]
SQL: SELECT * FROM `think_pub` LIMIT 4,10   [ RunTime:0.000000s ]
SQL: SHOW COLUMNS FROM `think_books` [ RunTime:0.008000s ]
SQL: select tb.bName,tb.bImg,tb.bMprice,tb.bJDprice,tc.cName from think_books as tb  left join think_cat as tc on tb.bFid=tc.cId and tb.bState=2 [ RunTime:0.000000s ]
INFO: [ view_template ] --START--
INFO: Run LocationTemplate Behavior [ RunTime:0.001000s ]
INFO: [ view_template ] --END-- [ RunTime:0.003000s ]
INFO: [ view_parse ] --START--
INFO: Run ParseTemplate Behavior [ RunTime:0.058003s ]
INFO: [ view_parse ] --END-- [ RunTime:0.060003s ]
INFO: [ view_filter ] --START--
INFO: Run ContentReplace Behavior [ RunTime:0.002000s ]
INFO: Run TokenBuild Behavior [ RunTime:0.002001s ]
INFO: Run WriteHtmlCache Behavior [ RunTime:0.001000s ]
INFO: Run ShowRuntime Behavior [ RunTime:0.002000s ]
INFO: [ view_filter ] --END-- [ RunTime:0.009001s ]
INFO: [ view_end ] --START--
INFO: Run ShowPageTrace Behavior [ RunTime:0.001000s ]
INFO: [ view_end ] --END-- [ RunTime:0.003000s ]

[ 2016-10-09T17:50:46+08:00 ] 0.0.0.0 /12/pro/
INFO: [ app_begin ] --START--
INFO: Run ReadHtmlCache Behavior [ RunTime:0.003000s ]
INFO: [ app_begin ] --END-- [ RunTime:0.004000s ]
NOTIC: [2048] Declaration of IndexAction::success() should be compatible with that of Action::success() F:\ease\php_lesson\12\pro\home\Lib\Action\IndexAction.class.php 第 211 行.
SQL: SHOW COLUMNS FROM `think_cat` [ RunTime:0.013001s ]
SQL: SELECT * FROM `think_cat` WHERE ( cPid=0 )  [ RunTime:0.002000s ]
SQL: SHOW COLUMNS FROM `think_pub` [ RunTime:0.007000s ]
SQL: SELECT * FROM `think_pub` LIMIT 0,4   [ RunTime:0.001000s ]
SQL: SELECT * FROM `think_pub` LIMIT 4,10   [ RunTime:0.000000s ]
SQL: SHOW COLUMNS FROM `think_books` [ RunTime:0.006000s ]
SQL: select tb.bName,tb.bImg,tb.bMprice,tb.bJDprice,tc.cName from think_books as tb  left join think_cat as tc on tb.bFid=tc.cId and tb.bState=2 [ RunTime:0.001000s ]
INFO: [ view_template ] --START--
INFO: Run LocationTemplate Behavior [ RunTime:0.002000s ]
INFO: [ view_template ] --END-- [ RunTime:0.003000s ]
INFO: [ view_parse ] --START--
INFO: Run ParseTemplate Behavior [ RunTime:0.086005s ]
INFO: [ view_parse ] --END-- [ RunTime:0.087005s ]
INFO: [ view_filter ] --START--
INFO: Run ContentReplace Behavior [ RunTime:0.002000s ]
INFO: Run TokenBuild Behavior [ RunTime:0.003000s ]
INFO: Run WriteHtmlCache Behavior [ RunTime:0.002000s ]
INFO: Run ShowRuntime Behavior [ RunTime:0.004001s ]
INFO: [ view_filter ] --END-- [ RunTime:0.013001s ]
INFO: [ view_end ] --START--
INFO: Run ShowPageTrace Behavior [ RunTime:0.003000s ]
INFO: [ view_end ] --END-- [ RunTime:0.003000s ]

[ 2016-10-09T17:50:50+08:00 ] 0.0.0.0 /12/pro/
INFO: [ app_begin ] --START--
INFO: Run ReadHtmlCache Behavior [ RunTime:0.002000s ]
INFO: [ app_begin ] --END-- [ RunTime:0.002000s ]
NOTIC: [2048] Declaration of IndexAction::success() should be compatible with that of Action::success() F:\ease\php_lesson\12\pro\home\Lib\Action\IndexAction.class.php 第 211 行.
SQL: SHOW COLUMNS FROM `think_cat` [ RunTime:0.013001s ]
SQL: SELECT * FROM `think_cat` WHERE ( cPid=0 )  [ RunTime:0.001000s ]
SQL: SHOW COLUMNS FROM `think_pub` [ RunTime:0.008001s ]
SQL: SELECT * FROM `think_pub` LIMIT 0,4   [ RunTime:0.000000s ]
SQL: SELECT * FROM `think_pub` LIMIT 4,10   [ RunTime:0.001000s ]
SQL: SHOW COLUMNS FROM `think_books` [ RunTime:0.007001s ]
SQL: select tb.bName,tb.bImg,tb.bMprice,tb.bJDprice,tc.cName from think_books as tb  left join think_cat as tc on tb.bFid=tc.cId and tb.bState=2 [ RunTime:0.001000s ]
INFO: [ view_template ] --START--
INFO: Run LocationTemplate Behavior [ RunTime:0.002000s ]
INFO: [ view_template ] --END-- [ RunTime:0.003000s ]
INFO: [ view_parse ] --START--
INFO: Run ParseTemplate Behavior [ RunTime:0.061004s ]
INFO: [ view_parse ] --END-- [ RunTime:0.063004s ]
INFO: [ view_filter ] --START--
INFO: Run ContentReplace Behavior [ RunTime:0.002000s ]
INFO: Run TokenBuild Behavior [ RunTime:0.002000s ]
INFO: Run WriteHtmlCache Behavior [ RunTime:0.000000s ]
INFO: Run ShowRuntime Behavior [ RunTime:0.002000s ]
INFO: [ view_filter ] --END-- [ RunTime:0.010000s ]
INFO: [ view_end ] --START--
INFO: Run ShowPageTrace Behavior [ RunTime:0.002000s ]
INFO: [ view_end ] --END-- [ RunTime:0.002000s ]

[ 2016-10-09T17:50:53+08:00 ] 0.0.0.0 /12/pro/index.php/Index/booksList/cId/1
INFO: [ route_check ] --START--
INFO: Run CheckRoute Behavior [ RunTime:0.233013s ]
INFO: [ route_check ] --END-- [ RunTime:0.234013s ]
INFO: [ app_begin ] --START--
INFO: Run ReadHtmlCache Behavior [ RunTime:0.004000s ]
INFO: [ app_begin ] --END-- [ RunTime:0.006000s ]
NOTIC: [2048] Declaration of IndexAction::success() should be compatible with that of Action::success() F:\ease\php_lesson\12\pro\home\Lib\Action\IndexAction.class.php 第 211 行.
SQL: SHOW COLUMNS FROM `think_cat` [ RunTime:0.016000s ]
SQL: SELECT * FROM `think_cat` WHERE ( cPid=1 )  [ RunTime:0.001000s ]
SQL: SHOW COLUMNS FROM `think_books` [ RunTime:0.008001s ]
SQL: select tb.bId,tb.bName,tb.bImg,tb.bAuth,tb.bDate,tb.bMprice,tb.bJDprice,tp.pName from think_books as tb left join think_pub as tp on tb.pId=tp.pId where tb.bFid=1 [ RunTime:0.001000s ]
INFO: [ view_template ] --START--
INFO: Run LocationTemplate Behavior [ RunTime:0.003000s ]
INFO: [ view_template ] --END-- [ RunTime:0.005000s ]
INFO: [ view_parse ] --START--
INFO: Run ParseTemplate Behavior [ RunTime:0.245014s ]
INFO: [ view_parse ] --END-- [ RunTime:0.246014s ]
INFO: [ view_filter ] --START--
INFO: Run ContentReplace Behavior [ RunTime:0.002000s ]
INFO: Run TokenBuild Behavior [ RunTime:0.002000s ]
INFO: Run WriteHtmlCache Behavior [ RunTime:0.001000s ]
INFO: Run ShowRuntime Behavior [ RunTime:0.003000s ]
INFO: [ view_filter ] --END-- [ RunTime:0.011000s ]
INFO: [ view_end ] --START--
INFO: Run ShowPageTrace Behavior [ RunTime:0.002000s ]
INFO: [ view_end ] --END-- [ RunTime:0.003000s ]

[ 2016-10-09T17:50:56+08:00 ] 0.0.0.0 /12/pro/index.php/Index/bookDetail/bId/1
INFO: [ route_check ] --START--
INFO: Run CheckRoute Behavior [ RunTime:0.003000s ]
INFO: [ route_check ] --END-- [ RunTime:0.004000s ]
INFO: [ app_begin ] --START--
INFO: Run ReadHtmlCache Behavior [ RunTime:0.002001s ]
INFO: [ app_begin ] --END-- [ RunTime:0.003001s ]
NOTIC: [2048] Declaration of IndexAction::success() should be compatible with that of Action::success() F:\ease\php_lesson\12\pro\home\Lib\Action\IndexAction.class.php 第 211 行.
NOTIC: [8] Undefined index: caTmpCode F:\ease\php_lesson\12\pro\home\Lib\Action\IndexAction.class.php 第 46 行.
SQL: SHOW COLUMNS FROM `think_car` [ RunTime:0.011001s ]
NOTIC: [8] Undefined index: caTmpCode F:\ease\php_lesson\12\pro\home\Lib\Action\IndexAction.class.php 第 53 行.
SQL: SELECT COUNT(*) AS tp_count FROM `think_car` WHERE ( caTmpCode='' ) LIMIT 1   [ RunTime:0.001000s ]
SQL: SHOW COLUMNS FROM `think_books` [ RunTime:0.011000s ]
SQL: select tb.bId,tb.bCode,tb.bName, tb.bAuth, tb.bTrans, tb.bISBN, tb.bDate, 
    				tb.bPcount, tb.bPages, tb.bStyle, tb.bSize,  tb.bMprice, tb.bJDprice, 
    				tb.bImg, tb.bEditor, tb.bCon, tb.bTree,tp.pName,tc.cName as cn,tc1.cName as cn1 from think_books as tb left join think_pub as tp on tb.pId=tp.pId left join think_cat as tc on tb.bFid=tc.cId left join think_cat as tc1 on tb.bSid=tc1.cId where tb.bId=1 [ RunTime:0.001001s ]
INFO: [ view_template ] --START--
INFO: Run LocationTemplate Behavior [ RunTime:0.001000s ]
INFO: [ view_template ] --END-- [ RunTime:0.003000s ]
INFO: [ view_parse ] --START--
INFO: Run ParseTemplate Behavior [ RunTime:0.128007s ]
INFO: [ view_parse ] --END-- [ RunTime:0.128007s ]
INFO: [ view_filter ] --START--
INFO: Run ContentReplace Behavior [ RunTime:0.002000s ]
INFO: Run TokenBuild Behavior [ RunTime:0.002000s ]
INFO: Run WriteHtmlCache Behavior [ RunTime:0.001001s ]
INFO: Run ShowRuntime Behavior [ RunTime:0.003000s ]
INFO: [ view_filter ] --END-- [ RunTime:0.009001s ]
INFO: [ view_end ] --START--
INFO: Run ShowPageTrace Behavior [ RunTime:0.002000s ]
INFO: [ view_end ] --END-- [ RunTime:0.003000s ]

[ 2016-10-09T17:51:02+08:00 ] 0.0.0.0 /12/pro/index.php/Index/bookDetail/bId/1
INFO: [ route_check ] --START--
INFO: Run CheckRoute Behavior [ RunTime:0.001000s ]
INFO: [ route_check ] --END-- [ RunTime:0.003000s ]
INFO: [ app_begin ] --START--
INFO: Run ReadHtmlCache Behavior [ RunTime:0.002000s ]
INFO: [ app_begin ] --END-- [ RunTime:0.002000s ]
NOTIC: [2048] Declaration of IndexAction::success() should be compatible with that of Action::success() F:\ease\php_lesson\12\pro\home\Lib\Action\IndexAction.class.php 第 211 行.
SQL: SHOW COLUMNS FROM `think_car` [ RunTime:0.013000s ]
SQL: SELECT COUNT(*) AS tp_count FROM `think_car` WHERE ( caTmpCode='14760066549980' ) LIMIT 1   [ RunTime:0.025001s ]
SQL: SHOW COLUMNS FROM `think_books` [ RunTime:0.008001s ]
SQL: select tb.bId,tb.bCode,tb.bName, tb.bAuth, tb.bTrans, tb.bISBN, tb.bDate, 
    				tb.bPcount, tb.bPages, tb.bStyle, tb.bSize,  tb.bMprice, tb.bJDprice, 
    				tb.bImg, tb.bEditor, tb.bCon, tb.bTree,tp.pName,tc.cName as cn,tc1.cName as cn1 from think_books as tb left join think_pub as tp on tb.pId=tp.pId left join think_cat as tc on tb.bFid=tc.cId left join think_cat as tc1 on tb.bSid=tc1.cId where tb.bId=1 [ RunTime:0.001000s ]
INFO: [ view_template ] --START--
INFO: Run LocationTemplate Behavior [ RunTime:0.003000s ]
INFO: [ view_template ] --END-- [ RunTime:0.004000s ]
INFO: [ view_parse ] --START--
INFO: Run ParseTemplate Behavior [ RunTime:0.043002s ]
INFO: [ view_parse ] --END-- [ RunTime:0.044002s ]
INFO: [ view_filter ] --START--
INFO: Run ContentReplace Behavior [ RunTime:0.002000s ]
INFO: Run TokenBuild Behavior [ RunTime:0.002000s ]
INFO: Run WriteHtmlCache Behavior [ RunTime:0.001000s ]
INFO: Run ShowRuntime Behavior [ RunTime:0.002001s ]
INFO: [ view_filter ] --END-- [ RunTime:0.009001s ]
INFO: [ view_end ] --START--
INFO: Run ShowPageTrace Behavior [ RunTime:0.002000s ]
INFO: [ view_end ] --END-- [ RunTime:0.002000s ]

[ 2016-10-09T17:51:58+08:00 ] 0.0.0.0 /12/pro/index.php/Index/bookDetail/bId/1
INFO: [ route_check ] --START--
INFO: Run CheckRoute Behavior [ RunTime:0.003000s ]
INFO: [ route_check ] --END-- [ RunTime:0.004000s ]
INFO: [ app_begin ] --START--
INFO: Run ReadHtmlCache Behavior [ RunTime:0.002000s ]
INFO: [ app_begin ] --END-- [ RunTime:0.002000s ]
NOTIC: [2048] Declaration of IndexAction::success() should be compatible with that of Action::success() F:\ease\php_lesson\12\pro\home\Lib\Action\IndexAction.class.php 第 211 行.
SQL: SHOW COLUMNS FROM `think_car` [ RunTime:0.012000s ]
SQL: SELECT COUNT(*) AS tp_count FROM `think_car` WHERE ( caTmpCode='14760066549980' ) LIMIT 1   [ RunTime:0.001000s ]
SQL: SHOW COLUMNS FROM `think_books` [ RunTime:0.010001s ]
SQL: select tb.bId,tb.bCode,tb.bName, tb.bAuth, tb.bTrans, tb.bISBN, tb.bDate, 
    				tb.bPcount, tb.bPages, tb.bStyle, tb.bSize,  tb.bMprice, tb.bJDprice, 
    				tb.bImg, tb.bEditor, tb.bCon, tb.bTree,tp.pName,tc.cName as cn,tc1.cName as cn1 from think_books as tb left join think_pub as tp on tb.pId=tp.pId left join think_cat as tc on tb.bFid=tc.cId left join think_cat as tc1 on tb.bSid=tc1.cId where tb.bId=1 [ RunTime:0.000000s ]
INFO: [ view_template ] --START--
INFO: Run LocationTemplate Behavior [ RunTime:0.001000s ]
INFO: [ view_template ] --END-- [ RunTime:0.003000s ]
INFO: [ view_parse ] --START--
INFO: Run ParseTemplate Behavior [ RunTime:0.041003s ]
INFO: [ view_parse ] --END-- [ RunTime:0.041003s ]
INFO: [ view_filter ] --START--
INFO: Run ContentReplace Behavior [ RunTime:0.002000s ]
INFO: Run TokenBuild Behavior [ RunTime:0.002000s ]
INFO: Run WriteHtmlCache Behavior [ RunTime:0.001000s ]
INFO: Run ShowRuntime Behavior [ RunTime:0.002000s ]
INFO: [ view_filter ] --END-- [ RunTime:0.008000s ]
INFO: [ view_end ] --START--
INFO: Run ShowPageTrace Behavior [ RunTime:0.001000s ]
INFO: [ view_end ] --END-- [ RunTime:0.003000s ]

[ 2016-10-09T17:52:35+08:00 ] 0.0.0.0 /12/pro/index.php/Index/bookDetail/bId/1
INFO: [ route_check ] --START--
INFO: Run CheckRoute Behavior [ RunTime:0.003000s ]
INFO: [ route_check ] --END-- [ RunTime:0.003000s ]
INFO: [ app_begin ] --START--
INFO: Run ReadHtmlCache Behavior [ RunTime:0.001000s ]
INFO: [ app_begin ] --END-- [ RunTime:0.003000s ]
NOTIC: [2048] Declaration of IndexAction::success() should be compatible with that of Action::success() F:\ease\php_lesson\12\pro\home\Lib\Action\IndexAction.class.php 第 211 行.
SQL: SHOW COLUMNS FROM `think_car` [ RunTime:0.009001s ]
SQL: SELECT COUNT(*) AS tp_count FROM `think_car` WHERE ( caTmpCode='14760066549980' ) LIMIT 1   [ RunTime:0.001000s ]
SQL: SHOW COLUMNS FROM `think_books` [ RunTime:0.008001s ]
SQL: select tb.bId,tb.bCode,tb.bName, tb.bAuth, tb.bTrans, tb.bISBN, tb.bDate, 
    				tb.bPcount, tb.bPages, tb.bStyle, tb.bSize,  tb.bMprice, tb.bJDprice, 
    				tb.bImg, tb.bEditor, tb.bCon, tb.bTree,tp.pName,tc.cName as cn,tc1.cName as cn1 from think_books as tb left join think_pub as tp on tb.pId=tp.pId left join think_cat as tc on tb.bFid=tc.cId left join think_cat as tc1 on tb.bSid=tc1.cId where tb.bId=1 [ RunTime:0.000000s ]
INFO: [ view_template ] --START--
INFO: Run LocationTemplate Behavior [ RunTime:0.002000s ]
INFO: [ view_template ] --END-- [ RunTime:0.003000s ]
INFO: [ view_parse ] --START--
INFO: Run ParseTemplate Behavior [ RunTime:0.039002s ]
INFO: [ view_parse ] --END-- [ RunTime:0.039002s ]
INFO: [ view_filter ] --START--
INFO: Run ContentReplace Behavior [ RunTime:0.002000s ]
INFO: Run TokenBuild Behavior [ RunTime:0.001000s ]
INFO: Run WriteHtmlCache Behavior [ RunTime:0.001000s ]
INFO: Run ShowRuntime Behavior [ RunTime:0.003000s ]
INFO: [ view_filter ] --END-- [ RunTime:0.009000s ]
INFO: [ view_end ] --START--
INFO: Run ShowPageTrace Behavior [ RunTime:0.001000s ]
INFO: [ view_end ] --END-- [ RunTime:0.003000s ]

[ 2016-10-09T17:52:58+08:00 ] ERR: (ThinkException) Access denied for user 'root'@'localhost' (using password: YES)
[ 2016-10-09T17:57:26+08:00 ] 0.0.0.0 /12/pro/
INFO: [ app_begin ] --START--
INFO: Run ReadHtmlCache Behavior [ RunTime:0.001000s ]
INFO: [ app_begin ] --END-- [ RunTime:0.003000s ]
NOTIC: [2048] Declaration of IndexAction::success() should be compatible with that of Action::success() F:\ease\php_lesson\12\pro\home\Lib\Action\IndexAction.class.php 第 211 行.
SQL: SHOW COLUMNS FROM `think_cat` [ RunTime:0.009000s ]
SQL: SELECT * FROM `think_cat` WHERE ( cPid=0 )  [ RunTime:0.001000s ]
SQL: SHOW COLUMNS FROM `think_pub` [ RunTime:0.009000s ]
SQL: SELECT * FROM `think_pub` LIMIT 0,4   [ RunTime:0.001000s ]
SQL: SELECT * FROM `think_pub` LIMIT 4,10   [ RunTime:0.000000s ]
SQL: SHOW COLUMNS FROM `think_books` [ RunTime:0.005001s ]
SQL: select tb.bName,tb.bImg,tb.bMprice,tb.bJDprice,tc.cName from think_books as tb  left join think_cat as tc on tb.bFid=tc.cId and tb.bState=2 [ RunTime:0.001000s ]
INFO: [ view_template ] --START--
INFO: Run LocationTemplate Behavior [ RunTime:0.003000s ]
INFO: [ view_template ] --END-- [ RunTime:0.005000s ]
INFO: [ view_parse ] --START--
INFO: Run ParseTemplate Behavior [ RunTime:0.111007s ]
INFO: [ view_parse ] --END-- [ RunTime:0.112007s ]
INFO: [ view_filter ] --START--
INFO: Run ContentReplace Behavior [ RunTime:0.002000s ]
INFO: Run TokenBuild Behavior [ RunTime:0.001000s ]
INFO: Run WriteHtmlCache Behavior [ RunTime:0.001000s ]
INFO: Run ShowRuntime Behavior [ RunTime:0.003000s ]
INFO: [ view_filter ] --END-- [ RunTime:0.009000s ]
INFO: [ view_end ] --START--
INFO: Run ShowPageTrace Behavior [ RunTime:0.002001s ]
INFO: [ view_end ] --END-- [ RunTime:0.002001s ]

[ 2016-10-09T17:59:18+08:00 ] 0.0.0.0 /12/pro/index.php/Index/booksList/cId/1
INFO: [ route_check ] --START--
INFO: Run CheckRoute Behavior [ RunTime:0.032002s ]
INFO: [ route_check ] --END-- [ RunTime:0.034002s ]
INFO: [ app_begin ] --START--
INFO: Run ReadHtmlCache Behavior [ RunTime:0.002000s ]
INFO: [ app_begin ] --END-- [ RunTime:0.002000s ]
NOTIC: [2048] Declaration of IndexAction::success() should be compatible with that of Action::success() F:\ease\php_lesson\12\pro\home\Lib\Action\IndexAction.class.php 第 211 行.
SQL: SHOW COLUMNS FROM `think_cat` [ RunTime:0.012001s ]
SQL: SELECT * FROM `think_cat` WHERE ( cPid=1 )  [ RunTime:0.001001s ]
SQL: SHOW COLUMNS FROM `think_books` [ RunTime:0.007000s ]
SQL: select tb.bId,tb.bName,tb.bImg,tb.bAuth,tb.bDate,tb.bMprice,tb.bJDprice,tp.pName from think_books as tb left join think_pub as tp on tb.pId=tp.pId where tb.bFid=1 [ RunTime:0.001000s ]
INFO: [ view_template ] --START--
INFO: Run LocationTemplate Behavior [ RunTime:0.003000s ]
INFO: [ view_template ] --END-- [ RunTime:0.004000s ]
INFO: [ view_parse ] --START--
INFO: Run ParseTemplate Behavior [ RunTime:0.058003s ]
INFO: [ view_parse ] --END-- [ RunTime:0.059003s ]
INFO: [ view_filter ] --START--
INFO: Run ContentReplace Behavior [ RunTime:0.002000s ]
INFO: Run TokenBuild Behavior [ RunTime:0.002001s ]
INFO: Run WriteHtmlCache Behavior [ RunTime:0.001000s ]
INFO: Run ShowRuntime Behavior [ RunTime:0.003000s ]
INFO: [ view_filter ] --END-- [ RunTime:0.010001s ]
INFO: [ view_end ] --START--
INFO: Run ShowPageTrace Behavior [ RunTime:0.002000s ]
INFO: [ view_end ] --END-- [ RunTime:0.002000s ]

[ 2016-10-09T18:02:26+08:00 ] 0.0.0.0 /12/pro/index.php
INFO: [ app_begin ] --START--
INFO: Run ReadHtmlCache Behavior [ RunTime:0.002000s ]
INFO: [ app_begin ] --END-- [ RunTime:0.002000s ]
NOTIC: [2048] Declaration of IndexAction::success() should be compatible with that of Action::success() F:\ease\php_lesson\12\pro\home\Lib\Action\IndexAction.class.php 第 211 行.
SQL: SHOW COLUMNS FROM `think_cat` [ RunTime:0.010000s ]
SQL: SELECT * FROM `think_cat` WHERE ( cPid=0 )  [ RunTime:0.000000s ]
SQL: SHOW COLUMNS FROM `think_pub` [ RunTime:0.005000s ]
SQL: SELECT * FROM `think_pub` LIMIT 0,4   [ RunTime:0.001001s ]
SQL: SELECT * FROM `think_pub` LIMIT 4,10   [ RunTime:0.000000s ]
SQL: SHOW COLUMNS FROM `think_books` [ RunTime:0.006000s ]
SQL: select tb.bName,tb.bImg,tb.bMprice,tb.bJDprice,tc.cName from think_books as tb  left join think_cat as tc on tb.bFid=tc.cId and tb.bState=2 [ RunTime:0.001000s ]
INFO: [ view_template ] --START--
INFO: Run LocationTemplate Behavior [ RunTime:0.002001s ]
INFO: [ view_template ] --END-- [ RunTime:0.003001s ]
INFO: [ view_parse ] --START--
INFO: Run ParseTemplate Behavior [ RunTime:0.061003s ]
INFO: [ view_parse ] --END-- [ RunTime:0.062003s ]
INFO: [ view_filter ] --START--
INFO: Run ContentReplace Behavior [ RunTime:0.002000s ]
INFO: Run TokenBuild Behavior [ RunTime:0.002001s ]
INFO: Run WriteHtmlCache Behavior [ RunTime:0.001000s ]
INFO: Run ShowRuntime Behavior [ RunTime:0.002000s ]
INFO: [ view_filter ] --END-- [ RunTime:0.010001s ]
INFO: [ view_end ] --START--
INFO: Run ShowPageTrace Behavior [ RunTime:0.002000s ]
INFO: [ view_end ] --END-- [ RunTime:0.002000s ]

[ 2016-10-09T18:02:32+08:00 ] 0.0.0.0 /12/pro/index.php
INFO: [ app_begin ] --START--
INFO: Run ReadHtmlCache Behavior [ RunTime:0.002000s ]
INFO: [ app_begin ] --END-- [ RunTime:0.003001s ]
NOTIC: [2048] Declaration of IndexAction::success() should be compatible with that of Action::success() F:\ease\php_lesson\12\pro\home\Lib\Action\IndexAction.class.php 第 211 行.
SQL: SHOW COLUMNS FROM `think_cat` [ RunTime:0.012000s ]
SQL: SELECT * FROM `think_cat` WHERE ( cPid=0 )  [ RunTime:0.002000s ]
SQL: SHOW COLUMNS FROM `think_pub` [ RunTime:0.006001s ]
SQL: SELECT * FROM `think_pub` LIMIT 0,4   [ RunTime:0.000000s ]
SQL: SELECT * FROM `think_pub` LIMIT 4,10   [ RunTime:0.001000s ]
SQL: SHOW COLUMNS FROM `think_books` [ RunTime:0.006001s ]
SQL: select tb.bName,tb.bImg,tb.bMprice,tb.bJDprice,tc.cName from think_books as tb  left join think_cat as tc on tb.bFid=tc.cId and tb.bState=2 [ RunTime:0.001000s ]
INFO: [ view_template ] --START--
INFO: Run LocationTemplate Behavior [ RunTime:0.002000s ]
INFO: [ view_template ] --END-- [ RunTime:0.004000s ]
INFO: [ view_parse ] --START--
INFO: Run ParseTemplate Behavior [ RunTime:0.059004s ]
INFO: [ view_parse ] --END-- [ RunTime:0.060004s ]
INFO: [ view_filter ] --START--
INFO: Run ContentReplace Behavior [ RunTime:0.002000s ]
INFO: Run TokenBuild Behavior [ RunTime:0.002000s ]
INFO: Run WriteHtmlCache Behavior [ RunTime:0.001000s ]
INFO: Run ShowRuntime Behavior [ RunTime:0.002000s ]
INFO: [ view_filter ] --END-- [ RunTime:0.009000s ]
INFO: [ view_end ] --START--
INFO: Run ShowPageTrace Behavior [ RunTime:0.001000s ]
INFO: [ view_end ] --END-- [ RunTime:0.003000s ]

[ 2016-10-09T18:14:36+08:00 ] 0.0.0.0 /12/pro/index.php
INFO: [ app_begin ] --START--
INFO: Run ReadHtmlCache Behavior [ RunTime:0.002000s ]
INFO: [ app_begin ] --END-- [ RunTime:0.002000s ]
NOTIC: [2048] Declaration of IndexAction::success() should be compatible with that of Action::success() F:\ease\php_lesson\12\pro\home\Lib\Action\IndexAction.class.php 第 211 行.
SQL: SHOW COLUMNS FROM `think_cat` [ RunTime:0.004000s ]
SQL: SELECT * FROM `think_cat` WHERE ( cPid=0 )  [ RunTime:0.000000s ]
SQL: SHOW COLUMNS FROM `think_pub` [ RunTime:0.004000s ]
SQL: SELECT * FROM `think_pub` LIMIT 0,4   [ RunTime:0.001000s ]
SQL: SELECT * FROM `think_pub` LIMIT 4,10   [ RunTime:0.000000s ]
SQL: SHOW COLUMNS FROM `think_books` [ RunTime:0.004000s ]
SQL: select tb.bName,tb.bImg,tb.bMprice,tb.bJDprice,tc.cName from think_books as tb  left join think_cat as tc on tb.bFid=tc.cId and tb.bState=2 [ RunTime:0.001000s ]
INFO: [ view_template ] --START--
INFO: Run LocationTemplate Behavior [ RunTime:0.002000s ]
INFO: [ view_template ] --END-- [ RunTime:0.003001s ]
INFO: [ view_parse ] --START--
INFO: Run ParseTemplate Behavior [ RunTime:0.067003s ]
INFO: [ view_parse ] --END-- [ RunTime:0.067003s ]
INFO: [ view_filter ] --START--
INFO: Run ContentReplace Behavior [ RunTime:0.002001s ]
INFO: Run TokenBuild Behavior [ RunTime:0.002000s ]
INFO: Run WriteHtmlCache Behavior [ RunTime:0.002000s ]
INFO: Run ShowRuntime Behavior [ RunTime:0.003000s ]
INFO: [ view_filter ] --END-- [ RunTime:0.011001s ]
INFO: [ view_end ] --START--
INFO: Run ShowPageTrace Behavior [ RunTime:0.002000s ]
INFO: [ view_end ] --END-- [ RunTime:0.002000s ]

[ 2016-10-09T18:14:40+08:00 ] 0.0.0.0 /12/pro/index.php/Index/booksList/cId/1
INFO: [ route_check ] --START--
INFO: Run CheckRoute Behavior [ RunTime:0.084005s ]
INFO: [ route_check ] --END-- [ RunTime:0.085005s ]
INFO: [ app_begin ] --START--
INFO: Run ReadHtmlCache Behavior [ RunTime:0.002000s ]
INFO: [ app_begin ] --END-- [ RunTime:0.002000s ]
NOTIC: [2048] Declaration of IndexAction::success() should be compatible with that of Action::success() F:\ease\php_lesson\12\pro\home\Lib\Action\IndexAction.class.php 第 211 行.
SQL: SHOW COLUMNS FROM `think_cat` [ RunTime:0.009001s ]
SQL: SELECT * FROM `think_cat` WHERE ( cPid=1 )  [ RunTime:0.001000s ]
SQL: SHOW COLUMNS FROM `think_books` [ RunTime:0.010001s ]
SQL: select tb.bId,tb.bName,tb.bImg,tb.bAuth,tb.bDate,tb.bMprice,tb.bJDprice,tp.pName from think_books as tb left join think_pub as tp on tb.pId=tp.pId where tb.bFid=1 [ RunTime:0.001000s ]
INFO: [ view_template ] --START--
INFO: Run LocationTemplate Behavior [ RunTime:0.003000s ]
INFO: [ view_template ] --END-- [ RunTime:0.003000s ]
INFO: [ view_parse ] --START--
INFO: Run ParseTemplate Behavior [ RunTime:0.054004s ]
INFO: [ view_parse ] --END-- [ RunTime:0.056004s ]
INFO: [ view_filter ] --START--
INFO: Run ContentReplace Behavior [ RunTime:0.001000s ]
INFO: Run TokenBuild Behavior [ RunTime:0.002000s ]
INFO: Run WriteHtmlCache Behavior [ RunTime:0.001000s ]
INFO: Run ShowRuntime Behavior [ RunTime:0.002000s ]
INFO: [ view_filter ] --END-- [ RunTime:0.009000s ]
INFO: [ view_end ] --START--
INFO: Run ShowPageTrace Behavior [ RunTime:0.002000s ]
INFO: [ view_end ] --END-- [ RunTime:0.002000s ]

