[ 2016-09-02T10:40:49+08:00 ] ERR: (ThinkException) Access denied for user 'root'@'localhost' (using password: YES)
[ 2016-09-02T10:41:08+08:00 ] ERR: (ThinkException) Unknown database 'thinkphp'
[ 2016-09-02T10:41:19+08:00 ] 0.0.0.0 /04/demo3/
INFO: [ app_begin ] --START--
INFO: Run ReadHtmlCache Behavior [ RunTime:0.000708s ]
INFO: [ app_begin ] --END-- [ RunTime:0.000799s ]
NOTIC: [8192] mysql_connect(): The mysql extension is deprecated and will be removed in the future: use mysqli or PDO instead /Applications/XAMPP/xamppfiles/htdocs/php_lesson/12/thinkphp/ThinkPHP/Lib/Driver/Db/DbMysql.class.php 第 55 行.
SQL: SHOW COLUMNS FROM `admin` [ RunTime:0.002630s ]
ERR: Table 'mvc.admin' doesn't exist
 [ SQL语句 ] : SHOW COLUMNS FROM `admin`
NOTIC: [8192] preg_replace(): The /e modifier is deprecated, use preg_replace_callback instead /Applications/XAMPP/xamppfiles/htdocs/php_lesson/12/thinkphp/ThinkPHP/Lib/Core/Db.class.php 第 568 行.
SQL: SELECT * FROM `admin` LIMIT 1   [ RunTime:0.000119s ]
ERR: Table 'mvc.admin' doesn't exist
 [ SQL语句 ] : SELECT * FROM `admin` LIMIT 1  
NOTIC: [8192] preg_replace(): The /e modifier is deprecated, use preg_replace_callback instead /Applications/XAMPP/xamppfiles/htdocs/php_lesson/12/thinkphp/ThinkPHP/Lib/Core/Db.class.php 第 568 行.
SQL: SELECT * FROM `admin`  [ RunTime:0.000072s ]
ERR: Table 'mvc.admin' doesn't exist
 [ SQL语句 ] : SELECT * FROM `admin` 

[ 2016-09-02T10:47:31+08:00 ] 0.0.0.0 /04/demo3/
INFO: [ app_begin ] --START--
INFO: Run ReadHtmlCache Behavior [ RunTime:0.000783s ]
INFO: [ app_begin ] --END-- [ RunTime:0.000861s ]
NOTIC: [8192] mysql_connect(): The mysql extension is deprecated and will be removed in the future: use mysqli or PDO instead /Applications/XAMPP/xamppfiles/htdocs/php_lesson/12/thinkphp/ThinkPHP/Lib/Driver/Db/DbMysql.class.php 第 55 行.
SQL: SHOW COLUMNS FROM `think_admin` [ RunTime:0.001085s ]
NOTIC: [8192] preg_replace(): The /e modifier is deprecated, use preg_replace_callback instead /Applications/XAMPP/xamppfiles/htdocs/php_lesson/12/thinkphp/ThinkPHP/Lib/Core/Db.class.php 第 568 行.
SQL: SELECT * FROM `think_admin` LIMIT 1   [ RunTime:0.000148s ]
NOTIC: [8192] preg_replace(): The /e modifier is deprecated, use preg_replace_callback instead /Applications/XAMPP/xamppfiles/htdocs/php_lesson/12/thinkphp/ThinkPHP/Lib/Core/Db.class.php 第 568 行.
SQL: SELECT * FROM `think_admin`  [ RunTime:0.000121s ]

