[ 2017-02-15T09:50:26+08:00 ] 0.0.0.0 /12/thinkphp/04/demo3/index.php
INFO: [ app_begin ] --START--
INFO: Run ReadHtmlCache Behavior [ RunTime:0.000000s ]
INFO: [ app_begin ] --END-- [ RunTime:0.000000s ]
SQL: SHOW COLUMNS FROM `think1_admin` [ RunTime:0.007000s ]
ERR: Table 'think.think1_admin' doesn't exist
 [ SQL语句 ] : SHOW COLUMNS FROM `think1_admin`
SQL: SELECT * FROM `think1_admin` LIMIT 1   [ RunTime:0.000000s ]
ERR: Table 'think.think1_admin' doesn't exist
 [ SQL语句 ] : SELECT * FROM `think1_admin` LIMIT 1  
SQL: SELECT * FROM `think1_admin`  [ RunTime:0.001000s ]
ERR: Table 'think.think1_admin' doesn't exist
 [ SQL语句 ] : SELECT * FROM `think1_admin` 

[ 2017-02-15T09:51:06+08:00 ] 0.0.0.0 /12/thinkphp/04/demo3/index.php
INFO: [ app_begin ] --START--
INFO: Run ReadHtmlCache Behavior [ RunTime:0.001000s ]
INFO: [ app_begin ] --END-- [ RunTime:0.001000s ]
SQL: SHOW COLUMNS FROM `think1_admin` [ RunTime:0.007001s ]
ERR: Table 'think.think1_admin' doesn't exist
 [ SQL语句 ] : SHOW COLUMNS FROM `think1_admin`
SQL: SELECT * FROM `think1_admin` LIMIT 1   [ RunTime:0.001000s ]
ERR: Table 'think.think1_admin' doesn't exist
 [ SQL语句 ] : SELECT * FROM `think1_admin` LIMIT 1  
SQL: SELECT * FROM `think1_admin`  [ RunTime:0.000000s ]
ERR: Table 'think.think1_admin' doesn't exist
 [ SQL语句 ] : SELECT * FROM `think1_admin` 

[ 2017-02-15T09:52:08+08:00 ] 0.0.0.0 /12/thinkphp/04/demo3/index.php
INFO: [ app_begin ] --START--
INFO: Run ReadHtmlCache Behavior [ RunTime:0.001000s ]
INFO: [ app_begin ] --END-- [ RunTime:0.001000s ]
SQL: SHOW COLUMNS FROM `think_admin` [ RunTime:0.009000s ]
SQL: SELECT * FROM `think_admin` LIMIT 1   [ RunTime:0.000000s ]
SQL: SELECT * FROM `think_admin`  [ RunTime:0.001000s ]

